Log file open, 11/22/20 23:13:25
LogWindows: Failed to load 'aqProf.dll' (GetLastError=126)
LogWindows: File 'aqProf.dll' does not exist
LogWindows: Failed to load 'VSPerf140.dll' (GetLastError=126)
LogWindows: File 'VSPerf140.dll' does not exist
LogWindows: Failed to load 'VtuneApi.dll' (GetLastError=126)
LogWindows: File 'VtuneApi.dll' does not exist
LogWindows: Failed to load 'VtuneApi32e.dll' (GetLastError=126)
LogWindows: File 'VtuneApi32e.dll' does not exist
LogInit: Display: Running engine for game: MyProject_01
LogPlatformFile: Not using cached read wrapper
LogInit: Display: RandInit(-312237939) SRandInit(-312237939).
LogInit: Read version file with build ID '3709383'
LogInit: Overriding engine version to CL 3832480, compatible CL 3709383
LogInit: Registered custom module enumerator with build ID '3709383'
LogTaskGraph: Started task graph with 5 named threads and 8 total threads with 3 sets of task threads.
LogStats: Stats thread started at 7.391273
LogD3D11RHI: Aftermath initialized
LogModuleManager: Display: Found up-to-date module file ../../../Engine/Plugins/Online/OnlineSubsystemSteam/Binaries/Win64/UE4Editor-OnlineSubsystemSteam.dll (API version 3709383).
LogModuleManager: Display: Found up-to-date module file ../../../Engine/Plugins/Online/OnlineSubsystem/Binaries/Win64/UE4Editor-OnlineSubsystem.dll (API version 3709383).
LogModuleManager: Display: Found up-to-date module file ../../../Engine/Plugins/Online/OnlineSubsystemUtils/Binaries/Win64/UE4Editor-OnlineSubsystemUtils.dll (API version 3709383).
LogModuleManager: Display: Found up-to-date module file ../../../Engine/Plugins/Online/OnlineSubsystemUtils/Binaries/Win64/UE4Editor-OnlineBlueprintSupport.dll (API version 3709383).
LogModuleManager: Display: Found up-to-date module file ../../../Engine/Plugins/AdvancedSessions/AdvancedSessions/Binaries/Win64/UE4Editor-AdvancedSessions.dll (API version 3709383).
LogModuleManager: Display: Found up-to-date module file ../../../Engine/Plugins/AdvancedSessions/AdvancedSteamSessions/Binaries/Win64/UE4Editor-AdvancedSteamSessions.dll (API version 3709383).
LogModuleManager: Display: Found up-to-date module file ../../../Engine/Plugins/2D/Paper2D/Binaries/Win64/UE4Editor-Paper2D.dll (API version 3709383).
LogModuleManager: Display: Found up-to-date module file ../../../Engine/Plugins/2D/Paper2D/Binaries/Win64/UE4Editor-Paper2DEditor.dll (API version 3709383).
LogModuleManager: Display: Found up-to-date module file ../../../Engine/Plugins/2D/Paper2D/Binaries/Win64/UE4Editor-PaperSpriteSheetImporter.dll (API version 3709383).
LogModuleManager: Display: Found up-to-date module file ../../../Engine/Plugins/2D/Paper2D/Binaries/Win64/UE4Editor-PaperTiledImporter.dll (API version 3709383).
LogModuleManager: Display: Found up-to-date module file ../../../Engine/Plugins/2D/Paper2D/Binaries/Win64/UE4Editor-SmartSnapping.dll (API version 3709383).
LogModuleManager: Display: Found up-to-date module file ../../../Engine/Plugins/Blendables/LightPropagationVolume/Binaries/Win64/UE4Editor-LightPropagationVolumeRuntime.dll (API version 3709383).
LogModuleManager: Display: Found up-to-date module file ../../../Engine/Plugins/Blendables/LightPropagationVolume/Binaries/Win64/UE4Editor-LightPropagationVolumeEditor.dll (API version 3709383).
LogModuleManager: Display: Found up-to-date module file ../../../Engine/Plugins/Developer/GitSourceControl/Binaries/Win64/UE4Editor-GitSourceControl.dll (API version 3709383).
LogModuleManager: Display: Found up-to-date module file ../../../Engine/Plugins/Developer/PerforceSourceControl/Binaries/Win64/UE4Editor-PerforceSourceControl.dll (API version 3709383).
LogModuleManager: Display: Found up-to-date module file ../../../Engine/Plugins/Developer/SubversionSourceControl/Binaries/Win64/UE4Editor-SubversionSourceControl.dll (API version 3709383).
LogModuleManager: Display: Found up-to-date module file ../../../Engine/Plugins/Developer/UObjectPlugin/Binaries/Win64/UE4Editor-UObjectPlugin.dll (API version 3709383).
LogModuleManager: Display: Found up-to-date module file ../../../Engine/Plugins/Developer/VisualStudioCodeSourceCodeAccess/Binaries/Win64/UE4Editor-VisualStudioCodeSourceCodeAccess.dll (API version 3709383).
LogModuleManager: Display: Found up-to-date module file ../../../Engine/Plugins/Developer/VisualStudioSourceCodeAccess/Binaries/Win64/UE4Editor-VisualStudioSourceCodeAccess.dll (API version 3709383).
LogModuleManager: Display: Found up-to-date module file ../../../Engine/Plugins/Editor/AssetManagerEditor/Binaries/Win64/UE4Editor-AssetManagerEditor.dll (API version 3709383).
LogModuleManager: Display: Found up-to-date module file ../../../Engine/Plugins/Editor/AudioCapture/Binaries/Win64/UE4Editor-AudioCapture.dll (API version 3709383).
LogModuleManager: Display: Found up-to-date module file ../../../Engine/Plugins/Editor/FacialAnimation/Binaries/Win64/UE4Editor-FacialAnimation.dll (API version 3709383).
LogModuleManager: Display: Found up-to-date module file ../../../Engine/Plugins/Editor/FacialAnimation/Binaries/Win64/UE4Editor-FacialAnimationEditor.dll (API version 3709383).
LogModuleManager: Display: Found up-to-date module file ../../../Engine/Plugins/Editor/GameplayTagsEditor/Binaries/Win64/UE4Editor-GameplayTagsEditor.dll (API version 3709383).
LogModuleManager: Display: Found up-to-date module file ../../../Engine/Plugins/Editor/MobileLauncherProfileWizard/Binaries/Win64/UE4Editor-MobileLauncherProfileWizard.dll (API version 3709383).
LogModuleManager: Display: Found up-to-date module file ../../../Engine/Plugins/Editor/PluginBrowser/Binaries/Win64/UE4Editor-PluginBrowser.dll (API version 3709383).
LogModuleManager: Display: Found up-to-date module file ../../../Engine/Plugins/Editor/SpeedTreeImporter/Binaries/Win64/UE4Editor-SpeedTreeImporter.dll (API version 3709383).
LogModuleManager: Display: Found up-to-date module file ../../../Engine/Plugins/Experimental/AlembicImporter/Binaries/Win64/UE4Editor-AlembicImporter.dll (API version 3709383).
LogModuleManager: Display: Found up-to-date module file ../../../Engine/Plugins/Experimental/AlembicImporter/Binaries/Win64/UE4Editor-AlembicLibrary.dll (API version 3709383).
LogModuleManager: Display: Found up-to-date module file ../../../Engine/Plugins/Experimental/CharacterAI/Binaries/Win64/UE4Editor-CharacterAI.dll (API version 3709383).
LogModuleManager: Display: Found up-to-date module file ../../../Engine/Plugins/Experimental/HTML5Networking/Binaries/Win64/UE4Editor-HTML5Networking.dll (API version 3709383).
LogModuleManager: Display: Found up-to-date module file ../../../Engine/Plugins/Media/AndroidMedia/Binaries/Win64/UE4Editor-AndroidMediaEditor.dll (API version 3709383).
LogModuleManager: Display: Found up-to-date module file ../../../Engine/Plugins/Media/AndroidMedia/Binaries/Win64/UE4Editor-AndroidMediaFactory.dll (API version 3709383).
LogModuleManager: Display: Found up-to-date module file ../../../Engine/Plugins/Media/AvfMedia/Binaries/Win64/UE4Editor-AvfMediaEditor.dll (API version 3709383).
LogModuleManager: Display: Found up-to-date module file ../../../Engine/Plugins/Media/AvfMedia/Binaries/Win64/UE4Editor-AvfMediaFactory.dll (API version 3709383).
LogModuleManager: Display: Found up-to-date module file ../../../Engine/Plugins/Media/AvfMedia/Binaries/Win64/UE4Editor-AvfMediaFactory.dll (API version 3709383).
LogModuleManager: Display: Found up-to-date module file ../../../Engine/Plugins/Media/ImgMedia/Binaries/Win64/UE4Editor-ImgMedia.dll (API version 3709383).
LogModuleManager: Display: Found up-to-date module file ../../../Engine/Plugins/Media/ImgMedia/Binaries/Win64/UE4Editor-ImgMediaEditor.dll (API version 3709383).
LogModuleManager: Display: Found up-to-date module file ../../../Engine/Plugins/Media/ImgMedia/Binaries/Win64/UE4Editor-ImgMediaFactory.dll (API version 3709383).
LogModuleManager: Display: Found up-to-date module file ../../../Engine/Plugins/Media/ImgMedia/Binaries/Win64/UE4Editor-ImgMediaFactory.dll (API version 3709383).
LogModuleManager: Display: Found up-to-date module file ../../../Engine/Plugins/Media/ImgMedia/Binaries/Win64/UE4Editor-OpenExrWrapper.dll (API version 3709383).
LogModuleManager: Display: Found up-to-date module file ../../../Engine/Plugins/Media/MediaCompositing/Binaries/Win64/UE4Editor-MediaCompositing.dll (API version 3709383).
LogModuleManager: Display: Found up-to-date module file ../../../Engine/Plugins/Media/MediaCompositing/Binaries/Win64/UE4Editor-MediaCompositingEditor.dll (API version 3709383).
LogModuleManager: Display: Found up-to-date module file ../../../Engine/Plugins/Media/MediaPlayerEditor/Binaries/Win64/UE4Editor-MediaPlayerEditor.dll (API version 3709383).
LogModuleManager: Display: Found up-to-date module file ../../../Engine/Plugins/Media/WmfMedia/Binaries/Win64/UE4Editor-WmfMedia.dll (API version 3709383).
LogModuleManager: Display: Found up-to-date module file ../../../Engine/Plugins/Media/WmfMedia/Binaries/Win64/UE4Editor-WmfMediaEditor.dll (API version 3709383).
LogModuleManager: Display: Found up-to-date module file ../../../Engine/Plugins/Media/WmfMedia/Binaries/Win64/UE4Editor-WmfMediaFactory.dll (API version 3709383).
LogModuleManager: Display: Found up-to-date module file ../../../Engine/Plugins/Media/WmfMedia/Binaries/Win64/UE4Editor-WmfMediaFactory.dll (API version 3709383).
LogModuleManager: Display: Found up-to-date module file ../../../Engine/Plugins/Messaging/TcpMessaging/Binaries/Win64/UE4Editor-TcpMessaging.dll (API version 3709383).
LogModuleManager: Display: Found up-to-date module file ../../../Engine/Plugins/Messaging/UdpMessaging/Binaries/Win64/UE4Editor-UdpMessaging.dll (API version 3709383).
LogModuleManager: Display: Found up-to-date module file ../../../Engine/Plugins/MovieScene/ActorSequence/Binaries/Win64/UE4Editor-ActorSequence.dll (API version 3709383).
LogModuleManager: Display: Found up-to-date module file ../../../Engine/Plugins/MovieScene/LevelSequenceEditor/Binaries/Win64/UE4Editor-LevelSequenceEditor.dll (API version 3709383).
LogModuleManager: Display: Found up-to-date module file ../../../Engine/Plugins/MovieScene/MatineeToLevelSequence/Binaries/Win64/UE4Editor-MatineeToLevelSequence.dll (API version 3709383).
LogModuleManager: Display: Found up-to-date module file ../../../Engine/Plugins/Runtime/AndroidPermission/Binaries/Win64/UE4Editor-AndroidPermission.dll (API version 3709383).
LogModuleManager: Display: Found up-to-date module file ../../../Engine/Plugins/Online/OnlineSubsystemNull/Binaries/Win64/UE4Editor-OnlineSubsystemNull.dll (API version 3709383).
LogModuleManager: Display: Found up-to-date module file ../../../Engine/Plugins/Runtime/AndroidDeviceProfileSelector/Binaries/Win64/UE4Editor-AndroidDeviceProfileSelector.dll (API version 3709383).
LogModuleManager: Display: Found up-to-date module file ../../../Engine/Plugins/Runtime/AppleARKit/Binaries/Win64/UE4Editor-AppleARKit.dll (API version 3709383).
LogModuleManager: Display: Found up-to-date module file ../../../Engine/Plugins/Runtime/ArchVisCharacter/Binaries/Win64/UE4Editor-ArchVisCharacter.dll (API version 3709383).
LogModuleManager: Display: Found up-to-date module file ../../../Engine/Plugins/Runtime/CableComponent/Binaries/Win64/UE4Editor-CableComponent.dll (API version 3709383).
LogModuleManager: Display: Found up-to-date module file ../../../Engine/Plugins/Runtime/CustomMeshComponent/Binaries/Win64/UE4Editor-CustomMeshComponent.dll (API version 3709383).
LogModuleManager: Display: Found up-to-date module file ../../../Engine/Plugins/Runtime/ExampleDeviceProfileSelector/Binaries/Win64/UE4Editor-ExampleDeviceProfileSelector.dll (API version 3709383).
LogModuleManager: Display: Found up-to-date module file ../../../Engine/Plugins/Runtime/ImmediatePhysics/Binaries/Win64/UE4Editor-ImmediatePhysics.dll (API version 3709383).
LogModuleManager: Display: Found up-to-date module file ../../../Engine/Plugins/Runtime/ImmediatePhysics/Binaries/Win64/UE4Editor-ImmediatePhysicsEditor.dll (API version 3709383).
LogModuleManager: Display: Found up-to-date module file ../../../Engine/Plugins/Runtime/LocationServicesBPLibrary/Binaries/Win64/UE4Editor-LocationServicesBPLibrary.dll (API version 3709383).
LogModuleManager: Display: Found up-to-date module file ../../../Engine/Plugins/Runtime/MobilePatchingUtils/Binaries/Win64/UE4Editor-MobilePatchingUtils.dll (API version 3709383).
LogModuleManager: Display: Found up-to-date module file ../../../Engine/Plugins/Runtime/Oculus/OculusVR/Binaries/Win64/UE4Editor-OculusHMD.dll (API version 3709383).
LogModuleManager: Display: Found up-to-date module file ../../../Engine/Plugins/Runtime/Oculus/OculusVR/Binaries/Win64/UE4Editor-OculusInput.dll (API version 3709383).
LogModuleManager: Display: Found up-to-date module file ../../../Engine/Plugins/Runtime/Oculus/OculusVR/Binaries/Win64/UE4Editor-OculusEditor.dll (API version 3709383).
LogModuleManager: Display: Found up-to-date module file ../../../Engine/Plugins/Runtime/PhysXVehicles/Binaries/Win64/UE4Editor-PhysXVehicles.dll (API version 3709383).
LogModuleManager: Display: Found up-to-date module file ../../../Engine/Plugins/Runtime/PhysXVehicles/Binaries/Win64/UE4Editor-PhysXVehiclesEditor.dll (API version 3709383).
LogModuleManager: Display: Found up-to-date module file ../../../Engine/Plugins/Runtime/ProceduralMeshComponent/Binaries/Win64/UE4Editor-ProceduralMeshComponent.dll (API version 3709383).
LogModuleManager: Display: Found up-to-date module file ../../../Engine/Plugins/Runtime/ProceduralMeshComponent/Binaries/Win64/UE4Editor-ProceduralMeshComponentEditor.dll (API version 3709383).
LogModuleManager: Display: Found up-to-date module file ../../../Engine/Plugins/Runtime/RuntimePhysXCooking/Binaries/Win64/UE4Editor-RuntimePhysXCooking.dll (API version 3709383).
LogModuleManager: Display: Found up-to-date module file ../../../Engine/Plugins/Runtime/Steam/SteamVR/Binaries/Win64/UE4Editor-SteamVR.dll (API version 3709383).
LogModuleManager: Display: Found up-to-date module file ../../../Engine/Plugins/Runtime/Steam/SteamVR/Binaries/Win64/UE4Editor-SteamVRController.dll (API version 3709383).
LogModuleManager: Display: Found up-to-date module file ../../../Engine/Plugins/Runtime/WindowsMoviePlayer/Binaries/Win64/UE4Editor-WindowsMoviePlayer.dll (API version 3709383).
LogPluginManager: Mounting plugin Paper2D
LogPluginManager: Mounting plugin AdvancedSessions
LogPluginManager: Mounting plugin AdvancedSteamSessions
LogPluginManager: Mounting plugin LightPropagationVolume
LogPluginManager: Mounting plugin CodeLiteSourceCodeAccess
LogPluginManager: Mounting plugin GitSourceControl
LogPluginManager: Mounting plugin KDevelopSourceCodeAccess
LogPluginManager: Mounting plugin NullSourceCodeAccess
LogPluginManager: Mounting plugin PerforceSourceControl
LogPluginManager: Mounting plugin SubversionSourceControl
LogPluginManager: Mounting plugin UObjectPlugin
LogPluginManager: Mounting plugin VisualStudioCodeSourceCodeAccess
LogPluginManager: Mounting plugin VisualStudioSourceCodeAccess
LogPluginManager: Mounting plugin XCodeSourceCodeAccess
LogPluginManager: Mounting plugin AssetManagerEditor
LogPluginManager: Mounting plugin AudioCapture
LogPluginManager: Mounting plugin FacialAnimation
LogPluginManager: Mounting plugin GameplayTagsEditor
LogPluginManager: Mounting plugin MobileLauncherProfileWizard
LogPluginManager: Mounting plugin PluginBrowser
LogPluginManager: Mounting plugin SpeedTreeImporter
LogPluginManager: Mounting plugin AlembicImporter
LogPluginManager: Mounting plugin CharacterAI
LogPluginManager: Mounting plugin HTML5Networking
LogPluginManager: Mounting plugin AndroidMedia
LogPluginManager: Mounting plugin AvfMedia
LogPluginManager: Mounting plugin ImgMedia
LogPluginManager: Mounting plugin MediaCompositing
LogPluginManager: Mounting plugin MediaPlayerEditor
LogPluginManager: Mounting plugin WmfMedia
LogPluginManager: Mounting plugin TcpMessaging
LogPluginManager: Mounting plugin UdpMessaging
LogPluginManager: Mounting plugin ActorSequence
LogPluginManager: Mounting plugin LevelSequenceEditor
LogPluginManager: Mounting plugin MatineeToLevelSequence
LogPluginManager: Mounting plugin OnlineSubsystemGooglePlay
LogPluginManager: Mounting plugin OnlineSubsystemIOS
LogPluginManager: Mounting plugin OnlineSubsystem
LogPluginManager: Mounting plugin OnlineSubsystemNull
LogPluginManager: Mounting plugin OnlineSubsystemSteam
LogPluginManager: Mounting plugin OnlineSubsystemUtils
LogPluginManager: Mounting plugin AndroidDeviceProfileSelector
LogPluginManager: Mounting plugin AndroidMoviePlayer
LogPluginManager: Mounting plugin AndroidPermission
LogPluginManager: Mounting plugin AppleARKit
LogPluginManager: Mounting plugin AppleMoviePlayer
LogPluginManager: Mounting plugin ArchVisCharacter
LogPluginManager: Mounting plugin CableComponent
LogPluginManager: Mounting plugin CustomMeshComponent
LogPluginManager: Mounting plugin ExampleDeviceProfileSelector
LogPluginManager: Mounting plugin GoogleCloudMessaging
LogPluginManager: Mounting plugin ImmediatePhysics
LogPluginManager: Mounting plugin IOSDeviceProfileSelector
LogPluginManager: Mounting plugin LinuxDeviceProfileSelector
LogPluginManager: Mounting plugin LocationServicesBPLibrary
LogPluginManager: Mounting plugin MobilePatchingUtils
LogPluginManager: Mounting plugin OculusVR
LogPluginManager: Plugin shader directory ../../../Engine/Plugins/Runtime/Oculus/OculusVR/Shaders found
LogPluginManager: Mapping shader source directory ../../../Engine/Plugins/Runtime/Oculus/OculusVR/Shaders to virtual directory /Plugin/OculusVR
LogPluginManager: Mounting plugin PhysXVehicles
LogPluginManager: Mounting plugin ProceduralMeshComponent
LogPluginManager: Mounting plugin RuntimePhysXCooking
LogPluginManager: Mounting plugin SteamVR
LogPluginManager: Mounting plugin WindowsMoviePlayer
LogInit: Using libcurl 7.47.1
LogInit:  - built for x86_64-pc-win32
LogInit:  - supports SSL with OpenSSL/1.0.2g
LogInit:  - supports HTTP deflate (compression) using libz 1.2.8
LogInit:  - other features:
LogInit:      CURL_VERSION_SSL
LogInit:      CURL_VERSION_LIBZ
LogInit:      CURL_VERSION_IPV6
LogInit:      CURL_VERSION_ASYNCHDNS
LogInit:      CURL_VERSION_LARGEFILE
LogInit:      CURL_VERSION_IDN
LogInit:  CurlRequestOptions (configurable via config and command line):
LogInit:  - bVerifyPeer = false  - Libcurl will NOT verify peer certificate
LogInit:  - bUseHttpProxy = false  - Libcurl will NOT use HTTP proxy
LogInit:  - bDontReuseConnections = false  - Libcurl will reuse connections
LogInit:  - CertBundlePath = nullptr  - Libcurl will use whatever was configured at build time.
LogOnline: Display: STEAM: Loading Steam SDK 1.39
LogOnline: Warning: STEAM: Steam API disabled!
LogOnline: Display: STEAM: OnlineSubsystemSteam::Shutdown()
LogInit: WinSock: version 1.1 (2.2), MaxSocks=32767, MaxUdp=65467
LogInit: Build: ++UE4+Release-4.18-CL-3832480
LogInit: Engine Version: 4.18.3-3832480+++UE4+Release-4.18
LogInit: Compatible Engine Version: 4.18.0-3709383+++UE4+Release-4.18
LogInit: Net CL: 3709383
LogDevObjectVersion: Number of dev versions registered: 16
LogDevObjectVersion:   Dev-Blueprints (B0D832E4-1F89-4F0D-ACCF-7EB736FD4AA2): 10
LogDevObjectVersion:   Dev-Build (E1C64328-A22C-4D53-A36C-8E866417BD8C): 0
LogDevObjectVersion:   Dev-Core (375EC13C-06E4-48FB-B500-84F0262A717E): 2
LogDevObjectVersion:   Dev-Editor (E4B068ED-F494-42E9-A231-DA0B2E46BB41): 20
LogDevObjectVersion:   Dev-Framework (CFFC743F-43B0-4480-9391-14DF171D2073): 30
LogDevObjectVersion:   Dev-Mobile (B02B49B5-BB20-44E9-A304-32B752E40360): 0
LogDevObjectVersion:   Dev-Networking (A4E4105C-59A1-49B5-A7C5-40C4547EDFEE): 0
LogDevObjectVersion:   Dev-Online (39C831C9-5AE6-47DC-9A44-9C173E1C8E7C): 0
LogDevObjectVersion:   Dev-Physics (78F01B33-EBEA-4F98-B9B4-84EACCB95AA2): 0
LogDevObjectVersion:   Dev-Platform (6631380F-2D4D-43E0-8009-CF276956A95A): 0
LogDevObjectVersion:   Dev-Rendering (12F88B9F-8875-4AFC-A67C-D90C383ABD29): 20
LogDevObjectVersion:   Dev-Sequencer (7B5AE74C-D270-4C10-A958-57980B212A5A): 4
LogDevObjectVersion:   Dev-VR (D7296918-1DD6-4BDD-9DE2-64A83CC13884): 0
LogDevObjectVersion:   Dev-LoadTimes (C2A15278-BFE7-4AFE-6C17-90FF531DF755): 1
LogDevObjectVersion:   Private-Geometry (6EACA3D4-40EC-4CC1-B786-8BED09428FC5): 1
LogDevObjectVersion:   Dev-AnimPhys (29E575DD-E0A3-4627-9D10-D276232CDCEA): 12
LogInit: Compiled (64-bit): Jan 12 2018 02:04:55
LogInit: Compiled with Visual C++: 19.00.24215.01
LogInit: Build Configuration: Development
LogInit: Branch Name: ++UE4+Release-4.18
LogInit: Command line:  
LogInit: Base directory: E:/GameDev/Unreal/Engine/UE_4.18/Engine/Binaries/Win64/
LogInit: Installed Engine Build: 1
LogInit: Presizing for max 8388607 objects, including 0 objects not considered by GC, pre-allocating 0 bytes for permanent pool.
LogInit: Object subsystem initialized
[2020.11.22-17.13.32:438][  0]LogInit: Selected Device Profile: [Windows]
[2020.11.22-17.13.32:438][  0]LogInit: Applying CVar settings loaded from the selected device profile: [Windows]
[2020.11.22-17.13.32:596][  0]LogInit: Computer: ISHRAQ-PC
[2020.11.22-17.13.32:596][  0]LogInit: User: farha
[2020.11.22-17.13.32:596][  0]LogInit: CPU Page size=4096, Cores=2
[2020.11.22-17.13.32:596][  0]LogInit: High frequency timer resolution =10.000000 MHz
[2020.11.22-17.13.32:596][  0]LogMemory: Memory total: Physical=3.9GB (4GB approx)
[2020.11.22-17.13.32:597][  0]LogMemory: Platform Memory Stats for Windows
[2020.11.22-17.13.32:597][  0]LogMemory: Process Physical Memory: 275.31 MB used, 275.31 MB peak
[2020.11.22-17.13.32:597][  0]LogMemory: Process Virtual Memory: 271.46 MB used, 271.46 MB peak
[2020.11.22-17.13.32:597][  0]LogMemory: Physical Memory: 3122.60 MB used,  854.41 MB free, 3977.01 MB total
[2020.11.22-17.13.32:597][  0]LogMemory: Virtual Memory: 4765.11 MB used,  854.41 MB free, 134217728.00 MB total
[2020.11.22-17.13.33:883][  0]LogInit: Using OS detected language (en-US).
[2020.11.22-17.13.33:883][  0]LogInit: Using OS detected locale (en-US).
[2020.11.22-17.13.34:079][  0]LogTextLocalizationManager: No specific localization for 'en-US' exists, so the 'en' localization will be used.
[2020.11.22-17.13.35:125][  0]LogInit: Setting process to per monitor DPI aware
[2020.11.22-17.13.37:466][  0]LogD3D11RHI: D3D11 adapters:
[2020.11.22-17.13.37:552][  0]LogD3D11RHI:    0. 'Intel(R) HD Graphics 3000' (Feature Level 10_0)
[2020.11.22-17.13.37:553][  0]LogD3D11RHI:       32/0/1632 MB DedicatedVideo/DedicatedSystem/SharedSystem, Outputs:1, VendorId:0x8086
[2020.11.22-17.13.37:613][  0]LogD3D11RHI:    1. 'Microsoft Basic Render Driver' (Feature Level 11_0)
[2020.11.22-17.13.37:613][  0]LogD3D11RHI:       0/0/1988 MB DedicatedVideo/DedicatedSystem/SharedSystem, Outputs:0, VendorId:0x1414
[2020.11.22-17.13.37:613][  0]LogD3D11RHI: Chosen D3D11 Adapter: 0
[2020.11.22-17.13.37:620][  0]LogD3D11RHI: Creating new Direct3DDevice
[2020.11.22-17.13.37:621][  0]LogD3D11RHI:     GPU DeviceId: 0x126 (for the marketing name, search the web for "GPU Device Id")
[2020.11.22-17.13.37:621][  0]LogWindows: EnumDisplayDevices:
[2020.11.22-17.13.37:622][  0]LogWindows:    0. 'Intel(R) HD Graphics 3000' (P:1 D:1)
[2020.11.22-17.13.37:622][  0]LogWindows:    1. 'Intel(R) HD Graphics 3000' (P:0 D:0)
[2020.11.22-17.13.37:622][  0]LogWindows: DebugString: GetVideoDriverDetailsInvalid PrimaryIsNotTheChoosenAdapter GetVideoDriverDetailsInvalid PrimaryIsNotTheChoosenAdapter FoundDriverCount:0 
[2020.11.22-17.13.37:622][  0]LogD3D11RHI:     Adapter Name: Intel(R) HD Graphics 3000
[2020.11.22-17.13.37:622][  0]LogD3D11RHI:   Driver Version: Unknown (internal:Unknown, unified:Unknown)
[2020.11.22-17.13.37:622][  0]LogD3D11RHI:      Driver Date: Unknown
[2020.11.22-17.13.37:622][  0]LogRHI: Texture pool is 593 MB (70% of 848 MB)
[2020.11.22-17.13.37:643][  0]LogD3D11RHI: Async texture creation enabled
[2020.11.22-17.13.38:021][  0]LogD3D11RHI: GPU Timing Frequency: 12.500000 (Debug: 2 1)
[2020.11.22-17.13.38:319][  0]LogShaderCompilers: Guid format shader working directory is 8 characters bigger than the processId version (../../../../../GITHUB/IML/MyProject_01/Intermediate/Shaders/WorkingDirectory/8228/).
[2020.11.22-17.13.38:319][  0]LogShaderCompilers: Cleaned the shader compiler working directory 'C:/Users/farha/AppData/Local/Temp/UnrealShaderWorkingDir/1117D4414B1B88FE77270292B933EFE5/'.
[2020.11.22-17.13.38:335][  0]LogShaderCompilers: Display: Using Local Shader Compiler.
[2020.11.22-17.13.43:269][  0]LogTemp: Display: Loaded TP AllDesktopTargetPlatform
[2020.11.22-17.13.43:371][  0]LogTemp: Display: Loaded TP MacClientTargetPlatform
[2020.11.22-17.13.43:467][  0]LogTemp: Display: Loaded TP MacNoEditorTargetPlatform
[2020.11.22-17.13.43:560][  0]LogTemp: Display: Loaded TP MacServerTargetPlatform
[2020.11.22-17.13.43:717][  0]LogTemp: Display: Loaded TP MacTargetPlatform
[2020.11.22-17.13.43:842][  0]LogTemp: Display: Loaded TP WindowsClientTargetPlatform
[2020.11.22-17.13.43:942][  0]LogTemp: Display: Loaded TP WindowsNoEditorTargetPlatform
[2020.11.22-17.13.44:041][  0]LogTemp: Display: Loaded TP WindowsServerTargetPlatform
[2020.11.22-17.13.44:216][  0]LogTemp: Display: Loaded TP WindowsTargetPlatform
[2020.11.22-17.13.44:353][  0]LogTemp: Display: Loaded TP Android_ASTCTargetPlatform
[2020.11.22-17.13.44:479][  0]LogTemp: Display: Loaded TP Android_ATCTargetPlatform
[2020.11.22-17.13.44:605][  0]LogTemp: Display: Loaded TP Android_DXTTargetPlatform
[2020.11.22-17.13.44:712][  0]LogTemp: Display: Loaded TP Android_ETC1TargetPlatform
[2020.11.22-17.13.44:870][  0]LogTemp: Display: Loaded TP Android_ETC2TargetPlatform
[2020.11.22-17.13.45:187][  0]LogTemp: Display: Loaded TP Android_MultiTargetPlatform
[2020.11.22-17.13.45:187][  0]LogTemp: Display: Loaded TP Android_PVRTCTargetPlatform
[2020.11.22-17.13.45:872][  0]LogTemp: Display: Loaded TP AndroidTargetPlatform
[2020.11.22-17.13.46:700][  0]LogTemp: Display: Loaded TP HTML5TargetPlatform
[2020.11.22-17.13.48:487][  0]LogTemp: Display: Loaded TP IOSTargetPlatform
[2020.11.22-17.13.48:669][  0]LogTemp: Display: Loaded TP TVOSTargetPlatform
[2020.11.22-17.13.48:823][  0]LogTemp: Display: Loaded TP LinuxClientTargetPlatform
[2020.11.22-17.13.48:957][  0]LogTemp: Display: Loaded TP LinuxNoEditorTargetPlatform
[2020.11.22-17.13.49:078][  0]LogTemp: Display: Loaded TP LinuxServerTargetPlatform
[2020.11.22-17.13.49:181][  0]LogTemp: Display: Loaded TP LinuxTargetPlatform
[2020.11.22-17.13.49:181][  0]LogTargetPlatformManager: Display: Building Assets For Windows
[2020.11.22-17.13.51:189][  0]LogDerivedDataCache: Display: Max Cache Size: 512 MB
[2020.11.22-17.13.52:358][  0]LogDerivedDataCache: Loaded boot cache 1.17s 75MB C:/Users/farha/AppData/Local/UnrealEngine/4.18/DerivedDataCache/Boot.ddc.
[2020.11.22-17.13.52:358][  0]LogDerivedDataCache: Display: Loaded Boot cache: C:/Users/farha/AppData/Local/UnrealEngine/4.18/DerivedDataCache/Boot.ddc
[2020.11.22-17.13.52:358][  0]LogDerivedDataCache: FDerivedDataBackendGraph:  Pak pak cache file ../../../../../GITHUB/IML/MyProject_01/DerivedDataCache/DDC.ddp not found, will not use a pak cache.
[2020.11.22-17.13.52:358][  0]LogDerivedDataCache: Unable to find inner node Pak for hierarchical cache Hierarchy.
[2020.11.22-17.13.52:358][  0]LogDerivedDataCache: FDerivedDataBackendGraph:  CompressedPak pak cache file ../../../../../GITHUB/IML/MyProject_01/DerivedDataCache/Compressed.ddp not found, will not use a pak cache.
[2020.11.22-17.13.52:358][  0]LogDerivedDataCache: Unable to find inner node CompressedPak for hierarchical cache Hierarchy.
[2020.11.22-17.13.52:457][  0]LogDerivedDataCache: Display: Pak cache opened for reading ../../../Engine/DerivedDataCache/Compressed.ddp.
[2020.11.22-17.13.52:488][  0]LogDerivedDataCache: Using Local data cache path C:/Users/farha/AppData/Local/UnrealEngine/Common/DerivedDataCache: Writable
[2020.11.22-17.13.52:734][  0]LogMaterial: Verifying Global Shaders for PCD3D_SM4
[2020.11.22-17.13.52:816][  0]LogSlate: Using Freetype 2.6.0
[2020.11.22-17.13.52:915][  0]LogSlate: SlateFontCache - WITH_FREETYPE: 1, WITH_HARFBUZZ: 1
[2020.11.22-17.13.52:927][  0]LogSlate: SlateFontCache - WITH_FREETYPE: 1, WITH_HARFBUZZ: 1
[2020.11.22-17.14.01:369][  0]LogInit: Selected Device Profile: [Windows]
[2020.11.22-17.14.04:350][  0]LogSimplygon: Simplygon DLL not present - disabling.
[2020.11.22-17.14.04:451][  0]LogMeshReduction: Using SimplygonSwarm for distributed automatic mesh merging
[2020.11.22-17.14.04:452][  0]LogMeshReduction: Using QuadricMeshReduction for automatic static mesh reduction
[2020.11.22-17.14.04:452][  0]LogMeshReduction: No automatic skeletal mesh reduction module available
[2020.11.22-17.14.04:452][  0]LogMeshReduction: No automatic mesh merging module available
[2020.11.22-17.14.04:452][  0]LogMeshMerging: No automatic mesh merging module available
[2020.11.22-17.14.05:227][  0]LogNetVersion: MyProject_01 , NetCL: 3709383, EngineNetVer: 2, GameNetVer: 0 (Checksum: 560086495)
[2020.11.22-17.14.15:391][  0]LogAssetRegistry: FAssetRegistry took 0.0478 seconds to start up
[2020.11.22-17.14.26:490][  0]LogPackageLocalizationCache: Processed 7 localized package path(s) for 2 prioritized culture(s) in 0.264977 seconds
[2020.11.22-17.14.27:194][  0]LogUObjectArray: 35877 objects as part of root set at end of initial load.
[2020.11.22-17.14.27:228][  0]LogUObjectAllocator: 7577632 out of 0 bytes used by permanent object pool.
[2020.11.22-17.14.27:228][  0]LogUObjectArray: CloseDisregardForGC: 0/0 objects in disregard for GC pool
[2020.11.22-17.14.50:678][  0]LogTcpMessaging: Initializing TcpMessaging bridge
[2020.11.22-17.14.50:786][  0]LogUdpMessaging: Initializing bridge on interface 0.0.0.0:0 to multicast group 230.0.0.1:6666.
[2020.11.22-17.14.53:949][  0]LogMaterial: Uniform references updated for custom material expression Custom.
[2020.11.22-17.14.55:269][  0]SourceControl: Source control is disabled
[2020.11.22-17.14.55:272][  0]SourceControl: Source control is disabled
[2020.11.22-17.14.55:491][  0]SourceControl: Source control is disabled
[2020.11.22-17.14.55:713][  0]SourceControl: Source control is disabled
[2020.11.22-17.14.58:990][  0]LogAndroidPermission: UAndroidPermissionCallbackProxy::GetInstance
[2020.11.22-17.14.59:574][  0]LogOcInput: OculusInput pre-init called
[2020.11.22-17.15.01:291][  0]LogEngine: Initializing Engine...
[2020.11.22-17.15.01:390][  0]LogHMD: Failed to initialize OpenVR with code 110
[2020.11.22-17.15.02:558][  0]LogStats: UGameplayTagsManager::ConstructGameplayTagTree: Construct from data asset -  0.000 s
[2020.11.22-17.15.02:563][  0]LogStats: UGameplayTagsManager::ConstructGameplayTagTree: GameplayTagTreeChangedEvent.Broadcast -  0.002 s
[2020.11.22-17.15.03:648][  0]LogAIModule: Creating AISystem for world Untitled
[2020.11.22-17.15.04:834][  0]LogInit: XAudio2 using 'Speakers (2- High Definition Audio Device)' : 2 channels at 48 kHz using 16 bits per sample (channel mask 0x3)
[2020.11.22-17.15.05:178][  0]LogInit: FAudioDevice initialized.
[2020.11.22-17.15.06:478][  0]LogDerivedDataCache: Saved boot cache 1.26s 75MB C:/Users/farha/AppData/Local/UnrealEngine/4.18/DerivedDataCache/Boot.ddc.
[2020.11.22-17.15.11:397][  0]LogInit: Texture streaming: Enabled
[2020.11.22-17.15.11:949][  0]LogEngineSessionManager: EngineSessionManager initialized
[2020.11.22-17.15.12:841][  0]LogInit: Transaction tracking system initialized
[2020.11.22-17.15.13:923][  0]BlueprintLog: New page: Editor Load
[2020.11.22-17.15.17:822][  0]LocalizationService: Localization service is disabled
[2020.11.22-17.15.23:699][  0]LogConsoleResponse: Display: 
[2020.11.22-17.15.27:107][  0]LogCook: Display: Max memory allowance for cook 16384mb min free memory 0mb
[2020.11.22-17.15.27:108][  0]LogCook: Display: Mobile HDR setting 1
[2020.11.22-17.15.27:141][  0]LogGameplayTags: Display: UGameplayTagsManager::DoneAddingNativeTags. DelegateIsBound: 0
[2020.11.22-17.15.28:309][  0]LogFileCache: Scanning file cache for directory 'E:/GameDev/Unreal/GITHUB/IML/MyProject_01/Content/' took 0.76s
[2020.11.22-17.15.32:309][  0]SourceControl: Source control is disabled
[2020.11.22-17.15.32:398][  0]Cmd: MAP LOAD FILE="../../../../../GITHUB/IML/MyProject_01/Content/Maps/MenuMap.umap" TEMPLATE=0 SHOWPROGRESS=1 FEATURELEVEL=2
[2020.11.22-17.15.32:784][  0]LightingResults: New page: Lighting Build
[2020.11.22-17.15.33:240][  0]MapCheck: New page: Map Check
[2020.11.22-17.15.33:240][  0]LightingResults: New page: Lighting Build
[2020.11.22-17.15.36:944][  0]LogAIModule: Creating AISystem for world MenuMap
[2020.11.22-17.15.37:075][  0]LogEditorServer: Finished looking for orphan Actors (0.000 secs)
[2020.11.22-17.15.37:279][  0]Cmd: MAP CHECKDEP NOCLEARLOG
[2020.11.22-17.15.37:429][  0]MapCheck: Map check complete: 0 Error(s), 0 Warning(s), took 150.498ms to complete.
[2020.11.22-17.15.37:430][  0]LogFileHelpers: Loading map 'MenuMap' took 5.064
[2020.11.22-17.15.42:423][  0]LogCollectionManager: Loaded 0 collections in 0.001664 seconds
[2020.11.22-17.15.42:825][  0]LogFileCache: Scanning file cache for directory 'E:/GameDev/Unreal/GITHUB/IML/MyProject_01/Saved/Collections/' took 0.01s
[2020.11.22-17.15.42:825][  0]LogFileCache: Scanning file cache for directory 'E:/GameDev/Unreal/GITHUB/IML/MyProject_01/Content/Developers/farha/Collections/' took 0.01s
[2020.11.22-17.15.42:825][  0]LogFileCache: Scanning file cache for directory 'E:/GameDev/Unreal/GITHUB/IML/MyProject_01/Content/Collections/' took 0.01s
[2020.11.22-17.15.42:825][  0]LogCollectionManager: Rebuilt the GUID cache for 0 collections in 0.000001 seconds
[2020.11.22-17.15.42:849][  0]LogContentBrowser: Native class hierarchy populated in 0.0184 seconds. Added 2389 classes and 530 folders.
[2020.11.22-17.15.43:086][  0]LogContentBrowser: Native class hierarchy updated for 'WidgetCarousel' in 0.0004 seconds. Added 0 classes and 0 folders.
[2020.11.22-17.15.44:104][  0]LogContentBrowser: Native class hierarchy updated for 'AddContentDialog' in 0.0003 seconds. Added 0 classes and 0 folders.
[2020.11.22-17.15.44:443][  0]LogSlate: Took 0.016877 seconds to synchronously load lazily loaded font '../../../Engine/Content/Slate/Fonts/Roboto-Regular.ttf' (155K)
[2020.11.22-17.15.44:537][  0]LogSlate: Took 0.022879 seconds to synchronously load lazily loaded font '../../../Engine/Content/Slate/Fonts/Roboto-Bold.ttf' (160K)
[2020.11.22-17.15.45:508][  0]LogRenderer: Reallocating scene render targets to support 1016x656 Format 9 NumSamples 1 (Frame:1).
[2020.11.22-17.15.47:893][  0]LogContentBrowser: Native class hierarchy updated for 'HierarchicalLODOutliner' in 0.0005 seconds. Added 1 classes and 2 folders.
[2020.11.22-17.15.47:893][  0]LogLoad: (Engine Initialization) Total time: 164.36 seconds
[2020.11.22-17.15.47:893][  0]LogLoad: (Engine Initialization) Total Blueprint compile time: 0.00 seconds
[2020.11.22-17.15.47:920][  0]LogExternalProfiler: No external profilers were discovered.  External profiling features will not be available.
[2020.11.22-17.15.48:886][  0]LogContentStreaming: Texture pool size now 400 MB
[2020.11.22-17.15.53:483][  3]LogD3D11RHI: Timed out while waiting for GPU to catch up. (0.5 s)
[2020.11.22-17.15.55:717][  9]LogAssetRegistry: Asset discovery search completed in 100.3494 seconds
[2020.11.22-17.15.55:776][  9]LogCollectionManager: Rebuilt the object cache for 0 collections in 0.000001 seconds (found 0 objects)
[2020.11.22-17.15.55:777][  9]LogCollectionManager: Fixed up redirectors for 0 collections in 0.015212 seconds (updated 0 objects)
[2020.11.22-17.16.23:555][ 99]LogSlate: Took 0.026892 seconds to synchronously load lazily loaded font '../../../Engine/Content/Editor/Slate/Fonts/FontAwesome.ttf' (139K)
[2020.11.22-17.16.23:867][ 99]LogSlate: Took 0.015341 seconds to synchronously load lazily loaded font '../../../Engine/Content/Slate/Fonts/Roboto-Light.ttf' (159K)
[2020.11.22-17.17.00:371][278]LogSlate: Took 0.000329 seconds to synchronously load lazily loaded font '../../../Engine/Content/Slate/Fonts/Roboto-Light.ttf' (159K)
[2020.11.22-17.17.01:230][278]LogSlate: Took 0.046981 seconds to synchronously load lazily loaded font '../../../Engine/Content/Slate/Fonts/Roboto-Regular.ttf' (155K)
[2020.11.22-17.17.03:938][278]LogContentBrowser: Native class hierarchy updated for 'BlueprintGraph' in 0.0068 seconds. Added 116 classes and 0 folders.
[2020.11.22-17.17.08:236][278]LogSlate: Took 0.040687 seconds to synchronously load lazily loaded font '../../../Engine/Content/Editor/Slate/Fonts/Roboto-BoldCondensed.ttf' (158K)
[2020.11.22-17.17.10:521][279]LogSlate: Took 0.012796 seconds to synchronously load lazily loaded font '../../../Engine/Content/Editor/Slate/Fonts/Roboto-Italic.ttf' (157K)
[2020.11.22-17.17.33:045][682]LogSavePackage: Save=1020.63ms
[2020.11.22-17.17.33:045][682]LogSavePackage: Moving '../../../../../GITHUB/IML/MyProject_01/Saved/PlayerInventoryTablet832176C24CF17E67E61DB086F4DAB71C.tmp' to '../../../../../GITHUB/IML/MyProject_01/Content/Blueprints/InventoryBlueprint/NewFolder/PlayerInventoryTablet.uasset'
[2020.11.22-17.17.33:137][682]LogSavePackage: Display: Finished SavePackage ../../../../../GITHUB/IML/MyProject_01/Content/Blueprints/InventoryBlueprint/NewFolder/PlayerInventoryTablet.uasset
[2020.11.22-17.17.40:261][ 80]LogClass: Warning: In asset 'None', there is an enum property of type 'E_ItemType' with an invalid value of '('
[2020.11.22-17.17.40:261][ 80]LogClass: Warning: In asset 'None', there is an enum property of type 'E_ItemType' with an invalid value of ''
[2020.11.22-17.17.40:261][ 80]LogClass: Warning: In asset 'None', there is an enum property of type 'E_ItemType' with an invalid value of '('
[2020.11.22-17.17.40:261][ 80]LogClass: Warning: In asset 'None', there is an enum property of type 'E_ItemType' with an invalid value of ''
[2020.11.22-17.17.40:261][ 80]LogClass: Warning: In asset 'None', there is an enum property of type 'E_ItemType' with an invalid value of '('
[2020.11.22-17.17.40:261][ 80]LogClass: Warning: In asset 'None', there is an enum property of type 'E_ItemType' with an invalid value of ''
[2020.11.22-17.17.40:998][109]LogClass: Warning: In asset 'None', there is an enum property of type 'E_ItemType' with an invalid value of ''
[2020.11.22-17.17.40:999][109]LogClass: Warning: In asset 'None', there is an enum property of type 'E_ItemType' with an invalid value of ''
[2020.11.22-17.17.40:999][109]LogClass: Warning: In asset 'None', there is an enum property of type 'E_ItemType' with an invalid value of ''
[2020.11.22-17.17.57:382][639]BlueprintLog: New page: Compile PlayerInventoryTablet
[2020.11.22-17.17.59:835][653]LogSavePackage: Save=275.71ms
[2020.11.22-17.17.59:835][653]LogSavePackage: Moving '../../../../../GITHUB/IML/MyProject_01/Saved/PlayerInventoryTabletB447E0DC467B550B6F23A7B45C048106.tmp' to '../../../../../GITHUB/IML/MyProject_01/Content/Blueprints/InventoryBlueprint/NewFolder/PlayerInventoryTablet.uasset'
[2020.11.22-17.17.59:851][653]LogSavePackage: Display: Finished SavePackage ../../../../../GITHUB/IML/MyProject_01/Content/Blueprints/InventoryBlueprint/NewFolder/PlayerInventoryTablet.uasset
[2020.11.22-17.18.15:103][450]BlueprintLog: New page: Compile Inv_Slot
[2020.11.22-17.18.15:808][492]Cmd: OBJ SAVEPACKAGE PACKAGE="/Game/Blueprints/InventoryBlueprint/UI/Inv_Slot" FILE="../../../../../GITHUB/IML/MyProject_01/Content/Blueprints/InventoryBlueprint/UI/Inv_Slot.uasset" SILENT=true
[2020.11.22-17.18.15:974][492]LogSavePackage: Save=89.94ms
[2020.11.22-17.18.15:974][492]LogSavePackage: Moving '../../../../../GITHUB/IML/MyProject_01/Saved/Inv_SlotA130258A4A9367ABFD2726B0B36AC9EE.tmp' to '../../../../../GITHUB/IML/MyProject_01/Content/Blueprints/InventoryBlueprint/UI/Inv_Slot.uasset'
[2020.11.22-17.18.15:991][492]LogSavePackage: Display: Finished SavePackage ../../../../../GITHUB/IML/MyProject_01/Content/Blueprints/InventoryBlueprint/UI/Inv_Slot.uasset
[2020.11.22-17.18.26:753][642]Cmd: OBJ SAVEPACKAGE PACKAGE="/Game/Blueprints/PlayerBlueprint/PlayerCharacterBP" FILE="../../../../../GITHUB/IML/MyProject_01/Content/Blueprints/PlayerBlueprint/PlayerCharacterBP.uasset" SILENT=true
[2020.11.22-17.18.30:443][642]LogSavePackage: Save=1160.89ms
[2020.11.22-17.18.30:443][642]LogSavePackage: Moving '../../../../../GITHUB/IML/MyProject_01/Saved/PlayerCharacterBP7DDD45FD4A2FAF45BA1514B87BFF27EF.tmp' to '../../../../../GITHUB/IML/MyProject_01/Content/Blueprints/PlayerBlueprint/PlayerCharacterBP.uasset'
[2020.11.22-17.18.30:492][642]LogSavePackage: Display: Finished SavePackage ../../../../../GITHUB/IML/MyProject_01/Content/Blueprints/PlayerBlueprint/PlayerCharacterBP.uasset
[2020.11.22-17.18.34:147][760]LogWindowsTextInputMethodSystem: Display: IME system now deactivated.
[2020.11.22-17.18.36:355][761]Cmd: QUIT_EDITOR
[2020.11.22-17.18.39:051][761]LogExit: Preparing to exit.
[2020.11.22-17.18.41:011][761]LogDirectoryWatcher: A directory notification for 'E:/GameDev/Unreal/GITHUB/IML/MyProject_01/Content/' was aborted.
[2020.11.22-17.18.42:349][761]LogExit: Editor shut down
[2020.11.22-17.18.42:354][761]LogExit: Transaction tracking system shut down
[2020.11.22-17.18.43:479][761]LogDirectoryWatcher: A directory notification for '../../../Engine/Content/' was aborted.
[2020.11.22-17.18.43:479][761]LogDirectoryWatcher: A directory notification for '../../../../../GITHUB/IML/MyProject_01/Content/' was aborted.
[2020.11.22-17.18.43:479][761]LogDirectoryWatcher: A directory notification for '../../../Engine/Plugins/2D/Paper2D/Content/' was aborted.
[2020.11.22-17.18.43:479][761]LogDirectoryWatcher: A directory notification for '../../../Engine/Plugins/Media/MediaCompositing/Content/' was aborted.
[2020.11.22-17.18.43:479][761]LogDirectoryWatcher: A directory notification for '../../../Engine/Plugins/Runtime/AppleARKit/Content/' was aborted.
[2020.11.22-17.18.43:479][761]LogDirectoryWatcher: A directory notification for '../../../Engine/Plugins/Runtime/Oculus/OculusVR/Content/' was aborted.
[2020.11.22-17.18.43:479][761]LogDirectoryWatcher: A directory notification for '../../../Engine/Plugins/Runtime/Steam/SteamVR/Content/' was aborted.
[2020.11.22-17.18.48:794][761]LogExit: Object subsystem successfully closed.
[2020.11.22-17.18.49:421][761]LogD3D11RHI: Shutdown
[2020.11.22-17.18.49:422][761]LogD3D11RHI: CleanupD3DDevice
[2020.11.22-17.18.50:012][761]LogD3D11RHI: ~FD3D11DynamicRHI
[2020.11.22-17.18.51:103][761]LogModuleManager: Shutting down and abandoning module SequencerWidgets (558)
[2020.11.22-17.18.51:104][761]LogModuleManager: Shutting down and abandoning module BlueprintGraph (556)
[2020.11.22-17.18.51:104][761]LogModuleManager: Shutting down and abandoning module HierarchicalLODOutliner (554)
[2020.11.22-17.18.51:104][761]LogModuleManager: Shutting down and abandoning module AddContentDialog (552)
[2020.11.22-17.18.51:119][761]LogDirectoryWatcher: A directory notification for 'E:/GameDev/Unreal/Engine/UE_4.18/FeaturePacks/' was aborted.
[2020.11.22-17.18.51:154][761]LogModuleManager: Shutting down and abandoning module WidgetCarousel (551)
[2020.11.22-17.18.51:154][761]LogModuleManager: Shutting down and abandoning module EditorWidgets (548)
[2020.11.22-17.18.51:154][761]LogModuleManager: Shutting down and abandoning module CollectionManager (546)
[2020.11.22-17.18.51:170][761]LogDirectoryWatcher: A directory notification for 'E:/GameDev/Unreal/GITHUB/IML/MyProject_01/Content/Collections/' was aborted.
[2020.11.22-17.18.51:170][761]LogDirectoryWatcher: A directory notification for 'E:/GameDev/Unreal/GITHUB/IML/MyProject_01/Content/Developers/farha/Collections/' was aborted.
[2020.11.22-17.18.51:170][761]LogDirectoryWatcher: A directory notification for 'E:/GameDev/Unreal/GITHUB/IML/MyProject_01/Saved/Collections/' was aborted.
[2020.11.22-17.18.51:171][761]LogModuleManager: Shutting down and abandoning module SceneOutliner (544)
[2020.11.22-17.18.51:186][761]LogModuleManager: Shutting down and abandoning module StatsViewer (542)
[2020.11.22-17.18.51:213][761]LogModuleManager: Shutting down and abandoning module FoliageEdit (540)
[2020.11.22-17.18.51:214][761]LogModuleManager: Shutting down and abandoning module LandscapeEditor (538)
[2020.11.22-17.18.51:234][761]LogModuleManager: Shutting down and abandoning module MeshPaintMode (536)
[2020.11.22-17.18.51:235][761]LogModuleManager: Shutting down and abandoning module SceneDepthPickerMode (534)
[2020.11.22-17.18.51:235][761]LogModuleManager: Shutting down and abandoning module ActorPickerMode (532)
[2020.11.22-17.18.51:235][761]LogModuleManager: Shutting down and abandoning module GeometryMode (530)
[2020.11.22-17.18.51:235][761]LogModuleManager: Shutting down and abandoning module TextureAlignMode (528)
[2020.11.22-17.18.51:235][761]LogModuleManager: Shutting down and abandoning module BspMode (526)
[2020.11.22-17.18.51:235][761]LogModuleManager: Shutting down and abandoning module PIEPreviewDeviceProfileSelector (524)
[2020.11.22-17.18.51:235][761]LogModuleManager: Shutting down and abandoning module HardwareSurvey (522)
[2020.11.22-17.18.51:235][761]LogModuleManager: Shutting down and abandoning module SequenceRecorderSections (520)
[2020.11.22-17.18.51:247][761]LogModuleManager: Shutting down and abandoning module AutomationWorker (518)
[2020.11.22-17.18.51:260][761]LogModuleManager: Shutting down and abandoning module MatineeToLevelSequence (516)
[2020.11.22-17.18.51:466][761]LogModuleManager: Shutting down and abandoning module LevelSequenceEditor (514)
[2020.11.22-17.18.51:678][761]LogModuleManager: Shutting down and abandoning module PlacementMode (513)
[2020.11.22-17.18.51:678][761]LogModuleManager: Shutting down and abandoning module WmfMediaFactory (510)
[2020.11.22-17.18.51:678][761]LogModuleManager: Shutting down and abandoning module WmfMediaEditor (508)
[2020.11.22-17.18.51:678][761]LogModuleManager: Shutting down and abandoning module OpenExrWrapper (506)
[2020.11.22-17.18.51:678][761]LogModuleManager: Shutting down and abandoning module ImgMediaFactory (504)
[2020.11.22-17.18.51:678][761]LogModuleManager: Shutting down and abandoning module ImgMediaEditor (502)
[2020.11.22-17.18.51:679][761]LogModuleManager: Shutting down and abandoning module AvfMediaFactory (500)
[2020.11.22-17.18.51:679][761]LogModuleManager: Shutting down and abandoning module AvfMediaEditor (498)
[2020.11.22-17.18.51:679][761]LogModuleManager: Shutting down and abandoning module AndroidMediaFactory (496)
[2020.11.22-17.18.51:679][761]LogModuleManager: Shutting down and abandoning module AndroidMediaEditor (494)
[2020.11.22-17.18.51:679][761]LogModuleManager: Shutting down and abandoning module CharacterAI (492)
[2020.11.22-17.18.51:679][761]LogModuleManager: Shutting down and abandoning module AudioCapture (490)
[2020.11.22-17.18.51:726][761]LogModuleManager: Shutting down and abandoning module SequenceRecorder (489)
[2020.11.22-17.18.51:769][761]LogModuleManager: Shutting down and abandoning module SmartSnapping (486)
[2020.11.22-17.18.51:769][761]LogModuleManager: Shutting down and abandoning module SessionServices (484)
[2020.11.22-17.18.51:769][761]LogModuleManager: Shutting down and abandoning module ViewportSnapping (482)
[2020.11.22-17.18.51:769][761]LogModuleManager: Shutting down and abandoning module ViewportInteraction (480)
[2020.11.22-17.18.51:769][761]LogModuleManager: Shutting down and abandoning module ClothPainter (478)
[2020.11.22-17.18.51:891][761]LogModuleManager: Shutting down and abandoning module SkeletalMeshEditor (477)
[2020.11.22-17.18.51:992][761]LogModuleManager: Shutting down and abandoning module LogVisualizer (474)
[2020.11.22-17.18.52:101][761]LogModuleManager: Shutting down and abandoning module IntroTutorials (472)
[2020.11.22-17.18.52:148][761]LogModuleManager: Shutting down and abandoning module GameProjectGeneration (471)
[2020.11.22-17.18.52:187][761]LogModuleManager: Shutting down and abandoning module IOSPlatformEditor (468)
[2020.11.22-17.18.52:187][761]LogModuleManager: Shutting down and abandoning module HTML5PlatformEditor (466)
[2020.11.22-17.18.52:187][761]LogModuleManager: Shutting down and abandoning module AndroidPlatformEditor (464)
[2020.11.22-17.18.52:187][761]LogModuleManager: Shutting down and abandoning module AndroidDeviceDetection (463)
[2020.11.22-17.18.52:342][761]LogModuleManager: Shutting down and abandoning module WindowsPlatformEditor (460)
[2020.11.22-17.18.52:342][761]LogModuleManager: Shutting down and abandoning module IOSRuntimeSettings (458)
[2020.11.22-17.18.52:342][761]LogModuleManager: Shutting down and abandoning module AndroidRuntimeSettings (456)
[2020.11.22-17.18.52:342][761]LogModuleManager: Shutting down and abandoning module InputBindingEditor (454)
[2020.11.22-17.18.52:450][761]LogModuleManager: Shutting down and abandoning module MergeActors (452)
[2020.11.22-17.18.52:465][761]LogModuleManager: Shutting down and abandoning module SizeMap (450)
[2020.11.22-17.18.52:465][761]LogModuleManager: Shutting down and abandoning module TreeMap (448)
[2020.11.22-17.18.52:482][761]LogModuleManager: Shutting down and abandoning module ReferenceViewer (446)
[2020.11.22-17.18.52:482][761]LogModuleManager: Shutting down and abandoning module LocalizationDashboard (444)
[2020.11.22-17.18.52:538][761]LogModuleManager: Shutting down and abandoning module LocalizationService (443)
[2020.11.22-17.18.52:546][761]LogModuleManager: Shutting down and abandoning module HardwareTargeting (440)
[2020.11.22-17.18.52:546][761]LogModuleManager: Shutting down and abandoning module DeviceProfileEditor (438)
[2020.11.22-17.18.52:546][761]LogModuleManager: Shutting down and abandoning module UndoHistory (436)
[2020.11.22-17.18.52:546][761]LogModuleManager: Shutting down and abandoning module XmlParser (434)
[2020.11.22-17.18.52:554][761]LogModuleManager: Shutting down and abandoning module Blutility (432)
[2020.11.22-17.18.52:554][761]LogModuleManager: Shutting down and abandoning module ProjectSettingsViewer (430)
[2020.11.22-17.18.52:554][761]LogModuleManager: Shutting down and abandoning module ProjectTargetPlatformEditor (429)
[2020.11.22-17.18.52:554][761]LogModuleManager: Shutting down and abandoning module EditorSettingsViewer (426)
[2020.11.22-17.18.52:554][761]LogModuleManager: Shutting down and abandoning module SettingsEditor (424)
[2020.11.22-17.18.52:592][761]LogModuleManager: Shutting down and abandoning module ProjectLauncher (422)
[2020.11.22-17.18.52:607][761]LogModuleManager: Shutting down and abandoning module SessionFrontend (420)
[2020.11.22-17.18.52:629][761]LogModuleManager: Shutting down and abandoning module ProfilerClient (418)
[2020.11.22-17.18.52:639][761]LogModuleManager: Shutting down and abandoning module DeviceManager (416)
[2020.11.22-17.18.52:647][761]LogModuleManager: Shutting down and abandoning module TargetDeviceServices (415)
[2020.11.22-17.18.52:703][761]LogModuleManager: Shutting down and abandoning module AutomationController (412)
[2020.11.22-17.18.52:767][761]LogModuleManager: Shutting down and abandoning module AutomationWindow (410)
[2020.11.22-17.18.52:797][761]LogModuleManager: Shutting down and abandoning module Layers (408)
[2020.11.22-17.18.52:828][761]LogModuleManager: Shutting down and abandoning module ComponentVisualizers (406)
[2020.11.22-17.18.52:828][761]LogModuleManager: Shutting down and abandoning module DetailCustomizations (404)
[2020.11.22-17.18.52:840][761]LogModuleManager: Shutting down and abandoning module PackagesDialog (402)
[2020.11.22-17.18.52:841][761]LogModuleManager: Shutting down and abandoning module Persona (400)
[2020.11.22-17.18.52:873][761]LogModuleManager: Shutting down and abandoning module AdvancedPreviewScene (399)
[2020.11.22-17.18.52:873][761]LogModuleManager: Shutting down and abandoning module AnimGraph (397)
[2020.11.22-17.18.52:873][761]LogModuleManager: Shutting down and abandoning module Kismet (394)
[2020.11.22-17.18.52:931][761]LogModuleManager: Shutting down and abandoning module ClassViewer (392)
[2020.11.22-17.18.52:931][761]LogModuleManager: Shutting down and abandoning module Toolbox (390)
[2020.11.22-17.18.52:931][761]LogModuleManager: Shutting down and abandoning module ModuleUI (388)
[2020.11.22-17.18.52:943][761]LogModuleManager: Shutting down and abandoning module MovieSceneTools (386)
[2020.11.22-17.18.52:981][761]LogModuleManager: Shutting down and abandoning module OutputLog (384)
[2020.11.22-17.18.52:993][761]LogModuleManager: Shutting down and abandoning module GammaUI (382)
[2020.11.22-17.18.53:003][761]LogModuleManager: Shutting down and abandoning module Documentation (380)
[2020.11.22-17.18.53:004][761]LogModuleManager: Shutting down and abandoning module MovieSceneTracks (378)
[2020.11.22-17.18.53:004][761]LogModuleManager: Shutting down and abandoning module MovieScene (376)
[2020.11.22-17.18.53:004][761]LogModuleManager: Shutting down and abandoning module StreamingPauseRendering (374)
[2020.11.22-17.18.53:004][761]LogModuleManager: Shutting down and abandoning module LauncherPlatform (372)
[2020.11.22-17.18.53:004][761]LogModuleManager: Shutting down and abandoning module AnalyticsET (370)
[2020.11.22-17.18.53:004][761]LogModuleManager: Shutting down and abandoning module PortalServices (368)
[2020.11.22-17.18.53:004][761]LogModuleManager: Shutting down and abandoning module PortalRpc (366)
[2020.11.22-17.18.53:004][761]LogModuleManager: Shutting down and abandoning module MessagingRpc (364)
[2020.11.22-17.18.53:004][761]LogModuleManager: Shutting down and abandoning module AIModule (362)
[2020.11.22-17.18.53:004][761]LogModuleManager: Shutting down and abandoning module GameplayDebugger (361)
[2020.11.22-17.18.53:015][761]LogModuleManager: Shutting down and abandoning module AITestSuite (359)
[2020.11.22-17.18.53:024][761]LogModuleManager: Shutting down and abandoning module DesktopPlatform (356)
[2020.11.22-17.18.53:025][761]LogModuleManager: Shutting down and abandoning module ProfilerService (354)
[2020.11.22-17.18.53:092][761]LogModuleManager: Shutting down and abandoning module TaskGraph (352)
[2020.11.22-17.18.53:111][761]LogModuleManager: Shutting down and abandoning module SteamVRController (350)
[2020.11.22-17.18.53:111][761]LogModuleManager: Shutting down and abandoning module ProceduralMeshComponentEditor (348)
[2020.11.22-17.18.53:111][761]LogModuleManager: Shutting down and abandoning module ProceduralMeshComponent (346)
[2020.11.22-17.18.53:125][761]LogModuleManager: Shutting down and abandoning module OculusInput (344)
[2020.11.22-17.18.53:137][761]LogModuleManager: Shutting down and abandoning module MobilePatchingUtils (342)
[2020.11.22-17.18.53:138][761]LogModuleManager: Shutting down and abandoning module CustomMeshComponent (340)
[2020.11.22-17.18.53:138][761]LogModuleManager: Shutting down and abandoning module CableComponent (338)
[2020.11.22-17.18.53:153][761]LogModuleManager: Shutting down and abandoning module ArchVisCharacter (336)
[2020.11.22-17.18.53:153][761]LogModuleManager: Shutting down and abandoning module AndroidPermission (334)
[2020.11.22-17.18.53:153][761]LogModuleManager: Shutting down and abandoning module ActorSequence (332)
[2020.11.22-17.18.53:153][761]LogModuleManager: Shutting down and abandoning module MediaPlayerEditor (330)
[2020.11.22-17.18.53:176][761]LogModuleManager: Shutting down and abandoning module MediaCompositingEditor (328)
[2020.11.22-17.18.53:176][761]LogModuleManager: Shutting down and abandoning module MediaCompositing (326)
[2020.11.22-17.18.53:176][761]LogModuleManager: Shutting down and abandoning module HTML5Networking (324)
[2020.11.22-17.18.53:176][761]LogModuleManager: Shutting down and abandoning module AlembicImporter (322)
[2020.11.22-17.18.53:186][761]LogModuleManager: Shutting down and abandoning module AlembicLibrary (321)
[2020.11.22-17.18.53:187][761]LogModuleManager: Shutting down and abandoning module GeometryCache (320)
[2020.11.22-17.18.53:187][761]LogModuleManager: Shutting down and abandoning module GeometryCacheEd (319)
[2020.11.22-17.18.53:188][761]LogModuleManager: Shutting down and abandoning module SpeedTreeImporter (314)
[2020.11.22-17.18.53:188][761]LogModuleManager: Shutting down and abandoning module PluginBrowser (312)
[2020.11.22-17.18.53:215][761]LogModuleManager: Shutting down and abandoning module MobileLauncherProfileWizard (310)
[2020.11.22-17.18.53:231][761]LogModuleManager: Shutting down and abandoning module VisualStudioSourceCodeAccess (308)
[2020.11.22-17.18.53:231][761]LogModuleManager: Shutting down and abandoning module VisualStudioCodeSourceCodeAccess (306)
[2020.11.22-17.18.53:231][761]LogModuleManager: Shutting down and abandoning module UObjectPlugin (304)
[2020.11.22-17.18.53:231][761]LogModuleManager: Shutting down and abandoning module SubversionSourceControl (302)
[2020.11.22-17.18.53:238][761]LogModuleManager: Shutting down and abandoning module PerforceSourceControl (300)
[2020.11.22-17.18.53:249][761]LogModuleManager: Shutting down and abandoning module GitSourceControl (298)
[2020.11.22-17.18.53:266][761]LogModuleManager: Shutting down and abandoning module SourceControl (297)
[2020.11.22-17.18.53:285][761]LogModuleManager: Shutting down and abandoning module LightPropagationVolumeEditor (294)
[2020.11.22-17.18.53:286][761]LogModuleManager: Shutting down and abandoning module PaperTiledImporter (292)
[2020.11.22-17.18.53:287][761]LogModuleManager: Shutting down and abandoning module PaperSpriteSheetImporter (290)
[2020.11.22-17.18.53:287][761]LogModuleManager: Shutting down and abandoning module Paper2DEditor (288)
[2020.11.22-17.18.53:313][761]LogModuleManager: Shutting down and abandoning module MeshPaint (287)
[2020.11.22-17.18.53:327][761]LogModuleManager: Shutting down and abandoning module LevelEditor (285)
[2020.11.22-17.18.53:340][761]LogModuleManager: Shutting down and abandoning module PixelInspectorModule (284)
[2020.11.22-17.18.53:348][761]LogModuleManager: Shutting down and abandoning module MainFrame (282)
[2020.11.22-17.18.53:348][761]LogModuleManager: Shutting down and abandoning module HotReload (281)
[2020.11.22-17.18.53:361][761]LogDirectoryWatcher: A directory notification for 'E:/GameDev/Unreal/GITHUB/IML/MyProject_01/Binaries/Win64' was aborted.
[2020.11.22-17.18.53:362][761]LogModuleManager: Shutting down and abandoning module RuntimePhysXCooking (276)
[2020.11.22-17.18.53:362][761]LogModuleManager: Shutting down and abandoning module PhysXVehiclesEditor (274)
[2020.11.22-17.18.53:362][761]LogModuleManager: Shutting down and abandoning module PhysXVehicles (272)
[2020.11.22-17.18.53:362][761]LogModuleManager: Shutting down and abandoning module OculusEditor (270)
[2020.11.22-17.18.53:362][761]LogModuleManager: Shutting down and abandoning module LocationServicesBPLibrary (268)
[2020.11.22-17.18.53:362][761]LogModuleManager: Shutting down and abandoning module ImmediatePhysicsEditor (266)
[2020.11.22-17.18.53:362][761]LogModuleManager: Shutting down and abandoning module ImmediatePhysics (264)
[2020.11.22-17.18.53:373][761]LogModuleManager: Shutting down and abandoning module UdpMessaging (262)
[2020.11.22-17.18.53:490][761]LogModuleManager: Shutting down and abandoning module TcpMessaging (260)
[2020.11.22-17.18.53:603][761]LogModuleManager: Shutting down and abandoning module GameplayTagsEditor (258)
[2020.11.22-17.18.53:638][761]LogModuleManager: Shutting down and abandoning module FacialAnimationEditor (256)
[2020.11.22-17.18.53:638][761]LogModuleManager: Shutting down and abandoning module FacialAnimation (254)
[2020.11.22-17.18.53:638][761]LogModuleManager: Shutting down and abandoning module AssetManagerEditor (252)
[2020.11.22-17.18.53:648][761]LogModuleManager: Shutting down and abandoning module GraphEditor (251)
[2020.11.22-17.18.53:648][761]LogModuleManager: Shutting down and abandoning module ContentBrowser (249)
[2020.11.22-17.18.53:650][761]LogModuleManager: Shutting down and abandoning module LightPropagationVolumeRuntime (246)
[2020.11.22-17.18.53:654][761]LogModuleManager: Shutting down and abandoning module AdvancedSteamSessions (244)
[2020.11.22-17.18.53:654][761]LogModuleManager: Shutting down and abandoning module AdvancedSessions (242)
[2020.11.22-17.18.53:654][761]LogModuleManager: Shutting down and abandoning module Paper2D (240)
[2020.11.22-17.18.53:654][761]LogModuleManager: Shutting down and abandoning module WindowsMoviePlayer (238)
[2020.11.22-17.18.53:672][761]LogModuleManager: Shutting down and abandoning module WmfMedia (236)
[2020.11.22-17.18.53:703][761]LogModuleManager: Shutting down and abandoning module ImgMedia (234)
[2020.11.22-17.18.53:703][761]LogModuleManager: Shutting down and abandoning module PacketHandler (232)
[2020.11.22-17.18.53:703][761]LogModuleManager: Shutting down and abandoning module ClothingSystemEditor (230)
[2020.11.22-17.18.53:703][761]LogModuleManager: Shutting down and abandoning module ClothingSystemRuntime (228)
[2020.11.22-17.18.53:724][761]LogModuleManager: Shutting down and abandoning module MediaAssets (226)
[2020.11.22-17.18.53:724][761]LogModuleManager: Shutting down and abandoning module Media (225)
[2020.11.22-17.18.53:729][761]LogModuleManager: Shutting down and abandoning module Overlay (222)
[2020.11.22-17.18.53:730][761]LogModuleManager: Shutting down and abandoning module OverlayEditor (221)
[2020.11.22-17.18.53:730][761]LogModuleManager: Shutting down and abandoning module VREditor (218)
[2020.11.22-17.18.53:787][761]LogModuleManager: Shutting down and abandoning module StringTableEditor (216)
[2020.11.22-17.18.53:793][761]LogModuleManager: Shutting down and abandoning module GameplayTasksEditor (214)
[2020.11.22-17.18.53:793][761]LogModuleManager: Shutting down and abandoning module BehaviorTreeEditor (212)
[2020.11.22-17.18.53:840][761]LogModuleManager: Shutting down and abandoning module FunctionalTesting (210)
[2020.11.22-17.18.53:849][761]LogModuleManager: Shutting down and abandoning module CollisionAnalyzer (208)
[2020.11.22-17.18.53:872][761]LogModuleManager: Shutting down and abandoning module WorkspaceMenuStructure (207)
[2020.11.22-17.18.53:872][761]LogModuleManager: Shutting down and abandoning module UMG (204)
[2020.11.22-17.18.53:885][761]LogModuleManager: Shutting down and abandoning module UMGEditor (203)
[2020.11.22-17.18.53:885][761]LogModuleManager: Shutting down and abandoning module Sequencer (202)
[2020.11.22-17.18.53:887][761]LogModuleManager: Shutting down and abandoning module MessageLog (199)
[2020.11.22-17.18.53:904][761]LogModuleManager: Shutting down and abandoning module SlateReflector (194)
[2020.11.22-17.18.53:940][761]LogModuleManager: Shutting down and abandoning module Slate (192)
[2020.11.22-17.18.53:940][761]LogModuleManager: Shutting down and abandoning module EditorStyle (190)
[2020.11.22-17.18.54:056][761]LogModuleManager: Shutting down and abandoning module MRMesh (188)
[2020.11.22-17.18.54:056][761]LogModuleManager: Shutting down and abandoning module SourceCodeAccess (186)
[2020.11.22-17.18.54:056][761]LogModuleManager: Shutting down and abandoning module HeadMountedDisplay (184)
[2020.11.22-17.18.54:056][761]LogModuleManager: Shutting down and abandoning module XAudio2 (182)
[2020.11.22-17.18.54:056][761]LogModuleManager: Shutting down and abandoning module Networking (180)
[2020.11.22-17.18.54:056][761]LogModuleManager: Shutting down and abandoning module Core (178)
[2020.11.22-17.18.54:057][761]LogModuleManager: Shutting down and abandoning module LevelSequence (174)
[2020.11.22-17.18.54:063][761]LogModuleManager: Shutting down and abandoning module DirectoryWatcher (172)
[2020.11.22-17.18.54:065][761]LogModuleManager: Shutting down and abandoning module KismetCompiler (170)
[2020.11.22-17.18.54:065][761]LogModuleManager: Shutting down and abandoning module MeshUtilities (168)
[2020.11.22-17.18.54:089][761]LogModuleManager: Shutting down and abandoning module MeshMergeUtilities (167)
[2020.11.22-17.18.54:100][761]LogModuleManager: Shutting down and abandoning module MeshReductionInterface (166)
[2020.11.22-17.18.54:100][761]LogModuleManager: Shutting down and abandoning module SimplygonSwarm (165)
[2020.11.22-17.18.54:108][761]LogModuleManager: Shutting down and abandoning module SimplygonMeshReduction (163)
[2020.11.22-17.18.54:108][761]LogModuleManager: Shutting down and abandoning module QuadricMeshReduction (161)
[2020.11.22-17.18.54:117][761]LogModuleManager: Shutting down and abandoning module MaterialBaking (157)
[2020.11.22-17.18.54:124][761]LogModuleManager: Shutting down and abandoning module DerivedDataCache (154)
[2020.11.22-17.18.54:196][761]LogDerivedDataCache: Shutdown
[2020.11.22-17.18.54:196][761]LogModuleManager: Shutting down and abandoning module TargetPlatform (152)
[2020.11.22-17.18.54:196][761]LogModuleManager: Shutting down and abandoning module VulkanShaderFormat (151)
[2020.11.22-17.18.54:204][761]LogModuleManager: Shutting down and abandoning module ShaderFormatVectorVM (149)
[2020.11.22-17.18.54:218][761]LogModuleManager: Shutting down and abandoning module ShaderFormatOpenGL (147)
[2020.11.22-17.18.54:289][761]LogModuleManager: Shutting down and abandoning module ShaderFormatD3D (145)
[2020.11.22-17.18.54:295][761]LogModuleManager: Shutting down and abandoning module MetalShaderFormat (143)
[2020.11.22-17.18.54:308][761]LogModuleManager: Shutting down and abandoning module TextureFormatUncompressed (141)
[2020.11.22-17.18.54:321][761]LogModuleManager: Shutting down and abandoning module TextureFormatPVR (139)
[2020.11.22-17.18.54:327][761]LogModuleManager: Shutting down and abandoning module TextureFormatDXT (137)
[2020.11.22-17.18.54:327][761]LogModuleManager: Shutting down and abandoning module TextureFormatIntelISPCTexComp (135)
[2020.11.22-17.18.54:372][761]LogModuleManager: Shutting down and abandoning module TextureFormatASTC (133)
[2020.11.22-17.18.54:372][761]LogModuleManager: Shutting down and abandoning module ImageWrapper (132)
[2020.11.22-17.18.54:372][761]LogModuleManager: Shutting down and abandoning module TextureFormatAndroid (129)
[2020.11.22-17.18.54:389][761]LogModuleManager: Shutting down and abandoning module AudioFormatOpus (127)
[2020.11.22-17.18.54:389][761]LogModuleManager: Shutting down and abandoning module AudioFormatOgg (125)
[2020.11.22-17.18.54:395][761]LogModuleManager: Shutting down and abandoning module AudioFormatADPCM (123)
[2020.11.22-17.18.54:402][761]LogModuleManager: Shutting down and abandoning module LinuxTargetPlatform (121)
[2020.11.22-17.18.54:402][761]LogModuleManager: Shutting down and abandoning module LinuxServerTargetPlatform (119)
[2020.11.22-17.18.54:415][761]LogModuleManager: Shutting down and abandoning module LinuxNoEditorTargetPlatform (117)
[2020.11.22-17.18.54:431][761]LogModuleManager: Shutting down and abandoning module LinuxClientTargetPlatform (115)
[2020.11.22-17.18.54:437][761]LogModuleManager: Shutting down and abandoning module TVOSTargetPlatform (113)
[2020.11.22-17.18.54:438][761]LogModuleManager: Shutting down and abandoning module Messaging (111)
[2020.11.22-17.18.54:438][761]LogModuleManager: Shutting down and abandoning module IOSTargetPlatform (109)
[2020.11.22-17.18.54:438][761]LogModuleManager: Shutting down and abandoning module HTML5TargetPlatform (107)
[2020.11.22-17.18.54:454][761]LogModuleManager: Shutting down and abandoning module AndroidTargetPlatform (105)
[2020.11.22-17.18.54:455][761]LogModuleManager: Shutting down and abandoning module Android_PVRTCTargetPlatform (103)
[2020.11.22-17.18.54:455][761]LogModuleManager: Shutting down and abandoning module Android_MultiTargetPlatform (101)
[2020.11.22-17.18.54:455][761]LogModuleManager: Shutting down and abandoning module Android_ETC2TargetPlatform (99)
[2020.11.22-17.18.54:455][761]LogModuleManager: Shutting down and abandoning module Android_ETC1TargetPlatform (97)
[2020.11.22-17.18.54:455][761]LogModuleManager: Shutting down and abandoning module Android_DXTTargetPlatform (95)
[2020.11.22-17.18.54:455][761]LogModuleManager: Shutting down and abandoning module Android_ATCTargetPlatform (93)
[2020.11.22-17.18.54:455][761]LogModuleManager: Shutting down and abandoning module Android_ASTCTargetPlatform (91)
[2020.11.22-17.18.54:455][761]LogModuleManager: Shutting down and abandoning module WindowsTargetPlatform (89)
[2020.11.22-17.18.54:455][761]LogModuleManager: Shutting down and abandoning module WindowsServerTargetPlatform (87)
[2020.11.22-17.18.54:465][761]LogModuleManager: Shutting down and abandoning module WindowsNoEditorTargetPlatform (85)
[2020.11.22-17.18.54:472][761]LogModuleManager: Shutting down and abandoning module WindowsClientTargetPlatform (83)
[2020.11.22-17.18.54:474][761]LogModuleManager: Shutting down and abandoning module MacTargetPlatform (81)
[2020.11.22-17.18.54:474][761]LogModuleManager: Shutting down and abandoning module MacServerTargetPlatform (79)
[2020.11.22-17.18.54:474][761]LogModuleManager: Shutting down and abandoning module MacNoEditorTargetPlatform (77)
[2020.11.22-17.18.54:474][761]LogModuleManager: Shutting down and abandoning module MacClientTargetPlatform (75)
[2020.11.22-17.18.54:474][761]LogModuleManager: Shutting down and abandoning module AllDesktopTargetPlatform (73)
[2020.11.22-17.18.54:474][761]LogModuleManager: Shutting down and abandoning module InputCore (70)
[2020.11.22-17.18.54:474][761]LogModuleManager: Shutting down and abandoning module Settings (68)
[2020.11.22-17.18.54:474][761]LogModuleManager: Shutting down and abandoning module PhysXCooking (66)
[2020.11.22-17.18.54:474][761]LogModuleManager: Shutting down and abandoning module SteamVR (64)
[2020.11.22-17.18.54:474][761]LogModuleManager: Shutting down and abandoning module OculusHMD (62)
[2020.11.22-17.18.54:489][761]LogModuleManager: Shutting down and abandoning module ExampleDeviceProfileSelector (60)
[2020.11.22-17.18.54:489][761]LogModuleManager: Shutting down and abandoning module AppleARKit (58)
[2020.11.22-17.18.54:489][761]LogModuleManager: Shutting down and abandoning module AugmentedReality (57)
[2020.11.22-17.18.54:489][761]LogModuleManager: Shutting down and abandoning module OnlineBlueprintSupport (54)
[2020.11.22-17.18.54:489][761]LogModuleManager: Shutting down and abandoning module OnlineSubsystem (50)
[2020.11.22-17.18.54:508][761]LogOnline: Display: OSS: FOnlineSubsystemNull::Shutdown()
[2020.11.22-17.18.54:509][761]LogOnline: Display: OSS: FOnlineAsyncTaskManager::Stop() ActiveTask:0000000000000000 Tasks[0/0]
[2020.11.22-17.18.54:574][761]LogOnline: Display: OSS: FOnlineAsyncTaskManager::Exit() started
[2020.11.22-17.18.54:574][761]LogOnline: Display: OSS: FOnlineAsyncTaskManager::Exit() finished
[2020.11.22-17.18.54:574][761]LogModuleManager: Shutting down and abandoning module XMPP (43)
[2020.11.22-17.18.54:602][761]LogModuleManager: Shutting down and abandoning module HTTP (41)
[2020.11.22-17.18.54:604][761]LogHttp: Display: Http module shutting down, but needs to wait on 1 outstanding Http requests:
[2020.11.22-17.18.54:617][761]LogHttp: Display: 	verb=[POST] url=[https://datarouter.ol.epicgames.com/datarouter/api/v1/public/data?SessionID=%7BA5ED0F6B-433F-366B-2EFB-B1A29A15F488%7D&AppID=UEEditor.Rocket.Release&AppVersion=4.18.3-3832480%2B%2B%2BUE4%2BRelease-4.18&UserID=dab985eb449ee4f1b342389e404cab9f%7C845779d9bd904572b61cf91381b7a44e%7C4e718ad1-99cd-4dc7-9063-d4e2b6f3fd7d&AppEnvironment=datacollector-binary&UploadType=eteventstream] status=Processing
[2020.11.22-17.18.54:632][761]LogModuleManager: Shutting down and abandoning module SSL (40)
[2020.11.22-17.18.54:656][761]LogModuleManager: Shutting down and abandoning module AnimationModifiers (36)
[2020.11.22-17.18.54:672][761]LogModuleManager: Shutting down and abandoning module PropertyEditor (35)
[2020.11.22-17.18.54:673][761]LogModuleManager: Shutting down and abandoning module AudioEditor (32)
[2020.11.22-17.18.54:691][761]LogModuleManager: Shutting down and abandoning module TextureCompressor (30)
[2020.11.22-17.18.54:962][761]LogModuleManager: Shutting down and abandoning module ShaderCore (28)
[2020.11.22-17.18.54:962][761]LogModuleManager: Shutting down and abandoning module Landscape (26)
[2020.11.22-17.18.54:962][761]LogModuleManager: Shutting down and abandoning module SlateRHIRenderer (24)
[2020.11.22-17.18.54:992][761]LogModuleManager: Shutting down and abandoning module OpenGLDrv (22)
[2020.11.22-17.18.55:006][761]LogModuleManager: Shutting down and abandoning module D3D11RHI (20)
[2020.11.22-17.18.55:006][761]LogModuleManager: Shutting down and abandoning module AnimGraphRuntime (18)
[2020.11.22-17.18.55:006][761]LogModuleManager: Shutting down and abandoning module Renderer (16)
[2020.11.22-17.18.55:006][761]LogModuleManager: Shutting down and abandoning module Engine (14)
[2020.11.22-17.18.55:015][761]LogModuleManager: Shutting down and abandoning module CoreUObject (12)
[2020.11.22-17.18.55:015][761]LogModuleManager: Shutting down and abandoning module NetworkFile (10)
[2020.11.22-17.18.55:030][761]LogModuleManager: Shutting down and abandoning module CookedIterativeFile (8)
[2020.11.22-17.18.55:041][761]LogModuleManager: Shutting down and abandoning module StreamingFile (6)
[2020.11.22-17.18.55:054][761]LogModuleManager: Shutting down and abandoning module SandboxFile (4)
[2020.11.22-17.18.55:054][761]LogModuleManager: Shutting down and abandoning module PakFile (2)
[2020.11.22-17.18.55:078][761]LogExit: Exiting.
[2020.11.22-17.18.55:117][761]Log file closed, 11/22/20 23:18:55
