Log file open, 11/08/20 20:55:59
LogWindows: Failed to load 'aqProf.dll' (GetLastError=126)
LogWindows: File 'aqProf.dll' does not exist
LogWindows: Failed to load 'VSPerf140.dll' (GetLastError=126)
LogWindows: File 'VSPerf140.dll' does not exist
LogWindows: Failed to load 'VtuneApi.dll' (GetLastError=126)
LogWindows: File 'VtuneApi.dll' does not exist
LogWindows: Failed to load 'VtuneApi32e.dll' (GetLastError=126)
LogWindows: File 'VtuneApi32e.dll' does not exist
LogInit: Display: Running engine for game: MyProject_01
LogPlatformFile: Not using cached read wrapper
LogInit: Display: RandInit(628312293) SRandInit(628312294).
LogInit: Read version file with build ID '3709383'
LogInit: Overriding engine version to CL 3832480, compatible CL 3709383
LogInit: Registered custom module enumerator with build ID '3709383'
LogTaskGraph: Started task graph with 5 named threads and 8 total threads with 3 sets of task threads.
LogStats: Stats thread started at 6.535786
LogD3D11RHI: Aftermath initialized
LogModuleManager: Display: Found up-to-date module file ../../../Engine/Plugins/Online/OnlineSubsystemSteam/Binaries/Win64/UE4Editor-OnlineSubsystemSteam.dll (API version 3709383).
LogModuleManager: Display: Found up-to-date module file ../../../Engine/Plugins/Online/OnlineSubsystem/Binaries/Win64/UE4Editor-OnlineSubsystem.dll (API version 3709383).
LogModuleManager: Display: Found up-to-date module file ../../../Engine/Plugins/Online/OnlineSubsystemUtils/Binaries/Win64/UE4Editor-OnlineSubsystemUtils.dll (API version 3709383).
LogModuleManager: Display: Found up-to-date module file ../../../Engine/Plugins/Online/OnlineSubsystemUtils/Binaries/Win64/UE4Editor-OnlineBlueprintSupport.dll (API version 3709383).
LogModuleManager: Display: Found up-to-date module file ../../../Engine/Plugins/2D/Paper2D/Binaries/Win64/UE4Editor-Paper2D.dll (API version 3709383).
LogModuleManager: Display: Found up-to-date module file ../../../Engine/Plugins/2D/Paper2D/Binaries/Win64/UE4Editor-Paper2DEditor.dll (API version 3709383).
LogModuleManager: Display: Found up-to-date module file ../../../Engine/Plugins/2D/Paper2D/Binaries/Win64/UE4Editor-PaperSpriteSheetImporter.dll (API version 3709383).
LogModuleManager: Display: Found up-to-date module file ../../../Engine/Plugins/2D/Paper2D/Binaries/Win64/UE4Editor-PaperTiledImporter.dll (API version 3709383).
LogModuleManager: Display: Found up-to-date module file ../../../Engine/Plugins/2D/Paper2D/Binaries/Win64/UE4Editor-SmartSnapping.dll (API version 3709383).
LogModuleManager: Display: Found up-to-date module file ../../../Engine/Plugins/Blendables/LightPropagationVolume/Binaries/Win64/UE4Editor-LightPropagationVolumeRuntime.dll (API version 3709383).
LogModuleManager: Display: Found up-to-date module file ../../../Engine/Plugins/Blendables/LightPropagationVolume/Binaries/Win64/UE4Editor-LightPropagationVolumeEditor.dll (API version 3709383).
LogModuleManager: Display: Found up-to-date module file ../../../Engine/Plugins/Developer/GitSourceControl/Binaries/Win64/UE4Editor-GitSourceControl.dll (API version 3709383).
LogModuleManager: Display: Found up-to-date module file ../../../Engine/Plugins/Developer/PerforceSourceControl/Binaries/Win64/UE4Editor-PerforceSourceControl.dll (API version 3709383).
LogModuleManager: Display: Found up-to-date module file ../../../Engine/Plugins/Developer/SubversionSourceControl/Binaries/Win64/UE4Editor-SubversionSourceControl.dll (API version 3709383).
LogModuleManager: Display: Found up-to-date module file ../../../Engine/Plugins/Developer/UObjectPlugin/Binaries/Win64/UE4Editor-UObjectPlugin.dll (API version 3709383).
LogModuleManager: Display: Found up-to-date module file ../../../Engine/Plugins/Developer/VisualStudioCodeSourceCodeAccess/Binaries/Win64/UE4Editor-VisualStudioCodeSourceCodeAccess.dll (API version 3709383).
LogModuleManager: Display: Found up-to-date module file ../../../Engine/Plugins/Developer/VisualStudioSourceCodeAccess/Binaries/Win64/UE4Editor-VisualStudioSourceCodeAccess.dll (API version 3709383).
LogModuleManager: Display: Found up-to-date module file ../../../Engine/Plugins/Editor/AssetManagerEditor/Binaries/Win64/UE4Editor-AssetManagerEditor.dll (API version 3709383).
LogModuleManager: Display: Found up-to-date module file ../../../Engine/Plugins/Editor/AudioCapture/Binaries/Win64/UE4Editor-AudioCapture.dll (API version 3709383).
LogModuleManager: Display: Found up-to-date module file ../../../Engine/Plugins/Editor/FacialAnimation/Binaries/Win64/UE4Editor-FacialAnimation.dll (API version 3709383).
LogModuleManager: Display: Found up-to-date module file ../../../Engine/Plugins/Editor/FacialAnimation/Binaries/Win64/UE4Editor-FacialAnimationEditor.dll (API version 3709383).
LogModuleManager: Display: Found up-to-date module file ../../../Engine/Plugins/Editor/GameplayTagsEditor/Binaries/Win64/UE4Editor-GameplayTagsEditor.dll (API version 3709383).
LogModuleManager: Display: Found up-to-date module file ../../../Engine/Plugins/Editor/MobileLauncherProfileWizard/Binaries/Win64/UE4Editor-MobileLauncherProfileWizard.dll (API version 3709383).
LogModuleManager: Display: Found up-to-date module file ../../../Engine/Plugins/Editor/PluginBrowser/Binaries/Win64/UE4Editor-PluginBrowser.dll (API version 3709383).
LogModuleManager: Display: Found up-to-date module file ../../../Engine/Plugins/Editor/SpeedTreeImporter/Binaries/Win64/UE4Editor-SpeedTreeImporter.dll (API version 3709383).
LogModuleManager: Display: Found up-to-date module file ../../../Engine/Plugins/Experimental/AlembicImporter/Binaries/Win64/UE4Editor-AlembicImporter.dll (API version 3709383).
LogModuleManager: Display: Found up-to-date module file ../../../Engine/Plugins/Experimental/AlembicImporter/Binaries/Win64/UE4Editor-AlembicLibrary.dll (API version 3709383).
LogModuleManager: Display: Found up-to-date module file ../../../Engine/Plugins/Experimental/CharacterAI/Binaries/Win64/UE4Editor-CharacterAI.dll (API version 3709383).
LogModuleManager: Display: Found up-to-date module file ../../../Engine/Plugins/Experimental/HTML5Networking/Binaries/Win64/UE4Editor-HTML5Networking.dll (API version 3709383).
LogModuleManager: Display: Found up-to-date module file ../../../Engine/Plugins/Media/AndroidMedia/Binaries/Win64/UE4Editor-AndroidMediaEditor.dll (API version 3709383).
LogModuleManager: Display: Found up-to-date module file ../../../Engine/Plugins/Media/AndroidMedia/Binaries/Win64/UE4Editor-AndroidMediaFactory.dll (API version 3709383).
LogModuleManager: Display: Found up-to-date module file ../../../Engine/Plugins/Media/AvfMedia/Binaries/Win64/UE4Editor-AvfMediaEditor.dll (API version 3709383).
LogModuleManager: Display: Found up-to-date module file ../../../Engine/Plugins/Media/AvfMedia/Binaries/Win64/UE4Editor-AvfMediaFactory.dll (API version 3709383).
LogModuleManager: Display: Found up-to-date module file ../../../Engine/Plugins/Media/AvfMedia/Binaries/Win64/UE4Editor-AvfMediaFactory.dll (API version 3709383).
LogModuleManager: Display: Found up-to-date module file ../../../Engine/Plugins/Media/ImgMedia/Binaries/Win64/UE4Editor-ImgMedia.dll (API version 3709383).
LogModuleManager: Display: Found up-to-date module file ../../../Engine/Plugins/Media/ImgMedia/Binaries/Win64/UE4Editor-ImgMediaEditor.dll (API version 3709383).
LogModuleManager: Display: Found up-to-date module file ../../../Engine/Plugins/Media/ImgMedia/Binaries/Win64/UE4Editor-ImgMediaFactory.dll (API version 3709383).
LogModuleManager: Display: Found up-to-date module file ../../../Engine/Plugins/Media/ImgMedia/Binaries/Win64/UE4Editor-ImgMediaFactory.dll (API version 3709383).
LogModuleManager: Display: Found up-to-date module file ../../../Engine/Plugins/Media/ImgMedia/Binaries/Win64/UE4Editor-OpenExrWrapper.dll (API version 3709383).
LogModuleManager: Display: Found up-to-date module file ../../../Engine/Plugins/Media/MediaCompositing/Binaries/Win64/UE4Editor-MediaCompositing.dll (API version 3709383).
LogModuleManager: Display: Found up-to-date module file ../../../Engine/Plugins/Media/MediaCompositing/Binaries/Win64/UE4Editor-MediaCompositingEditor.dll (API version 3709383).
LogModuleManager: Display: Found up-to-date module file ../../../Engine/Plugins/Media/MediaPlayerEditor/Binaries/Win64/UE4Editor-MediaPlayerEditor.dll (API version 3709383).
LogModuleManager: Display: Found up-to-date module file ../../../Engine/Plugins/Media/WmfMedia/Binaries/Win64/UE4Editor-WmfMedia.dll (API version 3709383).
LogModuleManager: Display: Found up-to-date module file ../../../Engine/Plugins/Media/WmfMedia/Binaries/Win64/UE4Editor-WmfMediaEditor.dll (API version 3709383).
LogModuleManager: Display: Found up-to-date module file ../../../Engine/Plugins/Media/WmfMedia/Binaries/Win64/UE4Editor-WmfMediaFactory.dll (API version 3709383).
LogModuleManager: Display: Found up-to-date module file ../../../Engine/Plugins/Media/WmfMedia/Binaries/Win64/UE4Editor-WmfMediaFactory.dll (API version 3709383).
LogModuleManager: Display: Found up-to-date module file ../../../Engine/Plugins/Messaging/TcpMessaging/Binaries/Win64/UE4Editor-TcpMessaging.dll (API version 3709383).
LogModuleManager: Display: Found up-to-date module file ../../../Engine/Plugins/Messaging/UdpMessaging/Binaries/Win64/UE4Editor-UdpMessaging.dll (API version 3709383).
LogModuleManager: Display: Found up-to-date module file ../../../Engine/Plugins/MovieScene/ActorSequence/Binaries/Win64/UE4Editor-ActorSequence.dll (API version 3709383).
LogModuleManager: Display: Found up-to-date module file ../../../Engine/Plugins/MovieScene/LevelSequenceEditor/Binaries/Win64/UE4Editor-LevelSequenceEditor.dll (API version 3709383).
LogModuleManager: Display: Found up-to-date module file ../../../Engine/Plugins/MovieScene/MatineeToLevelSequence/Binaries/Win64/UE4Editor-MatineeToLevelSequence.dll (API version 3709383).
LogModuleManager: Display: Found up-to-date module file ../../../Engine/Plugins/Runtime/AndroidPermission/Binaries/Win64/UE4Editor-AndroidPermission.dll (API version 3709383).
LogModuleManager: Display: Found up-to-date module file ../../../Engine/Plugins/Online/OnlineSubsystemNull/Binaries/Win64/UE4Editor-OnlineSubsystemNull.dll (API version 3709383).
LogModuleManager: Display: Found up-to-date module file ../../../Engine/Plugins/Runtime/AndroidDeviceProfileSelector/Binaries/Win64/UE4Editor-AndroidDeviceProfileSelector.dll (API version 3709383).
LogModuleManager: Display: Found up-to-date module file ../../../Engine/Plugins/Runtime/AppleARKit/Binaries/Win64/UE4Editor-AppleARKit.dll (API version 3709383).
LogModuleManager: Display: Found up-to-date module file ../../../Engine/Plugins/Runtime/ArchVisCharacter/Binaries/Win64/UE4Editor-ArchVisCharacter.dll (API version 3709383).
LogModuleManager: Display: Found up-to-date module file ../../../Engine/Plugins/Runtime/CableComponent/Binaries/Win64/UE4Editor-CableComponent.dll (API version 3709383).
LogModuleManager: Display: Found up-to-date module file ../../../Engine/Plugins/Runtime/CustomMeshComponent/Binaries/Win64/UE4Editor-CustomMeshComponent.dll (API version 3709383).
LogModuleManager: Display: Found up-to-date module file ../../../Engine/Plugins/Runtime/ExampleDeviceProfileSelector/Binaries/Win64/UE4Editor-ExampleDeviceProfileSelector.dll (API version 3709383).
LogModuleManager: Display: Found up-to-date module file ../../../Engine/Plugins/Runtime/ImmediatePhysics/Binaries/Win64/UE4Editor-ImmediatePhysics.dll (API version 3709383).
LogModuleManager: Display: Found up-to-date module file ../../../Engine/Plugins/Runtime/ImmediatePhysics/Binaries/Win64/UE4Editor-ImmediatePhysicsEditor.dll (API version 3709383).
LogModuleManager: Display: Found up-to-date module file ../../../Engine/Plugins/Runtime/LocationServicesBPLibrary/Binaries/Win64/UE4Editor-LocationServicesBPLibrary.dll (API version 3709383).
LogModuleManager: Display: Found up-to-date module file ../../../Engine/Plugins/Runtime/MobilePatchingUtils/Binaries/Win64/UE4Editor-MobilePatchingUtils.dll (API version 3709383).
LogModuleManager: Display: Found up-to-date module file ../../../Engine/Plugins/Runtime/Oculus/OculusVR/Binaries/Win64/UE4Editor-OculusHMD.dll (API version 3709383).
LogModuleManager: Display: Found up-to-date module file ../../../Engine/Plugins/Runtime/Oculus/OculusVR/Binaries/Win64/UE4Editor-OculusInput.dll (API version 3709383).
LogModuleManager: Display: Found up-to-date module file ../../../Engine/Plugins/Runtime/Oculus/OculusVR/Binaries/Win64/UE4Editor-OculusEditor.dll (API version 3709383).
LogModuleManager: Display: Found up-to-date module file ../../../Engine/Plugins/Runtime/PhysXVehicles/Binaries/Win64/UE4Editor-PhysXVehicles.dll (API version 3709383).
LogModuleManager: Display: Found up-to-date module file ../../../Engine/Plugins/Runtime/PhysXVehicles/Binaries/Win64/UE4Editor-PhysXVehiclesEditor.dll (API version 3709383).
LogModuleManager: Display: Found up-to-date module file ../../../Engine/Plugins/Runtime/ProceduralMeshComponent/Binaries/Win64/UE4Editor-ProceduralMeshComponent.dll (API version 3709383).
LogModuleManager: Display: Found up-to-date module file ../../../Engine/Plugins/Runtime/ProceduralMeshComponent/Binaries/Win64/UE4Editor-ProceduralMeshComponentEditor.dll (API version 3709383).
LogModuleManager: Display: Found up-to-date module file ../../../Engine/Plugins/Runtime/RuntimePhysXCooking/Binaries/Win64/UE4Editor-RuntimePhysXCooking.dll (API version 3709383).
LogModuleManager: Display: Found up-to-date module file ../../../Engine/Plugins/Runtime/Steam/SteamVR/Binaries/Win64/UE4Editor-SteamVR.dll (API version 3709383).
LogModuleManager: Display: Found up-to-date module file ../../../Engine/Plugins/Runtime/Steam/SteamVR/Binaries/Win64/UE4Editor-SteamVRController.dll (API version 3709383).
LogModuleManager: Display: Found up-to-date module file ../../../Engine/Plugins/Runtime/WindowsMoviePlayer/Binaries/Win64/UE4Editor-WindowsMoviePlayer.dll (API version 3709383).
LogPluginManager: Mounting plugin Paper2D
LogPluginManager: Mounting plugin LightPropagationVolume
LogPluginManager: Mounting plugin CodeLiteSourceCodeAccess
LogPluginManager: Mounting plugin GitSourceControl
LogPluginManager: Mounting plugin KDevelopSourceCodeAccess
LogPluginManager: Mounting plugin NullSourceCodeAccess
LogPluginManager: Mounting plugin PerforceSourceControl
LogPluginManager: Mounting plugin SubversionSourceControl
LogPluginManager: Mounting plugin UObjectPlugin
LogPluginManager: Mounting plugin VisualStudioCodeSourceCodeAccess
LogPluginManager: Mounting plugin VisualStudioSourceCodeAccess
LogPluginManager: Mounting plugin XCodeSourceCodeAccess
LogPluginManager: Mounting plugin AssetManagerEditor
LogPluginManager: Mounting plugin AudioCapture
LogPluginManager: Mounting plugin FacialAnimation
LogPluginManager: Mounting plugin GameplayTagsEditor
LogPluginManager: Mounting plugin MobileLauncherProfileWizard
LogPluginManager: Mounting plugin PluginBrowser
LogPluginManager: Mounting plugin SpeedTreeImporter
LogPluginManager: Mounting plugin AlembicImporter
LogPluginManager: Mounting plugin CharacterAI
LogPluginManager: Mounting plugin HTML5Networking
LogPluginManager: Mounting plugin AndroidMedia
LogPluginManager: Mounting plugin AvfMedia
LogPluginManager: Mounting plugin ImgMedia
LogPluginManager: Mounting plugin MediaCompositing
LogPluginManager: Mounting plugin MediaPlayerEditor
LogPluginManager: Mounting plugin WmfMedia
LogPluginManager: Mounting plugin TcpMessaging
LogPluginManager: Mounting plugin UdpMessaging
LogPluginManager: Mounting plugin ActorSequence
LogPluginManager: Mounting plugin LevelSequenceEditor
LogPluginManager: Mounting plugin MatineeToLevelSequence
LogPluginManager: Mounting plugin OnlineSubsystemGooglePlay
LogPluginManager: Mounting plugin OnlineSubsystemIOS
LogPluginManager: Mounting plugin OnlineSubsystem
LogPluginManager: Mounting plugin OnlineSubsystemNull
LogPluginManager: Mounting plugin OnlineSubsystemSteam
LogPluginManager: Mounting plugin OnlineSubsystemUtils
LogPluginManager: Mounting plugin AndroidDeviceProfileSelector
LogPluginManager: Mounting plugin AndroidMoviePlayer
LogPluginManager: Mounting plugin AndroidPermission
LogPluginManager: Mounting plugin AppleARKit
LogPluginManager: Mounting plugin AppleMoviePlayer
LogPluginManager: Mounting plugin ArchVisCharacter
LogPluginManager: Mounting plugin CableComponent
LogPluginManager: Mounting plugin CustomMeshComponent
LogPluginManager: Mounting plugin ExampleDeviceProfileSelector
LogPluginManager: Mounting plugin GoogleCloudMessaging
LogPluginManager: Mounting plugin ImmediatePhysics
LogPluginManager: Mounting plugin IOSDeviceProfileSelector
LogPluginManager: Mounting plugin LinuxDeviceProfileSelector
LogPluginManager: Mounting plugin LocationServicesBPLibrary
LogPluginManager: Mounting plugin MobilePatchingUtils
LogPluginManager: Mounting plugin OculusVR
LogPluginManager: Plugin shader directory ../../../Engine/Plugins/Runtime/Oculus/OculusVR/Shaders found
LogPluginManager: Mapping shader source directory ../../../Engine/Plugins/Runtime/Oculus/OculusVR/Shaders to virtual directory /Plugin/OculusVR
LogPluginManager: Mounting plugin PhysXVehicles
LogPluginManager: Mounting plugin ProceduralMeshComponent
LogPluginManager: Mounting plugin RuntimePhysXCooking
LogPluginManager: Mounting plugin SteamVR
LogPluginManager: Mounting plugin WindowsMoviePlayer
LogInit: Using libcurl 7.47.1
LogInit:  - built for x86_64-pc-win32
LogInit:  - supports SSL with OpenSSL/1.0.2g
LogInit:  - supports HTTP deflate (compression) using libz 1.2.8
LogInit:  - other features:
LogInit:      CURL_VERSION_SSL
LogInit:      CURL_VERSION_LIBZ
LogInit:      CURL_VERSION_IPV6
LogInit:      CURL_VERSION_ASYNCHDNS
LogInit:      CURL_VERSION_LARGEFILE
LogInit:      CURL_VERSION_IDN
LogInit:  CurlRequestOptions (configurable via config and command line):
LogInit:  - bVerifyPeer = false  - Libcurl will NOT verify peer certificate
LogInit:  - bUseHttpProxy = false  - Libcurl will NOT use HTTP proxy
LogInit:  - bDontReuseConnections = false  - Libcurl will reuse connections
LogInit:  - CertBundlePath = nullptr  - Libcurl will use whatever was configured at build time.
LogOnline: Display: STEAM: Loading Steam SDK 1.39
LogOnline: Warning: STEAM: Steam API disabled!
LogOnline: Display: STEAM: OnlineSubsystemSteam::Shutdown()
LogInit: WinSock: version 1.1 (2.2), MaxSocks=32767, MaxUdp=65467
LogInit: Build: ++UE4+Release-4.18-CL-3832480
LogInit: Engine Version: 4.18.3-3832480+++UE4+Release-4.18
LogInit: Compatible Engine Version: 4.18.0-3709383+++UE4+Release-4.18
LogInit: Net CL: 3709383
LogDevObjectVersion: Number of dev versions registered: 16
LogDevObjectVersion:   Dev-Blueprints (B0D832E4-1F89-4F0D-ACCF-7EB736FD4AA2): 10
LogDevObjectVersion:   Dev-Build (E1C64328-A22C-4D53-A36C-8E866417BD8C): 0
LogDevObjectVersion:   Dev-Core (375EC13C-06E4-48FB-B500-84F0262A717E): 2
LogDevObjectVersion:   Dev-Editor (E4B068ED-F494-42E9-A231-DA0B2E46BB41): 20
LogDevObjectVersion:   Dev-Framework (CFFC743F-43B0-4480-9391-14DF171D2073): 30
LogDevObjectVersion:   Dev-Mobile (B02B49B5-BB20-44E9-A304-32B752E40360): 0
LogDevObjectVersion:   Dev-Networking (A4E4105C-59A1-49B5-A7C5-40C4547EDFEE): 0
LogDevObjectVersion:   Dev-Online (39C831C9-5AE6-47DC-9A44-9C173E1C8E7C): 0
LogDevObjectVersion:   Dev-Physics (78F01B33-EBEA-4F98-B9B4-84EACCB95AA2): 0
LogDevObjectVersion:   Dev-Platform (6631380F-2D4D-43E0-8009-CF276956A95A): 0
LogDevObjectVersion:   Dev-Rendering (12F88B9F-8875-4AFC-A67C-D90C383ABD29): 20
LogDevObjectVersion:   Dev-Sequencer (7B5AE74C-D270-4C10-A958-57980B212A5A): 4
LogDevObjectVersion:   Dev-VR (D7296918-1DD6-4BDD-9DE2-64A83CC13884): 0
LogDevObjectVersion:   Dev-LoadTimes (C2A15278-BFE7-4AFE-6C17-90FF531DF755): 1
LogDevObjectVersion:   Private-Geometry (6EACA3D4-40EC-4CC1-B786-8BED09428FC5): 1
LogDevObjectVersion:   Dev-AnimPhys (29E575DD-E0A3-4627-9D10-D276232CDCEA): 12
LogInit: Compiled (64-bit): Jan 12 2018 02:04:55
LogInit: Compiled with Visual C++: 19.00.24215.01
LogInit: Build Configuration: Development
LogInit: Branch Name: ++UE4+Release-4.18
LogInit: Command line:  
LogInit: Base directory: E:/GameDev/Unreal/Engine/UE_4.18/Engine/Binaries/Win64/
LogInit: Installed Engine Build: 1
LogInit: Presizing for max 8388607 objects, including 0 objects not considered by GC, pre-allocating 0 bytes for permanent pool.
LogInit: Object subsystem initialized
[2020.11.08-14.56.05:120][  0]LogInit: Selected Device Profile: [Windows]
[2020.11.08-14.56.05:120][  0]LogInit: Applying CVar settings loaded from the selected device profile: [Windows]
[2020.11.08-14.56.05:325][  0]LogInit: Computer: ISHRAQ-PC
[2020.11.08-14.56.05:325][  0]LogInit: User: farha
[2020.11.08-14.56.05:325][  0]LogInit: CPU Page size=4096, Cores=2
[2020.11.08-14.56.05:325][  0]LogInit: High frequency timer resolution =10.000000 MHz
[2020.11.08-14.56.05:340][  0]LogMemory: Memory total: Physical=3.9GB (4GB approx)
[2020.11.08-14.56.05:341][  0]LogMemory: Platform Memory Stats for Windows
[2020.11.08-14.56.05:341][  0]LogMemory: Process Physical Memory: 275.34 MB used, 275.35 MB peak
[2020.11.08-14.56.05:341][  0]LogMemory: Process Virtual Memory: 272.50 MB used, 272.50 MB peak
[2020.11.08-14.56.05:341][  0]LogMemory: Physical Memory: 3426.14 MB used,  550.87 MB free, 3977.01 MB total
[2020.11.08-14.56.05:341][  0]LogMemory: Virtual Memory: 4766.17 MB used,  550.87 MB free, 134217728.00 MB total
[2020.11.08-14.56.06:671][  0]LogInit: Using OS detected language (en-US).
[2020.11.08-14.56.06:671][  0]LogInit: Using OS detected locale (en-US).
[2020.11.08-14.56.06:828][  0]LogTextLocalizationManager: No specific localization for 'en-US' exists, so the 'en' localization will be used.
[2020.11.08-14.56.07:804][  0]LogInit: Setting process to per monitor DPI aware
[2020.11.08-14.56.11:433][  0]LogD3D11RHI: D3D11 adapters:
[2020.11.08-14.56.11:514][  0]LogD3D11RHI:    0. 'Intel(R) HD Graphics 3000' (Feature Level 10_0)
[2020.11.08-14.56.11:514][  0]LogD3D11RHI:       32/0/1632 MB DedicatedVideo/DedicatedSystem/SharedSystem, Outputs:1, VendorId:0x8086
[2020.11.08-14.56.11:583][  0]LogD3D11RHI:    1. 'Microsoft Basic Render Driver' (Feature Level 11_0)
[2020.11.08-14.56.11:583][  0]LogD3D11RHI:       0/0/1988 MB DedicatedVideo/DedicatedSystem/SharedSystem, Outputs:0, VendorId:0x1414
[2020.11.08-14.56.11:583][  0]LogD3D11RHI: Chosen D3D11 Adapter: 0
[2020.11.08-14.56.11:622][  0]LogD3D11RHI: Creating new Direct3DDevice
[2020.11.08-14.56.11:622][  0]LogD3D11RHI:     GPU DeviceId: 0x126 (for the marketing name, search the web for "GPU Device Id")
[2020.11.08-14.56.11:622][  0]LogWindows: EnumDisplayDevices:
[2020.11.08-14.56.11:623][  0]LogWindows:    0. 'Intel(R) HD Graphics 3000' (P:1 D:1)
[2020.11.08-14.56.11:635][  0]LogWindows:    1. 'Intel(R) HD Graphics 3000' (P:0 D:0)
[2020.11.08-14.56.11:635][  0]LogWindows: DebugString: GetVideoDriverDetailsInvalid PrimaryIsNotTheChoosenAdapter GetVideoDriverDetailsInvalid PrimaryIsNotTheChoosenAdapter FoundDriverCount:0 
[2020.11.08-14.56.11:635][  0]LogD3D11RHI:     Adapter Name: Intel(R) HD Graphics 3000
[2020.11.08-14.56.11:635][  0]LogD3D11RHI:   Driver Version: Unknown (internal:Unknown, unified:Unknown)
[2020.11.08-14.56.11:635][  0]LogD3D11RHI:      Driver Date: Unknown
[2020.11.08-14.56.11:635][  0]LogRHI: Texture pool is 593 MB (70% of 848 MB)
[2020.11.08-14.56.11:659][  0]LogD3D11RHI: Async texture creation enabled
[2020.11.08-14.56.12:230][  0]LogD3D11RHI: GPU Timing Frequency: 12.500000 (Debug: 2 1)
[2020.11.08-14.56.12:392][  0]LogShaderCompilers: Guid format shader working directory is 8 characters bigger than the processId version (../../../../../GITHUB/IML/MyProject_01/Intermediate/Shaders/WorkingDirectory/9460/).
[2020.11.08-14.56.12:392][  0]LogShaderCompilers: Cleaned the shader compiler working directory 'C:/Users/farha/AppData/Local/Temp/UnrealShaderWorkingDir/E4DB32C645779A7266594FAFB9484E37/'.
[2020.11.08-14.56.12:406][  0]LogShaderCompilers: Display: Using Local Shader Compiler.
[2020.11.08-14.56.22:469][  0]LogTemp: Display: Loaded TP AllDesktopTargetPlatform
[2020.11.08-14.56.22:574][  0]LogTemp: Display: Loaded TP MacClientTargetPlatform
[2020.11.08-14.56.22:702][  0]LogTemp: Display: Loaded TP MacNoEditorTargetPlatform
[2020.11.08-14.56.22:799][  0]LogTemp: Display: Loaded TP MacServerTargetPlatform
[2020.11.08-14.56.22:910][  0]LogTemp: Display: Loaded TP MacTargetPlatform
[2020.11.08-14.56.23:032][  0]LogTemp: Display: Loaded TP WindowsClientTargetPlatform
[2020.11.08-14.56.23:120][  0]LogTemp: Display: Loaded TP WindowsNoEditorTargetPlatform
[2020.11.08-14.56.23:227][  0]LogTemp: Display: Loaded TP WindowsServerTargetPlatform
[2020.11.08-14.56.23:341][  0]LogTemp: Display: Loaded TP WindowsTargetPlatform
[2020.11.08-14.56.23:508][  0]LogTemp: Display: Loaded TP Android_ASTCTargetPlatform
[2020.11.08-14.56.23:661][  0]LogTemp: Display: Loaded TP Android_ATCTargetPlatform
[2020.11.08-14.56.23:827][  0]LogTemp: Display: Loaded TP Android_DXTTargetPlatform
[2020.11.08-14.56.23:926][  0]LogTemp: Display: Loaded TP Android_ETC1TargetPlatform
[2020.11.08-14.56.24:036][  0]LogTemp: Display: Loaded TP Android_ETC2TargetPlatform
[2020.11.08-14.56.24:243][  0]LogTemp: Display: Loaded TP Android_MultiTargetPlatform
[2020.11.08-14.56.24:243][  0]LogTemp: Display: Loaded TP Android_PVRTCTargetPlatform
[2020.11.08-14.56.24:394][  0]LogTemp: Display: Loaded TP AndroidTargetPlatform
[2020.11.08-14.56.24:605][  0]LogTemp: Display: Loaded TP HTML5TargetPlatform
[2020.11.08-14.56.24:843][  0]LogTemp: Display: Loaded TP IOSTargetPlatform
[2020.11.08-14.56.24:915][  0]LogTemp: Display: Loaded TP TVOSTargetPlatform
[2020.11.08-14.56.25:027][  0]LogTemp: Display: Loaded TP LinuxClientTargetPlatform
[2020.11.08-14.56.25:164][  0]LogTemp: Display: Loaded TP LinuxNoEditorTargetPlatform
[2020.11.08-14.56.25:275][  0]LogTemp: Display: Loaded TP LinuxServerTargetPlatform
[2020.11.08-14.56.25:384][  0]LogTemp: Display: Loaded TP LinuxTargetPlatform
[2020.11.08-14.56.25:391][  0]LogTargetPlatformManager: Display: Building Assets For Windows
[2020.11.08-14.56.28:053][  0]LogDerivedDataCache: Display: Max Cache Size: 512 MB
[2020.11.08-14.56.30:901][  0]LogDerivedDataCache: Loaded boot cache 2.80s 75MB C:/Users/farha/AppData/Local/UnrealEngine/4.18/DerivedDataCache/Boot.ddc.
[2020.11.08-14.56.30:901][  0]LogDerivedDataCache: Display: Loaded Boot cache: C:/Users/farha/AppData/Local/UnrealEngine/4.18/DerivedDataCache/Boot.ddc
[2020.11.08-14.56.30:901][  0]LogDerivedDataCache: FDerivedDataBackendGraph:  Pak pak cache file ../../../../../GITHUB/IML/MyProject_01/DerivedDataCache/DDC.ddp not found, will not use a pak cache.
[2020.11.08-14.56.30:901][  0]LogDerivedDataCache: Unable to find inner node Pak for hierarchical cache Hierarchy.
[2020.11.08-14.56.30:901][  0]LogDerivedDataCache: FDerivedDataBackendGraph:  CompressedPak pak cache file ../../../../../GITHUB/IML/MyProject_01/DerivedDataCache/Compressed.ddp not found, will not use a pak cache.
[2020.11.08-14.56.30:901][  0]LogDerivedDataCache: Unable to find inner node CompressedPak for hierarchical cache Hierarchy.
[2020.11.08-14.56.30:973][  0]LogDerivedDataCache: Display: Pak cache opened for reading ../../../Engine/DerivedDataCache/Compressed.ddp.
[2020.11.08-14.56.31:045][  0]LogDerivedDataCache: Using Local data cache path C:/Users/farha/AppData/Local/UnrealEngine/Common/DerivedDataCache: Writable
[2020.11.08-14.56.31:226][  0]LogMaterial: Verifying Global Shaders for PCD3D_SM4
[2020.11.08-14.56.31:319][  0]LogSlate: Using Freetype 2.6.0
[2020.11.08-14.56.31:413][  0]LogSlate: SlateFontCache - WITH_FREETYPE: 1, WITH_HARFBUZZ: 1
[2020.11.08-14.56.31:419][  0]LogSlate: SlateFontCache - WITH_FREETYPE: 1, WITH_HARFBUZZ: 1
[2020.11.08-14.56.46:350][  0]LogInit: Selected Device Profile: [Windows]
[2020.11.08-14.56.50:203][  0]LogSimplygon: Simplygon DLL not present - disabling.
[2020.11.08-14.56.50:287][  0]LogMeshReduction: Using SimplygonSwarm for distributed automatic mesh merging
[2020.11.08-14.56.50:326][  0]LogMeshReduction: Using QuadricMeshReduction for automatic static mesh reduction
[2020.11.08-14.56.50:326][  0]LogMeshReduction: No automatic skeletal mesh reduction module available
[2020.11.08-14.56.50:326][  0]LogMeshReduction: No automatic mesh merging module available
[2020.11.08-14.56.50:326][  0]LogMeshMerging: No automatic mesh merging module available
[2020.11.08-14.56.51:071][  0]LogNetVersion: MyProject_01 , NetCL: 3709383, EngineNetVer: 2, GameNetVer: 0 (Checksum: 560086495)
[2020.11.08-14.56.53:699][  0]LogAssetRegistry: FAssetRegistry took 0.1449 seconds to start up
[2020.11.08-14.57.03:204][  0]LogPackageLocalizationCache: Processed 7 localized package path(s) for 2 prioritized culture(s) in 0.614310 seconds
[2020.11.08-14.57.03:252][  0]LogUObjectArray: 35877 objects as part of root set at end of initial load.
[2020.11.08-14.57.03:252][  0]LogUObjectAllocator: 7577632 out of 0 bytes used by permanent object pool.
[2020.11.08-14.57.03:252][  0]LogUObjectArray: CloseDisregardForGC: 0/0 objects in disregard for GC pool
[2020.11.08-14.57.25:444][  0]LogTcpMessaging: Initializing TcpMessaging bridge
[2020.11.08-14.57.25:536][  0]LogUdpMessaging: Initializing bridge on interface 0.0.0.0:0 to multicast group 230.0.0.1:6666.
[2020.11.08-14.57.28:635][  0]LogMaterial: Uniform references updated for custom material expression Custom.
[2020.11.08-14.57.30:673][  0]SourceControl: Source control is disabled
[2020.11.08-14.57.30:675][  0]SourceControl: Source control is disabled
[2020.11.08-14.57.30:939][  0]SourceControl: Source control is disabled
[2020.11.08-14.57.31:085][  0]SourceControl: Source control is disabled
[2020.11.08-14.57.33:890][  0]LogAndroidPermission: UAndroidPermissionCallbackProxy::GetInstance
[2020.11.08-14.57.34:610][  0]LogOcInput: OculusInput pre-init called
[2020.11.08-14.57.36:408][  0]LogEngine: Initializing Engine...
[2020.11.08-14.57.36:535][  0]LogHMD: Failed to initialize OpenVR with code 110
[2020.11.08-14.57.38:425][  0]LogStats: UGameplayTagsManager::ConstructGameplayTagTree: Construct from data asset -  0.000 s
[2020.11.08-14.57.38:427][  0]LogStats: UGameplayTagsManager::ConstructGameplayTagTree: GameplayTagTreeChangedEvent.Broadcast -  0.001 s
[2020.11.08-14.57.44:913][  0]LogAIModule: Creating AISystem for world Untitled
[2020.11.08-14.57.46:046][  0]LogInit: XAudio2 using 'Speakers (2- High Definition Audio Device)' : 2 channels at 48 kHz using 16 bits per sample (channel mask 0x3)
[2020.11.08-14.57.46:378][  0]LogInit: FAudioDevice initialized.
[2020.11.08-14.57.48:327][  0]LogDerivedDataCache: Saved boot cache 1.90s 75MB C:/Users/farha/AppData/Local/UnrealEngine/4.18/DerivedDataCache/Boot.ddc.
[2020.11.08-14.57.49:847][  0]LogInit: Texture streaming: Enabled
[2020.11.08-14.57.51:277][  0]LogEngineSessionManager: EngineSessionManager initialized
[2020.11.08-14.57.52:384][  0]LogInit: Transaction tracking system initialized
[2020.11.08-14.57.53:721][  0]BlueprintLog: New page: Editor Load
[2020.11.08-14.57.58:566][  0]LocalizationService: Localization service is disabled
[2020.11.08-14.58.07:953][  0]LogConsoleResponse: Display: 
[2020.11.08-14.58.12:906][  0]LogCook: Display: Max memory allowance for cook 16384mb min free memory 0mb
[2020.11.08-14.58.12:908][  0]LogCook: Display: Mobile HDR setting 1
[2020.11.08-14.58.12:926][  0]LogGameplayTags: Display: UGameplayTagsManager::DoneAddingNativeTags. DelegateIsBound: 0
[2020.11.08-14.58.13:837][  0]LogFileCache: Scanning file cache for directory 'E:/GameDev/Unreal/GITHUB/IML/MyProject_01/Content/' took 0.95s
[2020.11.08-14.58.29:360][  0]SourceControl: Source control is disabled
[2020.11.08-14.58.29:460][  0]Cmd: MAP LOAD FILE="../../../../../GITHUB/IML/MyProject_01/Content/Maps/MenuMap.umap" TEMPLATE=0 SHOWPROGRESS=1 FEATURELEVEL=2
[2020.11.08-14.58.29:525][  0]LightingResults: New page: Lighting Build
[2020.11.08-14.58.31:433][  0]MapCheck: New page: Map Check
[2020.11.08-14.58.31:433][  0]LightingResults: New page: Lighting Build
[2020.11.08-14.58.40:741][  0]LogAIModule: Creating AISystem for world MenuMap
[2020.11.08-14.58.41:024][  0]LogEditorServer: Finished looking for orphan Actors (0.000 secs)
[2020.11.08-14.58.41:867][  0]Cmd: MAP CHECKDEP NOCLEARLOG
[2020.11.08-14.58.42:605][  0]MapCheck: Map check complete: 0 Error(s), 0 Warning(s), took 728.065ms to complete.
[2020.11.08-14.58.42:630][  0]LogFileHelpers: Loading map 'MenuMap' took 13.213
[2020.11.08-14.58.51:489][  0]LogCollectionManager: Loaded 0 collections in 0.001737 seconds
[2020.11.08-14.58.52:091][  0]LogFileCache: Scanning file cache for directory 'E:/GameDev/Unreal/GITHUB/IML/MyProject_01/Saved/Collections/' took 0.01s
[2020.11.08-14.58.52:091][  0]LogFileCache: Scanning file cache for directory 'E:/GameDev/Unreal/GITHUB/IML/MyProject_01/Content/Developers/farha/Collections/' took 0.01s
[2020.11.08-14.58.52:091][  0]LogFileCache: Scanning file cache for directory 'E:/GameDev/Unreal/GITHUB/IML/MyProject_01/Content/Collections/' took 0.01s
[2020.11.08-14.58.52:091][  0]LogCollectionManager: Rebuilt the GUID cache for 0 collections in 0.000001 seconds
[2020.11.08-14.58.52:125][  0]LogContentBrowser: Native class hierarchy populated in 0.0143 seconds. Added 2366 classes and 524 folders.
[2020.11.08-14.58.52:485][  0]LogContentBrowser: Native class hierarchy updated for 'WidgetCarousel' in 0.0004 seconds. Added 0 classes and 0 folders.
[2020.11.08-14.58.54:117][  0]LogContentBrowser: Native class hierarchy updated for 'AddContentDialog' in 0.0003 seconds. Added 0 classes and 0 folders.
[2020.11.08-14.58.54:678][  0]LogSlate: Took 0.043050 seconds to synchronously load lazily loaded font '../../../Engine/Content/Slate/Fonts/Roboto-Regular.ttf' (155K)
[2020.11.08-14.58.55:838][  0]LogSlate: Took 0.035723 seconds to synchronously load lazily loaded font '../../../Engine/Content/Slate/Fonts/Roboto-Bold.ttf' (160K)
[2020.11.08-14.58.58:168][  0]LogRenderer: Reallocating scene render targets to support 1048x656 Format 9 NumSamples 1 (Frame:1).
[2020.11.08-14.59.06:993][  0]LogContentBrowser: Native class hierarchy updated for 'HierarchicalLODOutliner' in 0.0004 seconds. Added 1 classes and 2 folders.
[2020.11.08-14.59.07:008][  0]LogLoad: (Engine Initialization) Total time: 209.69 seconds
[2020.11.08-14.59.07:008][  0]LogLoad: (Engine Initialization) Total Blueprint compile time: 0.00 seconds
[2020.11.08-14.59.07:035][  0]LogExternalProfiler: No external profilers were discovered.  External profiling features will not be available.
[2020.11.08-14.59.08:165][  0]LogContentStreaming: Texture pool size now 400 MB
[2020.11.08-14.59.16:190][  2]LogSlate: Took 0.013693 seconds to synchronously load lazily loaded font '../../../Engine/Content/Slate/Fonts/Roboto-Light.ttf' (159K)
[2020.11.08-14.59.16:989][  7]LogAssetRegistry: Asset discovery search completed in 143.3280 seconds
[2020.11.08-14.59.17:247][  7]LogCollectionManager: Rebuilt the object cache for 0 collections in 0.000001 seconds (found 0 objects)
[2020.11.08-14.59.17:248][  7]LogCollectionManager: Fixed up redirectors for 0 collections in 0.028563 seconds (updated 0 objects)
[2020.11.08-14.59.25:633][105]LogWindowsTextInputMethodSystem: Display: IME system now deactivated.
[2020.11.08-14.59.30:014][106]Cmd: QUIT_EDITOR
[2020.11.08-14.59.32:483][106]LogExit: Preparing to exit.
[2020.11.08-14.59.34:404][106]LogDirectoryWatcher: A directory notification for 'E:/GameDev/Unreal/GITHUB/IML/MyProject_01/Content/' was aborted.
[2020.11.08-14.59.35:126][106]LogExit: Editor shut down
[2020.11.08-14.59.35:132][106]LogExit: Transaction tracking system shut down
[2020.11.08-14.59.36:463][106]LogDirectoryWatcher: A directory notification for '../../../Engine/Content/' was aborted.
[2020.11.08-14.59.36:463][106]LogDirectoryWatcher: A directory notification for '../../../../../GITHUB/IML/MyProject_01/Content/' was aborted.
[2020.11.08-14.59.36:463][106]LogDirectoryWatcher: A directory notification for '../../../Engine/Plugins/2D/Paper2D/Content/' was aborted.
[2020.11.08-14.59.36:463][106]LogDirectoryWatcher: A directory notification for '../../../Engine/Plugins/Media/MediaCompositing/Content/' was aborted.
[2020.11.08-14.59.36:463][106]LogDirectoryWatcher: A directory notification for '../../../Engine/Plugins/Runtime/AppleARKit/Content/' was aborted.
[2020.11.08-14.59.36:463][106]LogDirectoryWatcher: A directory notification for '../../../Engine/Plugins/Runtime/Oculus/OculusVR/Content/' was aborted.
[2020.11.08-14.59.36:463][106]LogDirectoryWatcher: A directory notification for '../../../Engine/Plugins/Runtime/Steam/SteamVR/Content/' was aborted.
[2020.11.08-14.59.40:792][106]LogExit: Object subsystem successfully closed.
[2020.11.08-14.59.41:889][106]LogD3D11RHI: Shutdown
[2020.11.08-14.59.41:909][106]LogD3D11RHI: CleanupD3DDevice
[2020.11.08-14.59.42:083][106]LogD3D11RHI: ~FD3D11DynamicRHI
[2020.11.08-14.59.44:890][106]LogModuleManager: Shutting down and abandoning module HierarchicalLODOutliner (550)
[2020.11.08-14.59.44:890][106]LogModuleManager: Shutting down and abandoning module AddContentDialog (548)
[2020.11.08-14.59.44:963][106]LogDirectoryWatcher: A directory notification for 'E:/GameDev/Unreal/Engine/UE_4.18/FeaturePacks/' was aborted.
[2020.11.08-14.59.44:965][106]LogModuleManager: Shutting down and abandoning module WidgetCarousel (547)
[2020.11.08-14.59.44:965][106]LogModuleManager: Shutting down and abandoning module EditorWidgets (544)
[2020.11.08-14.59.44:965][106]LogModuleManager: Shutting down and abandoning module CollectionManager (542)
[2020.11.08-14.59.45:000][106]LogDirectoryWatcher: A directory notification for 'E:/GameDev/Unreal/GITHUB/IML/MyProject_01/Content/Collections/' was aborted.
[2020.11.08-14.59.45:000][106]LogDirectoryWatcher: A directory notification for 'E:/GameDev/Unreal/GITHUB/IML/MyProject_01/Content/Developers/farha/Collections/' was aborted.
[2020.11.08-14.59.45:000][106]LogDirectoryWatcher: A directory notification for 'E:/GameDev/Unreal/GITHUB/IML/MyProject_01/Saved/Collections/' was aborted.
[2020.11.08-14.59.45:000][106]LogModuleManager: Shutting down and abandoning module SceneOutliner (540)
[2020.11.08-14.59.45:011][106]LogModuleManager: Shutting down and abandoning module StatsViewer (538)
[2020.11.08-14.59.45:024][106]LogModuleManager: Shutting down and abandoning module FoliageEdit (536)
[2020.11.08-14.59.45:033][106]LogModuleManager: Shutting down and abandoning module LandscapeEditor (534)
[2020.11.08-14.59.45:176][106]LogModuleManager: Shutting down and abandoning module MeshPaintMode (532)
[2020.11.08-14.59.45:185][106]LogModuleManager: Shutting down and abandoning module SceneDepthPickerMode (530)
[2020.11.08-14.59.45:186][106]LogModuleManager: Shutting down and abandoning module ActorPickerMode (528)
[2020.11.08-14.59.45:186][106]LogModuleManager: Shutting down and abandoning module GeometryMode (526)
[2020.11.08-14.59.45:186][106]LogModuleManager: Shutting down and abandoning module TextureAlignMode (524)
[2020.11.08-14.59.45:186][106]LogModuleManager: Shutting down and abandoning module BspMode (522)
[2020.11.08-14.59.45:186][106]LogModuleManager: Shutting down and abandoning module PIEPreviewDeviceProfileSelector (520)
[2020.11.08-14.59.45:186][106]LogModuleManager: Shutting down and abandoning module HardwareSurvey (518)
[2020.11.08-14.59.45:186][106]LogModuleManager: Shutting down and abandoning module SequenceRecorderSections (516)
[2020.11.08-14.59.45:224][106]LogModuleManager: Shutting down and abandoning module AutomationWorker (514)
[2020.11.08-14.59.45:230][106]LogModuleManager: Shutting down and abandoning module MatineeToLevelSequence (512)
[2020.11.08-14.59.45:245][106]LogModuleManager: Shutting down and abandoning module LevelSequenceEditor (510)
[2020.11.08-14.59.45:325][106]LogModuleManager: Shutting down and abandoning module PlacementMode (509)
[2020.11.08-14.59.45:325][106]LogModuleManager: Shutting down and abandoning module WmfMediaFactory (506)
[2020.11.08-14.59.45:326][106]LogModuleManager: Shutting down and abandoning module WmfMediaEditor (504)
[2020.11.08-14.59.45:326][106]LogModuleManager: Shutting down and abandoning module OpenExrWrapper (502)
[2020.11.08-14.59.45:326][106]LogModuleManager: Shutting down and abandoning module ImgMediaFactory (500)
[2020.11.08-14.59.45:326][106]LogModuleManager: Shutting down and abandoning module ImgMediaEditor (498)
[2020.11.08-14.59.45:348][106]LogModuleManager: Shutting down and abandoning module AvfMediaFactory (496)
[2020.11.08-14.59.45:348][106]LogModuleManager: Shutting down and abandoning module AvfMediaEditor (494)
[2020.11.08-14.59.45:348][106]LogModuleManager: Shutting down and abandoning module AndroidMediaFactory (492)
[2020.11.08-14.59.45:348][106]LogModuleManager: Shutting down and abandoning module AndroidMediaEditor (490)
[2020.11.08-14.59.45:348][106]LogModuleManager: Shutting down and abandoning module CharacterAI (488)
[2020.11.08-14.59.45:348][106]LogModuleManager: Shutting down and abandoning module AudioCapture (486)
[2020.11.08-14.59.45:357][106]LogModuleManager: Shutting down and abandoning module SequenceRecorder (485)
[2020.11.08-14.59.45:372][106]LogModuleManager: Shutting down and abandoning module SmartSnapping (482)
[2020.11.08-14.59.45:372][106]LogModuleManager: Shutting down and abandoning module SessionServices (480)
[2020.11.08-14.59.45:372][106]LogModuleManager: Shutting down and abandoning module ViewportSnapping (478)
[2020.11.08-14.59.45:372][106]LogModuleManager: Shutting down and abandoning module ViewportInteraction (476)
[2020.11.08-14.59.45:372][106]LogModuleManager: Shutting down and abandoning module ClothPainter (474)
[2020.11.08-14.59.45:456][106]LogModuleManager: Shutting down and abandoning module SkeletalMeshEditor (473)
[2020.11.08-14.59.45:468][106]LogModuleManager: Shutting down and abandoning module LogVisualizer (470)
[2020.11.08-14.59.45:654][106]LogModuleManager: Shutting down and abandoning module IntroTutorials (468)
[2020.11.08-14.59.45:693][106]LogModuleManager: Shutting down and abandoning module GameProjectGeneration (467)
[2020.11.08-14.59.45:734][106]LogModuleManager: Shutting down and abandoning module IOSPlatformEditor (464)
[2020.11.08-14.59.45:744][106]LogModuleManager: Shutting down and abandoning module HTML5PlatformEditor (462)
[2020.11.08-14.59.45:744][106]LogModuleManager: Shutting down and abandoning module AndroidPlatformEditor (460)
[2020.11.08-14.59.45:744][106]LogModuleManager: Shutting down and abandoning module AndroidDeviceDetection (459)
[2020.11.08-14.59.46:112][106]LogModuleManager: Shutting down and abandoning module WindowsPlatformEditor (456)
[2020.11.08-14.59.46:112][106]LogModuleManager: Shutting down and abandoning module IOSRuntimeSettings (454)
[2020.11.08-14.59.46:112][106]LogModuleManager: Shutting down and abandoning module AndroidRuntimeSettings (452)
[2020.11.08-14.59.46:112][106]LogModuleManager: Shutting down and abandoning module InputBindingEditor (450)
[2020.11.08-14.59.46:147][106]LogModuleManager: Shutting down and abandoning module MergeActors (448)
[2020.11.08-14.59.46:227][106]LogModuleManager: Shutting down and abandoning module SizeMap (446)
[2020.11.08-14.59.46:237][106]LogModuleManager: Shutting down and abandoning module TreeMap (444)
[2020.11.08-14.59.46:276][106]LogModuleManager: Shutting down and abandoning module ReferenceViewer (442)
[2020.11.08-14.59.46:337][106]LogModuleManager: Shutting down and abandoning module LocalizationDashboard (440)
[2020.11.08-14.59.46:418][106]LogModuleManager: Shutting down and abandoning module LocalizationService (439)
[2020.11.08-14.59.46:443][106]LogModuleManager: Shutting down and abandoning module HardwareTargeting (436)
[2020.11.08-14.59.46:443][106]LogModuleManager: Shutting down and abandoning module DeviceProfileEditor (434)
[2020.11.08-14.59.46:473][106]LogModuleManager: Shutting down and abandoning module UndoHistory (432)
[2020.11.08-14.59.46:484][106]LogModuleManager: Shutting down and abandoning module XmlParser (430)
[2020.11.08-14.59.46:491][106]LogModuleManager: Shutting down and abandoning module Blutility (428)
[2020.11.08-14.59.46:513][106]LogModuleManager: Shutting down and abandoning module ProjectSettingsViewer (426)
[2020.11.08-14.59.46:519][106]LogModuleManager: Shutting down and abandoning module ProjectTargetPlatformEditor (425)
[2020.11.08-14.59.46:532][106]LogModuleManager: Shutting down and abandoning module EditorSettingsViewer (422)
[2020.11.08-14.59.46:560][106]LogModuleManager: Shutting down and abandoning module SettingsEditor (420)
[2020.11.08-14.59.46:579][106]LogModuleManager: Shutting down and abandoning module ProjectLauncher (418)
[2020.11.08-14.59.46:619][106]LogModuleManager: Shutting down and abandoning module SessionFrontend (416)
[2020.11.08-14.59.46:698][106]LogModuleManager: Shutting down and abandoning module ProfilerClient (414)
[2020.11.08-14.59.46:704][106]LogModuleManager: Shutting down and abandoning module DeviceManager (412)
[2020.11.08-14.59.46:724][106]LogModuleManager: Shutting down and abandoning module TargetDeviceServices (411)
[2020.11.08-14.59.46:779][106]LogModuleManager: Shutting down and abandoning module AutomationController (408)
[2020.11.08-14.59.46:812][106]LogModuleManager: Shutting down and abandoning module AutomationWindow (406)
[2020.11.08-14.59.46:833][106]LogModuleManager: Shutting down and abandoning module Layers (404)
[2020.11.08-14.59.46:911][106]LogModuleManager: Shutting down and abandoning module ComponentVisualizers (402)
[2020.11.08-14.59.46:911][106]LogModuleManager: Shutting down and abandoning module DetailCustomizations (400)
[2020.11.08-14.59.46:919][106]LogModuleManager: Shutting down and abandoning module PackagesDialog (398)
[2020.11.08-14.59.46:954][106]LogModuleManager: Shutting down and abandoning module Persona (396)
[2020.11.08-14.59.47:008][106]LogModuleManager: Shutting down and abandoning module AdvancedPreviewScene (395)
[2020.11.08-14.59.47:008][106]LogModuleManager: Shutting down and abandoning module AnimGraph (393)
[2020.11.08-14.59.47:008][106]LogModuleManager: Shutting down and abandoning module Kismet (390)
[2020.11.08-14.59.47:060][106]LogModuleManager: Shutting down and abandoning module ClassViewer (388)
[2020.11.08-14.59.47:060][106]LogModuleManager: Shutting down and abandoning module Toolbox (386)
[2020.11.08-14.59.47:060][106]LogModuleManager: Shutting down and abandoning module ModuleUI (384)
[2020.11.08-14.59.47:094][106]LogModuleManager: Shutting down and abandoning module MovieSceneTools (382)
[2020.11.08-14.59.47:166][106]LogModuleManager: Shutting down and abandoning module OutputLog (380)
[2020.11.08-14.59.47:175][106]LogModuleManager: Shutting down and abandoning module GammaUI (378)
[2020.11.08-14.59.47:188][106]LogModuleManager: Shutting down and abandoning module Documentation (376)
[2020.11.08-14.59.47:188][106]LogModuleManager: Shutting down and abandoning module MovieSceneTracks (374)
[2020.11.08-14.59.47:188][106]LogModuleManager: Shutting down and abandoning module MovieScene (372)
[2020.11.08-14.59.47:188][106]LogModuleManager: Shutting down and abandoning module StreamingPauseRendering (370)
[2020.11.08-14.59.47:195][106]LogModuleManager: Shutting down and abandoning module LauncherPlatform (368)
[2020.11.08-14.59.47:195][106]LogModuleManager: Shutting down and abandoning module AnalyticsET (366)
[2020.11.08-14.59.47:195][106]LogModuleManager: Shutting down and abandoning module PortalServices (364)
[2020.11.08-14.59.47:195][106]LogModuleManager: Shutting down and abandoning module PortalRpc (362)
[2020.11.08-14.59.47:195][106]LogModuleManager: Shutting down and abandoning module MessagingRpc (360)
[2020.11.08-14.59.47:195][106]LogModuleManager: Shutting down and abandoning module AIModule (358)
[2020.11.08-14.59.47:195][106]LogModuleManager: Shutting down and abandoning module GameplayDebugger (357)
[2020.11.08-14.59.47:211][106]LogModuleManager: Shutting down and abandoning module AITestSuite (355)
[2020.11.08-14.59.47:243][106]LogModuleManager: Shutting down and abandoning module DesktopPlatform (352)
[2020.11.08-14.59.47:243][106]LogModuleManager: Shutting down and abandoning module ProfilerService (350)
[2020.11.08-14.59.47:267][106]LogModuleManager: Shutting down and abandoning module TaskGraph (348)
[2020.11.08-14.59.47:311][106]LogModuleManager: Shutting down and abandoning module SteamVRController (346)
[2020.11.08-14.59.47:311][106]LogModuleManager: Shutting down and abandoning module ProceduralMeshComponentEditor (344)
[2020.11.08-14.59.47:311][106]LogModuleManager: Shutting down and abandoning module ProceduralMeshComponent (342)
[2020.11.08-14.59.47:426][106]LogModuleManager: Shutting down and abandoning module OculusInput (340)
[2020.11.08-14.59.47:426][106]LogModuleManager: Shutting down and abandoning module MobilePatchingUtils (338)
[2020.11.08-14.59.47:426][106]LogModuleManager: Shutting down and abandoning module CustomMeshComponent (336)
[2020.11.08-14.59.47:426][106]LogModuleManager: Shutting down and abandoning module CableComponent (334)
[2020.11.08-14.59.47:426][106]LogModuleManager: Shutting down and abandoning module ArchVisCharacter (332)
[2020.11.08-14.59.47:426][106]LogModuleManager: Shutting down and abandoning module AndroidPermission (330)
[2020.11.08-14.59.47:426][106]LogModuleManager: Shutting down and abandoning module ActorSequence (328)
[2020.11.08-14.59.47:426][106]LogModuleManager: Shutting down and abandoning module MediaPlayerEditor (326)
[2020.11.08-14.59.47:473][106]LogModuleManager: Shutting down and abandoning module MediaCompositingEditor (324)
[2020.11.08-14.59.47:479][106]LogModuleManager: Shutting down and abandoning module MediaCompositing (322)
[2020.11.08-14.59.47:480][106]LogModuleManager: Shutting down and abandoning module HTML5Networking (320)
[2020.11.08-14.59.47:480][106]LogModuleManager: Shutting down and abandoning module AlembicImporter (318)
[2020.11.08-14.59.47:486][106]LogModuleManager: Shutting down and abandoning module AlembicLibrary (317)
[2020.11.08-14.59.47:486][106]LogModuleManager: Shutting down and abandoning module GeometryCache (316)
[2020.11.08-14.59.47:486][106]LogModuleManager: Shutting down and abandoning module GeometryCacheEd (315)
[2020.11.08-14.59.47:486][106]LogModuleManager: Shutting down and abandoning module SpeedTreeImporter (310)
[2020.11.08-14.59.47:486][106]LogModuleManager: Shutting down and abandoning module PluginBrowser (308)
[2020.11.08-14.59.47:526][106]LogModuleManager: Shutting down and abandoning module MobileLauncherProfileWizard (306)
[2020.11.08-14.59.47:600][106]LogModuleManager: Shutting down and abandoning module VisualStudioSourceCodeAccess (304)
[2020.11.08-14.59.47:647][106]LogModuleManager: Shutting down and abandoning module VisualStudioCodeSourceCodeAccess (302)
[2020.11.08-14.59.47:647][106]LogModuleManager: Shutting down and abandoning module UObjectPlugin (300)
[2020.11.08-14.59.47:647][106]LogModuleManager: Shutting down and abandoning module SubversionSourceControl (298)
[2020.11.08-14.59.47:705][106]LogModuleManager: Shutting down and abandoning module PerforceSourceControl (296)
[2020.11.08-14.59.47:838][106]LogModuleManager: Shutting down and abandoning module GitSourceControl (294)
[2020.11.08-14.59.47:901][106]LogModuleManager: Shutting down and abandoning module SourceControl (293)
[2020.11.08-14.59.47:958][106]LogModuleManager: Shutting down and abandoning module LightPropagationVolumeEditor (290)
[2020.11.08-14.59.47:958][106]LogModuleManager: Shutting down and abandoning module PaperTiledImporter (288)
[2020.11.08-14.59.47:958][106]LogModuleManager: Shutting down and abandoning module PaperSpriteSheetImporter (286)
[2020.11.08-14.59.47:958][106]LogModuleManager: Shutting down and abandoning module Paper2DEditor (284)
[2020.11.08-14.59.48:093][106]LogModuleManager: Shutting down and abandoning module MeshPaint (283)
[2020.11.08-14.59.48:106][106]LogModuleManager: Shutting down and abandoning module LevelEditor (281)
[2020.11.08-14.59.48:120][106]LogModuleManager: Shutting down and abandoning module PixelInspectorModule (280)
[2020.11.08-14.59.48:170][106]LogModuleManager: Shutting down and abandoning module MainFrame (278)
[2020.11.08-14.59.48:201][106]LogModuleManager: Shutting down and abandoning module HotReload (277)
[2020.11.08-14.59.48:201][106]LogDirectoryWatcher: A directory notification for 'E:/GameDev/Unreal/GITHUB/IML/MyProject_01/Binaries/Win64' was aborted.
[2020.11.08-14.59.48:202][106]LogModuleManager: Shutting down and abandoning module RuntimePhysXCooking (272)
[2020.11.08-14.59.48:202][106]LogModuleManager: Shutting down and abandoning module PhysXVehiclesEditor (270)
[2020.11.08-14.59.48:233][106]LogModuleManager: Shutting down and abandoning module PhysXVehicles (268)
[2020.11.08-14.59.48:233][106]LogModuleManager: Shutting down and abandoning module OculusEditor (266)
[2020.11.08-14.59.48:233][106]LogModuleManager: Shutting down and abandoning module LocationServicesBPLibrary (264)
[2020.11.08-14.59.48:233][106]LogModuleManager: Shutting down and abandoning module ImmediatePhysicsEditor (262)
[2020.11.08-14.59.48:233][106]LogModuleManager: Shutting down and abandoning module ImmediatePhysics (260)
[2020.11.08-14.59.48:233][106]LogModuleManager: Shutting down and abandoning module UdpMessaging (258)
[2020.11.08-14.59.48:335][106]LogModuleManager: Shutting down and abandoning module TcpMessaging (256)
[2020.11.08-14.59.48:436][106]LogModuleManager: Shutting down and abandoning module GameplayTagsEditor (254)
[2020.11.08-14.59.48:751][106]LogModuleManager: Shutting down and abandoning module FacialAnimationEditor (252)
[2020.11.08-14.59.48:793][106]LogModuleManager: Shutting down and abandoning module FacialAnimation (250)
[2020.11.08-14.59.48:793][106]LogModuleManager: Shutting down and abandoning module AssetManagerEditor (248)
[2020.11.08-14.59.48:847][106]LogModuleManager: Shutting down and abandoning module GraphEditor (247)
[2020.11.08-14.59.48:951][106]LogModuleManager: Shutting down and abandoning module ContentBrowser (245)
[2020.11.08-14.59.48:988][106]LogModuleManager: Shutting down and abandoning module LightPropagationVolumeRuntime (242)
[2020.11.08-14.59.48:988][106]LogModuleManager: Shutting down and abandoning module Paper2D (240)
[2020.11.08-14.59.49:014][106]LogModuleManager: Shutting down and abandoning module WindowsMoviePlayer (238)
[2020.11.08-14.59.49:025][106]LogModuleManager: Shutting down and abandoning module WmfMedia (236)
[2020.11.08-14.59.49:079][106]LogModuleManager: Shutting down and abandoning module ImgMedia (234)
[2020.11.08-14.59.49:079][106]LogModuleManager: Shutting down and abandoning module PacketHandler (232)
[2020.11.08-14.59.49:079][106]LogModuleManager: Shutting down and abandoning module ClothingSystemEditor (230)
[2020.11.08-14.59.49:079][106]LogModuleManager: Shutting down and abandoning module ClothingSystemRuntime (228)
[2020.11.08-14.59.49:117][106]LogModuleManager: Shutting down and abandoning module MediaAssets (226)
[2020.11.08-14.59.49:117][106]LogModuleManager: Shutting down and abandoning module Media (225)
[2020.11.08-14.59.49:124][106]LogModuleManager: Shutting down and abandoning module Overlay (222)
[2020.11.08-14.59.49:124][106]LogModuleManager: Shutting down and abandoning module OverlayEditor (221)
[2020.11.08-14.59.49:124][106]LogModuleManager: Shutting down and abandoning module VREditor (218)
[2020.11.08-14.59.49:247][106]LogModuleManager: Shutting down and abandoning module StringTableEditor (216)
[2020.11.08-14.59.49:252][106]LogModuleManager: Shutting down and abandoning module GameplayTasksEditor (214)
[2020.11.08-14.59.49:252][106]LogModuleManager: Shutting down and abandoning module BehaviorTreeEditor (212)
[2020.11.08-14.59.49:416][106]LogModuleManager: Shutting down and abandoning module FunctionalTesting (210)
[2020.11.08-14.59.49:449][106]LogModuleManager: Shutting down and abandoning module CollisionAnalyzer (208)
[2020.11.08-14.59.49:479][106]LogModuleManager: Shutting down and abandoning module WorkspaceMenuStructure (207)
[2020.11.08-14.59.49:637][106]LogModuleManager: Shutting down and abandoning module UMG (204)
[2020.11.08-14.59.49:707][106]LogModuleManager: Shutting down and abandoning module UMGEditor (203)
[2020.11.08-14.59.49:827][106]LogModuleManager: Shutting down and abandoning module Sequencer (202)
[2020.11.08-14.59.49:907][106]LogModuleManager: Shutting down and abandoning module MessageLog (199)
[2020.11.08-14.59.49:940][106]LogModuleManager: Shutting down and abandoning module SlateReflector (194)
[2020.11.08-14.59.50:003][106]LogModuleManager: Shutting down and abandoning module Slate (192)
[2020.11.08-14.59.50:003][106]LogModuleManager: Shutting down and abandoning module EditorStyle (190)
[2020.11.08-14.59.50:007][106]LogModuleManager: Shutting down and abandoning module MRMesh (188)
[2020.11.08-14.59.50:007][106]LogModuleManager: Shutting down and abandoning module SourceCodeAccess (186)
[2020.11.08-14.59.50:007][106]LogModuleManager: Shutting down and abandoning module HeadMountedDisplay (184)
[2020.11.08-14.59.50:007][106]LogModuleManager: Shutting down and abandoning module XAudio2 (182)
[2020.11.08-14.59.50:007][106]LogModuleManager: Shutting down and abandoning module Networking (180)
[2020.11.08-14.59.50:007][106]LogModuleManager: Shutting down and abandoning module Core (178)
[2020.11.08-14.59.50:007][106]LogModuleManager: Shutting down and abandoning module LevelSequence (174)
[2020.11.08-14.59.50:070][106]LogModuleManager: Shutting down and abandoning module DirectoryWatcher (172)
[2020.11.08-14.59.50:072][106]LogModuleManager: Shutting down and abandoning module KismetCompiler (170)
[2020.11.08-14.59.50:072][106]LogModuleManager: Shutting down and abandoning module MeshUtilities (168)
[2020.11.08-14.59.50:095][106]LogModuleManager: Shutting down and abandoning module MeshMergeUtilities (167)
[2020.11.08-14.59.50:139][106]LogModuleManager: Shutting down and abandoning module MeshReductionInterface (166)
[2020.11.08-14.59.50:139][106]LogModuleManager: Shutting down and abandoning module SimplygonSwarm (165)
[2020.11.08-14.59.50:172][106]LogModuleManager: Shutting down and abandoning module SimplygonMeshReduction (163)
[2020.11.08-14.59.50:172][106]LogModuleManager: Shutting down and abandoning module QuadricMeshReduction (161)
[2020.11.08-14.59.50:181][106]LogModuleManager: Shutting down and abandoning module MaterialBaking (157)
[2020.11.08-14.59.50:187][106]LogModuleManager: Shutting down and abandoning module DerivedDataCache (154)
[2020.11.08-14.59.50:244][106]LogDerivedDataCache: Shutdown
[2020.11.08-14.59.50:244][106]LogModuleManager: Shutting down and abandoning module TargetPlatform (152)
[2020.11.08-14.59.50:244][106]LogModuleManager: Shutting down and abandoning module VulkanShaderFormat (151)
[2020.11.08-14.59.50:294][106]LogModuleManager: Shutting down and abandoning module ShaderFormatVectorVM (149)
[2020.11.08-14.59.50:307][106]LogModuleManager: Shutting down and abandoning module ShaderFormatOpenGL (147)
[2020.11.08-14.59.50:353][106]LogModuleManager: Shutting down and abandoning module ShaderFormatD3D (145)
[2020.11.08-14.59.50:376][106]LogModuleManager: Shutting down and abandoning module MetalShaderFormat (143)
[2020.11.08-14.59.50:389][106]LogModuleManager: Shutting down and abandoning module TextureFormatUncompressed (141)
[2020.11.08-14.59.50:389][106]LogModuleManager: Shutting down and abandoning module TextureFormatPVR (139)
[2020.11.08-14.59.50:389][106]LogModuleManager: Shutting down and abandoning module TextureFormatDXT (137)
[2020.11.08-14.59.50:437][106]LogModuleManager: Shutting down and abandoning module TextureFormatIntelISPCTexComp (135)
[2020.11.08-14.59.50:462][106]LogModuleManager: Shutting down and abandoning module TextureFormatASTC (133)
[2020.11.08-14.59.50:462][106]LogModuleManager: Shutting down and abandoning module ImageWrapper (132)
[2020.11.08-14.59.50:462][106]LogModuleManager: Shutting down and abandoning module TextureFormatAndroid (129)
[2020.11.08-14.59.50:462][106]LogModuleManager: Shutting down and abandoning module AudioFormatOpus (127)
[2020.11.08-14.59.50:462][106]LogModuleManager: Shutting down and abandoning module AudioFormatOgg (125)
[2020.11.08-14.59.50:462][106]LogModuleManager: Shutting down and abandoning module AudioFormatADPCM (123)
[2020.11.08-14.59.50:463][106]LogModuleManager: Shutting down and abandoning module LinuxTargetPlatform (121)
[2020.11.08-14.59.50:463][106]LogModuleManager: Shutting down and abandoning module LinuxServerTargetPlatform (119)
[2020.11.08-14.59.50:463][106]LogModuleManager: Shutting down and abandoning module LinuxNoEditorTargetPlatform (117)
[2020.11.08-14.59.50:463][106]LogModuleManager: Shutting down and abandoning module LinuxClientTargetPlatform (115)
[2020.11.08-14.59.50:463][106]LogModuleManager: Shutting down and abandoning module TVOSTargetPlatform (113)
[2020.11.08-14.59.50:463][106]LogModuleManager: Shutting down and abandoning module Messaging (111)
[2020.11.08-14.59.50:463][106]LogModuleManager: Shutting down and abandoning module IOSTargetPlatform (109)
[2020.11.08-14.59.50:463][106]LogModuleManager: Shutting down and abandoning module HTML5TargetPlatform (107)
[2020.11.08-14.59.50:463][106]LogModuleManager: Shutting down and abandoning module AndroidTargetPlatform (105)
[2020.11.08-14.59.50:463][106]LogModuleManager: Shutting down and abandoning module Android_PVRTCTargetPlatform (103)
[2020.11.08-14.59.50:463][106]LogModuleManager: Shutting down and abandoning module Android_MultiTargetPlatform (101)
[2020.11.08-14.59.50:463][106]LogModuleManager: Shutting down and abandoning module Android_ETC2TargetPlatform (99)
[2020.11.08-14.59.50:463][106]LogModuleManager: Shutting down and abandoning module Android_ETC1TargetPlatform (97)
[2020.11.08-14.59.50:463][106]LogModuleManager: Shutting down and abandoning module Android_DXTTargetPlatform (95)
[2020.11.08-14.59.50:463][106]LogModuleManager: Shutting down and abandoning module Android_ATCTargetPlatform (93)
[2020.11.08-14.59.50:463][106]LogModuleManager: Shutting down and abandoning module Android_ASTCTargetPlatform (91)
[2020.11.08-14.59.50:463][106]LogModuleManager: Shutting down and abandoning module WindowsTargetPlatform (89)
[2020.11.08-14.59.50:463][106]LogModuleManager: Shutting down and abandoning module WindowsServerTargetPlatform (87)
[2020.11.08-14.59.50:463][106]LogModuleManager: Shutting down and abandoning module WindowsNoEditorTargetPlatform (85)
[2020.11.08-14.59.50:463][106]LogModuleManager: Shutting down and abandoning module WindowsClientTargetPlatform (83)
[2020.11.08-14.59.50:463][106]LogModuleManager: Shutting down and abandoning module MacTargetPlatform (81)
[2020.11.08-14.59.50:463][106]LogModuleManager: Shutting down and abandoning module MacServerTargetPlatform (79)
[2020.11.08-14.59.50:463][106]LogModuleManager: Shutting down and abandoning module MacNoEditorTargetPlatform (77)
[2020.11.08-14.59.50:463][106]LogModuleManager: Shutting down and abandoning module MacClientTargetPlatform (75)
[2020.11.08-14.59.50:464][106]LogModuleManager: Shutting down and abandoning module AllDesktopTargetPlatform (73)
[2020.11.08-14.59.50:464][106]LogModuleManager: Shutting down and abandoning module InputCore (70)
[2020.11.08-14.59.50:464][106]LogModuleManager: Shutting down and abandoning module Settings (68)
[2020.11.08-14.59.50:464][106]LogModuleManager: Shutting down and abandoning module PhysXCooking (66)
[2020.11.08-14.59.50:464][106]LogModuleManager: Shutting down and abandoning module SteamVR (64)
[2020.11.08-14.59.50:464][106]LogModuleManager: Shutting down and abandoning module OculusHMD (62)
[2020.11.08-14.59.50:487][106]LogModuleManager: Shutting down and abandoning module ExampleDeviceProfileSelector (60)
[2020.11.08-14.59.50:487][106]LogModuleManager: Shutting down and abandoning module AppleARKit (58)
[2020.11.08-14.59.50:487][106]LogModuleManager: Shutting down and abandoning module AugmentedReality (57)
[2020.11.08-14.59.50:487][106]LogModuleManager: Shutting down and abandoning module OnlineBlueprintSupport (54)
[2020.11.08-14.59.50:487][106]LogModuleManager: Shutting down and abandoning module OnlineSubsystem (50)
[2020.11.08-14.59.50:514][106]LogOnline: Display: OSS: FOnlineSubsystemNull::Shutdown()
[2020.11.08-14.59.50:515][106]LogOnline: Display: OSS: FOnlineAsyncTaskManager::Stop() ActiveTask:0000000000000000 Tasks[0/0]
[2020.11.08-14.59.50:726][106]LogOnline: Display: OSS: FOnlineAsyncTaskManager::Exit() started
[2020.11.08-14.59.50:727][106]LogOnline: Display: OSS: FOnlineAsyncTaskManager::Exit() finished
[2020.11.08-14.59.50:727][106]LogModuleManager: Shutting down and abandoning module XMPP (43)
[2020.11.08-14.59.50:955][106]LogModuleManager: Shutting down and abandoning module HTTP (41)
[2020.11.08-14.59.50:955][106]LogHttp: Display: Http module shutting down, but needs to wait on 1 outstanding Http requests:
[2020.11.08-14.59.50:955][106]LogHttp: Display: 	verb=[POST] url=[https://datarouter.ol.epicgames.com/datarouter/api/v1/public/data?SessionID=%7B98060409-4D7B-FA21-B08F-10800B6AD412%7D&AppID=UEEditor.Rocket.Release&AppVersion=4.18.3-3832480%2B%2B%2BUE4%2BRelease-4.18&UserID=dab985eb449ee4f1b342389e404cab9f%7C845779d9bd904572b61cf91381b7a44e%7C4e718ad1-99cd-4dc7-9063-d4e2b6f3fd7d&AppEnvironment=datacollector-binary&UploadType=eteventstream] status=Processing
[2020.11.08-14.59.51:047][106]LogModuleManager: Shutting down and abandoning module SSL (40)
[2020.11.08-14.59.51:082][106]LogModuleManager: Shutting down and abandoning module AnimationModifiers (36)
[2020.11.08-14.59.51:240][106]LogModuleManager: Shutting down and abandoning module PropertyEditor (35)
[2020.11.08-14.59.51:308][106]LogModuleManager: Shutting down and abandoning module AudioEditor (32)
[2020.11.08-14.59.51:332][106]LogModuleManager: Shutting down and abandoning module TextureCompressor (30)
[2020.11.08-14.59.51:440][106]LogModuleManager: Shutting down and abandoning module ShaderCore (28)
[2020.11.08-14.59.51:440][106]LogModuleManager: Shutting down and abandoning module Landscape (26)
[2020.11.08-14.59.51:440][106]LogModuleManager: Shutting down and abandoning module SlateRHIRenderer (24)
[2020.11.08-14.59.51:468][106]LogModuleManager: Shutting down and abandoning module OpenGLDrv (22)
[2020.11.08-14.59.51:513][106]LogModuleManager: Shutting down and abandoning module D3D11RHI (20)
[2020.11.08-14.59.51:513][106]LogModuleManager: Shutting down and abandoning module AnimGraphRuntime (18)
[2020.11.08-14.59.51:520][106]LogModuleManager: Shutting down and abandoning module Renderer (16)
[2020.11.08-14.59.51:520][106]LogModuleManager: Shutting down and abandoning module Engine (14)
[2020.11.08-14.59.51:526][106]LogModuleManager: Shutting down and abandoning module CoreUObject (12)
[2020.11.08-14.59.51:526][106]LogModuleManager: Shutting down and abandoning module NetworkFile (10)
[2020.11.08-14.59.51:540][106]LogModuleManager: Shutting down and abandoning module CookedIterativeFile (8)
[2020.11.08-14.59.51:569][106]LogModuleManager: Shutting down and abandoning module StreamingFile (6)
[2020.11.08-14.59.51:580][106]LogModuleManager: Shutting down and abandoning module SandboxFile (4)
[2020.11.08-14.59.51:580][106]LogModuleManager: Shutting down and abandoning module PakFile (2)
[2020.11.08-14.59.51:655][106]LogExit: Exiting.
[2020.11.08-14.59.52:350][106]Log file closed, 11/08/20 20:59:52
