Log file open, 11/12/20 16:37:43
LogWindows: Failed to load 'aqProf.dll' (GetLastError=126)
LogWindows: File 'aqProf.dll' does not exist
LogWindows: Failed to load 'VSPerf140.dll' (GetLastError=126)
LogWindows: File 'VSPerf140.dll' does not exist
LogWindows: Failed to load 'VtuneApi.dll' (GetLastError=126)
LogWindows: File 'VtuneApi.dll' does not exist
LogWindows: Failed to load 'VtuneApi32e.dll' (GetLastError=126)
LogWindows: File 'VtuneApi32e.dll' does not exist
LogInit: Display: Running engine for game: MyProject_01
LogPlatformFile: Not using cached read wrapper
LogInit: Display: RandInit(442845484) SRandInit(442845484).
LogInit: Read version file with build ID '3709383'
LogInit: Overriding engine version to CL 3832480, compatible CL 3709383
LogInit: Registered custom module enumerator with build ID '3709383'
LogTaskGraph: Started task graph with 5 named threads and 8 total threads with 3 sets of task threads.
LogStats: Stats thread started at 6.331498
LogD3D11RHI: Aftermath initialized
LogModuleManager: Display: Found up-to-date module file ../../../Engine/Plugins/Online/OnlineSubsystemSteam/Binaries/Win64/UE4Editor-OnlineSubsystemSteam.dll (API version 3709383).
LogModuleManager: Display: Found up-to-date module file ../../../Engine/Plugins/Online/OnlineSubsystem/Binaries/Win64/UE4Editor-OnlineSubsystem.dll (API version 3709383).
LogModuleManager: Display: Found up-to-date module file ../../../Engine/Plugins/Online/OnlineSubsystemUtils/Binaries/Win64/UE4Editor-OnlineSubsystemUtils.dll (API version 3709383).
LogModuleManager: Display: Found up-to-date module file ../../../Engine/Plugins/Online/OnlineSubsystemUtils/Binaries/Win64/UE4Editor-OnlineBlueprintSupport.dll (API version 3709383).
LogModuleManager: Display: Found up-to-date module file ../../../Engine/Plugins/AdvancedSessions/AdvancedSessions/Binaries/Win64/UE4Editor-AdvancedSessions.dll (API version 3709383).
LogModuleManager: Display: Found up-to-date module file ../../../Engine/Plugins/AdvancedSessions/AdvancedSteamSessions/Binaries/Win64/UE4Editor-AdvancedSteamSessions.dll (API version 3709383).
LogModuleManager: Display: Found up-to-date module file ../../../Engine/Plugins/2D/Paper2D/Binaries/Win64/UE4Editor-Paper2D.dll (API version 3709383).
LogModuleManager: Display: Found up-to-date module file ../../../Engine/Plugins/2D/Paper2D/Binaries/Win64/UE4Editor-Paper2DEditor.dll (API version 3709383).
LogModuleManager: Display: Found up-to-date module file ../../../Engine/Plugins/2D/Paper2D/Binaries/Win64/UE4Editor-PaperSpriteSheetImporter.dll (API version 3709383).
LogModuleManager: Display: Found up-to-date module file ../../../Engine/Plugins/2D/Paper2D/Binaries/Win64/UE4Editor-PaperTiledImporter.dll (API version 3709383).
LogModuleManager: Display: Found up-to-date module file ../../../Engine/Plugins/2D/Paper2D/Binaries/Win64/UE4Editor-SmartSnapping.dll (API version 3709383).
LogModuleManager: Display: Found up-to-date module file ../../../Engine/Plugins/Blendables/LightPropagationVolume/Binaries/Win64/UE4Editor-LightPropagationVolumeRuntime.dll (API version 3709383).
LogModuleManager: Display: Found up-to-date module file ../../../Engine/Plugins/Blendables/LightPropagationVolume/Binaries/Win64/UE4Editor-LightPropagationVolumeEditor.dll (API version 3709383).
LogModuleManager: Display: Found up-to-date module file ../../../Engine/Plugins/Developer/GitSourceControl/Binaries/Win64/UE4Editor-GitSourceControl.dll (API version 3709383).
LogModuleManager: Display: Found up-to-date module file ../../../Engine/Plugins/Developer/PerforceSourceControl/Binaries/Win64/UE4Editor-PerforceSourceControl.dll (API version 3709383).
LogModuleManager: Display: Found up-to-date module file ../../../Engine/Plugins/Developer/SubversionSourceControl/Binaries/Win64/UE4Editor-SubversionSourceControl.dll (API version 3709383).
LogModuleManager: Display: Found up-to-date module file ../../../Engine/Plugins/Developer/UObjectPlugin/Binaries/Win64/UE4Editor-UObjectPlugin.dll (API version 3709383).
LogModuleManager: Display: Found up-to-date module file ../../../Engine/Plugins/Developer/VisualStudioCodeSourceCodeAccess/Binaries/Win64/UE4Editor-VisualStudioCodeSourceCodeAccess.dll (API version 3709383).
LogModuleManager: Display: Found up-to-date module file ../../../Engine/Plugins/Developer/VisualStudioSourceCodeAccess/Binaries/Win64/UE4Editor-VisualStudioSourceCodeAccess.dll (API version 3709383).
LogModuleManager: Display: Found up-to-date module file ../../../Engine/Plugins/Editor/AssetManagerEditor/Binaries/Win64/UE4Editor-AssetManagerEditor.dll (API version 3709383).
LogModuleManager: Display: Found up-to-date module file ../../../Engine/Plugins/Editor/AudioCapture/Binaries/Win64/UE4Editor-AudioCapture.dll (API version 3709383).
LogModuleManager: Display: Found up-to-date module file ../../../Engine/Plugins/Editor/FacialAnimation/Binaries/Win64/UE4Editor-FacialAnimation.dll (API version 3709383).
LogModuleManager: Display: Found up-to-date module file ../../../Engine/Plugins/Editor/FacialAnimation/Binaries/Win64/UE4Editor-FacialAnimationEditor.dll (API version 3709383).
LogModuleManager: Display: Found up-to-date module file ../../../Engine/Plugins/Editor/GameplayTagsEditor/Binaries/Win64/UE4Editor-GameplayTagsEditor.dll (API version 3709383).
LogModuleManager: Display: Found up-to-date module file ../../../Engine/Plugins/Editor/MobileLauncherProfileWizard/Binaries/Win64/UE4Editor-MobileLauncherProfileWizard.dll (API version 3709383).
LogModuleManager: Display: Found up-to-date module file ../../../Engine/Plugins/Editor/PluginBrowser/Binaries/Win64/UE4Editor-PluginBrowser.dll (API version 3709383).
LogModuleManager: Display: Found up-to-date module file ../../../Engine/Plugins/Editor/SpeedTreeImporter/Binaries/Win64/UE4Editor-SpeedTreeImporter.dll (API version 3709383).
LogModuleManager: Display: Found up-to-date module file ../../../Engine/Plugins/Experimental/AlembicImporter/Binaries/Win64/UE4Editor-AlembicImporter.dll (API version 3709383).
LogModuleManager: Display: Found up-to-date module file ../../../Engine/Plugins/Experimental/AlembicImporter/Binaries/Win64/UE4Editor-AlembicLibrary.dll (API version 3709383).
LogModuleManager: Display: Found up-to-date module file ../../../Engine/Plugins/Experimental/CharacterAI/Binaries/Win64/UE4Editor-CharacterAI.dll (API version 3709383).
LogModuleManager: Display: Found up-to-date module file ../../../Engine/Plugins/Experimental/HTML5Networking/Binaries/Win64/UE4Editor-HTML5Networking.dll (API version 3709383).
LogModuleManager: Display: Found up-to-date module file ../../../Engine/Plugins/Media/AndroidMedia/Binaries/Win64/UE4Editor-AndroidMediaEditor.dll (API version 3709383).
LogModuleManager: Display: Found up-to-date module file ../../../Engine/Plugins/Media/AndroidMedia/Binaries/Win64/UE4Editor-AndroidMediaFactory.dll (API version 3709383).
LogModuleManager: Display: Found up-to-date module file ../../../Engine/Plugins/Media/AvfMedia/Binaries/Win64/UE4Editor-AvfMediaEditor.dll (API version 3709383).
LogModuleManager: Display: Found up-to-date module file ../../../Engine/Plugins/Media/AvfMedia/Binaries/Win64/UE4Editor-AvfMediaFactory.dll (API version 3709383).
LogModuleManager: Display: Found up-to-date module file ../../../Engine/Plugins/Media/AvfMedia/Binaries/Win64/UE4Editor-AvfMediaFactory.dll (API version 3709383).
LogModuleManager: Display: Found up-to-date module file ../../../Engine/Plugins/Media/ImgMedia/Binaries/Win64/UE4Editor-ImgMedia.dll (API version 3709383).
LogModuleManager: Display: Found up-to-date module file ../../../Engine/Plugins/Media/ImgMedia/Binaries/Win64/UE4Editor-ImgMediaEditor.dll (API version 3709383).
LogModuleManager: Display: Found up-to-date module file ../../../Engine/Plugins/Media/ImgMedia/Binaries/Win64/UE4Editor-ImgMediaFactory.dll (API version 3709383).
LogModuleManager: Display: Found up-to-date module file ../../../Engine/Plugins/Media/ImgMedia/Binaries/Win64/UE4Editor-ImgMediaFactory.dll (API version 3709383).
LogModuleManager: Display: Found up-to-date module file ../../../Engine/Plugins/Media/ImgMedia/Binaries/Win64/UE4Editor-OpenExrWrapper.dll (API version 3709383).
LogModuleManager: Display: Found up-to-date module file ../../../Engine/Plugins/Media/MediaCompositing/Binaries/Win64/UE4Editor-MediaCompositing.dll (API version 3709383).
LogModuleManager: Display: Found up-to-date module file ../../../Engine/Plugins/Media/MediaCompositing/Binaries/Win64/UE4Editor-MediaCompositingEditor.dll (API version 3709383).
LogModuleManager: Display: Found up-to-date module file ../../../Engine/Plugins/Media/MediaPlayerEditor/Binaries/Win64/UE4Editor-MediaPlayerEditor.dll (API version 3709383).
LogModuleManager: Display: Found up-to-date module file ../../../Engine/Plugins/Media/WmfMedia/Binaries/Win64/UE4Editor-WmfMedia.dll (API version 3709383).
LogModuleManager: Display: Found up-to-date module file ../../../Engine/Plugins/Media/WmfMedia/Binaries/Win64/UE4Editor-WmfMediaEditor.dll (API version 3709383).
LogModuleManager: Display: Found up-to-date module file ../../../Engine/Plugins/Media/WmfMedia/Binaries/Win64/UE4Editor-WmfMediaFactory.dll (API version 3709383).
LogModuleManager: Display: Found up-to-date module file ../../../Engine/Plugins/Media/WmfMedia/Binaries/Win64/UE4Editor-WmfMediaFactory.dll (API version 3709383).
LogModuleManager: Display: Found up-to-date module file ../../../Engine/Plugins/Messaging/TcpMessaging/Binaries/Win64/UE4Editor-TcpMessaging.dll (API version 3709383).
LogModuleManager: Display: Found up-to-date module file ../../../Engine/Plugins/Messaging/UdpMessaging/Binaries/Win64/UE4Editor-UdpMessaging.dll (API version 3709383).
LogModuleManager: Display: Found up-to-date module file ../../../Engine/Plugins/MovieScene/ActorSequence/Binaries/Win64/UE4Editor-ActorSequence.dll (API version 3709383).
LogModuleManager: Display: Found up-to-date module file ../../../Engine/Plugins/MovieScene/LevelSequenceEditor/Binaries/Win64/UE4Editor-LevelSequenceEditor.dll (API version 3709383).
LogModuleManager: Display: Found up-to-date module file ../../../Engine/Plugins/MovieScene/MatineeToLevelSequence/Binaries/Win64/UE4Editor-MatineeToLevelSequence.dll (API version 3709383).
LogModuleManager: Display: Found up-to-date module file ../../../Engine/Plugins/Runtime/AndroidPermission/Binaries/Win64/UE4Editor-AndroidPermission.dll (API version 3709383).
LogModuleManager: Display: Found up-to-date module file ../../../Engine/Plugins/Online/OnlineSubsystemNull/Binaries/Win64/UE4Editor-OnlineSubsystemNull.dll (API version 3709383).
LogModuleManager: Display: Found up-to-date module file ../../../Engine/Plugins/Runtime/AndroidDeviceProfileSelector/Binaries/Win64/UE4Editor-AndroidDeviceProfileSelector.dll (API version 3709383).
LogModuleManager: Display: Found up-to-date module file ../../../Engine/Plugins/Runtime/AppleARKit/Binaries/Win64/UE4Editor-AppleARKit.dll (API version 3709383).
LogModuleManager: Display: Found up-to-date module file ../../../Engine/Plugins/Runtime/ArchVisCharacter/Binaries/Win64/UE4Editor-ArchVisCharacter.dll (API version 3709383).
LogModuleManager: Display: Found up-to-date module file ../../../Engine/Plugins/Runtime/CableComponent/Binaries/Win64/UE4Editor-CableComponent.dll (API version 3709383).
LogModuleManager: Display: Found up-to-date module file ../../../Engine/Plugins/Runtime/CustomMeshComponent/Binaries/Win64/UE4Editor-CustomMeshComponent.dll (API version 3709383).
LogModuleManager: Display: Found up-to-date module file ../../../Engine/Plugins/Runtime/ExampleDeviceProfileSelector/Binaries/Win64/UE4Editor-ExampleDeviceProfileSelector.dll (API version 3709383).
LogModuleManager: Display: Found up-to-date module file ../../../Engine/Plugins/Runtime/ImmediatePhysics/Binaries/Win64/UE4Editor-ImmediatePhysics.dll (API version 3709383).
LogModuleManager: Display: Found up-to-date module file ../../../Engine/Plugins/Runtime/ImmediatePhysics/Binaries/Win64/UE4Editor-ImmediatePhysicsEditor.dll (API version 3709383).
LogModuleManager: Display: Found up-to-date module file ../../../Engine/Plugins/Runtime/LocationServicesBPLibrary/Binaries/Win64/UE4Editor-LocationServicesBPLibrary.dll (API version 3709383).
LogModuleManager: Display: Found up-to-date module file ../../../Engine/Plugins/Runtime/MobilePatchingUtils/Binaries/Win64/UE4Editor-MobilePatchingUtils.dll (API version 3709383).
LogModuleManager: Display: Found up-to-date module file ../../../Engine/Plugins/Runtime/Oculus/OculusVR/Binaries/Win64/UE4Editor-OculusHMD.dll (API version 3709383).
LogModuleManager: Display: Found up-to-date module file ../../../Engine/Plugins/Runtime/Oculus/OculusVR/Binaries/Win64/UE4Editor-OculusInput.dll (API version 3709383).
LogModuleManager: Display: Found up-to-date module file ../../../Engine/Plugins/Runtime/Oculus/OculusVR/Binaries/Win64/UE4Editor-OculusEditor.dll (API version 3709383).
LogModuleManager: Display: Found up-to-date module file ../../../Engine/Plugins/Runtime/PhysXVehicles/Binaries/Win64/UE4Editor-PhysXVehicles.dll (API version 3709383).
LogModuleManager: Display: Found up-to-date module file ../../../Engine/Plugins/Runtime/PhysXVehicles/Binaries/Win64/UE4Editor-PhysXVehiclesEditor.dll (API version 3709383).
LogModuleManager: Display: Found up-to-date module file ../../../Engine/Plugins/Runtime/ProceduralMeshComponent/Binaries/Win64/UE4Editor-ProceduralMeshComponent.dll (API version 3709383).
LogModuleManager: Display: Found up-to-date module file ../../../Engine/Plugins/Runtime/ProceduralMeshComponent/Binaries/Win64/UE4Editor-ProceduralMeshComponentEditor.dll (API version 3709383).
LogModuleManager: Display: Found up-to-date module file ../../../Engine/Plugins/Runtime/RuntimePhysXCooking/Binaries/Win64/UE4Editor-RuntimePhysXCooking.dll (API version 3709383).
LogModuleManager: Display: Found up-to-date module file ../../../Engine/Plugins/Runtime/Steam/SteamVR/Binaries/Win64/UE4Editor-SteamVR.dll (API version 3709383).
LogModuleManager: Display: Found up-to-date module file ../../../Engine/Plugins/Runtime/Steam/SteamVR/Binaries/Win64/UE4Editor-SteamVRController.dll (API version 3709383).
LogModuleManager: Display: Found up-to-date module file ../../../Engine/Plugins/Runtime/WindowsMoviePlayer/Binaries/Win64/UE4Editor-WindowsMoviePlayer.dll (API version 3709383).
LogPluginManager: Mounting plugin Paper2D
LogPluginManager: Mounting plugin AdvancedSessions
LogPluginManager: Mounting plugin AdvancedSteamSessions
LogPluginManager: Mounting plugin LightPropagationVolume
LogPluginManager: Mounting plugin CodeLiteSourceCodeAccess
LogPluginManager: Mounting plugin GitSourceControl
LogPluginManager: Mounting plugin KDevelopSourceCodeAccess
LogPluginManager: Mounting plugin NullSourceCodeAccess
LogPluginManager: Mounting plugin PerforceSourceControl
LogPluginManager: Mounting plugin SubversionSourceControl
LogPluginManager: Mounting plugin UObjectPlugin
LogPluginManager: Mounting plugin VisualStudioCodeSourceCodeAccess
LogPluginManager: Mounting plugin VisualStudioSourceCodeAccess
LogPluginManager: Mounting plugin XCodeSourceCodeAccess
LogPluginManager: Mounting plugin AssetManagerEditor
LogPluginManager: Mounting plugin AudioCapture
LogPluginManager: Mounting plugin FacialAnimation
LogPluginManager: Mounting plugin GameplayTagsEditor
LogPluginManager: Mounting plugin MobileLauncherProfileWizard
LogPluginManager: Mounting plugin PluginBrowser
LogPluginManager: Mounting plugin SpeedTreeImporter
LogPluginManager: Mounting plugin AlembicImporter
LogPluginManager: Mounting plugin CharacterAI
LogPluginManager: Mounting plugin HTML5Networking
LogPluginManager: Mounting plugin AndroidMedia
LogPluginManager: Mounting plugin AvfMedia
LogPluginManager: Mounting plugin ImgMedia
LogPluginManager: Mounting plugin MediaCompositing
LogPluginManager: Mounting plugin MediaPlayerEditor
LogPluginManager: Mounting plugin WmfMedia
LogPluginManager: Mounting plugin TcpMessaging
LogPluginManager: Mounting plugin UdpMessaging
LogPluginManager: Mounting plugin ActorSequence
LogPluginManager: Mounting plugin LevelSequenceEditor
LogPluginManager: Mounting plugin MatineeToLevelSequence
LogPluginManager: Mounting plugin OnlineSubsystemGooglePlay
LogPluginManager: Mounting plugin OnlineSubsystemIOS
LogPluginManager: Mounting plugin OnlineSubsystem
LogPluginManager: Mounting plugin OnlineSubsystemNull
LogPluginManager: Mounting plugin OnlineSubsystemSteam
LogPluginManager: Mounting plugin OnlineSubsystemUtils
LogPluginManager: Mounting plugin AndroidDeviceProfileSelector
LogPluginManager: Mounting plugin AndroidMoviePlayer
LogPluginManager: Mounting plugin AndroidPermission
LogPluginManager: Mounting plugin AppleARKit
LogPluginManager: Mounting plugin AppleMoviePlayer
LogPluginManager: Mounting plugin ArchVisCharacter
LogPluginManager: Mounting plugin CableComponent
LogPluginManager: Mounting plugin CustomMeshComponent
LogPluginManager: Mounting plugin ExampleDeviceProfileSelector
LogPluginManager: Mounting plugin GoogleCloudMessaging
LogPluginManager: Mounting plugin ImmediatePhysics
LogPluginManager: Mounting plugin IOSDeviceProfileSelector
LogPluginManager: Mounting plugin LinuxDeviceProfileSelector
LogPluginManager: Mounting plugin LocationServicesBPLibrary
LogPluginManager: Mounting plugin MobilePatchingUtils
LogPluginManager: Mounting plugin OculusVR
LogPluginManager: Plugin shader directory ../../../Engine/Plugins/Runtime/Oculus/OculusVR/Shaders found
LogPluginManager: Mapping shader source directory ../../../Engine/Plugins/Runtime/Oculus/OculusVR/Shaders to virtual directory /Plugin/OculusVR
LogPluginManager: Mounting plugin PhysXVehicles
LogPluginManager: Mounting plugin ProceduralMeshComponent
LogPluginManager: Mounting plugin RuntimePhysXCooking
LogPluginManager: Mounting plugin SteamVR
LogPluginManager: Mounting plugin WindowsMoviePlayer
LogInit: Using libcurl 7.47.1
LogInit:  - built for x86_64-pc-win32
LogInit:  - supports SSL with OpenSSL/1.0.2g
LogInit:  - supports HTTP deflate (compression) using libz 1.2.8
LogInit:  - other features:
LogInit:      CURL_VERSION_SSL
LogInit:      CURL_VERSION_LIBZ
LogInit:      CURL_VERSION_IPV6
LogInit:      CURL_VERSION_ASYNCHDNS
LogInit:      CURL_VERSION_LARGEFILE
LogInit:      CURL_VERSION_IDN
LogInit:  CurlRequestOptions (configurable via config and command line):
LogInit:  - bVerifyPeer = false  - Libcurl will NOT verify peer certificate
LogInit:  - bUseHttpProxy = false  - Libcurl will NOT use HTTP proxy
LogInit:  - bDontReuseConnections = false  - Libcurl will reuse connections
LogInit:  - CertBundlePath = nullptr  - Libcurl will use whatever was configured at build time.
LogOnline: Display: STEAM: Loading Steam SDK 1.39
LogOnline: Warning: STEAM: Steam API disabled!
LogOnline: Display: STEAM: OnlineSubsystemSteam::Shutdown()
LogInit: WinSock: version 1.1 (2.2), MaxSocks=32767, MaxUdp=65467
LogInit: Build: ++UE4+Release-4.18-CL-3832480
LogInit: Engine Version: 4.18.3-3832480+++UE4+Release-4.18
LogInit: Compatible Engine Version: 4.18.0-3709383+++UE4+Release-4.18
LogInit: Net CL: 3709383
LogDevObjectVersion: Number of dev versions registered: 16
LogDevObjectVersion:   Dev-Blueprints (B0D832E4-1F89-4F0D-ACCF-7EB736FD4AA2): 10
LogDevObjectVersion:   Dev-Build (E1C64328-A22C-4D53-A36C-8E866417BD8C): 0
LogDevObjectVersion:   Dev-Core (375EC13C-06E4-48FB-B500-84F0262A717E): 2
LogDevObjectVersion:   Dev-Editor (E4B068ED-F494-42E9-A231-DA0B2E46BB41): 20
LogDevObjectVersion:   Dev-Framework (CFFC743F-43B0-4480-9391-14DF171D2073): 30
LogDevObjectVersion:   Dev-Mobile (B02B49B5-BB20-44E9-A304-32B752E40360): 0
LogDevObjectVersion:   Dev-Networking (A4E4105C-59A1-49B5-A7C5-40C4547EDFEE): 0
LogDevObjectVersion:   Dev-Online (39C831C9-5AE6-47DC-9A44-9C173E1C8E7C): 0
LogDevObjectVersion:   Dev-Physics (78F01B33-EBEA-4F98-B9B4-84EACCB95AA2): 0
LogDevObjectVersion:   Dev-Platform (6631380F-2D4D-43E0-8009-CF276956A95A): 0
LogDevObjectVersion:   Dev-Rendering (12F88B9F-8875-4AFC-A67C-D90C383ABD29): 20
LogDevObjectVersion:   Dev-Sequencer (7B5AE74C-D270-4C10-A958-57980B212A5A): 4
LogDevObjectVersion:   Dev-VR (D7296918-1DD6-4BDD-9DE2-64A83CC13884): 0
LogDevObjectVersion:   Dev-LoadTimes (C2A15278-BFE7-4AFE-6C17-90FF531DF755): 1
LogDevObjectVersion:   Private-Geometry (6EACA3D4-40EC-4CC1-B786-8BED09428FC5): 1
LogDevObjectVersion:   Dev-AnimPhys (29E575DD-E0A3-4627-9D10-D276232CDCEA): 12
LogInit: Compiled (64-bit): Jan 12 2018 02:04:55
LogInit: Compiled with Visual C++: 19.00.24215.01
LogInit: Build Configuration: Development
LogInit: Branch Name: ++UE4+Release-4.18
LogInit: Command line:  
LogInit: Base directory: E:/GameDev/Unreal/Engine/UE_4.18/Engine/Binaries/Win64/
LogInit: Installed Engine Build: 1
LogInit: Presizing for max 8388607 objects, including 0 objects not considered by GC, pre-allocating 0 bytes for permanent pool.
LogInit: Object subsystem initialized
[2020.11.12-10.37.55:366][  0]LogInit: Selected Device Profile: [Windows]
[2020.11.12-10.37.55:366][  0]LogInit: Applying CVar settings loaded from the selected device profile: [Windows]
[2020.11.12-10.37.55:653][  0]LogInit: Computer: ISHRAQ-PC
[2020.11.12-10.37.55:653][  0]LogInit: User: farha
[2020.11.12-10.37.55:653][  0]LogInit: CPU Page size=4096, Cores=2
[2020.11.12-10.37.55:653][  0]LogInit: High frequency timer resolution =10.000000 MHz
[2020.11.12-10.37.55:669][  0]LogMemory: Memory total: Physical=3.9GB (4GB approx)
[2020.11.12-10.37.55:669][  0]LogMemory: Platform Memory Stats for Windows
[2020.11.12-10.37.55:669][  0]LogMemory: Process Physical Memory: 274.29 MB used, 274.29 MB peak
[2020.11.12-10.37.55:669][  0]LogMemory: Process Virtual Memory: 269.50 MB used, 269.50 MB peak
[2020.11.12-10.37.55:669][  0]LogMemory: Physical Memory: 3331.65 MB used,  645.36 MB free, 3977.01 MB total
[2020.11.12-10.37.55:669][  0]LogMemory: Virtual Memory: 4763.04 MB used,  645.36 MB free, 134217728.00 MB total
[2020.11.12-10.37.57:794][  0]LogInit: Using OS detected language (en-US).
[2020.11.12-10.37.57:794][  0]LogInit: Using OS detected locale (en-US).
[2020.11.12-10.37.58:133][  0]LogTextLocalizationManager: No specific localization for 'en-US' exists, so the 'en' localization will be used.
[2020.11.12-10.37.59:290][  0]LogInit: Setting process to per monitor DPI aware
[2020.11.12-10.38.12:854][  0]LogD3D11RHI: D3D11 adapters:
[2020.11.12-10.38.12:882][  0]LogD3D11RHI:    0. 'Intel(R) HD Graphics 3000' (Feature Level 10_0)
[2020.11.12-10.38.12:882][  0]LogD3D11RHI:       32/0/1632 MB DedicatedVideo/DedicatedSystem/SharedSystem, Outputs:1, VendorId:0x8086
[2020.11.12-10.38.12:885][  0]LogD3D11RHI:    1. 'Microsoft Basic Render Driver' (Feature Level 11_0)
[2020.11.12-10.38.12:885][  0]LogD3D11RHI:       0/0/1988 MB DedicatedVideo/DedicatedSystem/SharedSystem, Outputs:0, VendorId:0x1414
[2020.11.12-10.38.12:885][  0]LogD3D11RHI: Chosen D3D11 Adapter: 0
[2020.11.12-10.38.12:901][  0]LogD3D11RHI: Creating new Direct3DDevice
[2020.11.12-10.38.12:901][  0]LogD3D11RHI:     GPU DeviceId: 0x126 (for the marketing name, search the web for "GPU Device Id")
[2020.11.12-10.38.12:901][  0]LogWindows: EnumDisplayDevices:
[2020.11.12-10.38.12:902][  0]LogWindows:    0. 'Intel(R) HD Graphics 3000' (P:1 D:1)
[2020.11.12-10.38.12:908][  0]LogWindows:    1. 'Intel(R) HD Graphics 3000' (P:0 D:0)
[2020.11.12-10.38.12:909][  0]LogWindows: DebugString: GetVideoDriverDetailsInvalid PrimaryIsNotTheChoosenAdapter GetVideoDriverDetailsInvalid PrimaryIsNotTheChoosenAdapter FoundDriverCount:0 
[2020.11.12-10.38.12:909][  0]LogD3D11RHI:     Adapter Name: Intel(R) HD Graphics 3000
[2020.11.12-10.38.12:909][  0]LogD3D11RHI:   Driver Version: Unknown (internal:Unknown, unified:Unknown)
[2020.11.12-10.38.12:909][  0]LogD3D11RHI:      Driver Date: Unknown
[2020.11.12-10.38.12:909][  0]LogRHI: Texture pool is 593 MB (70% of 848 MB)
[2020.11.12-10.38.12:915][  0]LogD3D11RHI: Async texture creation enabled
[2020.11.12-10.38.13:338][  0]LogD3D11RHI: GPU Timing Frequency: 12.500000 (Debug: 2 1)
[2020.11.12-10.38.13:498][  0]LogShaderCompilers: Guid format shader working directory is 8 characters bigger than the processId version (../../../../../GITHUB/IML/MyProject_01/Intermediate/Shaders/WorkingDirectory/3076/).
[2020.11.12-10.38.13:498][  0]LogShaderCompilers: Cleaned the shader compiler working directory 'C:/Users/farha/AppData/Local/Temp/UnrealShaderWorkingDir/3C0562084E0FD11A57EFC6BDB6667AA3/'.
[2020.11.12-10.38.13:514][  0]LogShaderCompilers: Display: Using Local Shader Compiler.
[2020.11.12-10.38.39:084][  0]LogTemp: Display: Loaded TP AllDesktopTargetPlatform
[2020.11.12-10.38.39:170][  0]LogTemp: Display: Loaded TP MacClientTargetPlatform
[2020.11.12-10.38.39:254][  0]LogTemp: Display: Loaded TP MacNoEditorTargetPlatform
[2020.11.12-10.38.39:337][  0]LogTemp: Display: Loaded TP MacServerTargetPlatform
[2020.11.12-10.38.39:473][  0]LogTemp: Display: Loaded TP MacTargetPlatform
[2020.11.12-10.38.39:562][  0]LogTemp: Display: Loaded TP WindowsClientTargetPlatform
[2020.11.12-10.38.39:640][  0]LogTemp: Display: Loaded TP WindowsNoEditorTargetPlatform
[2020.11.12-10.38.39:727][  0]LogTemp: Display: Loaded TP WindowsServerTargetPlatform
[2020.11.12-10.38.39:807][  0]LogTemp: Display: Loaded TP WindowsTargetPlatform
[2020.11.12-10.38.39:891][  0]LogTemp: Display: Loaded TP Android_ASTCTargetPlatform
[2020.11.12-10.38.39:969][  0]LogTemp: Display: Loaded TP Android_ATCTargetPlatform
[2020.11.12-10.38.40:051][  0]LogTemp: Display: Loaded TP Android_DXTTargetPlatform
[2020.11.12-10.38.40:126][  0]LogTemp: Display: Loaded TP Android_ETC1TargetPlatform
[2020.11.12-10.38.40:224][  0]LogTemp: Display: Loaded TP Android_ETC2TargetPlatform
[2020.11.12-10.38.40:391][  0]LogTemp: Display: Loaded TP Android_MultiTargetPlatform
[2020.11.12-10.38.40:391][  0]LogTemp: Display: Loaded TP Android_PVRTCTargetPlatform
[2020.11.12-10.38.40:504][  0]LogTemp: Display: Loaded TP AndroidTargetPlatform
[2020.11.12-10.38.40:568][  0]LogTemp: Display: Loaded TP HTML5TargetPlatform
[2020.11.12-10.38.40:893][  0]LogTemp: Display: Loaded TP IOSTargetPlatform
[2020.11.12-10.38.40:949][  0]LogTemp: Display: Loaded TP TVOSTargetPlatform
[2020.11.12-10.38.41:030][  0]LogTemp: Display: Loaded TP LinuxClientTargetPlatform
[2020.11.12-10.38.41:108][  0]LogTemp: Display: Loaded TP LinuxNoEditorTargetPlatform
[2020.11.12-10.38.41:192][  0]LogTemp: Display: Loaded TP LinuxServerTargetPlatform
[2020.11.12-10.38.41:279][  0]LogTemp: Display: Loaded TP LinuxTargetPlatform
[2020.11.12-10.38.41:279][  0]LogTargetPlatformManager: Display: Building Assets For Windows
[2020.11.12-10.38.44:400][  0]LogDerivedDataCache: Display: Max Cache Size: 512 MB
[2020.11.12-10.38.45:974][  0]LogDerivedDataCache: Loaded boot cache 1.56s 75MB C:/Users/farha/AppData/Local/UnrealEngine/4.18/DerivedDataCache/Boot.ddc.
[2020.11.12-10.38.45:974][  0]LogDerivedDataCache: Display: Loaded Boot cache: C:/Users/farha/AppData/Local/UnrealEngine/4.18/DerivedDataCache/Boot.ddc
[2020.11.12-10.38.45:974][  0]LogDerivedDataCache: FDerivedDataBackendGraph:  Pak pak cache file ../../../../../GITHUB/IML/MyProject_01/DerivedDataCache/DDC.ddp not found, will not use a pak cache.
[2020.11.12-10.38.45:974][  0]LogDerivedDataCache: Unable to find inner node Pak for hierarchical cache Hierarchy.
[2020.11.12-10.38.45:974][  0]LogDerivedDataCache: FDerivedDataBackendGraph:  CompressedPak pak cache file ../../../../../GITHUB/IML/MyProject_01/DerivedDataCache/Compressed.ddp not found, will not use a pak cache.
[2020.11.12-10.38.45:974][  0]LogDerivedDataCache: Unable to find inner node CompressedPak for hierarchical cache Hierarchy.
[2020.11.12-10.38.46:123][  0]LogDerivedDataCache: Display: Pak cache opened for reading ../../../Engine/DerivedDataCache/Compressed.ddp.
[2020.11.12-10.38.46:190][  0]LogDerivedDataCache: Using Local data cache path C:/Users/farha/AppData/Local/UnrealEngine/Common/DerivedDataCache: Writable
[2020.11.12-10.38.46:360][  0]LogMaterial: Verifying Global Shaders for PCD3D_SM4
[2020.11.12-10.38.46:450][  0]LogSlate: Using Freetype 2.6.0
[2020.11.12-10.38.46:598][  0]LogSlate: SlateFontCache - WITH_FREETYPE: 1, WITH_HARFBUZZ: 1
[2020.11.12-10.38.46:611][  0]LogSlate: SlateFontCache - WITH_FREETYPE: 1, WITH_HARFBUZZ: 1
[2020.11.12-10.39.09:913][  0]LogInit: Selected Device Profile: [Windows]
[2020.11.12-10.39.15:355][  0]LogSimplygon: Simplygon DLL not present - disabling.
[2020.11.12-10.39.15:431][  0]LogMeshReduction: Using SimplygonSwarm for distributed automatic mesh merging
[2020.11.12-10.39.15:432][  0]LogMeshReduction: Using QuadricMeshReduction for automatic static mesh reduction
[2020.11.12-10.39.15:432][  0]LogMeshReduction: No automatic skeletal mesh reduction module available
[2020.11.12-10.39.15:432][  0]LogMeshReduction: No automatic mesh merging module available
[2020.11.12-10.39.15:432][  0]LogMeshMerging: No automatic mesh merging module available
[2020.11.12-10.39.16:489][  0]LogNetVersion: MyProject_01 , NetCL: 3709383, EngineNetVer: 2, GameNetVer: 0 (Checksum: 560086495)
[2020.11.12-10.39.20:079][  0]LogAssetRegistry: FAssetRegistry took 0.0483 seconds to start up
[2020.11.12-10.39.38:382][  0]LogPackageLocalizationCache: Processed 7 localized package path(s) for 2 prioritized culture(s) in 0.307560 seconds
[2020.11.12-10.39.38:431][  0]LogUObjectArray: 35877 objects as part of root set at end of initial load.
[2020.11.12-10.39.38:432][  0]LogUObjectAllocator: 7577632 out of 0 bytes used by permanent object pool.
[2020.11.12-10.39.38:432][  0]LogUObjectArray: CloseDisregardForGC: 0/0 objects in disregard for GC pool
[2020.11.12-10.40.23:806][  0]LogTcpMessaging: Initializing TcpMessaging bridge
[2020.11.12-10.40.23:906][  0]LogUdpMessaging: Initializing bridge on interface 0.0.0.0:0 to multicast group 230.0.0.1:6666.
[2020.11.12-10.40.27:630][  0]LogMaterial: Uniform references updated for custom material expression Custom.
[2020.11.12-10.40.29:441][  0]SourceControl: Source control is disabled
[2020.11.12-10.40.29:443][  0]SourceControl: Source control is disabled
[2020.11.12-10.40.29:640][  0]SourceControl: Source control is disabled
[2020.11.12-10.40.29:783][  0]SourceControl: Source control is disabled
[2020.11.12-10.40.32:520][  0]LogAndroidPermission: UAndroidPermissionCallbackProxy::GetInstance
[2020.11.12-10.40.33:198][  0]LogOcInput: OculusInput pre-init called
[2020.11.12-10.40.34:852][  0]LogEngine: Initializing Engine...
[2020.11.12-10.40.34:974][  0]LogHMD: Failed to initialize OpenVR with code 110
[2020.11.12-10.40.37:631][  0]LogStats: UGameplayTagsManager::ConstructGameplayTagTree: Construct from data asset -  0.000 s
[2020.11.12-10.40.37:632][  0]LogStats: UGameplayTagsManager::ConstructGameplayTagTree: GameplayTagTreeChangedEvent.Broadcast -  0.001 s
[2020.11.12-10.40.40:841][  0]LogAIModule: Creating AISystem for world Untitled
[2020.11.12-10.40.41:290][  0]LogInit: XAudio2 using 'Speakers (2- High Definition Audio Device)' : 2 channels at 48 kHz using 16 bits per sample (channel mask 0x3)
[2020.11.12-10.40.41:367][  0]LogInit: FAudioDevice initialized.
[2020.11.12-10.40.42:416][  0]LogDerivedDataCache: Saved boot cache 1.00s 75MB C:/Users/farha/AppData/Local/UnrealEngine/4.18/DerivedDataCache/Boot.ddc.
[2020.11.12-10.40.42:670][  0]LogInit: Texture streaming: Enabled
[2020.11.12-10.40.43:629][  0]LogEngineSessionManager: EngineSessionManager initialized
[2020.11.12-10.40.50:450][  0]LogInit: Transaction tracking system initialized
[2020.11.12-10.40.52:414][  0]BlueprintLog: New page: Editor Load
[2020.11.12-10.40.59:107][  0]LocalizationService: Localization service is disabled
[2020.11.12-10.41.24:202][  0]LogConsoleResponse: Display: 
[2020.11.12-10.41.42:014][  0]LogCook: Display: Max memory allowance for cook 16384mb min free memory 0mb
[2020.11.12-10.41.42:079][  0]LogCook: Display: Mobile HDR setting 1
[2020.11.12-10.41.42:128][  0]LogGameplayTags: Display: UGameplayTagsManager::DoneAddingNativeTags. DelegateIsBound: 0
[2020.11.12-10.41.44:419][  0]LogFileCache: Scanning file cache for directory 'E:/GameDev/Unreal/GITHUB/IML/MyProject_01/Content/' took 1.67s
[2020.11.12-10.41.50:930][  0]SourceControl: Source control is disabled
[2020.11.12-10.41.51:060][  0]Cmd: MAP LOAD FILE="../../../../../GITHUB/IML/MyProject_01/Content/Maps/MenuMap.umap" TEMPLATE=0 SHOWPROGRESS=1 FEATURELEVEL=2
[2020.11.12-10.41.51:244][  0]LightingResults: New page: Lighting Build
[2020.11.12-10.41.52:440][  0]MapCheck: New page: Map Check
[2020.11.12-10.41.52:440][  0]LightingResults: New page: Lighting Build
[2020.11.12-10.42.01:414][  0]LogAIModule: Creating AISystem for world MenuMap
[2020.11.12-10.42.01:958][  0]LogEditorServer: Finished looking for orphan Actors (0.000 secs)
[2020.11.12-10.42.02:675][  0]Cmd: MAP CHECKDEP NOCLEARLOG
[2020.11.12-10.42.03:017][  0]MapCheck: Map check complete: 0 Error(s), 0 Warning(s), took 315.529ms to complete.
[2020.11.12-10.42.03:018][  0]LogFileHelpers: Loading map 'MenuMap' took 11.987
[2020.11.12-10.42.18:386][  0]LogCollectionManager: Loaded 0 collections in 0.001921 seconds
[2020.11.12-10.42.18:861][  0]LogFileCache: Scanning file cache for directory 'E:/GameDev/Unreal/GITHUB/IML/MyProject_01/Saved/Collections/' took 0.01s
[2020.11.12-10.42.18:861][  0]LogFileCache: Scanning file cache for directory 'E:/GameDev/Unreal/GITHUB/IML/MyProject_01/Content/Developers/farha/Collections/' took 0.01s
[2020.11.12-10.42.18:861][  0]LogFileCache: Scanning file cache for directory 'E:/GameDev/Unreal/GITHUB/IML/MyProject_01/Content/Collections/' took 0.01s
[2020.11.12-10.42.18:861][  0]LogCollectionManager: Rebuilt the GUID cache for 0 collections in 0.000001 seconds
[2020.11.12-10.42.18:914][  0]LogContentBrowser: Native class hierarchy populated in 0.0451 seconds. Added 2389 classes and 530 folders.
[2020.11.12-10.42.19:337][  0]LogContentBrowser: Native class hierarchy updated for 'WidgetCarousel' in 0.0003 seconds. Added 0 classes and 0 folders.
[2020.11.12-10.42.24:460][  0]LogContentBrowser: Native class hierarchy updated for 'AddContentDialog' in 0.0004 seconds. Added 0 classes and 0 folders.
[2020.11.12-10.42.27:645][  0]LogSlate: Took 0.065803 seconds to synchronously load lazily loaded font '../../../Engine/Content/Slate/Fonts/Roboto-Regular.ttf' (155K)
[2020.11.12-10.42.28:794][  0]LogSlate: Took 0.105753 seconds to synchronously load lazily loaded font '../../../Engine/Content/Slate/Fonts/Roboto-Bold.ttf' (160K)
[2020.11.12-10.42.32:513][  0]LogRenderer: Reallocating scene render targets to support 984x656 Format 9 NumSamples 1 (Frame:1).
[2020.11.12-10.42.44:674][  0]LogContentBrowser: Native class hierarchy updated for 'HierarchicalLODOutliner' in 0.0005 seconds. Added 1 classes and 2 folders.
[2020.11.12-10.42.44:675][  0]LogLoad: (Engine Initialization) Total time: 327.94 seconds
[2020.11.12-10.42.44:675][  0]LogLoad: (Engine Initialization) Total Blueprint compile time: 0.00 seconds
[2020.11.12-10.42.44:697][  0]LogExternalProfiler: No external profilers were discovered.  External profiling features will not be available.
[2020.11.12-10.42.46:822][  0]LogContentStreaming: Texture pool size now 400 MB
[2020.11.12-10.42.52:815][  8]LogAssetRegistry: Asset discovery search completed in 212.7612 seconds
[2020.11.12-10.42.53:189][  8]LogCollectionManager: Rebuilt the object cache for 0 collections in 0.000001 seconds (found 0 objects)
[2020.11.12-10.42.53:191][  8]LogCollectionManager: Fixed up redirectors for 0 collections in 0.028764 seconds (updated 0 objects)
[2020.11.12-10.43.18:730][117]LogSlate: Took 0.239840 seconds to synchronously load lazily loaded font '../../../Engine/Content/Editor/Slate/Fonts/FontAwesome.ttf' (139K)
[2020.11.12-10.43.19:906][117]LogSlate: Took 0.318071 seconds to synchronously load lazily loaded font '../../../Engine/Content/Slate/Fonts/Roboto-Light.ttf' (159K)
[2020.11.12-10.43.23:840][458]LogSlate: Took 0.083061 seconds to synchronously load lazily loaded font '../../../Engine/Content/Editor/Slate/Fonts/DroidSansMono.ttf' (77K)
[2020.11.12-10.43.24:783][543]Cmd: t.MaxFPS 40
[2020.11.12-10.43.29:326][543]t.MaxFPS = "40"
[2020.11.12-12.18.41:622][ 32]LogWindowsTextInputMethodSystem: Display: IME system now deactivated.
[2020.11.12-12.18.43:536][ 33]Cmd: QUIT_EDITOR
[2020.11.12-12.18.44:423][ 33]LogExit: Preparing to exit.
[2020.11.12-12.18.45:696][ 33]LogDirectoryWatcher: A directory notification for 'E:/GameDev/Unreal/GITHUB/IML/MyProject_01/Content/' was aborted.
[2020.11.12-12.18.46:319][ 33]LogExit: Editor shut down
[2020.11.12-12.18.46:363][ 33]LogExit: Transaction tracking system shut down
[2020.11.12-12.18.47:732][ 33]LogDirectoryWatcher: A directory notification for '../../../Engine/Content/' was aborted.
[2020.11.12-12.18.47:732][ 33]LogDirectoryWatcher: A directory notification for '../../../../../GITHUB/IML/MyProject_01/Content/' was aborted.
[2020.11.12-12.18.47:732][ 33]LogDirectoryWatcher: A directory notification for '../../../Engine/Plugins/2D/Paper2D/Content/' was aborted.
[2020.11.12-12.18.47:732][ 33]LogDirectoryWatcher: A directory notification for '../../../Engine/Plugins/Media/MediaCompositing/Content/' was aborted.
[2020.11.12-12.18.47:732][ 33]LogDirectoryWatcher: A directory notification for '../../../Engine/Plugins/Runtime/AppleARKit/Content/' was aborted.
[2020.11.12-12.18.47:732][ 33]LogDirectoryWatcher: A directory notification for '../../../Engine/Plugins/Runtime/Oculus/OculusVR/Content/' was aborted.
[2020.11.12-12.18.47:732][ 33]LogDirectoryWatcher: A directory notification for '../../../Engine/Plugins/Runtime/Steam/SteamVR/Content/' was aborted.
[2020.11.12-12.18.50:969][ 33]LogExit: Object subsystem successfully closed.
[2020.11.12-12.18.51:613][ 33]LogD3D11RHI: Shutdown
[2020.11.12-12.18.51:614][ 33]LogD3D11RHI: CleanupD3DDevice
[2020.11.12-12.18.51:988][ 33]LogD3D11RHI: ~FD3D11DynamicRHI
[2020.11.12-12.18.53:543][ 33]LogModuleManager: Shutting down and abandoning module HierarchicalLODOutliner (554)
[2020.11.12-12.18.53:543][ 33]LogModuleManager: Shutting down and abandoning module AddContentDialog (552)
[2020.11.12-12.18.53:590][ 33]LogDirectoryWatcher: A directory notification for 'E:/GameDev/Unreal/Engine/UE_4.18/FeaturePacks/' was aborted.
[2020.11.12-12.18.53:865][ 33]LogModuleManager: Shutting down and abandoning module WidgetCarousel (551)
[2020.11.12-12.18.53:865][ 33]LogModuleManager: Shutting down and abandoning module EditorWidgets (548)
[2020.11.12-12.18.53:865][ 33]LogModuleManager: Shutting down and abandoning module CollectionManager (546)
[2020.11.12-12.18.53:885][ 33]LogDirectoryWatcher: A directory notification for 'E:/GameDev/Unreal/GITHUB/IML/MyProject_01/Content/Collections/' was aborted.
[2020.11.12-12.18.53:885][ 33]LogDirectoryWatcher: A directory notification for 'E:/GameDev/Unreal/GITHUB/IML/MyProject_01/Content/Developers/farha/Collections/' was aborted.
[2020.11.12-12.18.53:885][ 33]LogDirectoryWatcher: A directory notification for 'E:/GameDev/Unreal/GITHUB/IML/MyProject_01/Saved/Collections/' was aborted.
[2020.11.12-12.18.53:885][ 33]LogModuleManager: Shutting down and abandoning module SceneOutliner (544)
[2020.11.12-12.18.53:896][ 33]LogModuleManager: Shutting down and abandoning module StatsViewer (542)
[2020.11.12-12.18.53:917][ 33]LogModuleManager: Shutting down and abandoning module FoliageEdit (540)
[2020.11.12-12.18.53:917][ 33]LogModuleManager: Shutting down and abandoning module LandscapeEditor (538)
[2020.11.12-12.18.54:002][ 33]LogModuleManager: Shutting down and abandoning module MeshPaintMode (536)
[2020.11.12-12.18.54:015][ 33]LogModuleManager: Shutting down and abandoning module SceneDepthPickerMode (534)
[2020.11.12-12.18.54:015][ 33]LogModuleManager: Shutting down and abandoning module ActorPickerMode (532)
[2020.11.12-12.18.54:015][ 33]LogModuleManager: Shutting down and abandoning module GeometryMode (530)
[2020.11.12-12.18.54:023][ 33]LogModuleManager: Shutting down and abandoning module TextureAlignMode (528)
[2020.11.12-12.18.54:023][ 33]LogModuleManager: Shutting down and abandoning module BspMode (526)
[2020.11.12-12.18.54:028][ 33]LogModuleManager: Shutting down and abandoning module PIEPreviewDeviceProfileSelector (524)
[2020.11.12-12.18.54:029][ 33]LogModuleManager: Shutting down and abandoning module HardwareSurvey (522)
[2020.11.12-12.18.54:038][ 33]LogModuleManager: Shutting down and abandoning module SequenceRecorderSections (520)
[2020.11.12-12.18.54:038][ 33]LogModuleManager: Shutting down and abandoning module AutomationWorker (518)
[2020.11.12-12.18.54:055][ 33]LogModuleManager: Shutting down and abandoning module MatineeToLevelSequence (516)
[2020.11.12-12.18.54:070][ 33]LogModuleManager: Shutting down and abandoning module LevelSequenceEditor (514)
[2020.11.12-12.18.54:127][ 33]LogModuleManager: Shutting down and abandoning module PlacementMode (513)
[2020.11.12-12.18.54:127][ 33]LogModuleManager: Shutting down and abandoning module WmfMediaFactory (510)
[2020.11.12-12.18.54:127][ 33]LogModuleManager: Shutting down and abandoning module WmfMediaEditor (508)
[2020.11.12-12.18.54:127][ 33]LogModuleManager: Shutting down and abandoning module OpenExrWrapper (506)
[2020.11.12-12.18.54:127][ 33]LogModuleManager: Shutting down and abandoning module ImgMediaFactory (504)
[2020.11.12-12.18.54:127][ 33]LogModuleManager: Shutting down and abandoning module ImgMediaEditor (502)
[2020.11.12-12.18.54:127][ 33]LogModuleManager: Shutting down and abandoning module AvfMediaFactory (500)
[2020.11.12-12.18.54:127][ 33]LogModuleManager: Shutting down and abandoning module AvfMediaEditor (498)
[2020.11.12-12.18.54:127][ 33]LogModuleManager: Shutting down and abandoning module AndroidMediaFactory (496)
[2020.11.12-12.18.54:127][ 33]LogModuleManager: Shutting down and abandoning module AndroidMediaEditor (494)
[2020.11.12-12.18.54:127][ 33]LogModuleManager: Shutting down and abandoning module CharacterAI (492)
[2020.11.12-12.18.54:127][ 33]LogModuleManager: Shutting down and abandoning module AudioCapture (490)
[2020.11.12-12.18.54:141][ 33]LogModuleManager: Shutting down and abandoning module SequenceRecorder (489)
[2020.11.12-12.18.54:142][ 33]LogModuleManager: Shutting down and abandoning module SmartSnapping (486)
[2020.11.12-12.18.54:142][ 33]LogModuleManager: Shutting down and abandoning module SessionServices (484)
[2020.11.12-12.18.54:142][ 33]LogModuleManager: Shutting down and abandoning module ViewportSnapping (482)
[2020.11.12-12.18.54:142][ 33]LogModuleManager: Shutting down and abandoning module ViewportInteraction (480)
[2020.11.12-12.18.54:142][ 33]LogModuleManager: Shutting down and abandoning module ClothPainter (478)
[2020.11.12-12.18.54:166][ 33]LogModuleManager: Shutting down and abandoning module SkeletalMeshEditor (477)
[2020.11.12-12.18.54:183][ 33]LogModuleManager: Shutting down and abandoning module LogVisualizer (474)
[2020.11.12-12.18.54:206][ 33]LogModuleManager: Shutting down and abandoning module IntroTutorials (472)
[2020.11.12-12.18.54:246][ 33]LogModuleManager: Shutting down and abandoning module GameProjectGeneration (471)
[2020.11.12-12.18.54:274][ 33]LogModuleManager: Shutting down and abandoning module IOSPlatformEditor (468)
[2020.11.12-12.18.54:274][ 33]LogModuleManager: Shutting down and abandoning module HTML5PlatformEditor (466)
[2020.11.12-12.18.54:274][ 33]LogModuleManager: Shutting down and abandoning module AndroidPlatformEditor (464)
[2020.11.12-12.18.54:274][ 33]LogModuleManager: Shutting down and abandoning module AndroidDeviceDetection (463)
[2020.11.12-12.18.54:900][ 33]LogModuleManager: Shutting down and abandoning module WindowsPlatformEditor (460)
[2020.11.12-12.18.54:900][ 33]LogModuleManager: Shutting down and abandoning module IOSRuntimeSettings (458)
[2020.11.12-12.18.54:900][ 33]LogModuleManager: Shutting down and abandoning module AndroidRuntimeSettings (456)
[2020.11.12-12.18.54:900][ 33]LogModuleManager: Shutting down and abandoning module InputBindingEditor (454)
[2020.11.12-12.18.54:915][ 33]LogModuleManager: Shutting down and abandoning module MergeActors (452)
[2020.11.12-12.18.54:930][ 33]LogModuleManager: Shutting down and abandoning module SizeMap (450)
[2020.11.12-12.18.54:930][ 33]LogModuleManager: Shutting down and abandoning module TreeMap (448)
[2020.11.12-12.18.54:962][ 33]LogModuleManager: Shutting down and abandoning module ReferenceViewer (446)
[2020.11.12-12.18.54:962][ 33]LogModuleManager: Shutting down and abandoning module LocalizationDashboard (444)
[2020.11.12-12.18.54:978][ 33]LogModuleManager: Shutting down and abandoning module LocalizationService (443)
[2020.11.12-12.18.54:988][ 33]LogModuleManager: Shutting down and abandoning module HardwareTargeting (440)
[2020.11.12-12.18.54:988][ 33]LogModuleManager: Shutting down and abandoning module DeviceProfileEditor (438)
[2020.11.12-12.18.54:988][ 33]LogModuleManager: Shutting down and abandoning module UndoHistory (436)
[2020.11.12-12.18.54:988][ 33]LogModuleManager: Shutting down and abandoning module XmlParser (434)
[2020.11.12-12.18.54:994][ 33]LogModuleManager: Shutting down and abandoning module Blutility (432)
[2020.11.12-12.18.54:994][ 33]LogModuleManager: Shutting down and abandoning module ProjectSettingsViewer (430)
[2020.11.12-12.18.54:994][ 33]LogModuleManager: Shutting down and abandoning module ProjectTargetPlatformEditor (429)
[2020.11.12-12.18.55:006][ 33]LogModuleManager: Shutting down and abandoning module EditorSettingsViewer (426)
[2020.11.12-12.18.55:006][ 33]LogModuleManager: Shutting down and abandoning module SettingsEditor (424)
[2020.11.12-12.18.55:024][ 33]LogModuleManager: Shutting down and abandoning module ProjectLauncher (422)
[2020.11.12-12.18.55:039][ 33]LogModuleManager: Shutting down and abandoning module SessionFrontend (420)
[2020.11.12-12.18.55:053][ 33]LogModuleManager: Shutting down and abandoning module ProfilerClient (418)
[2020.11.12-12.18.55:060][ 33]LogModuleManager: Shutting down and abandoning module DeviceManager (416)
[2020.11.12-12.18.55:070][ 33]LogModuleManager: Shutting down and abandoning module TargetDeviceServices (415)
[2020.11.12-12.18.55:125][ 33]LogModuleManager: Shutting down and abandoning module AutomationController (412)
[2020.11.12-12.18.55:165][ 33]LogModuleManager: Shutting down and abandoning module AutomationWindow (410)
[2020.11.12-12.18.55:188][ 33]LogModuleManager: Shutting down and abandoning module Layers (408)
[2020.11.12-12.18.55:208][ 33]LogModuleManager: Shutting down and abandoning module ComponentVisualizers (406)
[2020.11.12-12.18.55:208][ 33]LogModuleManager: Shutting down and abandoning module DetailCustomizations (404)
[2020.11.12-12.18.55:222][ 33]LogModuleManager: Shutting down and abandoning module PackagesDialog (402)
[2020.11.12-12.18.55:242][ 33]LogModuleManager: Shutting down and abandoning module Persona (400)
[2020.11.12-12.18.55:289][ 33]LogModuleManager: Shutting down and abandoning module AdvancedPreviewScene (399)
[2020.11.12-12.18.55:289][ 33]LogModuleManager: Shutting down and abandoning module AnimGraph (397)
[2020.11.12-12.18.55:289][ 33]LogModuleManager: Shutting down and abandoning module Kismet (394)
[2020.11.12-12.18.55:448][ 33]LogModuleManager: Shutting down and abandoning module ClassViewer (392)
[2020.11.12-12.18.55:448][ 33]LogModuleManager: Shutting down and abandoning module Toolbox (390)
[2020.11.12-12.18.55:448][ 33]LogModuleManager: Shutting down and abandoning module ModuleUI (388)
[2020.11.12-12.18.55:457][ 33]LogModuleManager: Shutting down and abandoning module MovieSceneTools (386)
[2020.11.12-12.18.55:488][ 33]LogModuleManager: Shutting down and abandoning module OutputLog (384)
[2020.11.12-12.18.55:489][ 33]LogModuleManager: Shutting down and abandoning module GammaUI (382)
[2020.11.12-12.18.55:501][ 33]LogModuleManager: Shutting down and abandoning module Documentation (380)
[2020.11.12-12.18.55:501][ 33]LogModuleManager: Shutting down and abandoning module MovieSceneTracks (378)
[2020.11.12-12.18.55:501][ 33]LogModuleManager: Shutting down and abandoning module MovieScene (376)
[2020.11.12-12.18.55:501][ 33]LogModuleManager: Shutting down and abandoning module StreamingPauseRendering (374)
[2020.11.12-12.18.55:501][ 33]LogModuleManager: Shutting down and abandoning module LauncherPlatform (372)
[2020.11.12-12.18.55:501][ 33]LogModuleManager: Shutting down and abandoning module AnalyticsET (370)
[2020.11.12-12.18.55:502][ 33]LogModuleManager: Shutting down and abandoning module PortalServices (368)
[2020.11.12-12.18.55:502][ 33]LogModuleManager: Shutting down and abandoning module PortalRpc (366)
[2020.11.12-12.18.55:502][ 33]LogModuleManager: Shutting down and abandoning module MessagingRpc (364)
[2020.11.12-12.18.55:502][ 33]LogModuleManager: Shutting down and abandoning module AIModule (362)
[2020.11.12-12.18.55:502][ 33]LogModuleManager: Shutting down and abandoning module GameplayDebugger (361)
[2020.11.12-12.18.55:513][ 33]LogModuleManager: Shutting down and abandoning module AITestSuite (359)
[2020.11.12-12.18.55:522][ 33]LogModuleManager: Shutting down and abandoning module DesktopPlatform (356)
[2020.11.12-12.18.55:522][ 33]LogModuleManager: Shutting down and abandoning module ProfilerService (354)
[2020.11.12-12.18.55:730][ 33]LogModuleManager: Shutting down and abandoning module TaskGraph (352)
[2020.11.12-12.18.55:749][ 33]LogModuleManager: Shutting down and abandoning module SteamVRController (350)
[2020.11.12-12.18.55:749][ 33]LogModuleManager: Shutting down and abandoning module ProceduralMeshComponentEditor (348)
[2020.11.12-12.18.55:749][ 33]LogModuleManager: Shutting down and abandoning module ProceduralMeshComponent (346)
[2020.11.12-12.18.55:749][ 33]LogModuleManager: Shutting down and abandoning module OculusInput (344)
[2020.11.12-12.18.55:758][ 33]LogModuleManager: Shutting down and abandoning module MobilePatchingUtils (342)
[2020.11.12-12.18.55:758][ 33]LogModuleManager: Shutting down and abandoning module CustomMeshComponent (340)
[2020.11.12-12.18.55:758][ 33]LogModuleManager: Shutting down and abandoning module CableComponent (338)
[2020.11.12-12.18.55:765][ 33]LogModuleManager: Shutting down and abandoning module ArchVisCharacter (336)
[2020.11.12-12.18.55:765][ 33]LogModuleManager: Shutting down and abandoning module AndroidPermission (334)
[2020.11.12-12.18.55:765][ 33]LogModuleManager: Shutting down and abandoning module ActorSequence (332)
[2020.11.12-12.18.55:765][ 33]LogModuleManager: Shutting down and abandoning module MediaPlayerEditor (330)
[2020.11.12-12.18.55:813][ 33]LogModuleManager: Shutting down and abandoning module MediaCompositingEditor (328)
[2020.11.12-12.18.55:813][ 33]LogModuleManager: Shutting down and abandoning module MediaCompositing (326)
[2020.11.12-12.18.55:813][ 33]LogModuleManager: Shutting down and abandoning module HTML5Networking (324)
[2020.11.12-12.18.55:813][ 33]LogModuleManager: Shutting down and abandoning module AlembicImporter (322)
[2020.11.12-12.18.55:823][ 33]LogModuleManager: Shutting down and abandoning module AlembicLibrary (321)
[2020.11.12-12.18.55:824][ 33]LogModuleManager: Shutting down and abandoning module GeometryCache (320)
[2020.11.12-12.18.55:824][ 33]LogModuleManager: Shutting down and abandoning module GeometryCacheEd (319)
[2020.11.12-12.18.55:824][ 33]LogModuleManager: Shutting down and abandoning module SpeedTreeImporter (314)
[2020.11.12-12.18.55:824][ 33]LogModuleManager: Shutting down and abandoning module PluginBrowser (312)
[2020.11.12-12.18.55:853][ 33]LogModuleManager: Shutting down and abandoning module MobileLauncherProfileWizard (310)
[2020.11.12-12.18.55:862][ 33]LogModuleManager: Shutting down and abandoning module VisualStudioSourceCodeAccess (308)
[2020.11.12-12.18.55:862][ 33]LogModuleManager: Shutting down and abandoning module VisualStudioCodeSourceCodeAccess (306)
[2020.11.12-12.18.55:862][ 33]LogModuleManager: Shutting down and abandoning module UObjectPlugin (304)
[2020.11.12-12.18.55:862][ 33]LogModuleManager: Shutting down and abandoning module SubversionSourceControl (302)
[2020.11.12-12.18.55:874][ 33]LogModuleManager: Shutting down and abandoning module PerforceSourceControl (300)
[2020.11.12-12.18.55:887][ 33]LogModuleManager: Shutting down and abandoning module GitSourceControl (298)
[2020.11.12-12.18.55:905][ 33]LogModuleManager: Shutting down and abandoning module SourceControl (297)
[2020.11.12-12.18.55:916][ 33]LogModuleManager: Shutting down and abandoning module LightPropagationVolumeEditor (294)
[2020.11.12-12.18.55:916][ 33]LogModuleManager: Shutting down and abandoning module PaperTiledImporter (292)
[2020.11.12-12.18.55:916][ 33]LogModuleManager: Shutting down and abandoning module PaperSpriteSheetImporter (290)
[2020.11.12-12.18.55:917][ 33]LogModuleManager: Shutting down and abandoning module Paper2DEditor (288)
[2020.11.12-12.18.55:943][ 33]LogModuleManager: Shutting down and abandoning module MeshPaint (287)
[2020.11.12-12.18.55:957][ 33]LogModuleManager: Shutting down and abandoning module LevelEditor (285)
[2020.11.12-12.18.56:014][ 33]LogModuleManager: Shutting down and abandoning module PixelInspectorModule (284)
[2020.11.12-12.18.56:028][ 33]LogModuleManager: Shutting down and abandoning module MainFrame (282)
[2020.11.12-12.18.56:035][ 33]LogModuleManager: Shutting down and abandoning module HotReload (281)
[2020.11.12-12.18.56:042][ 33]LogDirectoryWatcher: A directory notification for 'E:/GameDev/Unreal/GITHUB/IML/MyProject_01/Binaries/Win64' was aborted.
[2020.11.12-12.18.56:042][ 33]LogModuleManager: Shutting down and abandoning module RuntimePhysXCooking (276)
[2020.11.12-12.18.56:042][ 33]LogModuleManager: Shutting down and abandoning module PhysXVehiclesEditor (274)
[2020.11.12-12.18.56:042][ 33]LogModuleManager: Shutting down and abandoning module PhysXVehicles (272)
[2020.11.12-12.18.56:042][ 33]LogModuleManager: Shutting down and abandoning module OculusEditor (270)
[2020.11.12-12.18.56:042][ 33]LogModuleManager: Shutting down and abandoning module LocationServicesBPLibrary (268)
[2020.11.12-12.18.56:042][ 33]LogModuleManager: Shutting down and abandoning module ImmediatePhysicsEditor (266)
[2020.11.12-12.18.56:042][ 33]LogModuleManager: Shutting down and abandoning module ImmediatePhysics (264)
[2020.11.12-12.18.56:061][ 33]LogModuleManager: Shutting down and abandoning module UdpMessaging (262)
[2020.11.12-12.18.56:177][ 33]LogModuleManager: Shutting down and abandoning module TcpMessaging (260)
[2020.11.12-12.18.56:290][ 33]LogModuleManager: Shutting down and abandoning module GameplayTagsEditor (258)
[2020.11.12-12.18.56:318][ 33]LogModuleManager: Shutting down and abandoning module FacialAnimationEditor (256)
[2020.11.12-12.18.56:318][ 33]LogModuleManager: Shutting down and abandoning module FacialAnimation (254)
[2020.11.12-12.18.56:318][ 33]LogModuleManager: Shutting down and abandoning module AssetManagerEditor (252)
[2020.11.12-12.18.56:327][ 33]LogModuleManager: Shutting down and abandoning module GraphEditor (251)
[2020.11.12-12.18.56:367][ 33]LogModuleManager: Shutting down and abandoning module ContentBrowser (249)
[2020.11.12-12.18.56:464][ 33]LogModuleManager: Shutting down and abandoning module LightPropagationVolumeRuntime (246)
[2020.11.12-12.18.56:464][ 33]LogModuleManager: Shutting down and abandoning module AdvancedSteamSessions (244)
[2020.11.12-12.18.56:464][ 33]LogModuleManager: Shutting down and abandoning module AdvancedSessions (242)
[2020.11.12-12.18.56:464][ 33]LogModuleManager: Shutting down and abandoning module Paper2D (240)
[2020.11.12-12.18.56:475][ 33]LogModuleManager: Shutting down and abandoning module WindowsMoviePlayer (238)
[2020.11.12-12.18.56:485][ 33]LogModuleManager: Shutting down and abandoning module WmfMedia (236)
[2020.11.12-12.18.56:499][ 33]LogModuleManager: Shutting down and abandoning module ImgMedia (234)
[2020.11.12-12.18.56:499][ 33]LogModuleManager: Shutting down and abandoning module PacketHandler (232)
[2020.11.12-12.18.56:499][ 33]LogModuleManager: Shutting down and abandoning module ClothingSystemEditor (230)
[2020.11.12-12.18.56:499][ 33]LogModuleManager: Shutting down and abandoning module ClothingSystemRuntime (228)
[2020.11.12-12.18.56:513][ 33]LogModuleManager: Shutting down and abandoning module MediaAssets (226)
[2020.11.12-12.18.56:513][ 33]LogModuleManager: Shutting down and abandoning module Media (225)
[2020.11.12-12.18.56:519][ 33]LogModuleManager: Shutting down and abandoning module Overlay (222)
[2020.11.12-12.18.56:520][ 33]LogModuleManager: Shutting down and abandoning module OverlayEditor (221)
[2020.11.12-12.18.56:520][ 33]LogModuleManager: Shutting down and abandoning module VREditor (218)
[2020.11.12-12.18.56:545][ 33]LogModuleManager: Shutting down and abandoning module StringTableEditor (216)
[2020.11.12-12.18.56:562][ 33]LogModuleManager: Shutting down and abandoning module GameplayTasksEditor (214)
[2020.11.12-12.18.56:562][ 33]LogModuleManager: Shutting down and abandoning module BehaviorTreeEditor (212)
[2020.11.12-12.18.56:603][ 33]LogModuleManager: Shutting down and abandoning module FunctionalTesting (210)
[2020.11.12-12.18.56:611][ 33]LogModuleManager: Shutting down and abandoning module CollisionAnalyzer (208)
[2020.11.12-12.18.56:635][ 33]LogModuleManager: Shutting down and abandoning module WorkspaceMenuStructure (207)
[2020.11.12-12.18.56:635][ 33]LogModuleManager: Shutting down and abandoning module UMG (204)
[2020.11.12-12.18.56:662][ 33]LogModuleManager: Shutting down and abandoning module UMGEditor (203)
[2020.11.12-12.18.56:700][ 33]LogModuleManager: Shutting down and abandoning module Sequencer (202)
[2020.11.12-12.18.56:738][ 33]LogModuleManager: Shutting down and abandoning module MessageLog (199)
[2020.11.12-12.18.56:739][ 33]LogModuleManager: Shutting down and abandoning module SlateReflector (194)
[2020.11.12-12.18.56:778][ 33]LogModuleManager: Shutting down and abandoning module Slate (192)
[2020.11.12-12.18.56:778][ 33]LogModuleManager: Shutting down and abandoning module EditorStyle (190)
[2020.11.12-12.18.56:827][ 33]LogModuleManager: Shutting down and abandoning module MRMesh (188)
[2020.11.12-12.18.56:827][ 33]LogModuleManager: Shutting down and abandoning module SourceCodeAccess (186)
[2020.11.12-12.18.56:827][ 33]LogModuleManager: Shutting down and abandoning module HeadMountedDisplay (184)
[2020.11.12-12.18.56:827][ 33]LogModuleManager: Shutting down and abandoning module XAudio2 (182)
[2020.11.12-12.18.56:827][ 33]LogModuleManager: Shutting down and abandoning module Networking (180)
[2020.11.12-12.18.56:827][ 33]LogModuleManager: Shutting down and abandoning module Core (178)
[2020.11.12-12.18.56:827][ 33]LogModuleManager: Shutting down and abandoning module LevelSequence (174)
[2020.11.12-12.18.56:834][ 33]LogModuleManager: Shutting down and abandoning module DirectoryWatcher (172)
[2020.11.12-12.18.56:840][ 33]LogModuleManager: Shutting down and abandoning module KismetCompiler (170)
[2020.11.12-12.18.56:840][ 33]LogModuleManager: Shutting down and abandoning module MeshUtilities (168)
[2020.11.12-12.18.56:859][ 33]LogModuleManager: Shutting down and abandoning module MeshMergeUtilities (167)
[2020.11.12-12.18.56:871][ 33]LogModuleManager: Shutting down and abandoning module MeshReductionInterface (166)
[2020.11.12-12.18.56:871][ 33]LogModuleManager: Shutting down and abandoning module SimplygonSwarm (165)
[2020.11.12-12.18.56:878][ 33]LogModuleManager: Shutting down and abandoning module SimplygonMeshReduction (163)
[2020.11.12-12.18.56:878][ 33]LogModuleManager: Shutting down and abandoning module QuadricMeshReduction (161)
[2020.11.12-12.18.56:888][ 33]LogModuleManager: Shutting down and abandoning module MaterialBaking (157)
[2020.11.12-12.18.56:894][ 33]LogModuleManager: Shutting down and abandoning module DerivedDataCache (154)
[2020.11.12-12.18.56:943][ 33]LogDerivedDataCache: Shutdown
[2020.11.12-12.18.56:943][ 33]LogModuleManager: Shutting down and abandoning module TargetPlatform (152)
[2020.11.12-12.18.56:943][ 33]LogModuleManager: Shutting down and abandoning module VulkanShaderFormat (151)
[2020.11.12-12.18.56:951][ 33]LogModuleManager: Shutting down and abandoning module ShaderFormatVectorVM (149)
[2020.11.12-12.18.56:980][ 33]LogModuleManager: Shutting down and abandoning module ShaderFormatOpenGL (147)
[2020.11.12-12.18.57:002][ 33]LogModuleManager: Shutting down and abandoning module ShaderFormatD3D (145)
[2020.11.12-12.18.57:009][ 33]LogModuleManager: Shutting down and abandoning module MetalShaderFormat (143)
[2020.11.12-12.18.57:021][ 33]LogModuleManager: Shutting down and abandoning module TextureFormatUncompressed (141)
[2020.11.12-12.18.57:021][ 33]LogModuleManager: Shutting down and abandoning module TextureFormatPVR (139)
[2020.11.12-12.18.57:021][ 33]LogModuleManager: Shutting down and abandoning module TextureFormatDXT (137)
[2020.11.12-12.18.57:021][ 33]LogModuleManager: Shutting down and abandoning module TextureFormatIntelISPCTexComp (135)
[2020.11.12-12.18.57:062][ 33]LogModuleManager: Shutting down and abandoning module TextureFormatASTC (133)
[2020.11.12-12.18.57:062][ 33]LogModuleManager: Shutting down and abandoning module ImageWrapper (132)
[2020.11.12-12.18.57:062][ 33]LogModuleManager: Shutting down and abandoning module TextureFormatAndroid (129)
[2020.11.12-12.18.57:062][ 33]LogModuleManager: Shutting down and abandoning module AudioFormatOpus (127)
[2020.11.12-12.18.57:062][ 33]LogModuleManager: Shutting down and abandoning module AudioFormatOgg (125)
[2020.11.12-12.18.57:082][ 33]LogModuleManager: Shutting down and abandoning module AudioFormatADPCM (123)
[2020.11.12-12.18.57:090][ 33]LogModuleManager: Shutting down and abandoning module LinuxTargetPlatform (121)
[2020.11.12-12.18.57:098][ 33]LogModuleManager: Shutting down and abandoning module LinuxServerTargetPlatform (119)
[2020.11.12-12.18.57:111][ 33]LogModuleManager: Shutting down and abandoning module LinuxNoEditorTargetPlatform (117)
[2020.11.12-12.18.57:120][ 33]LogModuleManager: Shutting down and abandoning module LinuxClientTargetPlatform (115)
[2020.11.12-12.18.57:126][ 33]LogModuleManager: Shutting down and abandoning module TVOSTargetPlatform (113)
[2020.11.12-12.18.57:126][ 33]LogModuleManager: Shutting down and abandoning module Messaging (111)
[2020.11.12-12.18.57:126][ 33]LogModuleManager: Shutting down and abandoning module IOSTargetPlatform (109)
[2020.11.12-12.18.57:126][ 33]LogModuleManager: Shutting down and abandoning module HTML5TargetPlatform (107)
[2020.11.12-12.18.57:126][ 33]LogModuleManager: Shutting down and abandoning module AndroidTargetPlatform (105)
[2020.11.12-12.18.57:126][ 33]LogModuleManager: Shutting down and abandoning module Android_PVRTCTargetPlatform (103)
[2020.11.12-12.18.57:126][ 33]LogModuleManager: Shutting down and abandoning module Android_MultiTargetPlatform (101)
[2020.11.12-12.18.57:126][ 33]LogModuleManager: Shutting down and abandoning module Android_ETC2TargetPlatform (99)
[2020.11.12-12.18.57:126][ 33]LogModuleManager: Shutting down and abandoning module Android_ETC1TargetPlatform (97)
[2020.11.12-12.18.57:126][ 33]LogModuleManager: Shutting down and abandoning module Android_DXTTargetPlatform (95)
[2020.11.12-12.18.57:126][ 33]LogModuleManager: Shutting down and abandoning module Android_ATCTargetPlatform (93)
[2020.11.12-12.18.57:126][ 33]LogModuleManager: Shutting down and abandoning module Android_ASTCTargetPlatform (91)
[2020.11.12-12.18.57:126][ 33]LogModuleManager: Shutting down and abandoning module WindowsTargetPlatform (89)
[2020.11.12-12.18.57:126][ 33]LogModuleManager: Shutting down and abandoning module WindowsServerTargetPlatform (87)
[2020.11.12-12.18.57:138][ 33]LogModuleManager: Shutting down and abandoning module WindowsNoEditorTargetPlatform (85)
[2020.11.12-12.18.57:139][ 33]LogModuleManager: Shutting down and abandoning module WindowsClientTargetPlatform (83)
[2020.11.12-12.18.57:139][ 33]LogModuleManager: Shutting down and abandoning module MacTargetPlatform (81)
[2020.11.12-12.18.57:139][ 33]LogModuleManager: Shutting down and abandoning module MacServerTargetPlatform (79)
[2020.11.12-12.18.57:139][ 33]LogModuleManager: Shutting down and abandoning module MacNoEditorTargetPlatform (77)
[2020.11.12-12.18.57:139][ 33]LogModuleManager: Shutting down and abandoning module MacClientTargetPlatform (75)
[2020.11.12-12.18.57:139][ 33]LogModuleManager: Shutting down and abandoning module AllDesktopTargetPlatform (73)
[2020.11.12-12.18.57:139][ 33]LogModuleManager: Shutting down and abandoning module InputCore (70)
[2020.11.12-12.18.57:139][ 33]LogModuleManager: Shutting down and abandoning module Settings (68)
[2020.11.12-12.18.57:139][ 33]LogModuleManager: Shutting down and abandoning module PhysXCooking (66)
[2020.11.12-12.18.57:139][ 33]LogModuleManager: Shutting down and abandoning module SteamVR (64)
[2020.11.12-12.18.57:139][ 33]LogModuleManager: Shutting down and abandoning module OculusHMD (62)
[2020.11.12-12.18.57:152][ 33]LogModuleManager: Shutting down and abandoning module ExampleDeviceProfileSelector (60)
[2020.11.12-12.18.57:152][ 33]LogModuleManager: Shutting down and abandoning module AppleARKit (58)
[2020.11.12-12.18.57:152][ 33]LogModuleManager: Shutting down and abandoning module AugmentedReality (57)
[2020.11.12-12.18.57:152][ 33]LogModuleManager: Shutting down and abandoning module OnlineBlueprintSupport (54)
[2020.11.12-12.18.57:152][ 33]LogModuleManager: Shutting down and abandoning module OnlineSubsystem (50)
[2020.11.12-12.18.57:180][ 33]LogOnline: Display: OSS: FOnlineSubsystemNull::Shutdown()
[2020.11.12-12.18.57:181][ 33]LogOnline: Display: OSS: FOnlineAsyncTaskManager::Stop() ActiveTask:0000000000000000 Tasks[0/0]
[2020.11.12-12.18.57:275][ 33]LogOnline: Display: OSS: FOnlineAsyncTaskManager::Exit() started
[2020.11.12-12.18.57:275][ 33]LogOnline: Display: OSS: FOnlineAsyncTaskManager::Exit() finished
[2020.11.12-12.18.57:275][ 33]LogModuleManager: Shutting down and abandoning module XMPP (43)
[2020.11.12-12.18.57:299][ 33]LogModuleManager: Shutting down and abandoning module HTTP (41)
[2020.11.12-12.18.57:299][ 33]LogHttp: Display: Http module shutting down, but needs to wait on 1 outstanding Http requests:
[2020.11.12-12.18.57:306][ 33]LogHttp: Display: 	verb=[POST] url=[https://datarouter.ol.epicgames.com/datarouter/api/v1/public/data?SessionID=%7B829D0F71-4DA0-E374-3169-699DD268BB21%7D&AppID=UEEditor.Rocket.Release&AppVersion=4.18.3-3832480%2B%2B%2BUE4%2BRelease-4.18&UserID=dab985eb449ee4f1b342389e404cab9f%7C845779d9bd904572b61cf91381b7a44e%7C4e718ad1-99cd-4dc7-9063-d4e2b6f3fd7d&AppEnvironment=datacollector-binary&UploadType=eteventstream] status=Processing
[2020.11.12-12.18.57:379][ 33]LogModuleManager: Shutting down and abandoning module SSL (40)
[2020.11.12-12.18.57:403][ 33]LogModuleManager: Shutting down and abandoning module AnimationModifiers (36)
[2020.11.12-12.18.57:417][ 33]LogModuleManager: Shutting down and abandoning module PropertyEditor (35)
[2020.11.12-12.18.57:417][ 33]LogModuleManager: Shutting down and abandoning module AudioEditor (32)
[2020.11.12-12.18.57:469][ 33]LogModuleManager: Shutting down and abandoning module TextureCompressor (30)
[2020.11.12-12.18.57:605][ 33]LogModuleManager: Shutting down and abandoning module ShaderCore (28)
[2020.11.12-12.18.57:605][ 33]LogModuleManager: Shutting down and abandoning module Landscape (26)
[2020.11.12-12.18.57:605][ 33]LogModuleManager: Shutting down and abandoning module SlateRHIRenderer (24)
[2020.11.12-12.18.57:772][ 33]LogModuleManager: Shutting down and abandoning module OpenGLDrv (22)
[2020.11.12-12.18.57:815][ 33]LogModuleManager: Shutting down and abandoning module D3D11RHI (20)
[2020.11.12-12.18.57:815][ 33]LogModuleManager: Shutting down and abandoning module AnimGraphRuntime (18)
[2020.11.12-12.18.57:844][ 33]LogModuleManager: Shutting down and abandoning module Renderer (16)
[2020.11.12-12.18.57:844][ 33]LogModuleManager: Shutting down and abandoning module Engine (14)
[2020.11.12-12.18.57:852][ 33]LogModuleManager: Shutting down and abandoning module CoreUObject (12)
[2020.11.12-12.18.57:852][ 33]LogModuleManager: Shutting down and abandoning module NetworkFile (10)
[2020.11.12-12.18.57:874][ 33]LogModuleManager: Shutting down and abandoning module CookedIterativeFile (8)
[2020.11.12-12.18.57:874][ 33]LogModuleManager: Shutting down and abandoning module StreamingFile (6)
[2020.11.12-12.18.57:882][ 33]LogModuleManager: Shutting down and abandoning module SandboxFile (4)
[2020.11.12-12.18.57:882][ 33]LogModuleManager: Shutting down and abandoning module PakFile (2)
[2020.11.12-12.18.58:017][ 33]LogExit: Exiting.
[2020.11.12-12.18.58:373][ 33]Log file closed, 11/12/20 18:18:58
