Log file open, 11/12/20 18:26:11
LogWindows: Failed to load 'aqProf.dll' (GetLastError=126)
LogWindows: File 'aqProf.dll' does not exist
LogWindows: Failed to load 'VSPerf140.dll' (GetLastError=126)
LogWindows: File 'VSPerf140.dll' does not exist
LogWindows: Failed to load 'VtuneApi.dll' (GetLastError=126)
LogWindows: File 'VtuneApi.dll' does not exist
LogWindows: Failed to load 'VtuneApi32e.dll' (GetLastError=126)
LogWindows: File 'VtuneApi32e.dll' does not exist
LogInit: Display: Running engine for game: MyProject_01
LogPlatformFile: Not using cached read wrapper
LogInit: Display: RandInit(1172261811) SRandInit(1172261811).
LogInit: Read version file with build ID '3709383'
LogInit: Overriding engine version to CL 3832480, compatible CL 3709383
LogInit: Registered custom module enumerator with build ID '3709383'
LogTaskGraph: Started task graph with 5 named threads and 8 total threads with 3 sets of task threads.
LogStats: Stats thread started at 2.865689
LogD3D11RHI: Aftermath initialized
LogModuleManager: Display: Found up-to-date module file ../../../Engine/Plugins/Online/OnlineSubsystemSteam/Binaries/Win64/UE4Editor-OnlineSubsystemSteam.dll (API version 3709383).
LogModuleManager: Display: Found up-to-date module file ../../../Engine/Plugins/Online/OnlineSubsystem/Binaries/Win64/UE4Editor-OnlineSubsystem.dll (API version 3709383).
LogModuleManager: Display: Found up-to-date module file ../../../Engine/Plugins/Online/OnlineSubsystemUtils/Binaries/Win64/UE4Editor-OnlineSubsystemUtils.dll (API version 3709383).
LogModuleManager: Display: Found up-to-date module file ../../../Engine/Plugins/Online/OnlineSubsystemUtils/Binaries/Win64/UE4Editor-OnlineBlueprintSupport.dll (API version 3709383).
LogModuleManager: Display: Found up-to-date module file ../../../Engine/Plugins/AdvancedSessions/AdvancedSessions/Binaries/Win64/UE4Editor-AdvancedSessions.dll (API version 3709383).
LogModuleManager: Display: Found up-to-date module file ../../../Engine/Plugins/AdvancedSessions/AdvancedSteamSessions/Binaries/Win64/UE4Editor-AdvancedSteamSessions.dll (API version 3709383).
LogModuleManager: Display: Found up-to-date module file ../../../Engine/Plugins/2D/Paper2D/Binaries/Win64/UE4Editor-Paper2D.dll (API version 3709383).
LogModuleManager: Display: Found up-to-date module file ../../../Engine/Plugins/2D/Paper2D/Binaries/Win64/UE4Editor-Paper2DEditor.dll (API version 3709383).
LogModuleManager: Display: Found up-to-date module file ../../../Engine/Plugins/2D/Paper2D/Binaries/Win64/UE4Editor-PaperSpriteSheetImporter.dll (API version 3709383).
LogModuleManager: Display: Found up-to-date module file ../../../Engine/Plugins/2D/Paper2D/Binaries/Win64/UE4Editor-PaperTiledImporter.dll (API version 3709383).
LogModuleManager: Display: Found up-to-date module file ../../../Engine/Plugins/2D/Paper2D/Binaries/Win64/UE4Editor-SmartSnapping.dll (API version 3709383).
LogModuleManager: Display: Found up-to-date module file ../../../Engine/Plugins/Blendables/LightPropagationVolume/Binaries/Win64/UE4Editor-LightPropagationVolumeRuntime.dll (API version 3709383).
LogModuleManager: Display: Found up-to-date module file ../../../Engine/Plugins/Blendables/LightPropagationVolume/Binaries/Win64/UE4Editor-LightPropagationVolumeEditor.dll (API version 3709383).
LogModuleManager: Display: Found up-to-date module file ../../../Engine/Plugins/Developer/GitSourceControl/Binaries/Win64/UE4Editor-GitSourceControl.dll (API version 3709383).
LogModuleManager: Display: Found up-to-date module file ../../../Engine/Plugins/Developer/PerforceSourceControl/Binaries/Win64/UE4Editor-PerforceSourceControl.dll (API version 3709383).
LogModuleManager: Display: Found up-to-date module file ../../../Engine/Plugins/Developer/SubversionSourceControl/Binaries/Win64/UE4Editor-SubversionSourceControl.dll (API version 3709383).
LogModuleManager: Display: Found up-to-date module file ../../../Engine/Plugins/Developer/UObjectPlugin/Binaries/Win64/UE4Editor-UObjectPlugin.dll (API version 3709383).
LogModuleManager: Display: Found up-to-date module file ../../../Engine/Plugins/Developer/VisualStudioCodeSourceCodeAccess/Binaries/Win64/UE4Editor-VisualStudioCodeSourceCodeAccess.dll (API version 3709383).
LogModuleManager: Display: Found up-to-date module file ../../../Engine/Plugins/Developer/VisualStudioSourceCodeAccess/Binaries/Win64/UE4Editor-VisualStudioSourceCodeAccess.dll (API version 3709383).
LogModuleManager: Display: Found up-to-date module file ../../../Engine/Plugins/Editor/AssetManagerEditor/Binaries/Win64/UE4Editor-AssetManagerEditor.dll (API version 3709383).
LogModuleManager: Display: Found up-to-date module file ../../../Engine/Plugins/Editor/AudioCapture/Binaries/Win64/UE4Editor-AudioCapture.dll (API version 3709383).
LogModuleManager: Display: Found up-to-date module file ../../../Engine/Plugins/Editor/FacialAnimation/Binaries/Win64/UE4Editor-FacialAnimation.dll (API version 3709383).
LogModuleManager: Display: Found up-to-date module file ../../../Engine/Plugins/Editor/FacialAnimation/Binaries/Win64/UE4Editor-FacialAnimationEditor.dll (API version 3709383).
LogModuleManager: Display: Found up-to-date module file ../../../Engine/Plugins/Editor/GameplayTagsEditor/Binaries/Win64/UE4Editor-GameplayTagsEditor.dll (API version 3709383).
LogModuleManager: Display: Found up-to-date module file ../../../Engine/Plugins/Editor/MobileLauncherProfileWizard/Binaries/Win64/UE4Editor-MobileLauncherProfileWizard.dll (API version 3709383).
LogModuleManager: Display: Found up-to-date module file ../../../Engine/Plugins/Editor/PluginBrowser/Binaries/Win64/UE4Editor-PluginBrowser.dll (API version 3709383).
LogModuleManager: Display: Found up-to-date module file ../../../Engine/Plugins/Editor/SpeedTreeImporter/Binaries/Win64/UE4Editor-SpeedTreeImporter.dll (API version 3709383).
LogModuleManager: Display: Found up-to-date module file ../../../Engine/Plugins/Experimental/AlembicImporter/Binaries/Win64/UE4Editor-AlembicImporter.dll (API version 3709383).
LogModuleManager: Display: Found up-to-date module file ../../../Engine/Plugins/Experimental/AlembicImporter/Binaries/Win64/UE4Editor-AlembicLibrary.dll (API version 3709383).
LogModuleManager: Display: Found up-to-date module file ../../../Engine/Plugins/Experimental/CharacterAI/Binaries/Win64/UE4Editor-CharacterAI.dll (API version 3709383).
LogModuleManager: Display: Found up-to-date module file ../../../Engine/Plugins/Experimental/HTML5Networking/Binaries/Win64/UE4Editor-HTML5Networking.dll (API version 3709383).
LogModuleManager: Display: Found up-to-date module file ../../../Engine/Plugins/Media/AndroidMedia/Binaries/Win64/UE4Editor-AndroidMediaEditor.dll (API version 3709383).
LogModuleManager: Display: Found up-to-date module file ../../../Engine/Plugins/Media/AndroidMedia/Binaries/Win64/UE4Editor-AndroidMediaFactory.dll (API version 3709383).
LogModuleManager: Display: Found up-to-date module file ../../../Engine/Plugins/Media/AvfMedia/Binaries/Win64/UE4Editor-AvfMediaEditor.dll (API version 3709383).
LogModuleManager: Display: Found up-to-date module file ../../../Engine/Plugins/Media/AvfMedia/Binaries/Win64/UE4Editor-AvfMediaFactory.dll (API version 3709383).
LogModuleManager: Display: Found up-to-date module file ../../../Engine/Plugins/Media/AvfMedia/Binaries/Win64/UE4Editor-AvfMediaFactory.dll (API version 3709383).
LogModuleManager: Display: Found up-to-date module file ../../../Engine/Plugins/Media/ImgMedia/Binaries/Win64/UE4Editor-ImgMedia.dll (API version 3709383).
LogModuleManager: Display: Found up-to-date module file ../../../Engine/Plugins/Media/ImgMedia/Binaries/Win64/UE4Editor-ImgMediaEditor.dll (API version 3709383).
LogModuleManager: Display: Found up-to-date module file ../../../Engine/Plugins/Media/ImgMedia/Binaries/Win64/UE4Editor-ImgMediaFactory.dll (API version 3709383).
LogModuleManager: Display: Found up-to-date module file ../../../Engine/Plugins/Media/ImgMedia/Binaries/Win64/UE4Editor-ImgMediaFactory.dll (API version 3709383).
LogModuleManager: Display: Found up-to-date module file ../../../Engine/Plugins/Media/ImgMedia/Binaries/Win64/UE4Editor-OpenExrWrapper.dll (API version 3709383).
LogModuleManager: Display: Found up-to-date module file ../../../Engine/Plugins/Media/MediaCompositing/Binaries/Win64/UE4Editor-MediaCompositing.dll (API version 3709383).
LogModuleManager: Display: Found up-to-date module file ../../../Engine/Plugins/Media/MediaCompositing/Binaries/Win64/UE4Editor-MediaCompositingEditor.dll (API version 3709383).
LogModuleManager: Display: Found up-to-date module file ../../../Engine/Plugins/Media/MediaPlayerEditor/Binaries/Win64/UE4Editor-MediaPlayerEditor.dll (API version 3709383).
LogModuleManager: Display: Found up-to-date module file ../../../Engine/Plugins/Media/WmfMedia/Binaries/Win64/UE4Editor-WmfMedia.dll (API version 3709383).
LogModuleManager: Display: Found up-to-date module file ../../../Engine/Plugins/Media/WmfMedia/Binaries/Win64/UE4Editor-WmfMediaEditor.dll (API version 3709383).
LogModuleManager: Display: Found up-to-date module file ../../../Engine/Plugins/Media/WmfMedia/Binaries/Win64/UE4Editor-WmfMediaFactory.dll (API version 3709383).
LogModuleManager: Display: Found up-to-date module file ../../../Engine/Plugins/Media/WmfMedia/Binaries/Win64/UE4Editor-WmfMediaFactory.dll (API version 3709383).
LogModuleManager: Display: Found up-to-date module file ../../../Engine/Plugins/Messaging/TcpMessaging/Binaries/Win64/UE4Editor-TcpMessaging.dll (API version 3709383).
LogModuleManager: Display: Found up-to-date module file ../../../Engine/Plugins/Messaging/UdpMessaging/Binaries/Win64/UE4Editor-UdpMessaging.dll (API version 3709383).
LogModuleManager: Display: Found up-to-date module file ../../../Engine/Plugins/MovieScene/ActorSequence/Binaries/Win64/UE4Editor-ActorSequence.dll (API version 3709383).
LogModuleManager: Display: Found up-to-date module file ../../../Engine/Plugins/MovieScene/LevelSequenceEditor/Binaries/Win64/UE4Editor-LevelSequenceEditor.dll (API version 3709383).
LogModuleManager: Display: Found up-to-date module file ../../../Engine/Plugins/MovieScene/MatineeToLevelSequence/Binaries/Win64/UE4Editor-MatineeToLevelSequence.dll (API version 3709383).
LogModuleManager: Display: Found up-to-date module file ../../../Engine/Plugins/Runtime/AndroidPermission/Binaries/Win64/UE4Editor-AndroidPermission.dll (API version 3709383).
LogModuleManager: Display: Found up-to-date module file ../../../Engine/Plugins/Online/OnlineSubsystemNull/Binaries/Win64/UE4Editor-OnlineSubsystemNull.dll (API version 3709383).
LogModuleManager: Display: Found up-to-date module file ../../../Engine/Plugins/Runtime/AndroidDeviceProfileSelector/Binaries/Win64/UE4Editor-AndroidDeviceProfileSelector.dll (API version 3709383).
LogModuleManager: Display: Found up-to-date module file ../../../Engine/Plugins/Runtime/AppleARKit/Binaries/Win64/UE4Editor-AppleARKit.dll (API version 3709383).
LogModuleManager: Display: Found up-to-date module file ../../../Engine/Plugins/Runtime/ArchVisCharacter/Binaries/Win64/UE4Editor-ArchVisCharacter.dll (API version 3709383).
LogModuleManager: Display: Found up-to-date module file ../../../Engine/Plugins/Runtime/CableComponent/Binaries/Win64/UE4Editor-CableComponent.dll (API version 3709383).
LogModuleManager: Display: Found up-to-date module file ../../../Engine/Plugins/Runtime/CustomMeshComponent/Binaries/Win64/UE4Editor-CustomMeshComponent.dll (API version 3709383).
LogModuleManager: Display: Found up-to-date module file ../../../Engine/Plugins/Runtime/ExampleDeviceProfileSelector/Binaries/Win64/UE4Editor-ExampleDeviceProfileSelector.dll (API version 3709383).
LogModuleManager: Display: Found up-to-date module file ../../../Engine/Plugins/Runtime/ImmediatePhysics/Binaries/Win64/UE4Editor-ImmediatePhysics.dll (API version 3709383).
LogModuleManager: Display: Found up-to-date module file ../../../Engine/Plugins/Runtime/ImmediatePhysics/Binaries/Win64/UE4Editor-ImmediatePhysicsEditor.dll (API version 3709383).
LogModuleManager: Display: Found up-to-date module file ../../../Engine/Plugins/Runtime/LocationServicesBPLibrary/Binaries/Win64/UE4Editor-LocationServicesBPLibrary.dll (API version 3709383).
LogModuleManager: Display: Found up-to-date module file ../../../Engine/Plugins/Runtime/MobilePatchingUtils/Binaries/Win64/UE4Editor-MobilePatchingUtils.dll (API version 3709383).
LogModuleManager: Display: Found up-to-date module file ../../../Engine/Plugins/Runtime/Oculus/OculusVR/Binaries/Win64/UE4Editor-OculusHMD.dll (API version 3709383).
LogModuleManager: Display: Found up-to-date module file ../../../Engine/Plugins/Runtime/Oculus/OculusVR/Binaries/Win64/UE4Editor-OculusInput.dll (API version 3709383).
LogModuleManager: Display: Found up-to-date module file ../../../Engine/Plugins/Runtime/Oculus/OculusVR/Binaries/Win64/UE4Editor-OculusEditor.dll (API version 3709383).
LogModuleManager: Display: Found up-to-date module file ../../../Engine/Plugins/Runtime/PhysXVehicles/Binaries/Win64/UE4Editor-PhysXVehicles.dll (API version 3709383).
LogModuleManager: Display: Found up-to-date module file ../../../Engine/Plugins/Runtime/PhysXVehicles/Binaries/Win64/UE4Editor-PhysXVehiclesEditor.dll (API version 3709383).
LogModuleManager: Display: Found up-to-date module file ../../../Engine/Plugins/Runtime/ProceduralMeshComponent/Binaries/Win64/UE4Editor-ProceduralMeshComponent.dll (API version 3709383).
LogModuleManager: Display: Found up-to-date module file ../../../Engine/Plugins/Runtime/ProceduralMeshComponent/Binaries/Win64/UE4Editor-ProceduralMeshComponentEditor.dll (API version 3709383).
LogModuleManager: Display: Found up-to-date module file ../../../Engine/Plugins/Runtime/RuntimePhysXCooking/Binaries/Win64/UE4Editor-RuntimePhysXCooking.dll (API version 3709383).
LogModuleManager: Display: Found up-to-date module file ../../../Engine/Plugins/Runtime/Steam/SteamVR/Binaries/Win64/UE4Editor-SteamVR.dll (API version 3709383).
LogModuleManager: Display: Found up-to-date module file ../../../Engine/Plugins/Runtime/Steam/SteamVR/Binaries/Win64/UE4Editor-SteamVRController.dll (API version 3709383).
LogModuleManager: Display: Found up-to-date module file ../../../Engine/Plugins/Runtime/WindowsMoviePlayer/Binaries/Win64/UE4Editor-WindowsMoviePlayer.dll (API version 3709383).
LogPluginManager: Mounting plugin Paper2D
LogPluginManager: Mounting plugin AdvancedSessions
LogPluginManager: Mounting plugin AdvancedSteamSessions
LogPluginManager: Mounting plugin LightPropagationVolume
LogPluginManager: Mounting plugin CodeLiteSourceCodeAccess
LogPluginManager: Mounting plugin GitSourceControl
LogPluginManager: Mounting plugin KDevelopSourceCodeAccess
LogPluginManager: Mounting plugin NullSourceCodeAccess
LogPluginManager: Mounting plugin PerforceSourceControl
LogPluginManager: Mounting plugin SubversionSourceControl
LogPluginManager: Mounting plugin UObjectPlugin
LogPluginManager: Mounting plugin VisualStudioCodeSourceCodeAccess
LogPluginManager: Mounting plugin VisualStudioSourceCodeAccess
LogPluginManager: Mounting plugin XCodeSourceCodeAccess
LogPluginManager: Mounting plugin AssetManagerEditor
LogPluginManager: Mounting plugin AudioCapture
LogPluginManager: Mounting plugin FacialAnimation
LogPluginManager: Mounting plugin GameplayTagsEditor
LogPluginManager: Mounting plugin MobileLauncherProfileWizard
LogPluginManager: Mounting plugin PluginBrowser
LogPluginManager: Mounting plugin SpeedTreeImporter
LogPluginManager: Mounting plugin AlembicImporter
LogPluginManager: Mounting plugin CharacterAI
LogPluginManager: Mounting plugin HTML5Networking
LogPluginManager: Mounting plugin AndroidMedia
LogPluginManager: Mounting plugin AvfMedia
LogPluginManager: Mounting plugin ImgMedia
LogPluginManager: Mounting plugin MediaCompositing
LogPluginManager: Mounting plugin MediaPlayerEditor
LogPluginManager: Mounting plugin WmfMedia
LogPluginManager: Mounting plugin TcpMessaging
LogPluginManager: Mounting plugin UdpMessaging
LogPluginManager: Mounting plugin ActorSequence
LogPluginManager: Mounting plugin LevelSequenceEditor
LogPluginManager: Mounting plugin MatineeToLevelSequence
LogPluginManager: Mounting plugin OnlineSubsystemGooglePlay
LogPluginManager: Mounting plugin OnlineSubsystemIOS
LogPluginManager: Mounting plugin OnlineSubsystem
LogPluginManager: Mounting plugin OnlineSubsystemNull
LogPluginManager: Mounting plugin OnlineSubsystemSteam
LogPluginManager: Mounting plugin OnlineSubsystemUtils
LogPluginManager: Mounting plugin AndroidDeviceProfileSelector
LogPluginManager: Mounting plugin AndroidMoviePlayer
LogPluginManager: Mounting plugin AndroidPermission
LogPluginManager: Mounting plugin AppleARKit
LogPluginManager: Mounting plugin AppleMoviePlayer
LogPluginManager: Mounting plugin ArchVisCharacter
LogPluginManager: Mounting plugin CableComponent
LogPluginManager: Mounting plugin CustomMeshComponent
LogPluginManager: Mounting plugin ExampleDeviceProfileSelector
LogPluginManager: Mounting plugin GoogleCloudMessaging
LogPluginManager: Mounting plugin ImmediatePhysics
LogPluginManager: Mounting plugin IOSDeviceProfileSelector
LogPluginManager: Mounting plugin LinuxDeviceProfileSelector
LogPluginManager: Mounting plugin LocationServicesBPLibrary
LogPluginManager: Mounting plugin MobilePatchingUtils
LogPluginManager: Mounting plugin OculusVR
LogPluginManager: Plugin shader directory ../../../Engine/Plugins/Runtime/Oculus/OculusVR/Shaders found
LogPluginManager: Mapping shader source directory ../../../Engine/Plugins/Runtime/Oculus/OculusVR/Shaders to virtual directory /Plugin/OculusVR
LogPluginManager: Mounting plugin PhysXVehicles
LogPluginManager: Mounting plugin ProceduralMeshComponent
LogPluginManager: Mounting plugin RuntimePhysXCooking
LogPluginManager: Mounting plugin SteamVR
LogPluginManager: Mounting plugin WindowsMoviePlayer
LogInit: Using libcurl 7.47.1
LogInit:  - built for x86_64-pc-win32
LogInit:  - supports SSL with OpenSSL/1.0.2g
LogInit:  - supports HTTP deflate (compression) using libz 1.2.8
LogInit:  - other features:
LogInit:      CURL_VERSION_SSL
LogInit:      CURL_VERSION_LIBZ
LogInit:      CURL_VERSION_IPV6
LogInit:      CURL_VERSION_ASYNCHDNS
LogInit:      CURL_VERSION_LARGEFILE
LogInit:      CURL_VERSION_IDN
LogInit:  CurlRequestOptions (configurable via config and command line):
LogInit:  - bVerifyPeer = false  - Libcurl will NOT verify peer certificate
LogInit:  - bUseHttpProxy = false  - Libcurl will NOT use HTTP proxy
LogInit:  - bDontReuseConnections = false  - Libcurl will reuse connections
LogInit:  - CertBundlePath = nullptr  - Libcurl will use whatever was configured at build time.
LogOnline: Display: STEAM: Loading Steam SDK 1.39
LogOnline: Warning: STEAM: Steam API disabled!
LogOnline: Display: STEAM: OnlineSubsystemSteam::Shutdown()
LogInit: WinSock: version 1.1 (2.2), MaxSocks=32767, MaxUdp=65467
LogInit: Build: ++UE4+Release-4.18-CL-3832480
LogInit: Engine Version: 4.18.3-3832480+++UE4+Release-4.18
LogInit: Compatible Engine Version: 4.18.0-3709383+++UE4+Release-4.18
LogInit: Net CL: 3709383
LogDevObjectVersion: Number of dev versions registered: 16
LogDevObjectVersion:   Dev-Blueprints (B0D832E4-1F89-4F0D-ACCF-7EB736FD4AA2): 10
LogDevObjectVersion:   Dev-Build (E1C64328-A22C-4D53-A36C-8E866417BD8C): 0
LogDevObjectVersion:   Dev-Core (375EC13C-06E4-48FB-B500-84F0262A717E): 2
LogDevObjectVersion:   Dev-Editor (E4B068ED-F494-42E9-A231-DA0B2E46BB41): 20
LogDevObjectVersion:   Dev-Framework (CFFC743F-43B0-4480-9391-14DF171D2073): 30
LogDevObjectVersion:   Dev-Mobile (B02B49B5-BB20-44E9-A304-32B752E40360): 0
LogDevObjectVersion:   Dev-Networking (A4E4105C-59A1-49B5-A7C5-40C4547EDFEE): 0
LogDevObjectVersion:   Dev-Online (39C831C9-5AE6-47DC-9A44-9C173E1C8E7C): 0
LogDevObjectVersion:   Dev-Physics (78F01B33-EBEA-4F98-B9B4-84EACCB95AA2): 0
LogDevObjectVersion:   Dev-Platform (6631380F-2D4D-43E0-8009-CF276956A95A): 0
LogDevObjectVersion:   Dev-Rendering (12F88B9F-8875-4AFC-A67C-D90C383ABD29): 20
LogDevObjectVersion:   Dev-Sequencer (7B5AE74C-D270-4C10-A958-57980B212A5A): 4
LogDevObjectVersion:   Dev-VR (D7296918-1DD6-4BDD-9DE2-64A83CC13884): 0
LogDevObjectVersion:   Dev-LoadTimes (C2A15278-BFE7-4AFE-6C17-90FF531DF755): 1
LogDevObjectVersion:   Private-Geometry (6EACA3D4-40EC-4CC1-B786-8BED09428FC5): 1
LogDevObjectVersion:   Dev-AnimPhys (29E575DD-E0A3-4627-9D10-D276232CDCEA): 12
LogInit: Compiled (64-bit): Jan 12 2018 02:04:55
LogInit: Compiled with Visual C++: 19.00.24215.01
LogInit: Build Configuration: Development
LogInit: Branch Name: ++UE4+Release-4.18
LogInit: Command line:  
LogInit: Base directory: E:/GameDev/Unreal/Engine/UE_4.18/Engine/Binaries/Win64/
LogInit: Installed Engine Build: 1
LogInit: Presizing for max 8388607 objects, including 0 objects not considered by GC, pre-allocating 0 bytes for permanent pool.
LogInit: Object subsystem initialized
[2020.11.12-12.26.17:666][  0]LogInit: Selected Device Profile: [Windows]
[2020.11.12-12.26.17:666][  0]LogInit: Applying CVar settings loaded from the selected device profile: [Windows]
[2020.11.12-12.26.17:798][  0]LogInit: Computer: ISHRAQ-PC
[2020.11.12-12.26.17:798][  0]LogInit: User: farha
[2020.11.12-12.26.17:798][  0]LogInit: CPU Page size=4096, Cores=2
[2020.11.12-12.26.17:798][  0]LogInit: High frequency timer resolution =10.000000 MHz
[2020.11.12-12.26.17:798][  0]LogMemory: Memory total: Physical=3.9GB (4GB approx)
[2020.11.12-12.26.17:798][  0]LogMemory: Platform Memory Stats for Windows
[2020.11.12-12.26.17:798][  0]LogMemory: Process Physical Memory: 274.75 MB used, 274.75 MB peak
[2020.11.12-12.26.17:798][  0]LogMemory: Process Virtual Memory: 269.50 MB used, 269.50 MB peak
[2020.11.12-12.26.17:798][  0]LogMemory: Physical Memory: 3158.47 MB used,  818.54 MB free, 3977.01 MB total
[2020.11.12-12.26.17:798][  0]LogMemory: Virtual Memory: 4763.04 MB used,  818.54 MB free, 134217728.00 MB total
[2020.11.12-12.26.18:901][  0]LogInit: Using OS detected language (en-US).
[2020.11.12-12.26.18:901][  0]LogInit: Using OS detected locale (en-US).
[2020.11.12-12.26.18:951][  0]LogTextLocalizationManager: No specific localization for 'en-US' exists, so the 'en' localization will be used.
[2020.11.12-12.26.19:879][  0]LogInit: Setting process to per monitor DPI aware
[2020.11.12-12.26.20:880][  0]LogD3D11RHI: D3D11 adapters:
[2020.11.12-12.26.20:891][  0]LogD3D11RHI:    0. 'Intel(R) HD Graphics 3000' (Feature Level 10_0)
[2020.11.12-12.26.20:891][  0]LogD3D11RHI:       32/0/1632 MB DedicatedVideo/DedicatedSystem/SharedSystem, Outputs:1, VendorId:0x8086
[2020.11.12-12.26.20:894][  0]LogD3D11RHI:    1. 'Microsoft Basic Render Driver' (Feature Level 11_0)
[2020.11.12-12.26.20:894][  0]LogD3D11RHI:       0/0/1988 MB DedicatedVideo/DedicatedSystem/SharedSystem, Outputs:0, VendorId:0x1414
[2020.11.12-12.26.20:894][  0]LogD3D11RHI: Chosen D3D11 Adapter: 0
[2020.11.12-12.26.20:906][  0]LogD3D11RHI: Creating new Direct3DDevice
[2020.11.12-12.26.20:911][  0]LogD3D11RHI:     GPU DeviceId: 0x126 (for the marketing name, search the web for "GPU Device Id")
[2020.11.12-12.26.20:911][  0]LogWindows: EnumDisplayDevices:
[2020.11.12-12.26.20:911][  0]LogWindows:    0. 'Intel(R) HD Graphics 3000' (P:1 D:1)
[2020.11.12-12.26.20:911][  0]LogWindows:    1. 'Intel(R) HD Graphics 3000' (P:0 D:0)
[2020.11.12-12.26.20:912][  0]LogWindows: DebugString: GetVideoDriverDetailsInvalid PrimaryIsNotTheChoosenAdapter GetVideoDriverDetailsInvalid PrimaryIsNotTheChoosenAdapter FoundDriverCount:0 
[2020.11.12-12.26.20:912][  0]LogD3D11RHI:     Adapter Name: Intel(R) HD Graphics 3000
[2020.11.12-12.26.20:912][  0]LogD3D11RHI:   Driver Version: Unknown (internal:Unknown, unified:Unknown)
[2020.11.12-12.26.20:912][  0]LogD3D11RHI:      Driver Date: Unknown
[2020.11.12-12.26.20:912][  0]LogRHI: Texture pool is 593 MB (70% of 848 MB)
[2020.11.12-12.26.20:917][  0]LogD3D11RHI: Async texture creation enabled
[2020.11.12-12.26.21:068][  0]LogD3D11RHI: GPU Timing Frequency: 12.500000 (Debug: 2 1)
[2020.11.12-12.26.21:146][  0]LogShaderCompilers: Guid format shader working directory is 8 characters bigger than the processId version (../../../../../GITHUB/IML/MyProject_01/Intermediate/Shaders/WorkingDirectory/4252/).
[2020.11.12-12.26.21:147][  0]LogShaderCompilers: Cleaned the shader compiler working directory 'C:/Users/farha/AppData/Local/Temp/UnrealShaderWorkingDir/9CF7286B41AF95022F89F4BE7858624F/'.
[2020.11.12-12.26.21:152][  0]LogShaderCompilers: Display: Using Local Shader Compiler.
[2020.11.12-12.26.26:616][  0]LogTemp: Display: Loaded TP AllDesktopTargetPlatform
[2020.11.12-12.26.26:690][  0]LogTemp: Display: Loaded TP MacClientTargetPlatform
[2020.11.12-12.26.26:778][  0]LogTemp: Display: Loaded TP MacNoEditorTargetPlatform
[2020.11.12-12.26.26:867][  0]LogTemp: Display: Loaded TP MacServerTargetPlatform
[2020.11.12-12.26.26:999][  0]LogTemp: Display: Loaded TP MacTargetPlatform
[2020.11.12-12.26.27:095][  0]LogTemp: Display: Loaded TP WindowsClientTargetPlatform
[2020.11.12-12.26.27:170][  0]LogTemp: Display: Loaded TP WindowsNoEditorTargetPlatform
[2020.11.12-12.26.27:243][  0]LogTemp: Display: Loaded TP WindowsServerTargetPlatform
[2020.11.12-12.26.27:341][  0]LogTemp: Display: Loaded TP WindowsTargetPlatform
[2020.11.12-12.26.27:444][  0]LogTemp: Display: Loaded TP Android_ASTCTargetPlatform
[2020.11.12-12.26.27:550][  0]LogTemp: Display: Loaded TP Android_ATCTargetPlatform
[2020.11.12-12.26.27:653][  0]LogTemp: Display: Loaded TP Android_DXTTargetPlatform
[2020.11.12-12.26.27:728][  0]LogTemp: Display: Loaded TP Android_ETC1TargetPlatform
[2020.11.12-12.26.27:806][  0]LogTemp: Display: Loaded TP Android_ETC2TargetPlatform
[2020.11.12-12.26.27:973][  0]LogTemp: Display: Loaded TP Android_MultiTargetPlatform
[2020.11.12-12.26.27:973][  0]LogTemp: Display: Loaded TP Android_PVRTCTargetPlatform
[2020.11.12-12.26.28:083][  0]LogTemp: Display: Loaded TP AndroidTargetPlatform
[2020.11.12-12.26.28:173][  0]LogTemp: Display: Loaded TP HTML5TargetPlatform
[2020.11.12-12.26.28:441][  0]LogTemp: Display: Loaded TP IOSTargetPlatform
[2020.11.12-12.26.28:481][  0]LogTemp: Display: Loaded TP TVOSTargetPlatform
[2020.11.12-12.26.28:562][  0]LogTemp: Display: Loaded TP LinuxClientTargetPlatform
[2020.11.12-12.26.28:654][  0]LogTemp: Display: Loaded TP LinuxNoEditorTargetPlatform
[2020.11.12-12.26.28:754][  0]LogTemp: Display: Loaded TP LinuxServerTargetPlatform
[2020.11.12-12.26.28:828][  0]LogTemp: Display: Loaded TP LinuxTargetPlatform
[2020.11.12-12.26.28:828][  0]LogTargetPlatformManager: Display: Building Assets For Windows
[2020.11.12-12.26.30:314][  0]LogDerivedDataCache: Display: Max Cache Size: 512 MB
[2020.11.12-12.26.31:666][  0]LogDerivedDataCache: Loaded boot cache 1.33s 75MB C:/Users/farha/AppData/Local/UnrealEngine/4.18/DerivedDataCache/Boot.ddc.
[2020.11.12-12.26.31:667][  0]LogDerivedDataCache: Display: Loaded Boot cache: C:/Users/farha/AppData/Local/UnrealEngine/4.18/DerivedDataCache/Boot.ddc
[2020.11.12-12.26.31:667][  0]LogDerivedDataCache: FDerivedDataBackendGraph:  Pak pak cache file ../../../../../GITHUB/IML/MyProject_01/DerivedDataCache/DDC.ddp not found, will not use a pak cache.
[2020.11.12-12.26.31:667][  0]LogDerivedDataCache: Unable to find inner node Pak for hierarchical cache Hierarchy.
[2020.11.12-12.26.31:667][  0]LogDerivedDataCache: FDerivedDataBackendGraph:  CompressedPak pak cache file ../../../../../GITHUB/IML/MyProject_01/DerivedDataCache/Compressed.ddp not found, will not use a pak cache.
[2020.11.12-12.26.31:667][  0]LogDerivedDataCache: Unable to find inner node CompressedPak for hierarchical cache Hierarchy.
[2020.11.12-12.26.31:728][  0]LogDerivedDataCache: Display: Pak cache opened for reading ../../../Engine/DerivedDataCache/Compressed.ddp.
[2020.11.12-12.26.31:740][  0]LogDerivedDataCache: Using Local data cache path C:/Users/farha/AppData/Local/UnrealEngine/Common/DerivedDataCache: Writable
[2020.11.12-12.26.31:758][  0]LogMaterial: Verifying Global Shaders for PCD3D_SM4
[2020.11.12-12.26.31:775][  0]LogSlate: Using Freetype 2.6.0
[2020.11.12-12.26.31:845][  0]LogSlate: SlateFontCache - WITH_FREETYPE: 1, WITH_HARFBUZZ: 1
[2020.11.12-12.26.31:845][  0]LogSlate: SlateFontCache - WITH_FREETYPE: 1, WITH_HARFBUZZ: 1
[2020.11.12-12.26.42:910][  0]LogInit: Selected Device Profile: [Windows]
[2020.11.12-12.26.45:533][  0]LogSimplygon: Simplygon DLL not present - disabling.
[2020.11.12-12.26.45:603][  0]LogMeshReduction: Using SimplygonSwarm for distributed automatic mesh merging
[2020.11.12-12.26.45:604][  0]LogMeshReduction: Using QuadricMeshReduction for automatic static mesh reduction
[2020.11.12-12.26.45:604][  0]LogMeshReduction: No automatic skeletal mesh reduction module available
[2020.11.12-12.26.45:604][  0]LogMeshReduction: No automatic mesh merging module available
[2020.11.12-12.26.45:604][  0]LogMeshMerging: No automatic mesh merging module available
[2020.11.12-12.26.46:266][  0]LogNetVersion: MyProject_01 , NetCL: 3709383, EngineNetVer: 2, GameNetVer: 0 (Checksum: 560086495)
[2020.11.12-12.26.48:044][  0]LogAssetRegistry: FAssetRegistry took 0.0282 seconds to start up
[2020.11.12-12.26.55:245][  0]LogPackageLocalizationCache: Processed 7 localized package path(s) for 2 prioritized culture(s) in 0.218494 seconds
[2020.11.12-12.26.55:308][  0]LogUObjectArray: 35877 objects as part of root set at end of initial load.
[2020.11.12-12.26.55:310][  0]LogUObjectAllocator: 7577632 out of 0 bytes used by permanent object pool.
[2020.11.12-12.26.55:310][  0]LogUObjectArray: CloseDisregardForGC: 0/0 objects in disregard for GC pool
[2020.11.12-12.27.09:992][  0]LogTcpMessaging: Initializing TcpMessaging bridge
[2020.11.12-12.27.10:106][  0]LogUdpMessaging: Initializing bridge on interface 0.0.0.0:0 to multicast group 230.0.0.1:6666.
[2020.11.12-12.27.12:801][  0]LogMaterial: Uniform references updated for custom material expression Custom.
[2020.11.12-12.27.14:509][  0]SourceControl: Source control is disabled
[2020.11.12-12.27.14:510][  0]SourceControl: Source control is disabled
[2020.11.12-12.27.14:824][  0]SourceControl: Source control is disabled
[2020.11.12-12.27.14:961][  0]SourceControl: Source control is disabled
[2020.11.12-12.27.17:010][  0]LogAndroidPermission: UAndroidPermissionCallbackProxy::GetInstance
[2020.11.12-12.27.17:578][  0]LogOcInput: OculusInput pre-init called
[2020.11.12-12.27.19:266][  0]LogEngine: Initializing Engine...
[2020.11.12-12.27.19:371][  0]LogHMD: Failed to initialize OpenVR with code 110
[2020.11.12-12.27.22:112][  0]LogStats: UGameplayTagsManager::ConstructGameplayTagTree: Construct from data asset -  0.000 s
[2020.11.12-12.27.22:157][  0]LogStats: UGameplayTagsManager::ConstructGameplayTagTree: GameplayTagTreeChangedEvent.Broadcast -  0.039 s
[2020.11.12-12.27.27:150][  0]LogAIModule: Creating AISystem for world Untitled
[2020.11.12-12.27.28:006][  0]LogInit: XAudio2 using 'Speakers (2- High Definition Audio Device)' : 2 channels at 48 kHz using 16 bits per sample (channel mask 0x3)
[2020.11.12-12.27.28:164][  0]LogInit: FAudioDevice initialized.
[2020.11.12-12.27.28:921][  0]LogDerivedDataCache: Saved boot cache 0.70s 75MB C:/Users/farha/AppData/Local/UnrealEngine/4.18/DerivedDataCache/Boot.ddc.
[2020.11.12-12.27.29:462][  0]LogInit: Texture streaming: Enabled
[2020.11.12-12.27.30:345][  0]LogEngineSessionManager: EngineSessionManager initialized
[2020.11.12-12.27.30:892][  0]LogInit: Transaction tracking system initialized
[2020.11.12-12.27.32:159][  0]BlueprintLog: New page: Editor Load
[2020.11.12-12.27.36:036][  0]LocalizationService: Localization service is disabled
[2020.11.12-12.27.46:293][  0]LogConsoleResponse: Display: 
[2020.11.12-12.27.50:250][  0]LogCook: Display: Max memory allowance for cook 16384mb min free memory 0mb
[2020.11.12-12.27.50:328][  0]LogCook: Display: Mobile HDR setting 1
[2020.11.12-12.27.50:345][  0]LogGameplayTags: Display: UGameplayTagsManager::DoneAddingNativeTags. DelegateIsBound: 0
[2020.11.12-12.27.52:980][  0]LogFileCache: Scanning file cache for directory 'E:/GameDev/Unreal/GITHUB/IML/MyProject_01/Content/' took 1.81s
[2020.11.12-12.27.54:881][  0]SourceControl: Source control is disabled
[2020.11.12-12.27.54:920][  0]Cmd: MAP LOAD FILE="../../../../../GITHUB/IML/MyProject_01/Content/Maps/MenuMap.umap" TEMPLATE=0 SHOWPROGRESS=1 FEATURELEVEL=2
[2020.11.12-12.27.54:963][  0]LightingResults: New page: Lighting Build
[2020.11.12-12.27.55:432][  0]MapCheck: New page: Map Check
[2020.11.12-12.27.55:432][  0]LightingResults: New page: Lighting Build
[2020.11.12-12.27.58:707][  0]LogAIModule: Creating AISystem for world MenuMap
[2020.11.12-12.27.58:870][  0]LogEditorServer: Finished looking for orphan Actors (0.000 secs)
[2020.11.12-12.27.59:655][  0]Cmd: MAP CHECKDEP NOCLEARLOG
[2020.11.12-12.27.59:847][  0]MapCheck: Map check complete: 0 Error(s), 0 Warning(s), took 187.241ms to complete.
[2020.11.12-12.27.59:847][  0]LogFileHelpers: Loading map 'MenuMap' took 4.947
[2020.11.12-12.28.05:082][  0]LogCollectionManager: Loaded 0 collections in 0.001778 seconds
[2020.11.12-12.28.05:426][  0]LogFileCache: Scanning file cache for directory 'E:/GameDev/Unreal/GITHUB/IML/MyProject_01/Saved/Collections/' took 0.01s
[2020.11.12-12.28.05:426][  0]LogFileCache: Scanning file cache for directory 'E:/GameDev/Unreal/GITHUB/IML/MyProject_01/Content/Developers/farha/Collections/' took 0.01s
[2020.11.12-12.28.05:426][  0]LogFileCache: Scanning file cache for directory 'E:/GameDev/Unreal/GITHUB/IML/MyProject_01/Content/Collections/' took 0.01s
[2020.11.12-12.28.05:426][  0]LogCollectionManager: Rebuilt the GUID cache for 0 collections in 0.000001 seconds
[2020.11.12-12.28.05:452][  0]LogContentBrowser: Native class hierarchy populated in 0.0151 seconds. Added 2389 classes and 530 folders.
[2020.11.12-12.28.05:769][  0]LogContentBrowser: Native class hierarchy updated for 'WidgetCarousel' in 0.0004 seconds. Added 0 classes and 0 folders.
[2020.11.12-12.28.07:234][  0]LogContentBrowser: Native class hierarchy updated for 'AddContentDialog' in 0.0003 seconds. Added 0 classes and 0 folders.
[2020.11.12-12.28.07:803][  0]LogSlate: Took 0.079385 seconds to synchronously load lazily loaded font '../../../Engine/Content/Slate/Fonts/Roboto-Regular.ttf' (155K)
[2020.11.12-12.28.08:205][  0]LogSlate: Took 0.014360 seconds to synchronously load lazily loaded font '../../../Engine/Content/Slate/Fonts/Roboto-Bold.ttf' (160K)
[2020.11.12-12.28.09:258][  0]LogRenderer: Reallocating scene render targets to support 984x656 Format 9 NumSamples 1 (Frame:1).
[2020.11.12-12.28.13:652][  0]LogContentBrowser: Native class hierarchy updated for 'HierarchicalLODOutliner' in 0.0004 seconds. Added 1 classes and 2 folders.
[2020.11.12-12.28.13:653][  0]LogLoad: (Engine Initialization) Total time: 138.18 seconds
[2020.11.12-12.28.13:653][  0]LogLoad: (Engine Initialization) Total Blueprint compile time: 0.00 seconds
[2020.11.12-12.28.13:676][  0]LogExternalProfiler: No external profilers were discovered.  External profiling features will not be available.
[2020.11.12-12.28.15:052][  0]LogContentStreaming: Texture pool size now 400 MB
[2020.11.12-12.28.19:874][  7]LogAssetRegistry: Asset discovery search completed in 91.8526 seconds
[2020.11.12-12.28.20:298][  7]LogCollectionManager: Rebuilt the object cache for 0 collections in 0.000001 seconds (found 0 objects)
[2020.11.12-12.28.20:299][  7]LogCollectionManager: Fixed up redirectors for 0 collections in 0.010931 seconds (updated 0 objects)
[2020.11.12-12.45.23:644][227]Cmd: QUIT_EDITOR
[2020.11.12-12.45.24:228][227]LogWindowsTextInputMethodSystem: Display: IME system now deactivated.
[2020.11.12-12.45.24:322][227]LogExit: Preparing to exit.
[2020.11.12-12.45.25:550][227]LogDirectoryWatcher: A directory notification for 'E:/GameDev/Unreal/GITHUB/IML/MyProject_01/Content/' was aborted.
[2020.11.12-12.45.25:855][227]LogExit: Editor shut down
[2020.11.12-12.45.25:872][227]LogExit: Transaction tracking system shut down
[2020.11.12-12.45.26:381][227]LogDirectoryWatcher: A directory notification for '../../../Engine/Content/' was aborted.
[2020.11.12-12.45.26:381][227]LogDirectoryWatcher: A directory notification for '../../../../../GITHUB/IML/MyProject_01/Content/' was aborted.
[2020.11.12-12.45.26:382][227]LogDirectoryWatcher: A directory notification for '../../../Engine/Plugins/2D/Paper2D/Content/' was aborted.
[2020.11.12-12.45.26:382][227]LogDirectoryWatcher: A directory notification for '../../../Engine/Plugins/Media/MediaCompositing/Content/' was aborted.
[2020.11.12-12.45.26:382][227]LogDirectoryWatcher: A directory notification for '../../../Engine/Plugins/Runtime/AppleARKit/Content/' was aborted.
[2020.11.12-12.45.26:382][227]LogDirectoryWatcher: A directory notification for '../../../Engine/Plugins/Runtime/Oculus/OculusVR/Content/' was aborted.
[2020.11.12-12.45.26:382][227]LogDirectoryWatcher: A directory notification for '../../../Engine/Plugins/Runtime/Steam/SteamVR/Content/' was aborted.
[2020.11.12-12.45.28:773][227]LogExit: Object subsystem successfully closed.
[2020.11.12-12.45.29:023][227]LogD3D11RHI: Shutdown
[2020.11.12-12.45.29:037][227]LogD3D11RHI: CleanupD3DDevice
[2020.11.12-12.45.29:111][227]LogD3D11RHI: ~FD3D11DynamicRHI
[2020.11.12-12.45.30:024][227]LogModuleManager: Shutting down and abandoning module HierarchicalLODOutliner (554)
[2020.11.12-12.45.30:024][227]LogModuleManager: Shutting down and abandoning module AddContentDialog (552)
[2020.11.12-12.45.30:045][227]LogDirectoryWatcher: A directory notification for 'E:/GameDev/Unreal/Engine/UE_4.18/FeaturePacks/' was aborted.
[2020.11.12-12.45.30:058][227]LogModuleManager: Shutting down and abandoning module WidgetCarousel (551)
[2020.11.12-12.45.30:059][227]LogModuleManager: Shutting down and abandoning module EditorWidgets (548)
[2020.11.12-12.45.30:059][227]LogModuleManager: Shutting down and abandoning module CollectionManager (546)
[2020.11.12-12.45.30:074][227]LogDirectoryWatcher: A directory notification for 'E:/GameDev/Unreal/GITHUB/IML/MyProject_01/Content/Collections/' was aborted.
[2020.11.12-12.45.30:075][227]LogDirectoryWatcher: A directory notification for 'E:/GameDev/Unreal/GITHUB/IML/MyProject_01/Content/Developers/farha/Collections/' was aborted.
[2020.11.12-12.45.30:075][227]LogDirectoryWatcher: A directory notification for 'E:/GameDev/Unreal/GITHUB/IML/MyProject_01/Saved/Collections/' was aborted.
[2020.11.12-12.45.30:075][227]LogModuleManager: Shutting down and abandoning module SceneOutliner (544)
[2020.11.12-12.45.30:086][227]LogModuleManager: Shutting down and abandoning module StatsViewer (542)
[2020.11.12-12.45.30:101][227]LogModuleManager: Shutting down and abandoning module FoliageEdit (540)
[2020.11.12-12.45.30:108][227]LogModuleManager: Shutting down and abandoning module LandscapeEditor (538)
[2020.11.12-12.45.30:143][227]LogModuleManager: Shutting down and abandoning module MeshPaintMode (536)
[2020.11.12-12.45.30:152][227]LogModuleManager: Shutting down and abandoning module SceneDepthPickerMode (534)
[2020.11.12-12.45.30:152][227]LogModuleManager: Shutting down and abandoning module ActorPickerMode (532)
[2020.11.12-12.45.30:152][227]LogModuleManager: Shutting down and abandoning module GeometryMode (530)
[2020.11.12-12.45.30:152][227]LogModuleManager: Shutting down and abandoning module TextureAlignMode (528)
[2020.11.12-12.45.30:152][227]LogModuleManager: Shutting down and abandoning module BspMode (526)
[2020.11.12-12.45.30:152][227]LogModuleManager: Shutting down and abandoning module PIEPreviewDeviceProfileSelector (524)
[2020.11.12-12.45.30:152][227]LogModuleManager: Shutting down and abandoning module HardwareSurvey (522)
[2020.11.12-12.45.30:152][227]LogModuleManager: Shutting down and abandoning module SequenceRecorderSections (520)
[2020.11.12-12.45.30:167][227]LogModuleManager: Shutting down and abandoning module AutomationWorker (518)
[2020.11.12-12.45.30:172][227]LogModuleManager: Shutting down and abandoning module MatineeToLevelSequence (516)
[2020.11.12-12.45.30:187][227]LogModuleManager: Shutting down and abandoning module LevelSequenceEditor (514)
[2020.11.12-12.45.30:227][227]LogModuleManager: Shutting down and abandoning module PlacementMode (513)
[2020.11.12-12.45.30:227][227]LogModuleManager: Shutting down and abandoning module WmfMediaFactory (510)
[2020.11.12-12.45.30:227][227]LogModuleManager: Shutting down and abandoning module WmfMediaEditor (508)
[2020.11.12-12.45.30:227][227]LogModuleManager: Shutting down and abandoning module OpenExrWrapper (506)
[2020.11.12-12.45.30:227][227]LogModuleManager: Shutting down and abandoning module ImgMediaFactory (504)
[2020.11.12-12.45.30:227][227]LogModuleManager: Shutting down and abandoning module ImgMediaEditor (502)
[2020.11.12-12.45.30:227][227]LogModuleManager: Shutting down and abandoning module AvfMediaFactory (500)
[2020.11.12-12.45.30:227][227]LogModuleManager: Shutting down and abandoning module AvfMediaEditor (498)
[2020.11.12-12.45.30:227][227]LogModuleManager: Shutting down and abandoning module AndroidMediaFactory (496)
[2020.11.12-12.45.30:227][227]LogModuleManager: Shutting down and abandoning module AndroidMediaEditor (494)
[2020.11.12-12.45.30:227][227]LogModuleManager: Shutting down and abandoning module CharacterAI (492)
[2020.11.12-12.45.30:227][227]LogModuleManager: Shutting down and abandoning module AudioCapture (490)
[2020.11.12-12.45.30:232][227]LogModuleManager: Shutting down and abandoning module SequenceRecorder (489)
[2020.11.12-12.45.30:240][227]LogModuleManager: Shutting down and abandoning module SmartSnapping (486)
[2020.11.12-12.45.30:240][227]LogModuleManager: Shutting down and abandoning module SessionServices (484)
[2020.11.12-12.45.30:240][227]LogModuleManager: Shutting down and abandoning module ViewportSnapping (482)
[2020.11.12-12.45.30:240][227]LogModuleManager: Shutting down and abandoning module ViewportInteraction (480)
[2020.11.12-12.45.30:240][227]LogModuleManager: Shutting down and abandoning module ClothPainter (478)
[2020.11.12-12.45.30:257][227]LogModuleManager: Shutting down and abandoning module SkeletalMeshEditor (477)
[2020.11.12-12.45.30:275][227]LogModuleManager: Shutting down and abandoning module LogVisualizer (474)
[2020.11.12-12.45.30:297][227]LogModuleManager: Shutting down and abandoning module IntroTutorials (472)
[2020.11.12-12.45.30:337][227]LogModuleManager: Shutting down and abandoning module GameProjectGeneration (471)
[2020.11.12-12.45.30:354][227]LogModuleManager: Shutting down and abandoning module IOSPlatformEditor (468)
[2020.11.12-12.45.30:354][227]LogModuleManager: Shutting down and abandoning module HTML5PlatformEditor (466)
[2020.11.12-12.45.30:354][227]LogModuleManager: Shutting down and abandoning module AndroidPlatformEditor (464)
[2020.11.12-12.45.30:354][227]LogModuleManager: Shutting down and abandoning module AndroidDeviceDetection (463)
[2020.11.12-12.45.31:170][227]LogModuleManager: Shutting down and abandoning module WindowsPlatformEditor (460)
[2020.11.12-12.45.31:171][227]LogModuleManager: Shutting down and abandoning module IOSRuntimeSettings (458)
[2020.11.12-12.45.31:171][227]LogModuleManager: Shutting down and abandoning module AndroidRuntimeSettings (456)
[2020.11.12-12.45.31:171][227]LogModuleManager: Shutting down and abandoning module InputBindingEditor (454)
[2020.11.12-12.45.31:188][227]LogModuleManager: Shutting down and abandoning module MergeActors (452)
[2020.11.12-12.45.31:203][227]LogModuleManager: Shutting down and abandoning module SizeMap (450)
[2020.11.12-12.45.31:203][227]LogModuleManager: Shutting down and abandoning module TreeMap (448)
[2020.11.12-12.45.31:219][227]LogModuleManager: Shutting down and abandoning module ReferenceViewer (446)
[2020.11.12-12.45.31:219][227]LogModuleManager: Shutting down and abandoning module LocalizationDashboard (444)
[2020.11.12-12.45.31:235][227]LogModuleManager: Shutting down and abandoning module LocalizationService (443)
[2020.11.12-12.45.31:243][227]LogModuleManager: Shutting down and abandoning module HardwareTargeting (440)
[2020.11.12-12.45.31:243][227]LogModuleManager: Shutting down and abandoning module DeviceProfileEditor (438)
[2020.11.12-12.45.31:243][227]LogModuleManager: Shutting down and abandoning module UndoHistory (436)
[2020.11.12-12.45.31:243][227]LogModuleManager: Shutting down and abandoning module XmlParser (434)
[2020.11.12-12.45.31:250][227]LogModuleManager: Shutting down and abandoning module Blutility (432)
[2020.11.12-12.45.31:250][227]LogModuleManager: Shutting down and abandoning module ProjectSettingsViewer (430)
[2020.11.12-12.45.31:250][227]LogModuleManager: Shutting down and abandoning module ProjectTargetPlatformEditor (429)
[2020.11.12-12.45.31:250][227]LogModuleManager: Shutting down and abandoning module EditorSettingsViewer (426)
[2020.11.12-12.45.31:250][227]LogModuleManager: Shutting down and abandoning module SettingsEditor (424)
[2020.11.12-12.45.31:258][227]LogModuleManager: Shutting down and abandoning module ProjectLauncher (422)
[2020.11.12-12.45.31:271][227]LogModuleManager: Shutting down and abandoning module SessionFrontend (420)
[2020.11.12-12.45.31:284][227]LogModuleManager: Shutting down and abandoning module ProfilerClient (418)
[2020.11.12-12.45.31:292][227]LogModuleManager: Shutting down and abandoning module DeviceManager (416)
[2020.11.12-12.45.31:302][227]LogModuleManager: Shutting down and abandoning module TargetDeviceServices (415)
[2020.11.12-12.45.31:355][227]LogModuleManager: Shutting down and abandoning module AutomationController (412)
[2020.11.12-12.45.31:371][227]LogModuleManager: Shutting down and abandoning module AutomationWindow (410)
[2020.11.12-12.45.31:395][227]LogModuleManager: Shutting down and abandoning module Layers (408)
[2020.11.12-12.45.31:418][227]LogModuleManager: Shutting down and abandoning module ComponentVisualizers (406)
[2020.11.12-12.45.31:418][227]LogModuleManager: Shutting down and abandoning module DetailCustomizations (404)
[2020.11.12-12.45.31:423][227]LogModuleManager: Shutting down and abandoning module PackagesDialog (402)
[2020.11.12-12.45.31:434][227]LogModuleManager: Shutting down and abandoning module Persona (400)
[2020.11.12-12.45.31:471][227]LogModuleManager: Shutting down and abandoning module AdvancedPreviewScene (399)
[2020.11.12-12.45.31:471][227]LogModuleManager: Shutting down and abandoning module AnimGraph (397)
[2020.11.12-12.45.31:471][227]LogModuleManager: Shutting down and abandoning module Kismet (394)
[2020.11.12-12.45.31:492][227]LogModuleManager: Shutting down and abandoning module ClassViewer (392)
[2020.11.12-12.45.31:492][227]LogModuleManager: Shutting down and abandoning module Toolbox (390)
[2020.11.12-12.45.31:492][227]LogModuleManager: Shutting down and abandoning module ModuleUI (388)
[2020.11.12-12.45.31:499][227]LogModuleManager: Shutting down and abandoning module MovieSceneTools (386)
[2020.11.12-12.45.31:529][227]LogModuleManager: Shutting down and abandoning module OutputLog (384)
[2020.11.12-12.45.31:541][227]LogModuleManager: Shutting down and abandoning module GammaUI (382)
[2020.11.12-12.45.31:551][227]LogModuleManager: Shutting down and abandoning module Documentation (380)
[2020.11.12-12.45.31:551][227]LogModuleManager: Shutting down and abandoning module MovieSceneTracks (378)
[2020.11.12-12.45.31:551][227]LogModuleManager: Shutting down and abandoning module MovieScene (376)
[2020.11.12-12.45.31:551][227]LogModuleManager: Shutting down and abandoning module StreamingPauseRendering (374)
[2020.11.12-12.45.31:552][227]LogModuleManager: Shutting down and abandoning module LauncherPlatform (372)
[2020.11.12-12.45.31:552][227]LogModuleManager: Shutting down and abandoning module AnalyticsET (370)
[2020.11.12-12.45.31:552][227]LogModuleManager: Shutting down and abandoning module PortalServices (368)
[2020.11.12-12.45.31:552][227]LogModuleManager: Shutting down and abandoning module PortalRpc (366)
[2020.11.12-12.45.31:552][227]LogModuleManager: Shutting down and abandoning module MessagingRpc (364)
[2020.11.12-12.45.31:552][227]LogModuleManager: Shutting down and abandoning module AIModule (362)
[2020.11.12-12.45.31:552][227]LogModuleManager: Shutting down and abandoning module GameplayDebugger (361)
[2020.11.12-12.45.31:563][227]LogModuleManager: Shutting down and abandoning module AITestSuite (359)
[2020.11.12-12.45.31:573][227]LogModuleManager: Shutting down and abandoning module DesktopPlatform (356)
[2020.11.12-12.45.31:573][227]LogModuleManager: Shutting down and abandoning module ProfilerService (354)
[2020.11.12-12.45.31:824][227]LogModuleManager: Shutting down and abandoning module TaskGraph (352)
[2020.11.12-12.45.31:840][227]LogModuleManager: Shutting down and abandoning module SteamVRController (350)
[2020.11.12-12.45.31:840][227]LogModuleManager: Shutting down and abandoning module ProceduralMeshComponentEditor (348)
[2020.11.12-12.45.31:840][227]LogModuleManager: Shutting down and abandoning module ProceduralMeshComponent (346)
[2020.11.12-12.45.31:855][227]LogModuleManager: Shutting down and abandoning module OculusInput (344)
[2020.11.12-12.45.31:866][227]LogModuleManager: Shutting down and abandoning module MobilePatchingUtils (342)
[2020.11.12-12.45.31:866][227]LogModuleManager: Shutting down and abandoning module CustomMeshComponent (340)
[2020.11.12-12.45.31:866][227]LogModuleManager: Shutting down and abandoning module CableComponent (338)
[2020.11.12-12.45.31:872][227]LogModuleManager: Shutting down and abandoning module ArchVisCharacter (336)
[2020.11.12-12.45.31:872][227]LogModuleManager: Shutting down and abandoning module AndroidPermission (334)
[2020.11.12-12.45.31:873][227]LogModuleManager: Shutting down and abandoning module ActorSequence (332)
[2020.11.12-12.45.31:873][227]LogModuleManager: Shutting down and abandoning module MediaPlayerEditor (330)
[2020.11.12-12.45.31:903][227]LogModuleManager: Shutting down and abandoning module MediaCompositingEditor (328)
[2020.11.12-12.45.31:903][227]LogModuleManager: Shutting down and abandoning module MediaCompositing (326)
[2020.11.12-12.45.31:903][227]LogModuleManager: Shutting down and abandoning module HTML5Networking (324)
[2020.11.12-12.45.31:903][227]LogModuleManager: Shutting down and abandoning module AlembicImporter (322)
[2020.11.12-12.45.31:914][227]LogModuleManager: Shutting down and abandoning module AlembicLibrary (321)
[2020.11.12-12.45.31:915][227]LogModuleManager: Shutting down and abandoning module GeometryCache (320)
[2020.11.12-12.45.31:915][227]LogModuleManager: Shutting down and abandoning module GeometryCacheEd (319)
[2020.11.12-12.45.31:915][227]LogModuleManager: Shutting down and abandoning module SpeedTreeImporter (314)
[2020.11.12-12.45.31:915][227]LogModuleManager: Shutting down and abandoning module PluginBrowser (312)
[2020.11.12-12.45.31:944][227]LogModuleManager: Shutting down and abandoning module MobileLauncherProfileWizard (310)
[2020.11.12-12.45.31:954][227]LogModuleManager: Shutting down and abandoning module VisualStudioSourceCodeAccess (308)
[2020.11.12-12.45.31:954][227]LogModuleManager: Shutting down and abandoning module VisualStudioCodeSourceCodeAccess (306)
[2020.11.12-12.45.31:954][227]LogModuleManager: Shutting down and abandoning module UObjectPlugin (304)
[2020.11.12-12.45.31:954][227]LogModuleManager: Shutting down and abandoning module SubversionSourceControl (302)
[2020.11.12-12.45.31:965][227]LogModuleManager: Shutting down and abandoning module PerforceSourceControl (300)
[2020.11.12-12.45.31:978][227]LogModuleManager: Shutting down and abandoning module GitSourceControl (298)
[2020.11.12-12.45.31:995][227]LogModuleManager: Shutting down and abandoning module SourceControl (297)
[2020.11.12-12.45.32:014][227]LogModuleManager: Shutting down and abandoning module LightPropagationVolumeEditor (294)
[2020.11.12-12.45.32:014][227]LogModuleManager: Shutting down and abandoning module PaperTiledImporter (292)
[2020.11.12-12.45.32:014][227]LogModuleManager: Shutting down and abandoning module PaperSpriteSheetImporter (290)
[2020.11.12-12.45.32:014][227]LogModuleManager: Shutting down and abandoning module Paper2DEditor (288)
[2020.11.12-12.45.32:042][227]LogModuleManager: Shutting down and abandoning module MeshPaint (287)
[2020.11.12-12.45.32:055][227]LogModuleManager: Shutting down and abandoning module LevelEditor (285)
[2020.11.12-12.45.32:070][227]LogModuleManager: Shutting down and abandoning module PixelInspectorModule (284)
[2020.11.12-12.45.32:078][227]LogModuleManager: Shutting down and abandoning module MainFrame (282)
[2020.11.12-12.45.32:083][227]LogModuleManager: Shutting down and abandoning module HotReload (281)
[2020.11.12-12.45.32:091][227]LogDirectoryWatcher: A directory notification for 'E:/GameDev/Unreal/GITHUB/IML/MyProject_01/Binaries/Win64' was aborted.
[2020.11.12-12.45.32:091][227]LogModuleManager: Shutting down and abandoning module RuntimePhysXCooking (276)
[2020.11.12-12.45.32:091][227]LogModuleManager: Shutting down and abandoning module PhysXVehiclesEditor (274)
[2020.11.12-12.45.32:091][227]LogModuleManager: Shutting down and abandoning module PhysXVehicles (272)
[2020.11.12-12.45.32:091][227]LogModuleManager: Shutting down and abandoning module OculusEditor (270)
[2020.11.12-12.45.32:091][227]LogModuleManager: Shutting down and abandoning module LocationServicesBPLibrary (268)
[2020.11.12-12.45.32:091][227]LogModuleManager: Shutting down and abandoning module ImmediatePhysicsEditor (266)
[2020.11.12-12.45.32:091][227]LogModuleManager: Shutting down and abandoning module ImmediatePhysics (264)
[2020.11.12-12.45.32:111][227]LogModuleManager: Shutting down and abandoning module UdpMessaging (262)
[2020.11.12-12.45.32:219][227]LogModuleManager: Shutting down and abandoning module TcpMessaging (260)
[2020.11.12-12.45.32:332][227]LogModuleManager: Shutting down and abandoning module GameplayTagsEditor (258)
[2020.11.12-12.45.32:351][227]LogModuleManager: Shutting down and abandoning module FacialAnimationEditor (256)
[2020.11.12-12.45.32:351][227]LogModuleManager: Shutting down and abandoning module FacialAnimation (254)
[2020.11.12-12.45.32:351][227]LogModuleManager: Shutting down and abandoning module AssetManagerEditor (252)
[2020.11.12-12.45.32:359][227]LogModuleManager: Shutting down and abandoning module GraphEditor (251)
[2020.11.12-12.45.32:400][227]LogModuleManager: Shutting down and abandoning module ContentBrowser (249)
[2020.11.12-12.45.32:402][227]LogModuleManager: Shutting down and abandoning module LightPropagationVolumeRuntime (246)
[2020.11.12-12.45.32:402][227]LogModuleManager: Shutting down and abandoning module AdvancedSteamSessions (244)
[2020.11.12-12.45.32:402][227]LogModuleManager: Shutting down and abandoning module AdvancedSessions (242)
[2020.11.12-12.45.32:402][227]LogModuleManager: Shutting down and abandoning module Paper2D (240)
[2020.11.12-12.45.32:402][227]LogModuleManager: Shutting down and abandoning module WindowsMoviePlayer (238)
[2020.11.12-12.45.32:410][227]LogModuleManager: Shutting down and abandoning module WmfMedia (236)
[2020.11.12-12.45.32:424][227]LogModuleManager: Shutting down and abandoning module ImgMedia (234)
[2020.11.12-12.45.32:424][227]LogModuleManager: Shutting down and abandoning module PacketHandler (232)
[2020.11.12-12.45.32:424][227]LogModuleManager: Shutting down and abandoning module ClothingSystemEditor (230)
[2020.11.12-12.45.32:424][227]LogModuleManager: Shutting down and abandoning module ClothingSystemRuntime (228)
[2020.11.12-12.45.32:439][227]LogModuleManager: Shutting down and abandoning module MediaAssets (226)
[2020.11.12-12.45.32:439][227]LogModuleManager: Shutting down and abandoning module Media (225)
[2020.11.12-12.45.32:445][227]LogModuleManager: Shutting down and abandoning module Overlay (222)
[2020.11.12-12.45.32:446][227]LogModuleManager: Shutting down and abandoning module OverlayEditor (221)
[2020.11.12-12.45.32:446][227]LogModuleManager: Shutting down and abandoning module VREditor (218)
[2020.11.12-12.45.32:470][227]LogModuleManager: Shutting down and abandoning module StringTableEditor (216)
[2020.11.12-12.45.32:482][227]LogModuleManager: Shutting down and abandoning module GameplayTasksEditor (214)
[2020.11.12-12.45.32:482][227]LogModuleManager: Shutting down and abandoning module BehaviorTreeEditor (212)
[2020.11.12-12.45.32:528][227]LogModuleManager: Shutting down and abandoning module FunctionalTesting (210)
[2020.11.12-12.45.32:536][227]LogModuleManager: Shutting down and abandoning module CollisionAnalyzer (208)
[2020.11.12-12.45.32:560][227]LogModuleManager: Shutting down and abandoning module WorkspaceMenuStructure (207)
[2020.11.12-12.45.32:560][227]LogModuleManager: Shutting down and abandoning module UMG (204)
[2020.11.12-12.45.32:580][227]LogModuleManager: Shutting down and abandoning module UMGEditor (203)
[2020.11.12-12.45.32:617][227]LogModuleManager: Shutting down and abandoning module Sequencer (202)
[2020.11.12-12.45.32:664][227]LogModuleManager: Shutting down and abandoning module MessageLog (199)
[2020.11.12-12.45.32:664][227]LogModuleManager: Shutting down and abandoning module SlateReflector (194)
[2020.11.12-12.45.32:703][227]LogModuleManager: Shutting down and abandoning module Slate (192)
[2020.11.12-12.45.32:703][227]LogModuleManager: Shutting down and abandoning module EditorStyle (190)
[2020.11.12-12.45.32:705][227]LogModuleManager: Shutting down and abandoning module MRMesh (188)
[2020.11.12-12.45.32:705][227]LogModuleManager: Shutting down and abandoning module SourceCodeAccess (186)
[2020.11.12-12.45.32:705][227]LogModuleManager: Shutting down and abandoning module HeadMountedDisplay (184)
[2020.11.12-12.45.32:705][227]LogModuleManager: Shutting down and abandoning module XAudio2 (182)
[2020.11.12-12.45.32:705][227]LogModuleManager: Shutting down and abandoning module Networking (180)
[2020.11.12-12.45.32:705][227]LogModuleManager: Shutting down and abandoning module Core (178)
[2020.11.12-12.45.32:705][227]LogModuleManager: Shutting down and abandoning module LevelSequence (174)
[2020.11.12-12.45.32:710][227]LogModuleManager: Shutting down and abandoning module DirectoryWatcher (172)
[2020.11.12-12.45.32:714][227]LogModuleManager: Shutting down and abandoning module KismetCompiler (170)
[2020.11.12-12.45.32:714][227]LogModuleManager: Shutting down and abandoning module MeshUtilities (168)
[2020.11.12-12.45.32:734][227]LogModuleManager: Shutting down and abandoning module MeshMergeUtilities (167)
[2020.11.12-12.45.32:746][227]LogModuleManager: Shutting down and abandoning module MeshReductionInterface (166)
[2020.11.12-12.45.32:746][227]LogModuleManager: Shutting down and abandoning module SimplygonSwarm (165)
[2020.11.12-12.45.32:755][227]LogModuleManager: Shutting down and abandoning module SimplygonMeshReduction (163)
[2020.11.12-12.45.32:755][227]LogModuleManager: Shutting down and abandoning module QuadricMeshReduction (161)
[2020.11.12-12.45.32:764][227]LogModuleManager: Shutting down and abandoning module MaterialBaking (157)
[2020.11.12-12.45.32:770][227]LogModuleManager: Shutting down and abandoning module DerivedDataCache (154)
[2020.11.12-12.45.32:818][227]LogDerivedDataCache: Shutdown
[2020.11.12-12.45.32:818][227]LogModuleManager: Shutting down and abandoning module TargetPlatform (152)
[2020.11.12-12.45.32:818][227]LogModuleManager: Shutting down and abandoning module VulkanShaderFormat (151)
[2020.11.12-12.45.32:826][227]LogModuleManager: Shutting down and abandoning module ShaderFormatVectorVM (149)
[2020.11.12-12.45.32:833][227]LogModuleManager: Shutting down and abandoning module ShaderFormatOpenGL (147)
[2020.11.12-12.45.32:844][227]LogModuleManager: Shutting down and abandoning module ShaderFormatD3D (145)
[2020.11.12-12.45.32:850][227]LogModuleManager: Shutting down and abandoning module MetalShaderFormat (143)
[2020.11.12-12.45.32:863][227]LogModuleManager: Shutting down and abandoning module TextureFormatUncompressed (141)
[2020.11.12-12.45.32:863][227]LogModuleManager: Shutting down and abandoning module TextureFormatPVR (139)
[2020.11.12-12.45.32:863][227]LogModuleManager: Shutting down and abandoning module TextureFormatDXT (137)
[2020.11.12-12.45.32:872][227]LogModuleManager: Shutting down and abandoning module TextureFormatIntelISPCTexComp (135)
[2020.11.12-12.45.32:896][227]LogModuleManager: Shutting down and abandoning module TextureFormatASTC (133)
[2020.11.12-12.45.32:896][227]LogModuleManager: Shutting down and abandoning module ImageWrapper (132)
[2020.11.12-12.45.32:896][227]LogModuleManager: Shutting down and abandoning module TextureFormatAndroid (129)
[2020.11.12-12.45.32:896][227]LogModuleManager: Shutting down and abandoning module AudioFormatOpus (127)
[2020.11.12-12.45.32:897][227]LogModuleManager: Shutting down and abandoning module AudioFormatOgg (125)
[2020.11.12-12.45.32:897][227]LogModuleManager: Shutting down and abandoning module AudioFormatADPCM (123)
[2020.11.12-12.45.32:897][227]LogModuleManager: Shutting down and abandoning module LinuxTargetPlatform (121)
[2020.11.12-12.45.32:897][227]LogModuleManager: Shutting down and abandoning module LinuxServerTargetPlatform (119)
[2020.11.12-12.45.32:897][227]LogModuleManager: Shutting down and abandoning module LinuxNoEditorTargetPlatform (117)
[2020.11.12-12.45.32:897][227]LogModuleManager: Shutting down and abandoning module LinuxClientTargetPlatform (115)
[2020.11.12-12.45.32:897][227]LogModuleManager: Shutting down and abandoning module TVOSTargetPlatform (113)
[2020.11.12-12.45.32:897][227]LogModuleManager: Shutting down and abandoning module Messaging (111)
[2020.11.12-12.45.32:897][227]LogModuleManager: Shutting down and abandoning module IOSTargetPlatform (109)
[2020.11.12-12.45.32:897][227]LogModuleManager: Shutting down and abandoning module HTML5TargetPlatform (107)
[2020.11.12-12.45.32:897][227]LogModuleManager: Shutting down and abandoning module AndroidTargetPlatform (105)
[2020.11.12-12.45.32:897][227]LogModuleManager: Shutting down and abandoning module Android_PVRTCTargetPlatform (103)
[2020.11.12-12.45.32:897][227]LogModuleManager: Shutting down and abandoning module Android_MultiTargetPlatform (101)
[2020.11.12-12.45.32:897][227]LogModuleManager: Shutting down and abandoning module Android_ETC2TargetPlatform (99)
[2020.11.12-12.45.32:897][227]LogModuleManager: Shutting down and abandoning module Android_ETC1TargetPlatform (97)
[2020.11.12-12.45.32:897][227]LogModuleManager: Shutting down and abandoning module Android_DXTTargetPlatform (95)
[2020.11.12-12.45.32:897][227]LogModuleManager: Shutting down and abandoning module Android_ATCTargetPlatform (93)
[2020.11.12-12.45.32:897][227]LogModuleManager: Shutting down and abandoning module Android_ASTCTargetPlatform (91)
[2020.11.12-12.45.32:897][227]LogModuleManager: Shutting down and abandoning module WindowsTargetPlatform (89)
[2020.11.12-12.45.32:897][227]LogModuleManager: Shutting down and abandoning module WindowsServerTargetPlatform (87)
[2020.11.12-12.45.32:897][227]LogModuleManager: Shutting down and abandoning module WindowsNoEditorTargetPlatform (85)
[2020.11.12-12.45.32:897][227]LogModuleManager: Shutting down and abandoning module WindowsClientTargetPlatform (83)
[2020.11.12-12.45.32:897][227]LogModuleManager: Shutting down and abandoning module MacTargetPlatform (81)
[2020.11.12-12.45.32:897][227]LogModuleManager: Shutting down and abandoning module MacServerTargetPlatform (79)
[2020.11.12-12.45.32:897][227]LogModuleManager: Shutting down and abandoning module MacNoEditorTargetPlatform (77)
[2020.11.12-12.45.32:897][227]LogModuleManager: Shutting down and abandoning module MacClientTargetPlatform (75)
[2020.11.12-12.45.32:897][227]LogModuleManager: Shutting down and abandoning module AllDesktopTargetPlatform (73)
[2020.11.12-12.45.32:897][227]LogModuleManager: Shutting down and abandoning module InputCore (70)
[2020.11.12-12.45.32:897][227]LogModuleManager: Shutting down and abandoning module Settings (68)
[2020.11.12-12.45.32:897][227]LogModuleManager: Shutting down and abandoning module PhysXCooking (66)
[2020.11.12-12.45.32:897][227]LogModuleManager: Shutting down and abandoning module SteamVR (64)
[2020.11.12-12.45.32:898][227]LogModuleManager: Shutting down and abandoning module OculusHMD (62)
[2020.11.12-12.45.32:921][227]LogModuleManager: Shutting down and abandoning module ExampleDeviceProfileSelector (60)
[2020.11.12-12.45.32:921][227]LogModuleManager: Shutting down and abandoning module AppleARKit (58)
[2020.11.12-12.45.32:921][227]LogModuleManager: Shutting down and abandoning module AugmentedReality (57)
[2020.11.12-12.45.32:921][227]LogModuleManager: Shutting down and abandoning module OnlineBlueprintSupport (54)
[2020.11.12-12.45.32:921][227]LogModuleManager: Shutting down and abandoning module OnlineSubsystem (50)
[2020.11.12-12.45.32:921][227]LogOnline: Display: OSS: FOnlineSubsystemNull::Shutdown()
[2020.11.12-12.45.32:934][227]LogOnline: Display: OSS: FOnlineAsyncTaskManager::Stop() ActiveTask:0000000000000000 Tasks[0/0]
[2020.11.12-12.45.33:010][227]LogOnline: Display: OSS: FOnlineAsyncTaskManager::Exit() started
[2020.11.12-12.45.33:010][227]LogOnline: Display: OSS: FOnlineAsyncTaskManager::Exit() finished
[2020.11.12-12.45.33:010][227]LogModuleManager: Shutting down and abandoning module XMPP (43)
[2020.11.12-12.45.33:025][227]LogModuleManager: Shutting down and abandoning module HTTP (41)
[2020.11.12-12.45.33:025][227]LogHttp: Display: Http module shutting down, but needs to wait on 1 outstanding Http requests:
[2020.11.12-12.45.33:032][227]LogHttp: Display: 	verb=[POST] url=[https://datarouter.ol.epicgames.com/datarouter/api/v1/public/data?SessionID=%7B2C052670-4DCD-7E09-7FE5-D4B6D827B386%7D&AppID=UEEditor.Rocket.Release&AppVersion=4.18.3-3832480%2B%2B%2BUE4%2BRelease-4.18&UserID=dab985eb449ee4f1b342389e404cab9f%7C845779d9bd904572b61cf91381b7a44e%7C4e718ad1-99cd-4dc7-9063-d4e2b6f3fd7d&AppEnvironment=datacollector-binary&UploadType=eteventstream] status=Processing
[2020.11.12-12.45.33:039][227]LogModuleManager: Shutting down and abandoning module SSL (40)
[2020.11.12-12.45.33:094][227]LogModuleManager: Shutting down and abandoning module AnimationModifiers (36)
[2020.11.12-12.45.33:144][227]LogModuleManager: Shutting down and abandoning module PropertyEditor (35)
[2020.11.12-12.45.33:144][227]LogModuleManager: Shutting down and abandoning module AudioEditor (32)
[2020.11.12-12.45.33:164][227]LogModuleManager: Shutting down and abandoning module TextureCompressor (30)
[2020.11.12-12.45.33:220][227]LogModuleManager: Shutting down and abandoning module ShaderCore (28)
[2020.11.12-12.45.33:220][227]LogModuleManager: Shutting down and abandoning module Landscape (26)
[2020.11.12-12.45.33:220][227]LogModuleManager: Shutting down and abandoning module SlateRHIRenderer (24)
[2020.11.12-12.45.33:238][227]LogModuleManager: Shutting down and abandoning module OpenGLDrv (22)
[2020.11.12-12.45.33:260][227]LogModuleManager: Shutting down and abandoning module D3D11RHI (20)
[2020.11.12-12.45.33:260][227]LogModuleManager: Shutting down and abandoning module AnimGraphRuntime (18)
[2020.11.12-12.45.33:267][227]LogModuleManager: Shutting down and abandoning module Renderer (16)
[2020.11.12-12.45.33:267][227]LogModuleManager: Shutting down and abandoning module Engine (14)
[2020.11.12-12.45.33:273][227]LogModuleManager: Shutting down and abandoning module CoreUObject (12)
[2020.11.12-12.45.33:273][227]LogModuleManager: Shutting down and abandoning module NetworkFile (10)
[2020.11.12-12.45.33:286][227]LogModuleManager: Shutting down and abandoning module CookedIterativeFile (8)
[2020.11.12-12.45.33:286][227]LogModuleManager: Shutting down and abandoning module StreamingFile (6)
[2020.11.12-12.45.33:293][227]LogModuleManager: Shutting down and abandoning module SandboxFile (4)
[2020.11.12-12.45.33:302][227]LogModuleManager: Shutting down and abandoning module PakFile (2)
[2020.11.12-12.45.33:328][227]LogExit: Exiting.
[2020.11.12-12.45.33:358][227]Log file closed, 11/12/20 18:45:33
