Log file open, 11/21/20 22:09:32
LogWindows: Failed to load 'aqProf.dll' (GetLastError=126)
LogWindows: File 'aqProf.dll' does not exist
LogWindows: Failed to load 'VSPerf140.dll' (GetLastError=126)
LogWindows: File 'VSPerf140.dll' does not exist
LogWindows: Failed to load 'VtuneApi.dll' (GetLastError=126)
LogWindows: File 'VtuneApi.dll' does not exist
LogWindows: Failed to load 'VtuneApi32e.dll' (GetLastError=126)
LogWindows: File 'VtuneApi32e.dll' does not exist
LogInit: Display: Running engine for game: MyProject_01
LogPlatformFile: Not using cached read wrapper
LogInit: Display: RandInit(329259017) SRandInit(329259017).
LogInit: Read version file with build ID '3709383'
LogInit: Overriding engine version to CL 3832480, compatible CL 3709383
LogInit: Registered custom module enumerator with build ID '3709383'
LogTaskGraph: Started task graph with 5 named threads and 8 total threads with 3 sets of task threads.
LogStats: Stats thread started at 0.208824
LogD3D11RHI: Aftermath initialized
LogModuleManager: Display: Found up-to-date module file ../../../Engine/Plugins/Online/OnlineSubsystemSteam/Binaries/Win64/UE4Editor-OnlineSubsystemSteam.dll (API version 3709383).
LogModuleManager: Display: Found up-to-date module file ../../../Engine/Plugins/Online/OnlineSubsystem/Binaries/Win64/UE4Editor-OnlineSubsystem.dll (API version 3709383).
LogModuleManager: Display: Found up-to-date module file ../../../Engine/Plugins/Online/OnlineSubsystemUtils/Binaries/Win64/UE4Editor-OnlineSubsystemUtils.dll (API version 3709383).
LogModuleManager: Display: Found up-to-date module file ../../../Engine/Plugins/Online/OnlineSubsystemUtils/Binaries/Win64/UE4Editor-OnlineBlueprintSupport.dll (API version 3709383).
LogModuleManager: Display: Found up-to-date module file ../../../Engine/Plugins/AdvancedSessions/AdvancedSessions/Binaries/Win64/UE4Editor-AdvancedSessions.dll (API version 3709383).
LogModuleManager: Display: Found up-to-date module file ../../../Engine/Plugins/AdvancedSessions/AdvancedSteamSessions/Binaries/Win64/UE4Editor-AdvancedSteamSessions.dll (API version 3709383).
LogModuleManager: Display: Found up-to-date module file ../../../Engine/Plugins/2D/Paper2D/Binaries/Win64/UE4Editor-Paper2D.dll (API version 3709383).
LogModuleManager: Display: Found up-to-date module file ../../../Engine/Plugins/2D/Paper2D/Binaries/Win64/UE4Editor-Paper2DEditor.dll (API version 3709383).
LogModuleManager: Display: Found up-to-date module file ../../../Engine/Plugins/2D/Paper2D/Binaries/Win64/UE4Editor-PaperSpriteSheetImporter.dll (API version 3709383).
LogModuleManager: Display: Found up-to-date module file ../../../Engine/Plugins/2D/Paper2D/Binaries/Win64/UE4Editor-PaperTiledImporter.dll (API version 3709383).
LogModuleManager: Display: Found up-to-date module file ../../../Engine/Plugins/2D/Paper2D/Binaries/Win64/UE4Editor-SmartSnapping.dll (API version 3709383).
LogModuleManager: Display: Found up-to-date module file ../../../Engine/Plugins/Blendables/LightPropagationVolume/Binaries/Win64/UE4Editor-LightPropagationVolumeRuntime.dll (API version 3709383).
LogModuleManager: Display: Found up-to-date module file ../../../Engine/Plugins/Blendables/LightPropagationVolume/Binaries/Win64/UE4Editor-LightPropagationVolumeEditor.dll (API version 3709383).
LogModuleManager: Display: Found up-to-date module file ../../../Engine/Plugins/Developer/GitSourceControl/Binaries/Win64/UE4Editor-GitSourceControl.dll (API version 3709383).
LogModuleManager: Display: Found up-to-date module file ../../../Engine/Plugins/Developer/PerforceSourceControl/Binaries/Win64/UE4Editor-PerforceSourceControl.dll (API version 3709383).
LogModuleManager: Display: Found up-to-date module file ../../../Engine/Plugins/Developer/SubversionSourceControl/Binaries/Win64/UE4Editor-SubversionSourceControl.dll (API version 3709383).
LogModuleManager: Display: Found up-to-date module file ../../../Engine/Plugins/Developer/UObjectPlugin/Binaries/Win64/UE4Editor-UObjectPlugin.dll (API version 3709383).
LogModuleManager: Display: Found up-to-date module file ../../../Engine/Plugins/Developer/VisualStudioCodeSourceCodeAccess/Binaries/Win64/UE4Editor-VisualStudioCodeSourceCodeAccess.dll (API version 3709383).
LogModuleManager: Display: Found up-to-date module file ../../../Engine/Plugins/Developer/VisualStudioSourceCodeAccess/Binaries/Win64/UE4Editor-VisualStudioSourceCodeAccess.dll (API version 3709383).
LogModuleManager: Display: Found up-to-date module file ../../../Engine/Plugins/Editor/AssetManagerEditor/Binaries/Win64/UE4Editor-AssetManagerEditor.dll (API version 3709383).
LogModuleManager: Display: Found up-to-date module file ../../../Engine/Plugins/Editor/AudioCapture/Binaries/Win64/UE4Editor-AudioCapture.dll (API version 3709383).
LogModuleManager: Display: Found up-to-date module file ../../../Engine/Plugins/Editor/FacialAnimation/Binaries/Win64/UE4Editor-FacialAnimation.dll (API version 3709383).
LogModuleManager: Display: Found up-to-date module file ../../../Engine/Plugins/Editor/FacialAnimation/Binaries/Win64/UE4Editor-FacialAnimationEditor.dll (API version 3709383).
LogModuleManager: Display: Found up-to-date module file ../../../Engine/Plugins/Editor/GameplayTagsEditor/Binaries/Win64/UE4Editor-GameplayTagsEditor.dll (API version 3709383).
LogModuleManager: Display: Found up-to-date module file ../../../Engine/Plugins/Editor/MobileLauncherProfileWizard/Binaries/Win64/UE4Editor-MobileLauncherProfileWizard.dll (API version 3709383).
LogModuleManager: Display: Found up-to-date module file ../../../Engine/Plugins/Editor/PluginBrowser/Binaries/Win64/UE4Editor-PluginBrowser.dll (API version 3709383).
LogModuleManager: Display: Found up-to-date module file ../../../Engine/Plugins/Editor/SpeedTreeImporter/Binaries/Win64/UE4Editor-SpeedTreeImporter.dll (API version 3709383).
LogModuleManager: Display: Found up-to-date module file ../../../Engine/Plugins/Experimental/AlembicImporter/Binaries/Win64/UE4Editor-AlembicImporter.dll (API version 3709383).
LogModuleManager: Display: Found up-to-date module file ../../../Engine/Plugins/Experimental/AlembicImporter/Binaries/Win64/UE4Editor-AlembicLibrary.dll (API version 3709383).
LogModuleManager: Display: Found up-to-date module file ../../../Engine/Plugins/Experimental/CharacterAI/Binaries/Win64/UE4Editor-CharacterAI.dll (API version 3709383).
LogModuleManager: Display: Found up-to-date module file ../../../Engine/Plugins/Experimental/HTML5Networking/Binaries/Win64/UE4Editor-HTML5Networking.dll (API version 3709383).
LogModuleManager: Display: Found up-to-date module file ../../../Engine/Plugins/Media/AndroidMedia/Binaries/Win64/UE4Editor-AndroidMediaEditor.dll (API version 3709383).
LogModuleManager: Display: Found up-to-date module file ../../../Engine/Plugins/Media/AndroidMedia/Binaries/Win64/UE4Editor-AndroidMediaFactory.dll (API version 3709383).
LogModuleManager: Display: Found up-to-date module file ../../../Engine/Plugins/Media/AvfMedia/Binaries/Win64/UE4Editor-AvfMediaEditor.dll (API version 3709383).
LogModuleManager: Display: Found up-to-date module file ../../../Engine/Plugins/Media/AvfMedia/Binaries/Win64/UE4Editor-AvfMediaFactory.dll (API version 3709383).
LogModuleManager: Display: Found up-to-date module file ../../../Engine/Plugins/Media/AvfMedia/Binaries/Win64/UE4Editor-AvfMediaFactory.dll (API version 3709383).
LogModuleManager: Display: Found up-to-date module file ../../../Engine/Plugins/Media/ImgMedia/Binaries/Win64/UE4Editor-ImgMedia.dll (API version 3709383).
LogModuleManager: Display: Found up-to-date module file ../../../Engine/Plugins/Media/ImgMedia/Binaries/Win64/UE4Editor-ImgMediaEditor.dll (API version 3709383).
LogModuleManager: Display: Found up-to-date module file ../../../Engine/Plugins/Media/ImgMedia/Binaries/Win64/UE4Editor-ImgMediaFactory.dll (API version 3709383).
LogModuleManager: Display: Found up-to-date module file ../../../Engine/Plugins/Media/ImgMedia/Binaries/Win64/UE4Editor-ImgMediaFactory.dll (API version 3709383).
LogModuleManager: Display: Found up-to-date module file ../../../Engine/Plugins/Media/ImgMedia/Binaries/Win64/UE4Editor-OpenExrWrapper.dll (API version 3709383).
LogModuleManager: Display: Found up-to-date module file ../../../Engine/Plugins/Media/MediaCompositing/Binaries/Win64/UE4Editor-MediaCompositing.dll (API version 3709383).
LogModuleManager: Display: Found up-to-date module file ../../../Engine/Plugins/Media/MediaCompositing/Binaries/Win64/UE4Editor-MediaCompositingEditor.dll (API version 3709383).
LogModuleManager: Display: Found up-to-date module file ../../../Engine/Plugins/Media/MediaPlayerEditor/Binaries/Win64/UE4Editor-MediaPlayerEditor.dll (API version 3709383).
LogModuleManager: Display: Found up-to-date module file ../../../Engine/Plugins/Media/WmfMedia/Binaries/Win64/UE4Editor-WmfMedia.dll (API version 3709383).
LogModuleManager: Display: Found up-to-date module file ../../../Engine/Plugins/Media/WmfMedia/Binaries/Win64/UE4Editor-WmfMediaEditor.dll (API version 3709383).
LogModuleManager: Display: Found up-to-date module file ../../../Engine/Plugins/Media/WmfMedia/Binaries/Win64/UE4Editor-WmfMediaFactory.dll (API version 3709383).
LogModuleManager: Display: Found up-to-date module file ../../../Engine/Plugins/Media/WmfMedia/Binaries/Win64/UE4Editor-WmfMediaFactory.dll (API version 3709383).
LogModuleManager: Display: Found up-to-date module file ../../../Engine/Plugins/Messaging/TcpMessaging/Binaries/Win64/UE4Editor-TcpMessaging.dll (API version 3709383).
LogModuleManager: Display: Found up-to-date module file ../../../Engine/Plugins/Messaging/UdpMessaging/Binaries/Win64/UE4Editor-UdpMessaging.dll (API version 3709383).
LogModuleManager: Display: Found up-to-date module file ../../../Engine/Plugins/MovieScene/ActorSequence/Binaries/Win64/UE4Editor-ActorSequence.dll (API version 3709383).
LogModuleManager: Display: Found up-to-date module file ../../../Engine/Plugins/MovieScene/LevelSequenceEditor/Binaries/Win64/UE4Editor-LevelSequenceEditor.dll (API version 3709383).
LogModuleManager: Display: Found up-to-date module file ../../../Engine/Plugins/MovieScene/MatineeToLevelSequence/Binaries/Win64/UE4Editor-MatineeToLevelSequence.dll (API version 3709383).
LogModuleManager: Display: Found up-to-date module file ../../../Engine/Plugins/Runtime/AndroidPermission/Binaries/Win64/UE4Editor-AndroidPermission.dll (API version 3709383).
LogModuleManager: Display: Found up-to-date module file ../../../Engine/Plugins/Online/OnlineSubsystemNull/Binaries/Win64/UE4Editor-OnlineSubsystemNull.dll (API version 3709383).
LogModuleManager: Display: Found up-to-date module file ../../../Engine/Plugins/Runtime/AndroidDeviceProfileSelector/Binaries/Win64/UE4Editor-AndroidDeviceProfileSelector.dll (API version 3709383).
LogModuleManager: Display: Found up-to-date module file ../../../Engine/Plugins/Runtime/AppleARKit/Binaries/Win64/UE4Editor-AppleARKit.dll (API version 3709383).
LogModuleManager: Display: Found up-to-date module file ../../../Engine/Plugins/Runtime/ArchVisCharacter/Binaries/Win64/UE4Editor-ArchVisCharacter.dll (API version 3709383).
LogModuleManager: Display: Found up-to-date module file ../../../Engine/Plugins/Runtime/CableComponent/Binaries/Win64/UE4Editor-CableComponent.dll (API version 3709383).
LogModuleManager: Display: Found up-to-date module file ../../../Engine/Plugins/Runtime/CustomMeshComponent/Binaries/Win64/UE4Editor-CustomMeshComponent.dll (API version 3709383).
LogModuleManager: Display: Found up-to-date module file ../../../Engine/Plugins/Runtime/ExampleDeviceProfileSelector/Binaries/Win64/UE4Editor-ExampleDeviceProfileSelector.dll (API version 3709383).
LogModuleManager: Display: Found up-to-date module file ../../../Engine/Plugins/Runtime/ImmediatePhysics/Binaries/Win64/UE4Editor-ImmediatePhysics.dll (API version 3709383).
LogModuleManager: Display: Found up-to-date module file ../../../Engine/Plugins/Runtime/ImmediatePhysics/Binaries/Win64/UE4Editor-ImmediatePhysicsEditor.dll (API version 3709383).
LogModuleManager: Display: Found up-to-date module file ../../../Engine/Plugins/Runtime/LocationServicesBPLibrary/Binaries/Win64/UE4Editor-LocationServicesBPLibrary.dll (API version 3709383).
LogModuleManager: Display: Found up-to-date module file ../../../Engine/Plugins/Runtime/MobilePatchingUtils/Binaries/Win64/UE4Editor-MobilePatchingUtils.dll (API version 3709383).
LogModuleManager: Display: Found up-to-date module file ../../../Engine/Plugins/Runtime/Oculus/OculusVR/Binaries/Win64/UE4Editor-OculusHMD.dll (API version 3709383).
LogModuleManager: Display: Found up-to-date module file ../../../Engine/Plugins/Runtime/Oculus/OculusVR/Binaries/Win64/UE4Editor-OculusInput.dll (API version 3709383).
LogModuleManager: Display: Found up-to-date module file ../../../Engine/Plugins/Runtime/Oculus/OculusVR/Binaries/Win64/UE4Editor-OculusEditor.dll (API version 3709383).
LogModuleManager: Display: Found up-to-date module file ../../../Engine/Plugins/Runtime/PhysXVehicles/Binaries/Win64/UE4Editor-PhysXVehicles.dll (API version 3709383).
LogModuleManager: Display: Found up-to-date module file ../../../Engine/Plugins/Runtime/PhysXVehicles/Binaries/Win64/UE4Editor-PhysXVehiclesEditor.dll (API version 3709383).
LogModuleManager: Display: Found up-to-date module file ../../../Engine/Plugins/Runtime/ProceduralMeshComponent/Binaries/Win64/UE4Editor-ProceduralMeshComponent.dll (API version 3709383).
LogModuleManager: Display: Found up-to-date module file ../../../Engine/Plugins/Runtime/ProceduralMeshComponent/Binaries/Win64/UE4Editor-ProceduralMeshComponentEditor.dll (API version 3709383).
LogModuleManager: Display: Found up-to-date module file ../../../Engine/Plugins/Runtime/RuntimePhysXCooking/Binaries/Win64/UE4Editor-RuntimePhysXCooking.dll (API version 3709383).
LogModuleManager: Display: Found up-to-date module file ../../../Engine/Plugins/Runtime/Steam/SteamVR/Binaries/Win64/UE4Editor-SteamVR.dll (API version 3709383).
LogModuleManager: Display: Found up-to-date module file ../../../Engine/Plugins/Runtime/Steam/SteamVR/Binaries/Win64/UE4Editor-SteamVRController.dll (API version 3709383).
LogModuleManager: Display: Found up-to-date module file ../../../Engine/Plugins/Runtime/WindowsMoviePlayer/Binaries/Win64/UE4Editor-WindowsMoviePlayer.dll (API version 3709383).
LogPluginManager: Mounting plugin Paper2D
LogPluginManager: Mounting plugin AdvancedSessions
LogPluginManager: Mounting plugin AdvancedSteamSessions
LogPluginManager: Mounting plugin LightPropagationVolume
LogPluginManager: Mounting plugin CodeLiteSourceCodeAccess
LogPluginManager: Mounting plugin GitSourceControl
LogPluginManager: Mounting plugin KDevelopSourceCodeAccess
LogPluginManager: Mounting plugin NullSourceCodeAccess
LogPluginManager: Mounting plugin PerforceSourceControl
LogPluginManager: Mounting plugin SubversionSourceControl
LogPluginManager: Mounting plugin UObjectPlugin
LogPluginManager: Mounting plugin VisualStudioCodeSourceCodeAccess
LogPluginManager: Mounting plugin VisualStudioSourceCodeAccess
LogPluginManager: Mounting plugin XCodeSourceCodeAccess
LogPluginManager: Mounting plugin AssetManagerEditor
LogPluginManager: Mounting plugin AudioCapture
LogPluginManager: Mounting plugin FacialAnimation
LogPluginManager: Mounting plugin GameplayTagsEditor
LogPluginManager: Mounting plugin MobileLauncherProfileWizard
LogPluginManager: Mounting plugin PluginBrowser
LogPluginManager: Mounting plugin SpeedTreeImporter
LogPluginManager: Mounting plugin AlembicImporter
LogPluginManager: Mounting plugin CharacterAI
LogPluginManager: Mounting plugin HTML5Networking
LogPluginManager: Mounting plugin AndroidMedia
LogPluginManager: Mounting plugin AvfMedia
LogPluginManager: Mounting plugin ImgMedia
LogPluginManager: Mounting plugin MediaCompositing
LogPluginManager: Mounting plugin MediaPlayerEditor
LogPluginManager: Mounting plugin WmfMedia
LogPluginManager: Mounting plugin TcpMessaging
LogPluginManager: Mounting plugin UdpMessaging
LogPluginManager: Mounting plugin ActorSequence
LogPluginManager: Mounting plugin LevelSequenceEditor
LogPluginManager: Mounting plugin MatineeToLevelSequence
LogPluginManager: Mounting plugin OnlineSubsystemGooglePlay
LogPluginManager: Mounting plugin OnlineSubsystemIOS
LogPluginManager: Mounting plugin OnlineSubsystem
LogPluginManager: Mounting plugin OnlineSubsystemNull
LogPluginManager: Mounting plugin OnlineSubsystemSteam
LogPluginManager: Mounting plugin OnlineSubsystemUtils
LogPluginManager: Mounting plugin AndroidDeviceProfileSelector
LogPluginManager: Mounting plugin AndroidMoviePlayer
LogPluginManager: Mounting plugin AndroidPermission
LogPluginManager: Mounting plugin AppleARKit
LogPluginManager: Mounting plugin AppleMoviePlayer
LogPluginManager: Mounting plugin ArchVisCharacter
LogPluginManager: Mounting plugin CableComponent
LogPluginManager: Mounting plugin CustomMeshComponent
LogPluginManager: Mounting plugin ExampleDeviceProfileSelector
LogPluginManager: Mounting plugin GoogleCloudMessaging
LogPluginManager: Mounting plugin ImmediatePhysics
LogPluginManager: Mounting plugin IOSDeviceProfileSelector
LogPluginManager: Mounting plugin LinuxDeviceProfileSelector
LogPluginManager: Mounting plugin LocationServicesBPLibrary
LogPluginManager: Mounting plugin MobilePatchingUtils
LogPluginManager: Mounting plugin OculusVR
LogPluginManager: Plugin shader directory ../../../Engine/Plugins/Runtime/Oculus/OculusVR/Shaders found
LogPluginManager: Mapping shader source directory ../../../Engine/Plugins/Runtime/Oculus/OculusVR/Shaders to virtual directory /Plugin/OculusVR
LogPluginManager: Mounting plugin PhysXVehicles
LogPluginManager: Mounting plugin ProceduralMeshComponent
LogPluginManager: Mounting plugin RuntimePhysXCooking
LogPluginManager: Mounting plugin SteamVR
LogPluginManager: Mounting plugin WindowsMoviePlayer
LogInit: Using libcurl 7.47.1
LogInit:  - built for x86_64-pc-win32
LogInit:  - supports SSL with OpenSSL/1.0.2g
LogInit:  - supports HTTP deflate (compression) using libz 1.2.8
LogInit:  - other features:
LogInit:      CURL_VERSION_SSL
LogInit:      CURL_VERSION_LIBZ
LogInit:      CURL_VERSION_IPV6
LogInit:      CURL_VERSION_ASYNCHDNS
LogInit:      CURL_VERSION_LARGEFILE
LogInit:      CURL_VERSION_IDN
LogInit:  CurlRequestOptions (configurable via config and command line):
LogInit:  - bVerifyPeer = false  - Libcurl will NOT verify peer certificate
LogInit:  - bUseHttpProxy = false  - Libcurl will NOT use HTTP proxy
LogInit:  - bDontReuseConnections = false  - Libcurl will reuse connections
LogInit:  - CertBundlePath = nullptr  - Libcurl will use whatever was configured at build time.
LogOnline: Display: STEAM: Loading Steam SDK 1.39
LogOnline: Warning: STEAM: Steam API disabled!
LogOnline: Display: STEAM: OnlineSubsystemSteam::Shutdown()
LogInit: WinSock: version 1.1 (2.2), MaxSocks=32767, MaxUdp=65467
LogInit: Build: ++UE4+Release-4.18-CL-3832480
LogInit: Engine Version: 4.18.3-3832480+++UE4+Release-4.18
LogInit: Compatible Engine Version: 4.18.0-3709383+++UE4+Release-4.18
LogInit: Net CL: 3709383
LogDevObjectVersion: Number of dev versions registered: 16
LogDevObjectVersion:   Dev-Blueprints (B0D832E4-1F89-4F0D-ACCF-7EB736FD4AA2): 10
LogDevObjectVersion:   Dev-Build (E1C64328-A22C-4D53-A36C-8E866417BD8C): 0
LogDevObjectVersion:   Dev-Core (375EC13C-06E4-48FB-B500-84F0262A717E): 2
LogDevObjectVersion:   Dev-Editor (E4B068ED-F494-42E9-A231-DA0B2E46BB41): 20
LogDevObjectVersion:   Dev-Framework (CFFC743F-43B0-4480-9391-14DF171D2073): 30
LogDevObjectVersion:   Dev-Mobile (B02B49B5-BB20-44E9-A304-32B752E40360): 0
LogDevObjectVersion:   Dev-Networking (A4E4105C-59A1-49B5-A7C5-40C4547EDFEE): 0
LogDevObjectVersion:   Dev-Online (39C831C9-5AE6-47DC-9A44-9C173E1C8E7C): 0
LogDevObjectVersion:   Dev-Physics (78F01B33-EBEA-4F98-B9B4-84EACCB95AA2): 0
LogDevObjectVersion:   Dev-Platform (6631380F-2D4D-43E0-8009-CF276956A95A): 0
LogDevObjectVersion:   Dev-Rendering (12F88B9F-8875-4AFC-A67C-D90C383ABD29): 20
LogDevObjectVersion:   Dev-Sequencer (7B5AE74C-D270-4C10-A958-57980B212A5A): 4
LogDevObjectVersion:   Dev-VR (D7296918-1DD6-4BDD-9DE2-64A83CC13884): 0
LogDevObjectVersion:   Dev-LoadTimes (C2A15278-BFE7-4AFE-6C17-90FF531DF755): 1
LogDevObjectVersion:   Private-Geometry (6EACA3D4-40EC-4CC1-B786-8BED09428FC5): 1
LogDevObjectVersion:   Dev-AnimPhys (29E575DD-E0A3-4627-9D10-D276232CDCEA): 12
LogInit: Compiled (64-bit): Jan 12 2018 02:04:55
LogInit: Compiled with Visual C++: 19.00.24215.01
LogInit: Build Configuration: Development
LogInit: Branch Name: ++UE4+Release-4.18
LogInit: Command line:  
LogInit: Base directory: E:/GameDev/Unreal/Engine/UE_4.18/Engine/Binaries/Win64/
LogInit: Installed Engine Build: 1
LogInit: Presizing for max 8388607 objects, including 0 objects not considered by GC, pre-allocating 0 bytes for permanent pool.
LogInit: Object subsystem initialized
[2020.11.21-16.09.40:172][  0]LogInit: Selected Device Profile: [Windows]
[2020.11.21-16.09.40:172][  0]LogInit: Applying CVar settings loaded from the selected device profile: [Windows]
[2020.11.21-16.09.40:434][  0]LogInit: Computer: ISHRAQ-PC
[2020.11.21-16.09.40:434][  0]LogInit: User: farha
[2020.11.21-16.09.40:434][  0]LogInit: CPU Page size=4096, Cores=2
[2020.11.21-16.09.40:434][  0]LogInit: High frequency timer resolution =10.000000 MHz
[2020.11.21-16.09.40:449][  0]LogMemory: Memory total: Physical=3.9GB (4GB approx)
[2020.11.21-16.09.40:449][  0]LogMemory: Platform Memory Stats for Windows
[2020.11.21-16.09.40:449][  0]LogMemory: Process Physical Memory: 275.58 MB used, 275.58 MB peak
[2020.11.21-16.09.40:449][  0]LogMemory: Process Virtual Memory: 276.68 MB used, 276.68 MB peak
[2020.11.21-16.09.40:449][  0]LogMemory: Physical Memory: 3360.41 MB used,  616.61 MB free, 3977.01 MB total
[2020.11.21-16.09.40:449][  0]LogMemory: Virtual Memory: 4770.11 MB used,  616.61 MB free, 134217728.00 MB total
[2020.11.21-16.09.41:784][  0]LogInit: Using OS detected language (en-US).
[2020.11.21-16.09.41:784][  0]LogInit: Using OS detected locale (en-US).
[2020.11.21-16.09.42:100][  0]LogTextLocalizationManager: No specific localization for 'en-US' exists, so the 'en' localization will be used.
[2020.11.21-16.09.43:381][  0]LogInit: Setting process to per monitor DPI aware
[2020.11.21-16.09.45:895][  0]LogD3D11RHI: D3D11 adapters:
[2020.11.21-16.09.46:005][  0]LogD3D11RHI:    0. 'Intel(R) HD Graphics 3000' (Feature Level 10_0)
[2020.11.21-16.09.46:005][  0]LogD3D11RHI:       32/0/1632 MB DedicatedVideo/DedicatedSystem/SharedSystem, Outputs:1, VendorId:0x8086
[2020.11.21-16.09.46:053][  0]LogD3D11RHI:    1. 'Microsoft Basic Render Driver' (Feature Level 11_0)
[2020.11.21-16.09.46:053][  0]LogD3D11RHI:       0/0/1988 MB DedicatedVideo/DedicatedSystem/SharedSystem, Outputs:0, VendorId:0x1414
[2020.11.21-16.09.46:053][  0]LogD3D11RHI: Chosen D3D11 Adapter: 0
[2020.11.21-16.09.46:082][  0]LogD3D11RHI: Creating new Direct3DDevice
[2020.11.21-16.09.46:083][  0]LogD3D11RHI:     GPU DeviceId: 0x126 (for the marketing name, search the web for "GPU Device Id")
[2020.11.21-16.09.46:083][  0]LogWindows: EnumDisplayDevices:
[2020.11.21-16.09.46:083][  0]LogWindows:    0. 'Intel(R) HD Graphics 3000' (P:1 D:1)
[2020.11.21-16.09.46:090][  0]LogWindows:    1. 'Intel(R) HD Graphics 3000' (P:0 D:0)
[2020.11.21-16.09.46:090][  0]LogWindows: DebugString: GetVideoDriverDetailsInvalid PrimaryIsNotTheChoosenAdapter GetVideoDriverDetailsInvalid PrimaryIsNotTheChoosenAdapter FoundDriverCount:0 
[2020.11.21-16.09.46:090][  0]LogD3D11RHI:     Adapter Name: Intel(R) HD Graphics 3000
[2020.11.21-16.09.46:090][  0]LogD3D11RHI:   Driver Version: Unknown (internal:Unknown, unified:Unknown)
[2020.11.21-16.09.46:090][  0]LogD3D11RHI:      Driver Date: Unknown
[2020.11.21-16.09.46:090][  0]LogRHI: Texture pool is 593 MB (70% of 848 MB)
[2020.11.21-16.09.46:119][  0]LogD3D11RHI: Async texture creation enabled
[2020.11.21-16.09.46:638][  0]LogD3D11RHI: GPU Timing Frequency: 12.500000 (Debug: 2 1)
[2020.11.21-16.09.46:821][  0]LogShaderCompilers: Guid format shader working directory is 8 characters bigger than the processId version (../../../../../GITHUB/IML/MyProject_01/Intermediate/Shaders/WorkingDirectory/7676/).
[2020.11.21-16.09.46:821][  0]LogShaderCompilers: Cleaned the shader compiler working directory 'C:/Users/farha/AppData/Local/Temp/UnrealShaderWorkingDir/1DCF28154BB54830B8D21DB41A04ADE7/'.
[2020.11.21-16.09.46:836][  0]LogShaderCompilers: Display: Using Local Shader Compiler.
[2020.11.21-16.09.52:312][  0]LogTemp: Display: Loaded TP AllDesktopTargetPlatform
[2020.11.21-16.09.52:447][  0]LogTemp: Display: Loaded TP MacClientTargetPlatform
[2020.11.21-16.09.52:558][  0]LogTemp: Display: Loaded TP MacNoEditorTargetPlatform
[2020.11.21-16.09.52:704][  0]LogTemp: Display: Loaded TP MacServerTargetPlatform
[2020.11.21-16.09.52:878][  0]LogTemp: Display: Loaded TP MacTargetPlatform
[2020.11.21-16.09.52:991][  0]LogTemp: Display: Loaded TP WindowsClientTargetPlatform
[2020.11.21-16.09.53:174][  0]LogTemp: Display: Loaded TP WindowsNoEditorTargetPlatform
[2020.11.21-16.09.53:396][  0]LogTemp: Display: Loaded TP WindowsServerTargetPlatform
[2020.11.21-16.09.53:532][  0]LogTemp: Display: Loaded TP WindowsTargetPlatform
[2020.11.21-16.09.53:687][  0]LogTemp: Display: Loaded TP Android_ASTCTargetPlatform
[2020.11.21-16.09.53:831][  0]LogTemp: Display: Loaded TP Android_ATCTargetPlatform
[2020.11.21-16.09.53:955][  0]LogTemp: Display: Loaded TP Android_DXTTargetPlatform
[2020.11.21-16.09.54:041][  0]LogTemp: Display: Loaded TP Android_ETC1TargetPlatform
[2020.11.21-16.09.54:155][  0]LogTemp: Display: Loaded TP Android_ETC2TargetPlatform
[2020.11.21-16.09.54:365][  0]LogTemp: Display: Loaded TP Android_MultiTargetPlatform
[2020.11.21-16.09.54:365][  0]LogTemp: Display: Loaded TP Android_PVRTCTargetPlatform
[2020.11.21-16.09.54:477][  0]LogTemp: Display: Loaded TP AndroidTargetPlatform
[2020.11.21-16.09.54:643][  0]LogTemp: Display: Loaded TP HTML5TargetPlatform
[2020.11.21-16.09.55:024][  0]LogTemp: Display: Loaded TP IOSTargetPlatform
[2020.11.21-16.09.55:133][  0]LogTemp: Display: Loaded TP TVOSTargetPlatform
[2020.11.21-16.09.55:289][  0]LogTemp: Display: Loaded TP LinuxClientTargetPlatform
[2020.11.21-16.09.55:400][  0]LogTemp: Display: Loaded TP LinuxNoEditorTargetPlatform
[2020.11.21-16.09.55:507][  0]LogTemp: Display: Loaded TP LinuxServerTargetPlatform
[2020.11.21-16.09.55:591][  0]LogTemp: Display: Loaded TP LinuxTargetPlatform
[2020.11.21-16.09.55:599][  0]LogTargetPlatformManager: Display: Building Assets For Windows
[2020.11.21-16.09.57:503][  0]LogDerivedDataCache: Display: Max Cache Size: 512 MB
[2020.11.21-16.09.58:474][  0]LogDerivedDataCache: Loaded boot cache 0.97s 75MB C:/Users/farha/AppData/Local/UnrealEngine/4.18/DerivedDataCache/Boot.ddc.
[2020.11.21-16.09.58:474][  0]LogDerivedDataCache: Display: Loaded Boot cache: C:/Users/farha/AppData/Local/UnrealEngine/4.18/DerivedDataCache/Boot.ddc
[2020.11.21-16.09.58:474][  0]LogDerivedDataCache: FDerivedDataBackendGraph:  Pak pak cache file ../../../../../GITHUB/IML/MyProject_01/DerivedDataCache/DDC.ddp not found, will not use a pak cache.
[2020.11.21-16.09.58:474][  0]LogDerivedDataCache: Unable to find inner node Pak for hierarchical cache Hierarchy.
[2020.11.21-16.09.58:474][  0]LogDerivedDataCache: FDerivedDataBackendGraph:  CompressedPak pak cache file ../../../../../GITHUB/IML/MyProject_01/DerivedDataCache/Compressed.ddp not found, will not use a pak cache.
[2020.11.21-16.09.58:474][  0]LogDerivedDataCache: Unable to find inner node CompressedPak for hierarchical cache Hierarchy.
[2020.11.21-16.09.58:555][  0]LogDerivedDataCache: Display: Pak cache opened for reading ../../../Engine/DerivedDataCache/Compressed.ddp.
[2020.11.21-16.09.58:604][  0]LogDerivedDataCache: Using Local data cache path C:/Users/farha/AppData/Local/UnrealEngine/Common/DerivedDataCache: Writable
[2020.11.21-16.09.58:893][  0]LogMaterial: Verifying Global Shaders for PCD3D_SM4
[2020.11.21-16.09.59:135][  0]LogSlate: Using Freetype 2.6.0
[2020.11.21-16.10.00:110][  0]LogSlate: SlateFontCache - WITH_FREETYPE: 1, WITH_HARFBUZZ: 1
[2020.11.21-16.10.00:161][  0]LogSlate: SlateFontCache - WITH_FREETYPE: 1, WITH_HARFBUZZ: 1
[2020.11.21-16.10.12:880][  0]LogInit: Selected Device Profile: [Windows]
[2020.11.21-16.10.16:843][  0]LogSimplygon: Simplygon DLL not present - disabling.
[2020.11.21-16.10.16:950][  0]LogMeshReduction: Using SimplygonSwarm for distributed automatic mesh merging
[2020.11.21-16.10.16:958][  0]LogMeshReduction: Using QuadricMeshReduction for automatic static mesh reduction
[2020.11.21-16.10.16:958][  0]LogMeshReduction: No automatic skeletal mesh reduction module available
[2020.11.21-16.10.16:958][  0]LogMeshReduction: No automatic mesh merging module available
[2020.11.21-16.10.16:958][  0]LogMeshMerging: No automatic mesh merging module available
[2020.11.21-16.10.18:124][  0]LogNetVersion: MyProject_01 , NetCL: 3709383, EngineNetVer: 2, GameNetVer: 0 (Checksum: 560086495)
[2020.11.21-16.10.20:935][  0]LogAssetRegistry: FAssetRegistry took 0.0469 seconds to start up
[2020.11.21-16.10.49:934][  0]LogPackageLocalizationCache: Processed 7 localized package path(s) for 2 prioritized culture(s) in 4.601939 seconds
[2020.11.21-16.10.50:068][  0]LogUObjectArray: 35877 objects as part of root set at end of initial load.
[2020.11.21-16.10.50:069][  0]LogUObjectAllocator: 7577632 out of 0 bytes used by permanent object pool.
[2020.11.21-16.10.50:069][  0]LogUObjectArray: CloseDisregardForGC: 0/0 objects in disregard for GC pool
[2020.11.21-16.11.18:713][  0]LogTcpMessaging: Initializing TcpMessaging bridge
[2020.11.21-16.11.18:991][  0]LogUdpMessaging: Initializing bridge on interface 0.0.0.0:0 to multicast group 230.0.0.1:6666.
[2020.11.21-16.11.31:355][  0]LogMaterial: Uniform references updated for custom material expression Custom.
[2020.11.21-16.11.54:768][  0]SourceControl: Source control is disabled
[2020.11.21-16.11.54:811][  0]SourceControl: Source control is disabled
[2020.11.21-16.11.55:343][  0]SourceControl: Source control is disabled
[2020.11.21-16.11.55:560][  0]SourceControl: Source control is disabled
[2020.11.21-16.12.01:314][  0]LogAndroidPermission: UAndroidPermissionCallbackProxy::GetInstance
[2020.11.21-16.12.02:246][  0]LogOcInput: OculusInput pre-init called
[2020.11.21-16.12.04:298][  0]LogEngine: Initializing Engine...
[2020.11.21-16.12.04:403][  0]LogHMD: Failed to initialize OpenVR with code 110
[2020.11.21-16.12.06:379][  0]LogStats: UGameplayTagsManager::ConstructGameplayTagTree: Construct from data asset -  0.000 s
[2020.11.21-16.12.06:381][  0]LogStats: UGameplayTagsManager::ConstructGameplayTagTree: GameplayTagTreeChangedEvent.Broadcast -  0.001 s
[2020.11.21-16.12.07:646][  0]LogAIModule: Creating AISystem for world Untitled
[2020.11.21-16.12.08:298][  0]LogInit: XAudio2 using 'Speakers (2- High Definition Audio Device)' : 2 channels at 48 kHz using 16 bits per sample (channel mask 0x3)
[2020.11.21-16.12.08:526][  0]LogInit: FAudioDevice initialized.
[2020.11.21-16.12.13:310][  0]LogDerivedDataCache: Saved boot cache 4.74s 75MB C:/Users/farha/AppData/Local/UnrealEngine/4.18/DerivedDataCache/Boot.ddc.
[2020.11.21-16.12.14:087][  0]LogInit: Texture streaming: Enabled
[2020.11.21-16.12.14:966][  0]LogEngineSessionManager: EngineSessionManager initialized
[2020.11.21-16.12.15:640][  0]LogInit: Transaction tracking system initialized
[2020.11.21-16.12.16:744][  0]BlueprintLog: New page: Editor Load
[2020.11.21-16.12.20:345][  0]LocalizationService: Localization service is disabled
[2020.11.21-16.12.25:134][  0]LogConsoleResponse: Display: 
[2020.11.21-16.12.30:351][  0]LogCook: Display: Max memory allowance for cook 16384mb min free memory 0mb
[2020.11.21-16.12.30:351][  0]LogCook: Display: Mobile HDR setting 1
[2020.11.21-16.12.30:543][  0]LogGameplayTags: Display: UGameplayTagsManager::DoneAddingNativeTags. DelegateIsBound: 0
[2020.11.21-16.12.32:030][  0]LogFileCache: Scanning file cache for directory 'E:/GameDev/Unreal/GITHUB/IML/MyProject_01/Content/' took 0.72s
[2020.11.21-16.12.35:251][  0]SourceControl: Source control is disabled
[2020.11.21-16.12.35:303][  0]Cmd: MAP LOAD FILE="../../../../../GITHUB/IML/MyProject_01/Content/Maps/MenuMap.umap" TEMPLATE=0 SHOWPROGRESS=1 FEATURELEVEL=2
[2020.11.21-16.12.35:334][  0]LightingResults: New page: Lighting Build
[2020.11.21-16.12.35:695][  0]MapCheck: New page: Map Check
[2020.11.21-16.12.35:695][  0]LightingResults: New page: Lighting Build
[2020.11.21-16.12.38:563][  0]LogAIModule: Creating AISystem for world MenuMap
[2020.11.21-16.12.38:903][  0]LogEditorServer: Finished looking for orphan Actors (0.000 secs)
[2020.11.21-16.12.39:091][  0]Cmd: MAP CHECKDEP NOCLEARLOG
[2020.11.21-16.12.39:304][  0]MapCheck: Map check complete: 0 Error(s), 0 Warning(s), took 212.203ms to complete.
[2020.11.21-16.12.39:306][  0]LogFileHelpers: Loading map 'MenuMap' took 4.034
[2020.11.21-16.12.44:369][  0]LogCollectionManager: Loaded 0 collections in 0.007681 seconds
[2020.11.21-16.12.44:729][  0]LogFileCache: Scanning file cache for directory 'E:/GameDev/Unreal/GITHUB/IML/MyProject_01/Saved/Collections/' took 0.01s
[2020.11.21-16.12.44:729][  0]LogFileCache: Scanning file cache for directory 'E:/GameDev/Unreal/GITHUB/IML/MyProject_01/Content/Developers/farha/Collections/' took 0.01s
[2020.11.21-16.12.44:729][  0]LogFileCache: Scanning file cache for directory 'E:/GameDev/Unreal/GITHUB/IML/MyProject_01/Content/Collections/' took 0.01s
[2020.11.21-16.12.44:729][  0]LogCollectionManager: Rebuilt the GUID cache for 0 collections in 0.000001 seconds
[2020.11.21-16.12.44:749][  0]LogContentBrowser: Native class hierarchy populated in 0.0162 seconds. Added 2389 classes and 530 folders.
[2020.11.21-16.12.44:981][  0]LogContentBrowser: Native class hierarchy updated for 'WidgetCarousel' in 0.0004 seconds. Added 0 classes and 0 folders.
[2020.11.21-16.12.46:465][  0]LogContentBrowser: Native class hierarchy updated for 'AddContentDialog' in 0.0003 seconds. Added 0 classes and 0 folders.
[2020.11.21-16.12.46:933][  0]LogSlate: Took 0.052398 seconds to synchronously load lazily loaded font '../../../Engine/Content/Slate/Fonts/Roboto-Regular.ttf' (155K)
[2020.11.21-16.12.47:121][  0]LogSlate: Took 0.049068 seconds to synchronously load lazily loaded font '../../../Engine/Content/Slate/Fonts/Roboto-Bold.ttf' (160K)
[2020.11.21-16.12.48:197][  0]LogRenderer: Reallocating scene render targets to support 1016x656 Format 9 NumSamples 1 (Frame:1).
[2020.11.21-16.12.50:832][  0]LogContentBrowser: Native class hierarchy updated for 'HierarchicalLODOutliner' in 0.0004 seconds. Added 1 classes and 2 folders.
[2020.11.21-16.12.50:832][  0]LogLoad: (Engine Initialization) Total time: 212.75 seconds
[2020.11.21-16.12.50:832][  0]LogLoad: (Engine Initialization) Total Blueprint compile time: 0.00 seconds
[2020.11.21-16.12.51:164][  0]LogExternalProfiler: No external profilers were discovered.  External profiling features will not be available.
[2020.11.21-16.12.54:756][  0]LogContentStreaming: Texture pool size now 400 MB
[2020.11.21-16.13.01:222][  2]LogSlate: Took 0.133612 seconds to synchronously load lazily loaded font '../../../Engine/Content/Slate/Fonts/Roboto-Light.ttf' (159K)
[2020.11.21-16.13.03:681][ 10]LogAssetRegistry: Asset discovery search completed in 162.7701 seconds
[2020.11.21-16.13.03:748][ 10]LogCollectionManager: Rebuilt the object cache for 0 collections in 0.000001 seconds (found 0 objects)
[2020.11.21-16.13.03:749][ 10]LogCollectionManager: Fixed up redirectors for 0 collections in 0.017078 seconds (updated 0 objects)
[2020.11.21-16.29.11:187][160]LogSlate: Took 0.026162 seconds to synchronously load lazily loaded font '../../../Engine/Content/Editor/Slate/Fonts/DroidSansMono.ttf' (77K)
[2020.11.21-16.29.12:361][285]Cmd: t.MaxFPS 30
[2020.11.21-16.29.12:797][285]t.MaxFPS = "30"
[2020.11.21-16.29.13:843][312]LogSlate: Took 0.013157 seconds to synchronously load lazily loaded font '../../../Engine/Content/Editor/Slate/Fonts/FontAwesome.ttf' (139K)
[2020.11.21-16.29.14:221][312]LogSlate: Took 0.010429 seconds to synchronously load lazily loaded font '../../../Engine/Content/Slate/Fonts/Roboto-Light.ttf' (159K)
[2020.11.21-17.28.45:811][959]LogWindowsTextInputMethodSystem: Display: IME system now deactivated.
[2020.11.21-17.29.01:095][960]Cmd: QUIT_EDITOR
[2020.11.21-17.29.06:645][960]LogExit: Preparing to exit.
[2020.11.21-17.29.27:426][960]LogDirectoryWatcher: A directory notification for 'E:/GameDev/Unreal/GITHUB/IML/MyProject_01/Content/' was aborted.
[2020.11.21-17.29.31:917][960]LogExit: Editor shut down
[2020.11.21-17.29.32:367][960]LogExit: Transaction tracking system shut down
[2020.11.21-17.29.37:812][960]LogDirectoryWatcher: A directory notification for '../../../Engine/Content/' was aborted.
[2020.11.21-17.29.37:812][960]LogDirectoryWatcher: A directory notification for '../../../../../GITHUB/IML/MyProject_01/Content/' was aborted.
[2020.11.21-17.29.37:812][960]LogDirectoryWatcher: A directory notification for '../../../Engine/Plugins/2D/Paper2D/Content/' was aborted.
[2020.11.21-17.29.37:812][960]LogDirectoryWatcher: A directory notification for '../../../Engine/Plugins/Media/MediaCompositing/Content/' was aborted.
[2020.11.21-17.29.37:812][960]LogDirectoryWatcher: A directory notification for '../../../Engine/Plugins/Runtime/AppleARKit/Content/' was aborted.
[2020.11.21-17.29.37:812][960]LogDirectoryWatcher: A directory notification for '../../../Engine/Plugins/Runtime/Oculus/OculusVR/Content/' was aborted.
[2020.11.21-17.29.37:812][960]LogDirectoryWatcher: A directory notification for '../../../Engine/Plugins/Runtime/Steam/SteamVR/Content/' was aborted.
[2020.11.21-17.29.43:980][960]LogExit: Object subsystem successfully closed.
[2020.11.21-17.29.46:753][960]LogD3D11RHI: Shutdown
[2020.11.21-17.29.46:754][960]LogD3D11RHI: CleanupD3DDevice
[2020.11.21-17.29.47:757][960]LogD3D11RHI: ~FD3D11DynamicRHI
[2020.11.21-17.29.54:503][960]LogModuleManager: Shutting down and abandoning module HierarchicalLODOutliner (554)
[2020.11.21-17.29.54:503][960]LogModuleManager: Shutting down and abandoning module AddContentDialog (552)
[2020.11.21-17.29.54:575][960]LogDirectoryWatcher: A directory notification for 'E:/GameDev/Unreal/Engine/UE_4.18/FeaturePacks/' was aborted.
[2020.11.21-17.29.54:910][960]LogModuleManager: Shutting down and abandoning module WidgetCarousel (551)
[2020.11.21-17.29.54:910][960]LogModuleManager: Shutting down and abandoning module EditorWidgets (548)
[2020.11.21-17.29.54:910][960]LogModuleManager: Shutting down and abandoning module CollectionManager (546)
[2020.11.21-17.29.54:927][960]LogDirectoryWatcher: A directory notification for 'E:/GameDev/Unreal/GITHUB/IML/MyProject_01/Content/Collections/' was aborted.
[2020.11.21-17.29.54:927][960]LogDirectoryWatcher: A directory notification for 'E:/GameDev/Unreal/GITHUB/IML/MyProject_01/Content/Developers/farha/Collections/' was aborted.
[2020.11.21-17.29.54:927][960]LogDirectoryWatcher: A directory notification for 'E:/GameDev/Unreal/GITHUB/IML/MyProject_01/Saved/Collections/' was aborted.
[2020.11.21-17.29.54:945][960]LogModuleManager: Shutting down and abandoning module SceneOutliner (544)
[2020.11.21-17.29.55:004][960]LogModuleManager: Shutting down and abandoning module StatsViewer (542)
[2020.11.21-17.29.55:037][960]LogModuleManager: Shutting down and abandoning module FoliageEdit (540)
[2020.11.21-17.29.55:052][960]LogModuleManager: Shutting down and abandoning module LandscapeEditor (538)
[2020.11.21-17.29.55:247][960]LogModuleManager: Shutting down and abandoning module MeshPaintMode (536)
[2020.11.21-17.29.55:257][960]LogModuleManager: Shutting down and abandoning module SceneDepthPickerMode (534)
[2020.11.21-17.29.55:257][960]LogModuleManager: Shutting down and abandoning module ActorPickerMode (532)
[2020.11.21-17.29.55:257][960]LogModuleManager: Shutting down and abandoning module GeometryMode (530)
[2020.11.21-17.29.55:264][960]LogModuleManager: Shutting down and abandoning module TextureAlignMode (528)
[2020.11.21-17.29.55:264][960]LogModuleManager: Shutting down and abandoning module BspMode (526)
[2020.11.21-17.29.55:273][960]LogModuleManager: Shutting down and abandoning module PIEPreviewDeviceProfileSelector (524)
[2020.11.21-17.29.55:273][960]LogModuleManager: Shutting down and abandoning module HardwareSurvey (522)
[2020.11.21-17.29.55:295][960]LogModuleManager: Shutting down and abandoning module SequenceRecorderSections (520)
[2020.11.21-17.29.55:296][960]LogModuleManager: Shutting down and abandoning module AutomationWorker (518)
[2020.11.21-17.29.55:322][960]LogModuleManager: Shutting down and abandoning module MatineeToLevelSequence (516)
[2020.11.21-17.29.55:373][960]LogModuleManager: Shutting down and abandoning module LevelSequenceEditor (514)
[2020.11.21-17.29.55:468][960]LogModuleManager: Shutting down and abandoning module PlacementMode (513)
[2020.11.21-17.29.55:468][960]LogModuleManager: Shutting down and abandoning module WmfMediaFactory (510)
[2020.11.21-17.29.55:468][960]LogModuleManager: Shutting down and abandoning module WmfMediaEditor (508)
[2020.11.21-17.29.55:468][960]LogModuleManager: Shutting down and abandoning module OpenExrWrapper (506)
[2020.11.21-17.29.55:468][960]LogModuleManager: Shutting down and abandoning module ImgMediaFactory (504)
[2020.11.21-17.29.55:468][960]LogModuleManager: Shutting down and abandoning module ImgMediaEditor (502)
[2020.11.21-17.29.55:482][960]LogModuleManager: Shutting down and abandoning module AvfMediaFactory (500)
[2020.11.21-17.29.55:482][960]LogModuleManager: Shutting down and abandoning module AvfMediaEditor (498)
[2020.11.21-17.29.55:482][960]LogModuleManager: Shutting down and abandoning module AndroidMediaFactory (496)
[2020.11.21-17.29.55:482][960]LogModuleManager: Shutting down and abandoning module AndroidMediaEditor (494)
[2020.11.21-17.29.55:482][960]LogModuleManager: Shutting down and abandoning module CharacterAI (492)
[2020.11.21-17.29.55:492][960]LogModuleManager: Shutting down and abandoning module AudioCapture (490)
[2020.11.21-17.29.55:523][960]LogModuleManager: Shutting down and abandoning module SequenceRecorder (489)
[2020.11.21-17.29.55:525][960]LogModuleManager: Shutting down and abandoning module SmartSnapping (486)
[2020.11.21-17.29.55:535][960]LogModuleManager: Shutting down and abandoning module SessionServices (484)
[2020.11.21-17.29.55:535][960]LogModuleManager: Shutting down and abandoning module ViewportSnapping (482)
[2020.11.21-17.29.55:535][960]LogModuleManager: Shutting down and abandoning module ViewportInteraction (480)
[2020.11.21-17.29.55:535][960]LogModuleManager: Shutting down and abandoning module ClothPainter (478)
[2020.11.21-17.29.55:631][960]LogModuleManager: Shutting down and abandoning module SkeletalMeshEditor (477)
[2020.11.21-17.29.55:675][960]LogModuleManager: Shutting down and abandoning module LogVisualizer (474)
[2020.11.21-17.29.55:738][960]LogModuleManager: Shutting down and abandoning module IntroTutorials (472)
[2020.11.21-17.29.55:805][960]LogModuleManager: Shutting down and abandoning module GameProjectGeneration (471)
[2020.11.21-17.29.55:828][960]LogModuleManager: Shutting down and abandoning module IOSPlatformEditor (468)
[2020.11.21-17.29.55:853][960]LogModuleManager: Shutting down and abandoning module HTML5PlatformEditor (466)
[2020.11.21-17.29.55:854][960]LogModuleManager: Shutting down and abandoning module AndroidPlatformEditor (464)
[2020.11.21-17.29.55:854][960]LogModuleManager: Shutting down and abandoning module AndroidDeviceDetection (463)
[2020.11.21-17.29.56:819][960]LogModuleManager: Shutting down and abandoning module WindowsPlatformEditor (460)
[2020.11.21-17.29.56:883][960]LogModuleManager: Shutting down and abandoning module IOSRuntimeSettings (458)
[2020.11.21-17.29.56:883][960]LogModuleManager: Shutting down and abandoning module AndroidRuntimeSettings (456)
[2020.11.21-17.29.56:883][960]LogModuleManager: Shutting down and abandoning module InputBindingEditor (454)
[2020.11.21-17.29.56:985][960]LogModuleManager: Shutting down and abandoning module MergeActors (452)
[2020.11.21-17.29.57:007][960]LogModuleManager: Shutting down and abandoning module SizeMap (450)
[2020.11.21-17.29.57:035][960]LogModuleManager: Shutting down and abandoning module TreeMap (448)
[2020.11.21-17.29.57:074][960]LogModuleManager: Shutting down and abandoning module ReferenceViewer (446)
[2020.11.21-17.29.57:117][960]LogModuleManager: Shutting down and abandoning module LocalizationDashboard (444)
[2020.11.21-17.29.57:142][960]LogModuleManager: Shutting down and abandoning module LocalizationService (443)
[2020.11.21-17.29.57:158][960]LogModuleManager: Shutting down and abandoning module HardwareTargeting (440)
[2020.11.21-17.29.57:158][960]LogModuleManager: Shutting down and abandoning module DeviceProfileEditor (438)
[2020.11.21-17.29.57:196][960]LogModuleManager: Shutting down and abandoning module UndoHistory (436)
[2020.11.21-17.29.57:206][960]LogModuleManager: Shutting down and abandoning module XmlParser (434)
[2020.11.21-17.29.57:213][960]LogModuleManager: Shutting down and abandoning module Blutility (432)
[2020.11.21-17.29.57:225][960]LogModuleManager: Shutting down and abandoning module ProjectSettingsViewer (430)
[2020.11.21-17.29.57:243][960]LogModuleManager: Shutting down and abandoning module ProjectTargetPlatformEditor (429)
[2020.11.21-17.29.57:251][960]LogModuleManager: Shutting down and abandoning module EditorSettingsViewer (426)
[2020.11.21-17.29.57:259][960]LogModuleManager: Shutting down and abandoning module SettingsEditor (424)
[2020.11.21-17.29.57:291][960]LogModuleManager: Shutting down and abandoning module ProjectLauncher (422)
[2020.11.21-17.29.57:317][960]LogModuleManager: Shutting down and abandoning module SessionFrontend (420)
[2020.11.21-17.29.57:337][960]LogModuleManager: Shutting down and abandoning module ProfilerClient (418)
[2020.11.21-17.29.57:345][960]LogModuleManager: Shutting down and abandoning module DeviceManager (416)
[2020.11.21-17.29.57:355][960]LogModuleManager: Shutting down and abandoning module TargetDeviceServices (415)
[2020.11.21-17.29.57:501][960]LogModuleManager: Shutting down and abandoning module AutomationController (412)
[2020.11.21-17.29.57:541][960]LogModuleManager: Shutting down and abandoning module AutomationWindow (410)
[2020.11.21-17.29.57:563][960]LogModuleManager: Shutting down and abandoning module Layers (408)
[2020.11.21-17.29.57:602][960]LogModuleManager: Shutting down and abandoning module ComponentVisualizers (406)
[2020.11.21-17.29.57:608][960]LogModuleManager: Shutting down and abandoning module DetailCustomizations (404)
[2020.11.21-17.29.57:652][960]LogModuleManager: Shutting down and abandoning module PackagesDialog (402)
[2020.11.21-17.29.57:669][960]LogModuleManager: Shutting down and abandoning module Persona (400)
[2020.11.21-17.29.57:814][960]LogModuleManager: Shutting down and abandoning module AdvancedPreviewScene (399)
[2020.11.21-17.29.57:814][960]LogModuleManager: Shutting down and abandoning module AnimGraph (397)
[2020.11.21-17.29.57:823][960]LogModuleManager: Shutting down and abandoning module Kismet (394)
[2020.11.21-17.29.57:921][960]LogModuleManager: Shutting down and abandoning module ClassViewer (392)
[2020.11.21-17.29.57:994][960]LogModuleManager: Shutting down and abandoning module Toolbox (390)
[2020.11.21-17.29.58:067][960]LogModuleManager: Shutting down and abandoning module ModuleUI (388)
[2020.11.21-17.29.58:072][960]LogModuleManager: Shutting down and abandoning module MovieSceneTools (386)
[2020.11.21-17.29.58:163][960]LogModuleManager: Shutting down and abandoning module OutputLog (384)
[2020.11.21-17.29.58:163][960]LogModuleManager: Shutting down and abandoning module GammaUI (382)
[2020.11.21-17.29.58:175][960]LogModuleManager: Shutting down and abandoning module Documentation (380)
[2020.11.21-17.29.58:175][960]LogModuleManager: Shutting down and abandoning module MovieSceneTracks (378)
[2020.11.21-17.29.58:184][960]LogModuleManager: Shutting down and abandoning module MovieScene (376)
[2020.11.21-17.29.58:184][960]LogModuleManager: Shutting down and abandoning module StreamingPauseRendering (374)
[2020.11.21-17.29.58:200][960]LogModuleManager: Shutting down and abandoning module LauncherPlatform (372)
[2020.11.21-17.29.58:200][960]LogModuleManager: Shutting down and abandoning module AnalyticsET (370)
[2020.11.21-17.29.58:200][960]LogModuleManager: Shutting down and abandoning module PortalServices (368)
[2020.11.21-17.29.58:200][960]LogModuleManager: Shutting down and abandoning module PortalRpc (366)
[2020.11.21-17.29.58:200][960]LogModuleManager: Shutting down and abandoning module MessagingRpc (364)
[2020.11.21-17.29.58:200][960]LogModuleManager: Shutting down and abandoning module AIModule (362)
[2020.11.21-17.29.58:234][960]LogModuleManager: Shutting down and abandoning module GameplayDebugger (361)
[2020.11.21-17.29.58:243][960]LogModuleManager: Shutting down and abandoning module AITestSuite (359)
[2020.11.21-17.29.58:263][960]LogModuleManager: Shutting down and abandoning module DesktopPlatform (356)
[2020.11.21-17.29.58:263][960]LogModuleManager: Shutting down and abandoning module ProfilerService (354)
[2020.11.21-17.29.58:318][960]LogModuleManager: Shutting down and abandoning module TaskGraph (352)
[2020.11.21-17.29.58:529][960]LogModuleManager: Shutting down and abandoning module SteamVRController (350)
[2020.11.21-17.29.58:529][960]LogModuleManager: Shutting down and abandoning module ProceduralMeshComponentEditor (348)
[2020.11.21-17.29.58:642][960]LogModuleManager: Shutting down and abandoning module ProceduralMeshComponent (346)
[2020.11.21-17.29.58:727][960]LogModuleManager: Shutting down and abandoning module OculusInput (344)
[2020.11.21-17.29.58:762][960]LogModuleManager: Shutting down and abandoning module MobilePatchingUtils (342)
[2020.11.21-17.29.58:763][960]LogModuleManager: Shutting down and abandoning module CustomMeshComponent (340)
[2020.11.21-17.29.58:763][960]LogModuleManager: Shutting down and abandoning module CableComponent (338)
[2020.11.21-17.29.58:769][960]LogModuleManager: Shutting down and abandoning module ArchVisCharacter (336)
[2020.11.21-17.29.58:769][960]LogModuleManager: Shutting down and abandoning module AndroidPermission (334)
[2020.11.21-17.29.58:769][960]LogModuleManager: Shutting down and abandoning module ActorSequence (332)
[2020.11.21-17.29.58:769][960]LogModuleManager: Shutting down and abandoning module MediaPlayerEditor (330)
[2020.11.21-17.29.58:852][960]LogModuleManager: Shutting down and abandoning module MediaCompositingEditor (328)
[2020.11.21-17.29.58:897][960]LogModuleManager: Shutting down and abandoning module MediaCompositing (326)
[2020.11.21-17.29.58:897][960]LogModuleManager: Shutting down and abandoning module HTML5Networking (324)
[2020.11.21-17.29.58:897][960]LogModuleManager: Shutting down and abandoning module AlembicImporter (322)
[2020.11.21-17.29.58:904][960]LogModuleManager: Shutting down and abandoning module AlembicLibrary (321)
[2020.11.21-17.29.58:914][960]LogModuleManager: Shutting down and abandoning module GeometryCache (320)
[2020.11.21-17.29.58:914][960]LogModuleManager: Shutting down and abandoning module GeometryCacheEd (319)
[2020.11.21-17.29.58:914][960]LogModuleManager: Shutting down and abandoning module SpeedTreeImporter (314)
[2020.11.21-17.29.58:929][960]LogModuleManager: Shutting down and abandoning module PluginBrowser (312)
[2020.11.21-17.29.58:962][960]LogModuleManager: Shutting down and abandoning module MobileLauncherProfileWizard (310)
[2020.11.21-17.29.59:006][960]LogModuleManager: Shutting down and abandoning module VisualStudioSourceCodeAccess (308)
[2020.11.21-17.29.59:043][960]LogModuleManager: Shutting down and abandoning module VisualStudioCodeSourceCodeAccess (306)
[2020.11.21-17.29.59:091][960]LogModuleManager: Shutting down and abandoning module UObjectPlugin (304)
[2020.11.21-17.29.59:091][960]LogModuleManager: Shutting down and abandoning module SubversionSourceControl (302)
[2020.11.21-17.29.59:116][960]LogModuleManager: Shutting down and abandoning module PerforceSourceControl (300)
[2020.11.21-17.29.59:219][960]LogModuleManager: Shutting down and abandoning module GitSourceControl (298)
[2020.11.21-17.29.59:277][960]LogModuleManager: Shutting down and abandoning module SourceControl (297)
[2020.11.21-17.29.59:309][960]LogModuleManager: Shutting down and abandoning module LightPropagationVolumeEditor (294)
[2020.11.21-17.29.59:309][960]LogModuleManager: Shutting down and abandoning module PaperTiledImporter (292)
[2020.11.21-17.29.59:309][960]LogModuleManager: Shutting down and abandoning module PaperSpriteSheetImporter (290)
[2020.11.21-17.29.59:309][960]LogModuleManager: Shutting down and abandoning module Paper2DEditor (288)
[2020.11.21-17.29.59:494][960]LogModuleManager: Shutting down and abandoning module MeshPaint (287)
[2020.11.21-17.29.59:547][960]LogModuleManager: Shutting down and abandoning module LevelEditor (285)
[2020.11.21-17.30.00:045][960]LogModuleManager: Shutting down and abandoning module PixelInspectorModule (284)
[2020.11.21-17.30.00:068][960]LogModuleManager: Shutting down and abandoning module MainFrame (282)
[2020.11.21-17.30.00:185][960]LogModuleManager: Shutting down and abandoning module HotReload (281)
[2020.11.21-17.30.00:197][960]LogDirectoryWatcher: A directory notification for 'E:/GameDev/Unreal/GITHUB/IML/MyProject_01/Binaries/Win64' was aborted.
[2020.11.21-17.30.00:246][960]LogModuleManager: Shutting down and abandoning module RuntimePhysXCooking (276)
[2020.11.21-17.30.00:261][960]LogModuleManager: Shutting down and abandoning module PhysXVehiclesEditor (274)
[2020.11.21-17.30.00:276][960]LogModuleManager: Shutting down and abandoning module PhysXVehicles (272)
[2020.11.21-17.30.00:314][960]LogModuleManager: Shutting down and abandoning module OculusEditor (270)
[2020.11.21-17.30.00:314][960]LogModuleManager: Shutting down and abandoning module LocationServicesBPLibrary (268)
[2020.11.21-17.30.00:314][960]LogModuleManager: Shutting down and abandoning module ImmediatePhysicsEditor (266)
[2020.11.21-17.30.00:314][960]LogModuleManager: Shutting down and abandoning module ImmediatePhysics (264)
[2020.11.21-17.30.00:333][960]LogModuleManager: Shutting down and abandoning module UdpMessaging (262)
[2020.11.21-17.30.00:450][960]LogModuleManager: Shutting down and abandoning module TcpMessaging (260)
[2020.11.21-17.30.00:794][960]LogModuleManager: Shutting down and abandoning module GameplayTagsEditor (258)
[2020.11.21-17.30.00:864][960]LogModuleManager: Shutting down and abandoning module FacialAnimationEditor (256)
[2020.11.21-17.30.00:872][960]LogModuleManager: Shutting down and abandoning module FacialAnimation (254)
[2020.11.21-17.30.00:872][960]LogModuleManager: Shutting down and abandoning module AssetManagerEditor (252)
[2020.11.21-17.30.00:897][960]LogModuleManager: Shutting down and abandoning module GraphEditor (251)
[2020.11.21-17.30.00:978][960]LogModuleManager: Shutting down and abandoning module ContentBrowser (249)
[2020.11.21-17.30.01:030][960]LogModuleManager: Shutting down and abandoning module LightPropagationVolumeRuntime (246)
[2020.11.21-17.30.01:030][960]LogModuleManager: Shutting down and abandoning module AdvancedSteamSessions (244)
[2020.11.21-17.30.01:030][960]LogModuleManager: Shutting down and abandoning module AdvancedSessions (242)
[2020.11.21-17.30.01:030][960]LogModuleManager: Shutting down and abandoning module Paper2D (240)
[2020.11.21-17.30.01:045][960]LogModuleManager: Shutting down and abandoning module WindowsMoviePlayer (238)
[2020.11.21-17.30.01:064][960]LogModuleManager: Shutting down and abandoning module WmfMedia (236)
[2020.11.21-17.30.01:086][960]LogModuleManager: Shutting down and abandoning module ImgMedia (234)
[2020.11.21-17.30.01:100][960]LogModuleManager: Shutting down and abandoning module PacketHandler (232)
[2020.11.21-17.30.01:101][960]LogModuleManager: Shutting down and abandoning module ClothingSystemEditor (230)
[2020.11.21-17.30.01:101][960]LogModuleManager: Shutting down and abandoning module ClothingSystemRuntime (228)
[2020.11.21-17.30.01:167][960]LogModuleManager: Shutting down and abandoning module MediaAssets (226)
[2020.11.21-17.30.01:168][960]LogModuleManager: Shutting down and abandoning module Media (225)
[2020.11.21-17.30.01:175][960]LogModuleManager: Shutting down and abandoning module Overlay (222)
[2020.11.21-17.30.01:175][960]LogModuleManager: Shutting down and abandoning module OverlayEditor (221)
[2020.11.21-17.30.01:177][960]LogModuleManager: Shutting down and abandoning module VREditor (218)
[2020.11.21-17.30.01:223][960]LogModuleManager: Shutting down and abandoning module StringTableEditor (216)
[2020.11.21-17.30.01:234][960]LogModuleManager: Shutting down and abandoning module GameplayTasksEditor (214)
[2020.11.21-17.30.01:234][960]LogModuleManager: Shutting down and abandoning module BehaviorTreeEditor (212)
[2020.11.21-17.30.01:265][960]LogModuleManager: Shutting down and abandoning module FunctionalTesting (210)
[2020.11.21-17.30.01:276][960]LogModuleManager: Shutting down and abandoning module CollisionAnalyzer (208)
[2020.11.21-17.30.01:322][960]LogModuleManager: Shutting down and abandoning module WorkspaceMenuStructure (207)
[2020.11.21-17.30.01:386][960]LogModuleManager: Shutting down and abandoning module UMG (204)
[2020.11.21-17.30.01:418][960]LogModuleManager: Shutting down and abandoning module UMGEditor (203)
[2020.11.21-17.30.01:456][960]LogModuleManager: Shutting down and abandoning module Sequencer (202)
[2020.11.21-17.30.01:501][960]LogModuleManager: Shutting down and abandoning module MessageLog (199)
[2020.11.21-17.30.01:550][960]LogModuleManager: Shutting down and abandoning module SlateReflector (194)
[2020.11.21-17.30.01:596][960]LogModuleManager: Shutting down and abandoning module Slate (192)
[2020.11.21-17.30.01:596][960]LogModuleManager: Shutting down and abandoning module EditorStyle (190)
[2020.11.21-17.30.01:759][960]LogModuleManager: Shutting down and abandoning module MRMesh (188)
[2020.11.21-17.30.01:759][960]LogModuleManager: Shutting down and abandoning module SourceCodeAccess (186)
[2020.11.21-17.30.01:832][960]LogModuleManager: Shutting down and abandoning module HeadMountedDisplay (184)
[2020.11.21-17.30.01:832][960]LogModuleManager: Shutting down and abandoning module XAudio2 (182)
[2020.11.21-17.30.01:832][960]LogModuleManager: Shutting down and abandoning module Networking (180)
[2020.11.21-17.30.01:846][960]LogModuleManager: Shutting down and abandoning module Core (178)
[2020.11.21-17.30.01:846][960]LogModuleManager: Shutting down and abandoning module LevelSequence (174)
[2020.11.21-17.30.01:860][960]LogModuleManager: Shutting down and abandoning module DirectoryWatcher (172)
[2020.11.21-17.30.02:381][960]LogModuleManager: Shutting down and abandoning module KismetCompiler (170)
[2020.11.21-17.30.02:441][960]LogModuleManager: Shutting down and abandoning module MeshUtilities (168)
[2020.11.21-17.30.02:520][960]LogModuleManager: Shutting down and abandoning module MeshMergeUtilities (167)
[2020.11.21-17.30.02:558][960]LogModuleManager: Shutting down and abandoning module MeshReductionInterface (166)
[2020.11.21-17.30.02:570][960]LogModuleManager: Shutting down and abandoning module SimplygonSwarm (165)
[2020.11.21-17.30.02:591][960]LogModuleManager: Shutting down and abandoning module SimplygonMeshReduction (163)
[2020.11.21-17.30.02:597][960]LogModuleManager: Shutting down and abandoning module QuadricMeshReduction (161)
[2020.11.21-17.30.02:617][960]LogModuleManager: Shutting down and abandoning module MaterialBaking (157)
[2020.11.21-17.30.02:631][960]LogModuleManager: Shutting down and abandoning module DerivedDataCache (154)
[2020.11.21-17.30.02:774][960]LogDerivedDataCache: Shutdown
[2020.11.21-17.30.02:775][960]LogModuleManager: Shutting down and abandoning module TargetPlatform (152)
[2020.11.21-17.30.02:818][960]LogModuleManager: Shutting down and abandoning module VulkanShaderFormat (151)
[2020.11.21-17.30.02:829][960]LogModuleManager: Shutting down and abandoning module ShaderFormatVectorVM (149)
[2020.11.21-17.30.02:852][960]LogModuleManager: Shutting down and abandoning module ShaderFormatOpenGL (147)
[2020.11.21-17.30.02:872][960]LogModuleManager: Shutting down and abandoning module ShaderFormatD3D (145)
[2020.11.21-17.30.02:878][960]LogModuleManager: Shutting down and abandoning module MetalShaderFormat (143)
[2020.11.21-17.30.02:891][960]LogModuleManager: Shutting down and abandoning module TextureFormatUncompressed (141)
[2020.11.21-17.30.02:929][960]LogModuleManager: Shutting down and abandoning module TextureFormatPVR (139)
[2020.11.21-17.30.02:932][960]LogModuleManager: Shutting down and abandoning module TextureFormatDXT (137)
[2020.11.21-17.30.02:965][960]LogModuleManager: Shutting down and abandoning module TextureFormatIntelISPCTexComp (135)
[2020.11.21-17.30.03:053][960]LogModuleManager: Shutting down and abandoning module TextureFormatASTC (133)
[2020.11.21-17.30.03:074][960]LogModuleManager: Shutting down and abandoning module ImageWrapper (132)
[2020.11.21-17.30.03:074][960]LogModuleManager: Shutting down and abandoning module TextureFormatAndroid (129)
[2020.11.21-17.30.03:089][960]LogModuleManager: Shutting down and abandoning module AudioFormatOpus (127)
[2020.11.21-17.30.03:101][960]LogModuleManager: Shutting down and abandoning module AudioFormatOgg (125)
[2020.11.21-17.30.03:110][960]LogModuleManager: Shutting down and abandoning module AudioFormatADPCM (123)
[2020.11.21-17.30.03:117][960]LogModuleManager: Shutting down and abandoning module LinuxTargetPlatform (121)
[2020.11.21-17.30.03:138][960]LogModuleManager: Shutting down and abandoning module LinuxServerTargetPlatform (119)
[2020.11.21-17.30.03:147][960]LogModuleManager: Shutting down and abandoning module LinuxNoEditorTargetPlatform (117)
[2020.11.21-17.30.03:147][960]LogModuleManager: Shutting down and abandoning module LinuxClientTargetPlatform (115)
[2020.11.21-17.30.03:147][960]LogModuleManager: Shutting down and abandoning module TVOSTargetPlatform (113)
[2020.11.21-17.30.03:147][960]LogModuleManager: Shutting down and abandoning module Messaging (111)
[2020.11.21-17.30.03:158][960]LogModuleManager: Shutting down and abandoning module IOSTargetPlatform (109)
[2020.11.21-17.30.03:158][960]LogModuleManager: Shutting down and abandoning module HTML5TargetPlatform (107)
[2020.11.21-17.30.03:158][960]LogModuleManager: Shutting down and abandoning module AndroidTargetPlatform (105)
[2020.11.21-17.30.03:158][960]LogModuleManager: Shutting down and abandoning module Android_PVRTCTargetPlatform (103)
[2020.11.21-17.30.03:158][960]LogModuleManager: Shutting down and abandoning module Android_MultiTargetPlatform (101)
[2020.11.21-17.30.03:158][960]LogModuleManager: Shutting down and abandoning module Android_ETC2TargetPlatform (99)
[2020.11.21-17.30.03:158][960]LogModuleManager: Shutting down and abandoning module Android_ETC1TargetPlatform (97)
[2020.11.21-17.30.03:158][960]LogModuleManager: Shutting down and abandoning module Android_DXTTargetPlatform (95)
[2020.11.21-17.30.03:158][960]LogModuleManager: Shutting down and abandoning module Android_ATCTargetPlatform (93)
[2020.11.21-17.30.03:158][960]LogModuleManager: Shutting down and abandoning module Android_ASTCTargetPlatform (91)
[2020.11.21-17.30.03:158][960]LogModuleManager: Shutting down and abandoning module WindowsTargetPlatform (89)
[2020.11.21-17.30.03:159][960]LogModuleManager: Shutting down and abandoning module WindowsServerTargetPlatform (87)
[2020.11.21-17.30.03:173][960]LogModuleManager: Shutting down and abandoning module WindowsNoEditorTargetPlatform (85)
[2020.11.21-17.30.03:180][960]LogModuleManager: Shutting down and abandoning module WindowsClientTargetPlatform (83)
[2020.11.21-17.30.03:181][960]LogModuleManager: Shutting down and abandoning module MacTargetPlatform (81)
[2020.11.21-17.30.03:181][960]LogModuleManager: Shutting down and abandoning module MacServerTargetPlatform (79)
[2020.11.21-17.30.03:200][960]LogModuleManager: Shutting down and abandoning module MacNoEditorTargetPlatform (77)
[2020.11.21-17.30.03:208][960]LogModuleManager: Shutting down and abandoning module MacClientTargetPlatform (75)
[2020.11.21-17.30.03:209][960]LogModuleManager: Shutting down and abandoning module AllDesktopTargetPlatform (73)
[2020.11.21-17.30.03:209][960]LogModuleManager: Shutting down and abandoning module InputCore (70)
[2020.11.21-17.30.03:209][960]LogModuleManager: Shutting down and abandoning module Settings (68)
[2020.11.21-17.30.03:220][960]LogModuleManager: Shutting down and abandoning module PhysXCooking (66)
[2020.11.21-17.30.03:220][960]LogModuleManager: Shutting down and abandoning module SteamVR (64)
[2020.11.21-17.30.03:238][960]LogModuleManager: Shutting down and abandoning module OculusHMD (62)
[2020.11.21-17.30.03:253][960]LogModuleManager: Shutting down and abandoning module ExampleDeviceProfileSelector (60)
[2020.11.21-17.30.03:269][960]LogModuleManager: Shutting down and abandoning module AppleARKit (58)
[2020.11.21-17.30.03:269][960]LogModuleManager: Shutting down and abandoning module AugmentedReality (57)
[2020.11.21-17.30.03:269][960]LogModuleManager: Shutting down and abandoning module OnlineBlueprintSupport (54)
[2020.11.21-17.30.03:269][960]LogModuleManager: Shutting down and abandoning module OnlineSubsystem (50)
[2020.11.21-17.30.03:306][960]LogOnline: Display: OSS: FOnlineSubsystemNull::Shutdown()
[2020.11.21-17.30.03:316][960]LogOnline: Display: OSS: FOnlineAsyncTaskManager::Stop() ActiveTask:0000000000000000 Tasks[0/0]
[2020.11.21-17.30.03:496][960]LogOnline: Display: OSS: FOnlineAsyncTaskManager::Exit() started
[2020.11.21-17.30.03:496][960]LogOnline: Display: OSS: FOnlineAsyncTaskManager::Exit() finished
[2020.11.21-17.30.03:496][960]LogModuleManager: Shutting down and abandoning module XMPP (43)
[2020.11.21-17.30.03:542][960]LogModuleManager: Shutting down and abandoning module HTTP (41)
[2020.11.21-17.30.03:542][960]LogHttp: Display: Http module shutting down, but needs to wait on 1 outstanding Http requests:
[2020.11.21-17.30.03:556][960]LogHttp: Display: 	verb=[POST] url=[https://datarouter.ol.epicgames.com/datarouter/api/v1/public/data?SessionID=%7B20DD1655-4F5D-7435-39BB-B4819D81C265%7D&AppID=UEEditor.Rocket.Release&AppVersion=4.18.3-3832480%2B%2B%2BUE4%2BRelease-4.18&UserID=dab985eb449ee4f1b342389e404cab9f%7C845779d9bd904572b61cf91381b7a44e%7C4e718ad1-99cd-4dc7-9063-d4e2b6f3fd7d&AppEnvironment=datacollector-binary&UploadType=eteventstream] status=Processing
[2020.11.21-17.30.03:664][960]LogModuleManager: Shutting down and abandoning module SSL (40)
[2020.11.21-17.30.03:754][960]LogModuleManager: Shutting down and abandoning module AnimationModifiers (36)
[2020.11.21-17.30.03:773][960]LogModuleManager: Shutting down and abandoning module PropertyEditor (35)
[2020.11.21-17.30.03:868][960]LogModuleManager: Shutting down and abandoning module AudioEditor (32)
[2020.11.21-17.30.03:905][960]LogModuleManager: Shutting down and abandoning module TextureCompressor (30)
[2020.11.21-17.30.03:969][960]LogModuleManager: Shutting down and abandoning module ShaderCore (28)
[2020.11.21-17.30.03:969][960]LogModuleManager: Shutting down and abandoning module Landscape (26)
[2020.11.21-17.30.03:969][960]LogModuleManager: Shutting down and abandoning module SlateRHIRenderer (24)
[2020.11.21-17.30.04:163][960]LogModuleManager: Shutting down and abandoning module OpenGLDrv (22)
[2020.11.21-17.30.04:181][960]LogModuleManager: Shutting down and abandoning module D3D11RHI (20)
[2020.11.21-17.30.04:181][960]LogModuleManager: Shutting down and abandoning module AnimGraphRuntime (18)
[2020.11.21-17.30.04:194][960]LogModuleManager: Shutting down and abandoning module Renderer (16)
[2020.11.21-17.30.04:208][960]LogModuleManager: Shutting down and abandoning module Engine (14)
[2020.11.21-17.30.04:219][960]LogModuleManager: Shutting down and abandoning module CoreUObject (12)
[2020.11.21-17.30.04:220][960]LogModuleManager: Shutting down and abandoning module NetworkFile (10)
[2020.11.21-17.30.04:233][960]LogModuleManager: Shutting down and abandoning module CookedIterativeFile (8)
[2020.11.21-17.30.04:246][960]LogModuleManager: Shutting down and abandoning module StreamingFile (6)
[2020.11.21-17.30.04:256][960]LogModuleManager: Shutting down and abandoning module SandboxFile (4)
[2020.11.21-17.30.04:274][960]LogModuleManager: Shutting down and abandoning module PakFile (2)
[2020.11.21-17.30.04:325][960]LogExit: Exiting.
[2020.11.21-17.30.04:756][960]Log file closed, 11/21/20 23:30:04
